[0.051s] DEBUG:colcon:Command line arguments: ['/usr/bin/colcon', 'build', '--symlink-install']
[0.051s] DEBUG:colcon:Parsed command line arguments: Namespace(log_base=None, log_level=None, verb_name='build', build_base='build', install_base='install', merge_install=False, symlink_install=True, test_result_base=None, continue_on_error=False, executor='parallel', parallel_workers=32, event_handlers=None, ignore_user_meta=False, metas=['./colcon.meta'], base_paths=['.'], packages_ignore=None, packages_ignore_regex=None, paths=None, packages_up_to=None, packages_up_to_regex=None, packages_above=None, packages_above_and_dependencies=None, packages_above_depth=None, packages_select_by_dep=None, packages_skip_by_dep=None, packages_skip_up_to=None, packages_select_build_failed=False, packages_skip_build_finished=False, packages_select_test_failures=False, packages_skip_test_passed=False, packages_select=None, packages_skip=None, packages_select_regex=None, packages_skip_regex=None, packages_start=None, packages_end=None, allow_overriding=[], cmake_args=None, cmake_target=None, cmake_target_skip_unavailable=False, cmake_clean_cache=False, cmake_clean_first=False, cmake_force_configure=False, ament_cmake_args=None, catkin_cmake_args=None, catkin_skip_building_tests=False, verb_parser=<colcon_defaults.argument_parser.defaults.DefaultArgumentsDecorator object at 0x74cb14e04ac0>, verb_extension=<colcon_core.verb.build.BuildVerb object at 0x74cb14f6e140>, main=<bound method BuildVerb.main of <colcon_core.verb.build.BuildVerb object at 0x74cb14f6e140>>)
[0.130s] Level 1:colcon.colcon_core.package_discovery:discover_packages(colcon_meta) check parameters
[0.130s] Level 1:colcon.colcon_core.package_discovery:discover_packages(recursive) check parameters
[0.130s] Level 1:colcon.colcon_core.package_discovery:discover_packages(ignore) check parameters
[0.130s] Level 1:colcon.colcon_core.package_discovery:discover_packages(path) check parameters
[0.130s] Level 1:colcon.colcon_core.package_discovery:discover_packages(colcon_meta) discover
[0.130s] Level 1:colcon.colcon_core.package_discovery:discover_packages(recursive) discover
[0.130s] INFO:colcon.colcon_core.package_discovery:Crawling recursively for packages in '/home/limdegcai/GSMART/CODE/skidpad_ws'
[0.130s] Level 1:colcon.colcon_core.package_identification:_identify(.) by extensions ['ignore', 'ignore_ament_install']
[0.130s] Level 1:colcon.colcon_core.package_identification:_identify(.) by extension 'ignore'
[0.130s] Level 1:colcon.colcon_core.package_identification:_identify(.) by extension 'ignore_ament_install'
[0.130s] Level 1:colcon.colcon_core.package_identification:_identify(.) by extensions ['colcon_pkg']
[0.130s] Level 1:colcon.colcon_core.package_identification:_identify(.) by extension 'colcon_pkg'
[0.130s] Level 1:colcon.colcon_core.package_identification:_identify(.) by extensions ['colcon_meta']
[0.130s] Level 1:colcon.colcon_core.package_identification:_identify(.) by extension 'colcon_meta'
[0.130s] Level 1:colcon.colcon_core.package_identification:_identify(.) by extensions ['ros']
[0.130s] Level 1:colcon.colcon_core.package_identification:_identify(.) by extension 'ros'
[0.136s] Level 1:colcon.colcon_core.package_identification:_identify(.) by extensions ['cmake', 'python']
[0.136s] Level 1:colcon.colcon_core.package_identification:_identify(.) by extension 'cmake'
[0.136s] Level 1:colcon.colcon_core.package_identification:_identify(.) by extension 'python'
[0.136s] Level 1:colcon.colcon_core.package_identification:_identify(.) by extensions ['python_setup_py']
[0.136s] Level 1:colcon.colcon_core.package_identification:_identify(.) by extension 'python_setup_py'
[0.136s] Level 1:colcon.colcon_core.package_identification:_identify(build) by extensions ['ignore', 'ignore_ament_install']
[0.136s] Level 1:colcon.colcon_core.package_identification:_identify(build) by extension 'ignore'
[0.136s] Level 1:colcon.colcon_core.package_identification:_identify(build) ignored
[0.136s] Level 1:colcon.colcon_core.package_identification:_identify(install) by extensions ['ignore', 'ignore_ament_install']
[0.136s] Level 1:colcon.colcon_core.package_identification:_identify(install) by extension 'ignore'
[0.136s] Level 1:colcon.colcon_core.package_identification:_identify(install) ignored
[0.136s] Level 1:colcon.colcon_core.package_identification:_identify(log) by extensions ['ignore', 'ignore_ament_install']
[0.136s] Level 1:colcon.colcon_core.package_identification:_identify(log) by extension 'ignore'
[0.136s] Level 1:colcon.colcon_core.package_identification:_identify(log) ignored
[0.136s] Level 1:colcon.colcon_core.package_identification:_identify(src) by extensions ['ignore', 'ignore_ament_install']
[0.136s] Level 1:colcon.colcon_core.package_identification:_identify(src) by extension 'ignore'
[0.136s] Level 1:colcon.colcon_core.package_identification:_identify(src) by extension 'ignore_ament_install'
[0.136s] Level 1:colcon.colcon_core.package_identification:_identify(src) by extensions ['colcon_pkg']
[0.136s] Level 1:colcon.colcon_core.package_identification:_identify(src) by extension 'colcon_pkg'
[0.137s] Level 1:colcon.colcon_core.package_identification:_identify(src) by extensions ['colcon_meta']
[0.137s] Level 1:colcon.colcon_core.package_identification:_identify(src) by extension 'colcon_meta'
[0.137s] Level 1:colcon.colcon_core.package_identification:_identify(src) by extensions ['ros']
[0.137s] Level 1:colcon.colcon_core.package_identification:_identify(src) by extension 'ros'
[0.137s] Level 1:colcon.colcon_core.package_identification:_identify(src) by extensions ['cmake', 'python']
[0.137s] Level 1:colcon.colcon_core.package_identification:_identify(src) by extension 'cmake'
[0.137s] Level 1:colcon.colcon_core.package_identification:_identify(src) by extension 'python'
[0.137s] Level 1:colcon.colcon_core.package_identification:_identify(src) by extensions ['python_setup_py']
[0.137s] Level 1:colcon.colcon_core.package_identification:_identify(src) by extension 'python_setup_py'
[0.137s] Level 1:colcon.colcon_core.package_identification:_identify(src/fsds_bridge) by extensions ['ignore', 'ignore_ament_install']
[0.137s] Level 1:colcon.colcon_core.package_identification:_identify(src/fsds_bridge) by extension 'ignore'
[0.137s] Level 1:colcon.colcon_core.package_identification:_identify(src/fsds_bridge) by extension 'ignore_ament_install'
[0.137s] Level 1:colcon.colcon_core.package_identification:_identify(src/fsds_bridge) by extensions ['colcon_pkg']
[0.137s] Level 1:colcon.colcon_core.package_identification:_identify(src/fsds_bridge) by extension 'colcon_pkg'
[0.137s] Level 1:colcon.colcon_core.package_identification:_identify(src/fsds_bridge) by extensions ['colcon_meta']
[0.137s] Level 1:colcon.colcon_core.package_identification:_identify(src/fsds_bridge) by extension 'colcon_meta'
[0.137s] Level 1:colcon.colcon_core.package_identification:_identify(src/fsds_bridge) by extensions ['ros']
[0.137s] Level 1:colcon.colcon_core.package_identification:_identify(src/fsds_bridge) by extension 'ros'
[0.138s] DEBUG:colcon.colcon_core.package_identification:Package 'src/fsds_bridge' with type 'ros.ament_python' and name 'fsds_bridge'
[0.138s] Level 1:colcon.colcon_core.package_identification:_identify(src/icp_test_tools) by extensions ['ignore', 'ignore_ament_install']
[0.138s] Level 1:colcon.colcon_core.package_identification:_identify(src/icp_test_tools) by extension 'ignore'
[0.138s] Level 1:colcon.colcon_core.package_identification:_identify(src/icp_test_tools) by extension 'ignore_ament_install'
[0.138s] Level 1:colcon.colcon_core.package_identification:_identify(src/icp_test_tools) by extensions ['colcon_pkg']
[0.138s] Level 1:colcon.colcon_core.package_identification:_identify(src/icp_test_tools) by extension 'colcon_pkg'
[0.138s] Level 1:colcon.colcon_core.package_identification:_identify(src/icp_test_tools) by extensions ['colcon_meta']
[0.138s] Level 1:colcon.colcon_core.package_identification:_identify(src/icp_test_tools) by extension 'colcon_meta'
[0.138s] Level 1:colcon.colcon_core.package_identification:_identify(src/icp_test_tools) by extensions ['ros']
[0.138s] Level 1:colcon.colcon_core.package_identification:_identify(src/icp_test_tools) by extension 'ros'
[0.139s] DEBUG:colcon.colcon_core.package_identification:Package 'src/icp_test_tools' with type 'ros.ament_python' and name 'icp_test_tools'
[0.139s] Level 1:colcon.colcon_core.package_identification:_identify(src/skidpad_bringup) by extensions ['ignore', 'ignore_ament_install']
[0.139s] Level 1:colcon.colcon_core.package_identification:_identify(src/skidpad_bringup) by extension 'ignore'
[0.139s] Level 1:colcon.colcon_core.package_identification:_identify(src/skidpad_bringup) by extension 'ignore_ament_install'
[0.139s] Level 1:colcon.colcon_core.package_identification:_identify(src/skidpad_bringup) by extensions ['colcon_pkg']
[0.139s] Level 1:colcon.colcon_core.package_identification:_identify(src/skidpad_bringup) by extension 'colcon_pkg'
[0.139s] Level 1:colcon.colcon_core.package_identification:_identify(src/skidpad_bringup) by extensions ['colcon_meta']
[0.139s] Level 1:colcon.colcon_core.package_identification:_identify(src/skidpad_bringup) by extension 'colcon_meta'
[0.139s] Level 1:colcon.colcon_core.package_identification:_identify(src/skidpad_bringup) by extensions ['ros']
[0.139s] Level 1:colcon.colcon_core.package_identification:_identify(src/skidpad_bringup) by extension 'ros'
[0.139s] DEBUG:colcon.colcon_core.package_identification:Package 'src/skidpad_bringup' with type 'ros.ament_cmake' and name 'skidpad_bringup'
[0.139s] Level 1:colcon.colcon_core.package_identification:_identify(src/skidpad_control) by extensions ['ignore', 'ignore_ament_install']
[0.139s] Level 1:colcon.colcon_core.package_identification:_identify(src/skidpad_control) by extension 'ignore'
[0.139s] Level 1:colcon.colcon_core.package_identification:_identify(src/skidpad_control) by extension 'ignore_ament_install'
[0.139s] Level 1:colcon.colcon_core.package_identification:_identify(src/skidpad_control) by extensions ['colcon_pkg']
[0.139s] Level 1:colcon.colcon_core.package_identification:_identify(src/skidpad_control) by extension 'colcon_pkg'
[0.139s] Level 1:colcon.colcon_core.package_identification:_identify(src/skidpad_control) by extensions ['colcon_meta']
[0.139s] Level 1:colcon.colcon_core.package_identification:_identify(src/skidpad_control) by extension 'colcon_meta'
[0.139s] Level 1:colcon.colcon_core.package_identification:_identify(src/skidpad_control) by extensions ['ros']
[0.139s] Level 1:colcon.colcon_core.package_identification:_identify(src/skidpad_control) by extension 'ros'
[0.140s] DEBUG:colcon.colcon_core.package_identification:Package 'src/skidpad_control' with type 'ros.ament_python' and name 'skidpad_control'
[0.140s] Level 1:colcon.colcon_core.package_identification:_identify(src/skidpad_icp) by extensions ['ignore', 'ignore_ament_install']
[0.140s] Level 1:colcon.colcon_core.package_identification:_identify(src/skidpad_icp) by extension 'ignore'
[0.140s] Level 1:colcon.colcon_core.package_identification:_identify(src/skidpad_icp) by extension 'ignore_ament_install'
[0.140s] Level 1:colcon.colcon_core.package_identification:_identify(src/skidpad_icp) by extensions ['colcon_pkg']
[0.140s] Level 1:colcon.colcon_core.package_identification:_identify(src/skidpad_icp) by extension 'colcon_pkg'
[0.140s] Level 1:colcon.colcon_core.package_identification:_identify(src/skidpad_icp) by extensions ['colcon_meta']
[0.140s] Level 1:colcon.colcon_core.package_identification:_identify(src/skidpad_icp) by extension 'colcon_meta'
[0.140s] Level 1:colcon.colcon_core.package_identification:_identify(src/skidpad_icp) by extensions ['ros']
[0.140s] Level 1:colcon.colcon_core.package_identification:_identify(src/skidpad_icp) by extension 'ros'
[0.141s] DEBUG:colcon.colcon_core.package_identification:Package 'src/skidpad_icp' with type 'ros.ament_cmake' and name 'skidpad_icp'
[0.141s] Level 1:colcon.colcon_core.package_identification:_identify(src/skidpad_msgs) by extensions ['ignore', 'ignore_ament_install']
[0.141s] Level 1:colcon.colcon_core.package_identification:_identify(src/skidpad_msgs) by extension 'ignore'
[0.141s] Level 1:colcon.colcon_core.package_identification:_identify(src/skidpad_msgs) by extension 'ignore_ament_install'
[0.141s] Level 1:colcon.colcon_core.package_identification:_identify(src/skidpad_msgs) by extensions ['colcon_pkg']
[0.141s] Level 1:colcon.colcon_core.package_identification:_identify(src/skidpad_msgs) by extension 'colcon_pkg'
[0.141s] Level 1:colcon.colcon_core.package_identification:_identify(src/skidpad_msgs) by extensions ['colcon_meta']
[0.141s] Level 1:colcon.colcon_core.package_identification:_identify(src/skidpad_msgs) by extension 'colcon_meta'
[0.141s] Level 1:colcon.colcon_core.package_identification:_identify(src/skidpad_msgs) by extensions ['ros']
[0.141s] Level 1:colcon.colcon_core.package_identification:_identify(src/skidpad_msgs) by extension 'ros'
[0.141s] DEBUG:colcon.colcon_core.package_identification:Package 'src/skidpad_msgs' with type 'ros.ament_cmake' and name 'skidpad_msgs'
[0.141s] Level 1:colcon.colcon_core.package_identification:_identify(src/skidpad_planner) by extensions ['ignore', 'ignore_ament_install']
[0.141s] Level 1:colcon.colcon_core.package_identification:_identify(src/skidpad_planner) by extension 'ignore'
[0.141s] Level 1:colcon.colcon_core.package_identification:_identify(src/skidpad_planner) by extension 'ignore_ament_install'
[0.141s] Level 1:colcon.colcon_core.package_identification:_identify(src/skidpad_planner) by extensions ['colcon_pkg']
[0.141s] Level 1:colcon.colcon_core.package_identification:_identify(src/skidpad_planner) by extension 'colcon_pkg'
[0.141s] Level 1:colcon.colcon_core.package_identification:_identify(src/skidpad_planner) by extensions ['colcon_meta']
[0.141s] Level 1:colcon.colcon_core.package_identification:_identify(src/skidpad_planner) by extension 'colcon_meta'
[0.141s] Level 1:colcon.colcon_core.package_identification:_identify(src/skidpad_planner) by extensions ['ros']
[0.141s] Level 1:colcon.colcon_core.package_identification:_identify(src/skidpad_planner) by extension 'ros'
[0.142s] DEBUG:colcon.colcon_core.package_identification:Package 'src/skidpad_planner' with type 'ros.ament_cmake' and name 'skidpad_planner'
[0.142s] Level 1:colcon.colcon_core.package_discovery:discover_packages(recursive) using defaults
[0.142s] Level 1:colcon.colcon_core.package_discovery:discover_packages(ignore) discover
[0.142s] Level 1:colcon.colcon_core.package_discovery:discover_packages(ignore) using defaults
[0.142s] Level 1:colcon.colcon_core.package_discovery:discover_packages(path) discover
[0.142s] Level 1:colcon.colcon_core.package_discovery:discover_packages(path) using defaults
[0.156s] Level 1:colcon.colcon_core.package_discovery:discover_packages(prefix_path) check parameters
[0.156s] Level 1:colcon.colcon_core.package_discovery:discover_packages(prefix_path) discover
[0.157s] WARNING:colcon.colcon_ros.prefix_path.ament:The path '/home/limdegcai/GSMART/CODE/skidpad_ws/install/skidpad_bringup' in the environment variable AMENT_PREFIX_PATH doesn't exist
[0.157s] WARNING:colcon.colcon_ros.prefix_path.ament:The path '/home/limdegcai/GSMART/CODE/skidpad_ws/install/skidpad_planner' in the environment variable AMENT_PREFIX_PATH doesn't exist
[0.157s] WARNING:colcon.colcon_ros.prefix_path.ament:The path '/home/limdegcai/GSMART/CODE/skidpad_ws/install/skidpad_control' in the environment variable AMENT_PREFIX_PATH doesn't exist
[0.157s] WARNING:colcon.colcon_ros.prefix_path.ament:The path '/home/limdegcai/GSMART/CODE/skidpad_ws/install/fsds_bridge' in the environment variable AMENT_PREFIX_PATH doesn't exist
[0.157s] WARNING:colcon.colcon_ros.prefix_path.ament:The path '/home/limdegcai/GSMART/CODE/skidpad_ws/install/skidpad_msgs' in the environment variable AMENT_PREFIX_PATH doesn't exist
[0.157s] WARNING:colcon.colcon_ros.prefix_path.ament:The path '/home/limdegcai/GSMART/CODE/skidpad_ws/install/skidpad_icp' in the environment variable AMENT_PREFIX_PATH doesn't exist
[0.157s] WARNING:colcon.colcon_ros.prefix_path.ament:The path '/home/limdegcai/GSMART/CODE/skidpad_ws/install/icp_test_tools' in the environment variable AMENT_PREFIX_PATH doesn't exist
[0.157s] WARNING:colcon.colcon_ros.prefix_path.catkin:The path '/home/limdegcai/GSMART/CODE/skidpad_ws/install/skidpad_bringup' in the environment variable CMAKE_PREFIX_PATH doesn't exist
[0.157s] WARNING:colcon.colcon_ros.prefix_path.catkin:The path '/home/limdegcai/GSMART/CODE/skidpad_ws/install/skidpad_planner' in the environment variable CMAKE_PREFIX_PATH doesn't exist
[0.157s] WARNING:colcon.colcon_ros.prefix_path.catkin:The path '/home/limdegcai/GSMART/CODE/skidpad_ws/install/skidpad_msgs' in the environment variable CMAKE_PREFIX_PATH doesn't exist
[0.157s] WARNING:colcon.colcon_ros.prefix_path.catkin:The path '/home/limdegcai/GSMART/CODE/skidpad_ws/install/skidpad_icp' in the environment variable CMAKE_PREFIX_PATH doesn't exist
[0.157s] DEBUG:colcon.colcon_installed_package_information.package_discovery:Found 0 installed packages in /home/limdegcai/GSMART/CODE/skidpad_ws/install
[0.158s] DEBUG:colcon.colcon_installed_package_information.package_discovery:Found 282 installed packages in /opt/ros/humble
[0.159s] Level 1:colcon.colcon_core.package_discovery:discover_packages(prefix_path) using defaults
[0.178s] Level 5:colcon.colcon_core.verb:set package 'icp_test_tools' build argument 'cmake_args' from command line to 'None'
[0.178s] Level 5:colcon.colcon_core.verb:set package 'icp_test_tools' build argument 'cmake_target' from command line to 'None'
[0.178s] Level 5:colcon.colcon_core.verb:set package 'icp_test_tools' build argument 'cmake_target_skip_unavailable' from command line to 'False'
[0.178s] Level 5:colcon.colcon_core.verb:set package 'icp_test_tools' build argument 'cmake_clean_cache' from command line to 'False'
[0.178s] Level 5:colcon.colcon_core.verb:set package 'icp_test_tools' build argument 'cmake_clean_first' from command line to 'False'
[0.178s] Level 5:colcon.colcon_core.verb:set package 'icp_test_tools' build argument 'cmake_force_configure' from command line to 'False'
[0.178s] Level 5:colcon.colcon_core.verb:set package 'icp_test_tools' build argument 'ament_cmake_args' from command line to 'None'
[0.178s] Level 5:colcon.colcon_core.verb:set package 'icp_test_tools' build argument 'catkin_cmake_args' from command line to 'None'
[0.178s] Level 5:colcon.colcon_core.verb:set package 'icp_test_tools' build argument 'catkin_skip_building_tests' from command line to 'False'
[0.178s] DEBUG:colcon.colcon_core.verb:Building package 'icp_test_tools' with the following arguments: {'ament_cmake_args': None, 'build_base': '/home/limdegcai/GSMART/CODE/skidpad_ws/build/icp_test_tools', 'catkin_cmake_args': None, 'catkin_skip_building_tests': False, 'cmake_args': None, 'cmake_clean_cache': False, 'cmake_clean_first': False, 'cmake_force_configure': False, 'cmake_target': None, 'cmake_target_skip_unavailable': False, 'install_base': '/home/limdegcai/GSMART/CODE/skidpad_ws/install/icp_test_tools', 'merge_install': False, 'path': '/home/limdegcai/GSMART/CODE/skidpad_ws/src/icp_test_tools', 'symlink_install': True, 'test_result_base': None}
[0.178s] Level 5:colcon.colcon_core.verb:set package 'skidpad_icp' build argument 'cmake_args' from command line to 'None'
[0.178s] Level 5:colcon.colcon_core.verb:set package 'skidpad_icp' build argument 'cmake_target' from command line to 'None'
[0.178s] Level 5:colcon.colcon_core.verb:set package 'skidpad_icp' build argument 'cmake_target_skip_unavailable' from command line to 'False'
[0.178s] Level 5:colcon.colcon_core.verb:set package 'skidpad_icp' build argument 'cmake_clean_cache' from command line to 'False'
[0.178s] Level 5:colcon.colcon_core.verb:set package 'skidpad_icp' build argument 'cmake_clean_first' from command line to 'False'
[0.178s] Level 5:colcon.colcon_core.verb:set package 'skidpad_icp' build argument 'cmake_force_configure' from command line to 'False'
[0.178s] Level 5:colcon.colcon_core.verb:set package 'skidpad_icp' build argument 'ament_cmake_args' from command line to 'None'
[0.178s] Level 5:colcon.colcon_core.verb:set package 'skidpad_icp' build argument 'catkin_cmake_args' from command line to 'None'
[0.178s] Level 5:colcon.colcon_core.verb:set package 'skidpad_icp' build argument 'catkin_skip_building_tests' from command line to 'False'
[0.178s] DEBUG:colcon.colcon_core.verb:Building package 'skidpad_icp' with the following arguments: {'ament_cmake_args': None, 'build_base': '/home/limdegcai/GSMART/CODE/skidpad_ws/build/skidpad_icp', 'catkin_cmake_args': None, 'catkin_skip_building_tests': False, 'cmake_args': None, 'cmake_clean_cache': False, 'cmake_clean_first': False, 'cmake_force_configure': False, 'cmake_target': None, 'cmake_target_skip_unavailable': False, 'install_base': '/home/limdegcai/GSMART/CODE/skidpad_ws/install/skidpad_icp', 'merge_install': False, 'path': '/home/limdegcai/GSMART/CODE/skidpad_ws/src/skidpad_icp', 'symlink_install': True, 'test_result_base': None}
[0.178s] Level 5:colcon.colcon_core.verb:set package 'skidpad_msgs' build argument 'cmake_args' from command line to 'None'
[0.178s] Level 5:colcon.colcon_core.verb:set package 'skidpad_msgs' build argument 'cmake_target' from command line to 'None'
[0.178s] Level 5:colcon.colcon_core.verb:set package 'skidpad_msgs' build argument 'cmake_target_skip_unavailable' from command line to 'False'
[0.178s] Level 5:colcon.colcon_core.verb:set package 'skidpad_msgs' build argument 'cmake_clean_cache' from command line to 'False'
[0.178s] Level 5:colcon.colcon_core.verb:set package 'skidpad_msgs' build argument 'cmake_clean_first' from command line to 'False'
[0.178s] Level 5:colcon.colcon_core.verb:set package 'skidpad_msgs' build argument 'cmake_force_configure' from command line to 'False'
[0.178s] Level 5:colcon.colcon_core.verb:set package 'skidpad_msgs' build argument 'ament_cmake_args' from command line to 'None'
[0.178s] Level 5:colcon.colcon_core.verb:set package 'skidpad_msgs' build argument 'catkin_cmake_args' from command line to 'None'
[0.178s] Level 5:colcon.colcon_core.verb:set package 'skidpad_msgs' build argument 'catkin_skip_building_tests' from command line to 'False'
[0.178s] DEBUG:colcon.colcon_core.verb:Building package 'skidpad_msgs' with the following arguments: {'ament_cmake_args': None, 'build_base': '/home/limdegcai/GSMART/CODE/skidpad_ws/build/skidpad_msgs', 'catkin_cmake_args': None, 'catkin_skip_building_tests': False, 'cmake_args': None, 'cmake_clean_cache': False, 'cmake_clean_first': False, 'cmake_force_configure': False, 'cmake_target': None, 'cmake_target_skip_unavailable': False, 'install_base': '/home/limdegcai/GSMART/CODE/skidpad_ws/install/skidpad_msgs', 'merge_install': False, 'path': '/home/limdegcai/GSMART/CODE/skidpad_ws/src/skidpad_msgs', 'symlink_install': True, 'test_result_base': None}
[0.178s] Level 5:colcon.colcon_core.verb:set package 'fsds_bridge' build argument 'cmake_args' from command line to 'None'
[0.178s] Level 5:colcon.colcon_core.verb:set package 'fsds_bridge' build argument 'cmake_target' from command line to 'None'
[0.178s] Level 5:colcon.colcon_core.verb:set package 'fsds_bridge' build argument 'cmake_target_skip_unavailable' from command line to 'False'
[0.178s] Level 5:colcon.colcon_core.verb:set package 'fsds_bridge' build argument 'cmake_clean_cache' from command line to 'False'
[0.178s] Level 5:colcon.colcon_core.verb:set package 'fsds_bridge' build argument 'cmake_clean_first' from command line to 'False'
[0.179s] Level 5:colcon.colcon_core.verb:set package 'fsds_bridge' build argument 'cmake_force_configure' from command line to 'False'
[0.179s] Level 5:colcon.colcon_core.verb:set package 'fsds_bridge' build argument 'ament_cmake_args' from command line to 'None'
[0.179s] Level 5:colcon.colcon_core.verb:set package 'fsds_bridge' build argument 'catkin_cmake_args' from command line to 'None'
[0.179s] Level 5:colcon.colcon_core.verb:set package 'fsds_bridge' build argument 'catkin_skip_building_tests' from command line to 'False'
[0.179s] DEBUG:colcon.colcon_core.verb:Building package 'fsds_bridge' with the following arguments: {'ament_cmake_args': None, 'build_base': '/home/limdegcai/GSMART/CODE/skidpad_ws/build/fsds_bridge', 'catkin_cmake_args': None, 'catkin_skip_building_tests': False, 'cmake_args': None, 'cmake_clean_cache': False, 'cmake_clean_first': False, 'cmake_force_configure': False, 'cmake_target': None, 'cmake_target_skip_unavailable': False, 'install_base': '/home/limdegcai/GSMART/CODE/skidpad_ws/install/fsds_bridge', 'merge_install': False, 'path': '/home/limdegcai/GSMART/CODE/skidpad_ws/src/fsds_bridge', 'symlink_install': True, 'test_result_base': None}
[0.179s] Level 5:colcon.colcon_core.verb:set package 'skidpad_control' build argument 'cmake_args' from command line to 'None'
[0.179s] Level 5:colcon.colcon_core.verb:set package 'skidpad_control' build argument 'cmake_target' from command line to 'None'
[0.179s] Level 5:colcon.colcon_core.verb:set package 'skidpad_control' build argument 'cmake_target_skip_unavailable' from command line to 'False'
[0.179s] Level 5:colcon.colcon_core.verb:set package 'skidpad_control' build argument 'cmake_clean_cache' from command line to 'False'
[0.179s] Level 5:colcon.colcon_core.verb:set package 'skidpad_control' build argument 'cmake_clean_first' from command line to 'False'
[0.179s] Level 5:colcon.colcon_core.verb:set package 'skidpad_control' build argument 'cmake_force_configure' from command line to 'False'
[0.179s] Level 5:colcon.colcon_core.verb:set package 'skidpad_control' build argument 'ament_cmake_args' from command line to 'None'
[0.179s] Level 5:colcon.colcon_core.verb:set package 'skidpad_control' build argument 'catkin_cmake_args' from command line to 'None'
[0.179s] Level 5:colcon.colcon_core.verb:set package 'skidpad_control' build argument 'catkin_skip_building_tests' from command line to 'False'
[0.179s] DEBUG:colcon.colcon_core.verb:Building package 'skidpad_control' with the following arguments: {'ament_cmake_args': None, 'build_base': '/home/limdegcai/GSMART/CODE/skidpad_ws/build/skidpad_control', 'catkin_cmake_args': None, 'catkin_skip_building_tests': False, 'cmake_args': None, 'cmake_clean_cache': False, 'cmake_clean_first': False, 'cmake_force_configure': False, 'cmake_target': None, 'cmake_target_skip_unavailable': False, 'install_base': '/home/limdegcai/GSMART/CODE/skidpad_ws/install/skidpad_control', 'merge_install': False, 'path': '/home/limdegcai/GSMART/CODE/skidpad_ws/src/skidpad_control', 'symlink_install': True, 'test_result_base': None}
[0.179s] Level 5:colcon.colcon_core.verb:set package 'skidpad_planner' build argument 'cmake_args' from command line to 'None'
[0.179s] Level 5:colcon.colcon_core.verb:set package 'skidpad_planner' build argument 'cmake_target' from command line to 'None'
[0.179s] Level 5:colcon.colcon_core.verb:set package 'skidpad_planner' build argument 'cmake_target_skip_unavailable' from command line to 'False'
[0.179s] Level 5:colcon.colcon_core.verb:set package 'skidpad_planner' build argument 'cmake_clean_cache' from command line to 'False'
[0.179s] Level 5:colcon.colcon_core.verb:set package 'skidpad_planner' build argument 'cmake_clean_first' from command line to 'False'
[0.179s] Level 5:colcon.colcon_core.verb:set package 'skidpad_planner' build argument 'cmake_force_configure' from command line to 'False'
[0.179s] Level 5:colcon.colcon_core.verb:set package 'skidpad_planner' build argument 'ament_cmake_args' from command line to 'None'
[0.179s] Level 5:colcon.colcon_core.verb:set package 'skidpad_planner' build argument 'catkin_cmake_args' from command line to 'None'
[0.179s] Level 5:colcon.colcon_core.verb:set package 'skidpad_planner' build argument 'catkin_skip_building_tests' from command line to 'False'
[0.179s] DEBUG:colcon.colcon_core.verb:Building package 'skidpad_planner' with the following arguments: {'ament_cmake_args': None, 'build_base': '/home/limdegcai/GSMART/CODE/skidpad_ws/build/skidpad_planner', 'catkin_cmake_args': None, 'catkin_skip_building_tests': False, 'cmake_args': None, 'cmake_clean_cache': False, 'cmake_clean_first': False, 'cmake_force_configure': False, 'cmake_target': None, 'cmake_target_skip_unavailable': False, 'install_base': '/home/limdegcai/GSMART/CODE/skidpad_ws/install/skidpad_planner', 'merge_install': False, 'path': '/home/limdegcai/GSMART/CODE/skidpad_ws/src/skidpad_planner', 'symlink_install': True, 'test_result_base': None}
[0.179s] Level 5:colcon.colcon_core.verb:set package 'skidpad_bringup' build argument 'cmake_args' from command line to 'None'
[0.179s] Level 5:colcon.colcon_core.verb:set package 'skidpad_bringup' build argument 'cmake_target' from command line to 'None'
[0.179s] Level 5:colcon.colcon_core.verb:set package 'skidpad_bringup' build argument 'cmake_target_skip_unavailable' from command line to 'False'
[0.179s] Level 5:colcon.colcon_core.verb:set package 'skidpad_bringup' build argument 'cmake_clean_cache' from command line to 'False'
[0.179s] Level 5:colcon.colcon_core.verb:set package 'skidpad_bringup' build argument 'cmake_clean_first' from command line to 'False'
[0.179s] Level 5:colcon.colcon_core.verb:set package 'skidpad_bringup' build argument 'cmake_force_configure' from command line to 'False'
[0.179s] Level 5:colcon.colcon_core.verb:set package 'skidpad_bringup' build argument 'ament_cmake_args' from command line to 'None'
[0.179s] Level 5:colcon.colcon_core.verb:set package 'skidpad_bringup' build argument 'catkin_cmake_args' from command line to 'None'
[0.179s] Level 5:colcon.colcon_core.verb:set package 'skidpad_bringup' build argument 'catkin_skip_building_tests' from command line to 'False'
[0.179s] DEBUG:colcon.colcon_core.verb:Building package 'skidpad_bringup' with the following arguments: {'ament_cmake_args': None, 'build_base': '/home/limdegcai/GSMART/CODE/skidpad_ws/build/skidpad_bringup', 'catkin_cmake_args': None, 'catkin_skip_building_tests': False, 'cmake_args': None, 'cmake_clean_cache': False, 'cmake_clean_first': False, 'cmake_force_configure': False, 'cmake_target': None, 'cmake_target_skip_unavailable': False, 'install_base': '/home/limdegcai/GSMART/CODE/skidpad_ws/install/skidpad_bringup', 'merge_install': False, 'path': '/home/limdegcai/GSMART/CODE/skidpad_ws/src/skidpad_bringup', 'symlink_install': True, 'test_result_base': None}
[0.179s] INFO:colcon.colcon_core.executor:Executing jobs using 'parallel' executor
[0.180s] DEBUG:colcon.colcon_parallel_executor.executor.parallel:run_until_complete
[0.180s] INFO:colcon.colcon_ros.task.ament_cmake.build:Building ROS package in '/home/limdegcai/GSMART/CODE/skidpad_ws/src/skidpad_msgs' with build type 'ament_cmake'
[0.180s] INFO:colcon.colcon_cmake.task.cmake.build:Building CMake package in '/home/limdegcai/GSMART/CODE/skidpad_ws/src/skidpad_msgs'
[0.181s] INFO:colcon.colcon_core.plugin_system:Skipping extension 'colcon_core.shell.bat': Not used on non-Windows systems
[0.182s] INFO:colcon.colcon_core.shell:Skip shell extension 'powershell' for command environment: Not usable outside of PowerShell
[0.182s] DEBUG:colcon.colcon_core.shell:Skip shell extension 'dsv' for command environment
[0.183s] INFO:colcon.colcon_ros.task.ament_cmake.build:Building ROS package in '/home/limdegcai/GSMART/CODE/skidpad_ws/src/skidpad_icp' with build type 'ament_cmake'
[0.183s] INFO:colcon.colcon_cmake.task.cmake.build:Building CMake package in '/home/limdegcai/GSMART/CODE/skidpad_ws/src/skidpad_icp'
[0.184s] INFO:colcon.colcon_core.shell:Skip shell extension 'powershell' for command environment: Not usable outside of PowerShell
[0.184s] DEBUG:colcon.colcon_core.shell:Skip shell extension 'dsv' for command environment
[0.185s] INFO:colcon.colcon_ros.task.ament_python.build:Building ROS package in '/home/limdegcai/GSMART/CODE/skidpad_ws/src/icp_test_tools' with build type 'ament_python'
[0.185s] Level 1:colcon.colcon_core.shell:create_environment_hook('icp_test_tools', 'ament_prefix_path')
[0.186s] INFO:colcon.colcon_core.shell:Creating environment hook '/home/limdegcai/GSMART/CODE/skidpad_ws/install/icp_test_tools/share/icp_test_tools/hook/ament_prefix_path.ps1'
[0.186s] INFO:colcon.colcon_core.shell:Creating environment descriptor '/home/limdegcai/GSMART/CODE/skidpad_ws/install/icp_test_tools/share/icp_test_tools/hook/ament_prefix_path.dsv'
[0.186s] INFO:colcon.colcon_core.shell:Creating environment hook '/home/limdegcai/GSMART/CODE/skidpad_ws/install/icp_test_tools/share/icp_test_tools/hook/ament_prefix_path.sh'
[0.187s] INFO:colcon.colcon_core.shell:Skip shell extension 'powershell' for command environment: Not usable outside of PowerShell
[0.187s] DEBUG:colcon.colcon_core.shell:Skip shell extension 'dsv' for command environment
[0.190s] DEBUG:colcon.colcon_core.event_handler.log_command:Invoking command in '/home/limdegcai/GSMART/CODE/skidpad_ws/build/skidpad_msgs': CMAKE_PREFIX_PATH=${CMAKE_PREFIX_PATH}:/home/limdegcai/GSMART/CODE/skidpad_ws/install/skidpad_control:/home/limdegcai/GSMART/CODE/skidpad_ws/install/fsds_bridge:/home/limdegcai/GSMART/CODE/skidpad_ws/install/icp_test_tools:/opt/ros/humble /usr/bin/cmake /home/limdegcai/GSMART/CODE/skidpad_ws/src/skidpad_msgs -DAMENT_CMAKE_SYMLINK_INSTALL=1 -DCMAKE_INSTALL_PREFIX=/home/limdegcai/GSMART/CODE/skidpad_ws/install/skidpad_msgs
[0.193s] DEBUG:colcon.colcon_core.event_handler.log_command:Invoking command in '/home/limdegcai/GSMART/CODE/skidpad_ws/build/skidpad_icp': CMAKE_PREFIX_PATH=${CMAKE_PREFIX_PATH}:/home/limdegcai/GSMART/CODE/skidpad_ws/install/skidpad_control:/home/limdegcai/GSMART/CODE/skidpad_ws/install/fsds_bridge:/home/limdegcai/GSMART/CODE/skidpad_ws/install/icp_test_tools:/opt/ros/humble /usr/bin/cmake /home/limdegcai/GSMART/CODE/skidpad_ws/src/skidpad_icp -DAMENT_CMAKE_SYMLINK_INSTALL=1 -DCMAKE_INSTALL_PREFIX=/home/limdegcai/GSMART/CODE/skidpad_ws/install/skidpad_icp
[0.320s] INFO:colcon.colcon_core.task.python.build:Building Python package in '/home/limdegcai/GSMART/CODE/skidpad_ws/src/icp_test_tools'
[0.320s] INFO:colcon.colcon_core.shell:Skip shell extension 'powershell' for command environment: Not usable outside of PowerShell
[0.320s] DEBUG:colcon.colcon_core.shell:Skip shell extension 'dsv' for command environment
[0.488s] DEBUG:colcon.colcon_core.event_handler.log_command:Invoking command in '/home/limdegcai/GSMART/CODE/skidpad_ws/build/icp_test_tools': PYTHONPATH=/home/limdegcai/GSMART/CODE/skidpad_ws/build/icp_test_tools/prefix_override:/usr/lib/python3/dist-packages/colcon_core/task/python/colcon_distutils_commands:/home/limdegcai/GSMART/CODE/skidpad_ws/install/icp_test_tools/lib/python3.10/site-packages:${PYTHONPATH} /usr/bin/python3 -W ignore:setup.py install is deprecated -W ignore:easy_install command is deprecated setup.py develop --editable --build-directory /home/limdegcai/GSMART/CODE/skidpad_ws/build/icp_test_tools/build --no-deps symlink_data
[0.697s] Level 1:colcon.colcon_core.shell:create_environment_hook('icp_test_tools', 'pythonpath_develop')
[0.697s] INFO:colcon.colcon_core.shell:Creating environment hook '/home/limdegcai/GSMART/CODE/skidpad_ws/build/icp_test_tools/share/icp_test_tools/hook/pythonpath_develop.ps1'
[0.698s] DEBUG:colcon.colcon_core.event_handler.log_command:Invoked command in '/home/limdegcai/GSMART/CODE/skidpad_ws/build/icp_test_tools' returned '0': PYTHONPATH=/home/limdegcai/GSMART/CODE/skidpad_ws/build/icp_test_tools/prefix_override:/usr/lib/python3/dist-packages/colcon_core/task/python/colcon_distutils_commands:/home/limdegcai/GSMART/CODE/skidpad_ws/install/icp_test_tools/lib/python3.10/site-packages:${PYTHONPATH} /usr/bin/python3 -W ignore:setup.py install is deprecated -W ignore:easy_install command is deprecated setup.py develop --editable --build-directory /home/limdegcai/GSMART/CODE/skidpad_ws/build/icp_test_tools/build --no-deps symlink_data
[0.698s] INFO:colcon.colcon_core.shell:Creating environment descriptor '/home/limdegcai/GSMART/CODE/skidpad_ws/build/icp_test_tools/share/icp_test_tools/hook/pythonpath_develop.dsv'
[0.698s] INFO:colcon.colcon_core.shell:Creating environment hook '/home/limdegcai/GSMART/CODE/skidpad_ws/build/icp_test_tools/share/icp_test_tools/hook/pythonpath_develop.sh'
[0.700s] Level 1:colcon.colcon_core.environment:checking '/home/limdegcai/GSMART/CODE/skidpad_ws/install/icp_test_tools' for CMake module files
[0.700s] Level 1:colcon.colcon_core.environment:checking '/home/limdegcai/GSMART/CODE/skidpad_ws/install/icp_test_tools' for CMake config files
[0.700s] Level 1:colcon.colcon_core.environment:checking '/home/limdegcai/GSMART/CODE/skidpad_ws/install/icp_test_tools/lib'
[0.700s] Level 1:colcon.colcon_core.environment:checking '/home/limdegcai/GSMART/CODE/skidpad_ws/install/icp_test_tools/bin'
[0.700s] Level 1:colcon.colcon_core.environment:checking '/home/limdegcai/GSMART/CODE/skidpad_ws/install/icp_test_tools/lib/pkgconfig/icp_test_tools.pc'
[0.700s] Level 1:colcon.colcon_core.environment:checking '/home/limdegcai/GSMART/CODE/skidpad_ws/install/icp_test_tools/lib/python3.10/site-packages'
[0.700s] Level 1:colcon.colcon_core.shell:create_environment_hook('icp_test_tools', 'pythonpath')
[0.701s] INFO:colcon.colcon_core.shell:Creating environment hook '/home/limdegcai/GSMART/CODE/skidpad_ws/install/icp_test_tools/share/icp_test_tools/hook/pythonpath.ps1'
[0.701s] INFO:colcon.colcon_core.shell:Creating environment descriptor '/home/limdegcai/GSMART/CODE/skidpad_ws/install/icp_test_tools/share/icp_test_tools/hook/pythonpath.dsv'
[0.701s] INFO:colcon.colcon_core.shell:Creating environment hook '/home/limdegcai/GSMART/CODE/skidpad_ws/install/icp_test_tools/share/icp_test_tools/hook/pythonpath.sh'
[0.701s] Level 1:colcon.colcon_core.environment:checking '/home/limdegcai/GSMART/CODE/skidpad_ws/install/icp_test_tools/bin'
[0.701s] Level 1:colcon.colcon_core.environment:create_environment_scripts_only(icp_test_tools)
[0.701s] INFO:colcon.colcon_core.shell:Creating package script '/home/limdegcai/GSMART/CODE/skidpad_ws/install/icp_test_tools/share/icp_test_tools/package.ps1'
[0.702s] INFO:colcon.colcon_core.shell:Creating package descriptor '/home/limdegcai/GSMART/CODE/skidpad_ws/install/icp_test_tools/share/icp_test_tools/package.dsv'
[0.702s] INFO:colcon.colcon_core.shell:Creating package script '/home/limdegcai/GSMART/CODE/skidpad_ws/install/icp_test_tools/share/icp_test_tools/package.sh'
[0.703s] INFO:colcon.colcon_core.shell:Creating package script '/home/limdegcai/GSMART/CODE/skidpad_ws/install/icp_test_tools/share/icp_test_tools/package.bash'
[0.703s] INFO:colcon.colcon_core.shell:Creating package script '/home/limdegcai/GSMART/CODE/skidpad_ws/install/icp_test_tools/share/icp_test_tools/package.zsh'
[0.703s] Level 1:colcon.colcon_core.environment:create_file_with_runtime_dependencies(/home/limdegcai/GSMART/CODE/skidpad_ws/install/icp_test_tools/share/colcon-core/packages/icp_test_tools)
[1.411s] DEBUG:colcon.colcon_core.event_handler.log_command:Invoked command in '/home/limdegcai/GSMART/CODE/skidpad_ws/build/skidpad_msgs' returned '0': CMAKE_PREFIX_PATH=${CMAKE_PREFIX_PATH}:/home/limdegcai/GSMART/CODE/skidpad_ws/install/skidpad_control:/home/limdegcai/GSMART/CODE/skidpad_ws/install/fsds_bridge:/home/limdegcai/GSMART/CODE/skidpad_ws/install/icp_test_tools:/opt/ros/humble /usr/bin/cmake /home/limdegcai/GSMART/CODE/skidpad_ws/src/skidpad_msgs -DAMENT_CMAKE_SYMLINK_INSTALL=1 -DCMAKE_INSTALL_PREFIX=/home/limdegcai/GSMART/CODE/skidpad_ws/install/skidpad_msgs
[1.413s] DEBUG:colcon.colcon_core.event_handler.log_command:Invoking command in '/home/limdegcai/GSMART/CODE/skidpad_ws/build/skidpad_msgs': CMAKE_PREFIX_PATH=${CMAKE_PREFIX_PATH}:/home/limdegcai/GSMART/CODE/skidpad_ws/install/skidpad_control:/home/limdegcai/GSMART/CODE/skidpad_ws/install/fsds_bridge:/home/limdegcai/GSMART/CODE/skidpad_ws/install/icp_test_tools:/opt/ros/humble /usr/bin/cmake --build /home/limdegcai/GSMART/CODE/skidpad_ws/build/skidpad_msgs -- -j32 -l32
[2.911s] DEBUG:colcon.colcon_core.event_handler.log_command:Invoked command in '/home/limdegcai/GSMART/CODE/skidpad_ws/build/skidpad_icp' returned '0': CMAKE_PREFIX_PATH=${CMAKE_PREFIX_PATH}:/home/limdegcai/GSMART/CODE/skidpad_ws/install/skidpad_control:/home/limdegcai/GSMART/CODE/skidpad_ws/install/fsds_bridge:/home/limdegcai/GSMART/CODE/skidpad_ws/install/icp_test_tools:/opt/ros/humble /usr/bin/cmake /home/limdegcai/GSMART/CODE/skidpad_ws/src/skidpad_icp -DAMENT_CMAKE_SYMLINK_INSTALL=1 -DCMAKE_INSTALL_PREFIX=/home/limdegcai/GSMART/CODE/skidpad_ws/install/skidpad_icp
[2.912s] DEBUG:colcon.colcon_core.event_handler.log_command:Invoking command in '/home/limdegcai/GSMART/CODE/skidpad_ws/build/skidpad_icp': CMAKE_PREFIX_PATH=${CMAKE_PREFIX_PATH}:/home/limdegcai/GSMART/CODE/skidpad_ws/install/skidpad_control:/home/limdegcai/GSMART/CODE/skidpad_ws/install/fsds_bridge:/home/limdegcai/GSMART/CODE/skidpad_ws/install/icp_test_tools:/opt/ros/humble /usr/bin/cmake --build /home/limdegcai/GSMART/CODE/skidpad_ws/build/skidpad_icp -- -j32 -l32
[3.300s] DEBUG:colcon.colcon_core.event_handler.log_command:Invoked command in '/home/limdegcai/GSMART/CODE/skidpad_ws/build/skidpad_msgs' returned '0': CMAKE_PREFIX_PATH=${CMAKE_PREFIX_PATH}:/home/limdegcai/GSMART/CODE/skidpad_ws/install/skidpad_control:/home/limdegcai/GSMART/CODE/skidpad_ws/install/fsds_bridge:/home/limdegcai/GSMART/CODE/skidpad_ws/install/icp_test_tools:/opt/ros/humble /usr/bin/cmake --build /home/limdegcai/GSMART/CODE/skidpad_ws/build/skidpad_msgs -- -j32 -l32
[3.308s] DEBUG:colcon.colcon_core.event_handler.log_command:Invoking command in '/home/limdegcai/GSMART/CODE/skidpad_ws/build/skidpad_msgs': CMAKE_PREFIX_PATH=${CMAKE_PREFIX_PATH}:/home/limdegcai/GSMART/CODE/skidpad_ws/install/skidpad_control:/home/limdegcai/GSMART/CODE/skidpad_ws/install/fsds_bridge:/home/limdegcai/GSMART/CODE/skidpad_ws/install/icp_test_tools:/opt/ros/humble /usr/bin/cmake --install /home/limdegcai/GSMART/CODE/skidpad_ws/build/skidpad_msgs
[4.152s] Level 1:colcon.colcon_core.environment:create_environment_scripts_only(skidpad_msgs)
[4.153s] Level 1:colcon.colcon_core.environment:checking '/home/limdegcai/GSMART/CODE/skidpad_ws/install/skidpad_msgs' for CMake module files
[4.153s] DEBUG:colcon.colcon_core.event_handler.log_command:Invoked command in '/home/limdegcai/GSMART/CODE/skidpad_ws/build/skidpad_msgs' returned '0': CMAKE_PREFIX_PATH=${CMAKE_PREFIX_PATH}:/home/limdegcai/GSMART/CODE/skidpad_ws/install/skidpad_control:/home/limdegcai/GSMART/CODE/skidpad_ws/install/fsds_bridge:/home/limdegcai/GSMART/CODE/skidpad_ws/install/icp_test_tools:/opt/ros/humble /usr/bin/cmake --install /home/limdegcai/GSMART/CODE/skidpad_ws/build/skidpad_msgs
[4.154s] Level 1:colcon.colcon_core.environment:checking '/home/limdegcai/GSMART/CODE/skidpad_ws/install/skidpad_msgs' for CMake config files
[4.154s] Level 1:colcon.colcon_core.shell:create_environment_hook('skidpad_msgs', 'cmake_prefix_path')
[4.154s] INFO:colcon.colcon_core.shell:Creating environment hook '/home/limdegcai/GSMART/CODE/skidpad_ws/install/skidpad_msgs/share/skidpad_msgs/hook/cmake_prefix_path.ps1'
[4.155s] INFO:colcon.colcon_core.shell:Creating environment descriptor '/home/limdegcai/GSMART/CODE/skidpad_ws/install/skidpad_msgs/share/skidpad_msgs/hook/cmake_prefix_path.dsv'
[4.155s] INFO:colcon.colcon_core.shell:Creating environment hook '/home/limdegcai/GSMART/CODE/skidpad_ws/install/skidpad_msgs/share/skidpad_msgs/hook/cmake_prefix_path.sh'
[4.155s] Level 1:colcon.colcon_core.environment:checking '/home/limdegcai/GSMART/CODE/skidpad_ws/install/skidpad_msgs/lib'
[4.155s] Level 1:colcon.colcon_core.shell:create_environment_hook('skidpad_msgs', 'ld_library_path_lib')
[4.156s] INFO:colcon.colcon_core.shell:Creating environment hook '/home/limdegcai/GSMART/CODE/skidpad_ws/install/skidpad_msgs/share/skidpad_msgs/hook/ld_library_path_lib.ps1'
[4.157s] INFO:colcon.colcon_core.shell:Creating environment descriptor '/home/limdegcai/GSMART/CODE/skidpad_ws/install/skidpad_msgs/share/skidpad_msgs/hook/ld_library_path_lib.dsv'
[4.157s] INFO:colcon.colcon_core.shell:Creating environment hook '/home/limdegcai/GSMART/CODE/skidpad_ws/install/skidpad_msgs/share/skidpad_msgs/hook/ld_library_path_lib.sh'
[4.157s] Level 1:colcon.colcon_core.environment:checking '/home/limdegcai/GSMART/CODE/skidpad_ws/install/skidpad_msgs/bin'
[4.157s] Level 1:colcon.colcon_core.environment:checking '/home/limdegcai/GSMART/CODE/skidpad_ws/install/skidpad_msgs/lib/pkgconfig/skidpad_msgs.pc'
[4.157s] Level 1:colcon.colcon_core.environment:checking '/home/limdegcai/GSMART/CODE/skidpad_ws/install/skidpad_msgs/lib/python3.10/site-packages'
[4.158s] Level 1:colcon.colcon_core.environment:checking '/home/limdegcai/GSMART/CODE/skidpad_ws/install/skidpad_msgs/bin'
[4.158s] INFO:colcon.colcon_core.shell:Creating package script '/home/limdegcai/GSMART/CODE/skidpad_ws/install/skidpad_msgs/share/skidpad_msgs/package.ps1'
[4.158s] INFO:colcon.colcon_core.shell:Creating package descriptor '/home/limdegcai/GSMART/CODE/skidpad_ws/install/skidpad_msgs/share/skidpad_msgs/package.dsv'
[4.158s] INFO:colcon.colcon_core.shell:Creating package script '/home/limdegcai/GSMART/CODE/skidpad_ws/install/skidpad_msgs/share/skidpad_msgs/package.sh'
[4.159s] INFO:colcon.colcon_core.shell:Creating package script '/home/limdegcai/GSMART/CODE/skidpad_ws/install/skidpad_msgs/share/skidpad_msgs/package.bash'
[4.159s] INFO:colcon.colcon_core.shell:Creating package script '/home/limdegcai/GSMART/CODE/skidpad_ws/install/skidpad_msgs/share/skidpad_msgs/package.zsh'
[4.159s] Level 1:colcon.colcon_core.environment:create_file_with_runtime_dependencies(/home/limdegcai/GSMART/CODE/skidpad_ws/install/skidpad_msgs/share/colcon-core/packages/skidpad_msgs)
[4.159s] Level 1:colcon.colcon_core.environment:create_environment_scripts_only(skidpad_msgs)
[4.159s] Level 1:colcon.colcon_core.environment:checking '/home/limdegcai/GSMART/CODE/skidpad_ws/install/skidpad_msgs' for CMake module files
[4.160s] Level 1:colcon.colcon_core.environment:checking '/home/limdegcai/GSMART/CODE/skidpad_ws/install/skidpad_msgs' for CMake config files
[4.160s] Level 1:colcon.colcon_core.shell:create_environment_hook('skidpad_msgs', 'cmake_prefix_path')
[4.160s] INFO:colcon.colcon_core.shell:Creating environment hook '/home/limdegcai/GSMART/CODE/skidpad_ws/install/skidpad_msgs/share/skidpad_msgs/hook/cmake_prefix_path.ps1'
[4.161s] INFO:colcon.colcon_core.shell:Creating environment descriptor '/home/limdegcai/GSMART/CODE/skidpad_ws/install/skidpad_msgs/share/skidpad_msgs/hook/cmake_prefix_path.dsv'
[4.161s] INFO:colcon.colcon_core.shell:Creating environment hook '/home/limdegcai/GSMART/CODE/skidpad_ws/install/skidpad_msgs/share/skidpad_msgs/hook/cmake_prefix_path.sh'
[4.161s] Level 1:colcon.colcon_core.environment:checking '/home/limdegcai/GSMART/CODE/skidpad_ws/install/skidpad_msgs/lib'
[4.161s] Level 1:colcon.colcon_core.shell:create_environment_hook('skidpad_msgs', 'ld_library_path_lib')
[4.161s] INFO:colcon.colcon_core.shell:Creating environment hook '/home/limdegcai/GSMART/CODE/skidpad_ws/install/skidpad_msgs/share/skidpad_msgs/hook/ld_library_path_lib.ps1'
[4.162s] INFO:colcon.colcon_core.shell:Creating environment descriptor '/home/limdegcai/GSMART/CODE/skidpad_ws/install/skidpad_msgs/share/skidpad_msgs/hook/ld_library_path_lib.dsv'
[4.162s] INFO:colcon.colcon_core.shell:Creating environment hook '/home/limdegcai/GSMART/CODE/skidpad_ws/install/skidpad_msgs/share/skidpad_msgs/hook/ld_library_path_lib.sh'
[4.162s] Level 1:colcon.colcon_core.environment:checking '/home/limdegcai/GSMART/CODE/skidpad_ws/install/skidpad_msgs/bin'
[4.162s] Level 1:colcon.colcon_core.environment:checking '/home/limdegcai/GSMART/CODE/skidpad_ws/install/skidpad_msgs/lib/pkgconfig/skidpad_msgs.pc'
[4.162s] Level 1:colcon.colcon_core.environment:checking '/home/limdegcai/GSMART/CODE/skidpad_ws/install/skidpad_msgs/lib/python3.10/site-packages'
[4.162s] Level 1:colcon.colcon_core.environment:checking '/home/limdegcai/GSMART/CODE/skidpad_ws/install/skidpad_msgs/bin'
[4.162s] INFO:colcon.colcon_core.shell:Creating package script '/home/limdegcai/GSMART/CODE/skidpad_ws/install/skidpad_msgs/share/skidpad_msgs/package.ps1'
[4.163s] INFO:colcon.colcon_core.shell:Creating package descriptor '/home/limdegcai/GSMART/CODE/skidpad_ws/install/skidpad_msgs/share/skidpad_msgs/package.dsv'
[4.163s] INFO:colcon.colcon_core.shell:Creating package script '/home/limdegcai/GSMART/CODE/skidpad_ws/install/skidpad_msgs/share/skidpad_msgs/package.sh'
[4.163s] INFO:colcon.colcon_core.shell:Creating package script '/home/limdegcai/GSMART/CODE/skidpad_ws/install/skidpad_msgs/share/skidpad_msgs/package.bash'
[4.163s] INFO:colcon.colcon_core.shell:Creating package script '/home/limdegcai/GSMART/CODE/skidpad_ws/install/skidpad_msgs/share/skidpad_msgs/package.zsh'
[4.164s] Level 1:colcon.colcon_core.environment:create_file_with_runtime_dependencies(/home/limdegcai/GSMART/CODE/skidpad_ws/install/skidpad_msgs/share/colcon-core/packages/skidpad_msgs)
[4.164s] INFO:colcon.colcon_ros.task.ament_python.build:Building ROS package in '/home/limdegcai/GSMART/CODE/skidpad_ws/src/skidpad_control' with build type 'ament_python'
[4.164s] Level 1:colcon.colcon_core.shell:create_environment_hook('skidpad_control', 'ament_prefix_path')
[4.164s] INFO:colcon.colcon_core.shell:Creating environment hook '/home/limdegcai/GSMART/CODE/skidpad_ws/install/skidpad_control/share/skidpad_control/hook/ament_prefix_path.ps1'
[4.165s] INFO:colcon.colcon_core.shell:Creating environment descriptor '/home/limdegcai/GSMART/CODE/skidpad_ws/install/skidpad_control/share/skidpad_control/hook/ament_prefix_path.dsv'
[4.165s] INFO:colcon.colcon_core.shell:Creating environment hook '/home/limdegcai/GSMART/CODE/skidpad_ws/install/skidpad_control/share/skidpad_control/hook/ament_prefix_path.sh'
[4.165s] INFO:colcon.colcon_core.shell:Skip shell extension 'powershell' for command environment: Not usable outside of PowerShell
[4.165s] DEBUG:colcon.colcon_core.shell:Skip shell extension 'dsv' for command environment
[4.167s] INFO:colcon.colcon_ros.task.ament_cmake.build:Building ROS package in '/home/limdegcai/GSMART/CODE/skidpad_ws/src/skidpad_planner' with build type 'ament_cmake'
[4.167s] INFO:colcon.colcon_cmake.task.cmake.build:Building CMake package in '/home/limdegcai/GSMART/CODE/skidpad_ws/src/skidpad_planner'
[4.167s] INFO:colcon.colcon_core.shell:Skip shell extension 'powershell' for command environment: Not usable outside of PowerShell
[4.167s] DEBUG:colcon.colcon_core.shell:Skip shell extension 'dsv' for command environment
[4.169s] INFO:colcon.colcon_ros.task.ament_python.build:Building ROS package in '/home/limdegcai/GSMART/CODE/skidpad_ws/src/fsds_bridge' with build type 'ament_python'
[4.169s] Level 1:colcon.colcon_core.shell:create_environment_hook('fsds_bridge', 'ament_prefix_path')
[4.169s] INFO:colcon.colcon_core.shell:Creating environment hook '/home/limdegcai/GSMART/CODE/skidpad_ws/install/fsds_bridge/share/fsds_bridge/hook/ament_prefix_path.ps1'
[4.170s] INFO:colcon.colcon_core.shell:Creating environment descriptor '/home/limdegcai/GSMART/CODE/skidpad_ws/install/fsds_bridge/share/fsds_bridge/hook/ament_prefix_path.dsv'
[4.170s] INFO:colcon.colcon_core.shell:Creating environment hook '/home/limdegcai/GSMART/CODE/skidpad_ws/install/fsds_bridge/share/fsds_bridge/hook/ament_prefix_path.sh'
[4.170s] INFO:colcon.colcon_core.shell:Skip shell extension 'powershell' for command environment: Not usable outside of PowerShell
[4.170s] DEBUG:colcon.colcon_core.shell:Skip shell extension 'dsv' for command environment
[4.301s] INFO:colcon.colcon_core.task.python.build:Building Python package in '/home/limdegcai/GSMART/CODE/skidpad_ws/src/skidpad_control'
[4.301s] INFO:colcon.colcon_core.shell:Skip shell extension 'powershell' for command environment: Not usable outside of PowerShell
[4.301s] DEBUG:colcon.colcon_core.shell:Skip shell extension 'dsv' for command environment
[4.306s] DEBUG:colcon.colcon_core.event_handler.log_command:Invoking command in '/home/limdegcai/GSMART/CODE/skidpad_ws/build/skidpad_planner': CMAKE_PREFIX_PATH=/home/limdegcai/GSMART/CODE/skidpad_ws/install/skidpad_msgs:/home/limdegcai/GSMART/CODE/skidpad_ws/install/skidpad_bringup:/home/limdegcai/GSMART/CODE/skidpad_ws/install/skidpad_planner:/home/limdegcai/GSMART/CODE/skidpad_ws/install/skidpad_icp:/home/limdegcai/GSMART/CODE/skidpad_ws/install/skidpad_control:/home/limdegcai/GSMART/CODE/skidpad_ws/install/fsds_bridge:/home/limdegcai/GSMART/CODE/skidpad_ws/install/icp_test_tools:/opt/ros/humble /usr/bin/cmake /home/limdegcai/GSMART/CODE/skidpad_ws/src/skidpad_planner -DAMENT_CMAKE_SYMLINK_INSTALL=1 -DCMAKE_INSTALL_PREFIX=/home/limdegcai/GSMART/CODE/skidpad_ws/install/skidpad_planner
[4.433s] INFO:colcon.colcon_core.task.python.build:Building Python package in '/home/limdegcai/GSMART/CODE/skidpad_ws/src/fsds_bridge'
[4.433s] INFO:colcon.colcon_core.shell:Skip shell extension 'powershell' for command environment: Not usable outside of PowerShell
[4.433s] DEBUG:colcon.colcon_core.shell:Skip shell extension 'dsv' for command environment
[4.612s] DEBUG:colcon.colcon_core.event_handler.log_command:Invoking command in '/home/limdegcai/GSMART/CODE/skidpad_ws/build/fsds_bridge': CMAKE_PREFIX_PATH=/home/limdegcai/GSMART/CODE/skidpad_ws/install/skidpad_msgs:/home/limdegcai/GSMART/CODE/skidpad_ws/install/skidpad_bringup:/home/limdegcai/GSMART/CODE/skidpad_ws/install/skidpad_planner:/home/limdegcai/GSMART/CODE/skidpad_ws/install/skidpad_icp PYTHONPATH=/home/limdegcai/GSMART/CODE/skidpad_ws/build/fsds_bridge/prefix_override:/usr/lib/python3/dist-packages/colcon_core/task/python/colcon_distutils_commands:/home/limdegcai/GSMART/CODE/skidpad_ws/install/fsds_bridge/lib/python3.10/site-packages:${PYTHONPATH} /usr/bin/python3 -W ignore:setup.py install is deprecated -W ignore:easy_install command is deprecated setup.py develop --editable --build-directory /home/limdegcai/GSMART/CODE/skidpad_ws/build/fsds_bridge/build --no-deps symlink_data
[4.614s] DEBUG:colcon.colcon_core.event_handler.log_command:Invoking command in '/home/limdegcai/GSMART/CODE/skidpad_ws/build/skidpad_control': CMAKE_PREFIX_PATH=/home/limdegcai/GSMART/CODE/skidpad_ws/install/skidpad_msgs:/home/limdegcai/GSMART/CODE/skidpad_ws/install/skidpad_bringup:/home/limdegcai/GSMART/CODE/skidpad_ws/install/skidpad_planner:/home/limdegcai/GSMART/CODE/skidpad_ws/install/skidpad_icp PYTHONPATH=/home/limdegcai/GSMART/CODE/skidpad_ws/build/skidpad_control/prefix_override:/usr/lib/python3/dist-packages/colcon_core/task/python/colcon_distutils_commands:/home/limdegcai/GSMART/CODE/skidpad_ws/install/skidpad_control/lib/python3.10/site-packages:${PYTHONPATH} /usr/bin/python3 -W ignore:setup.py install is deprecated -W ignore:easy_install command is deprecated setup.py develop --editable --build-directory /home/limdegcai/GSMART/CODE/skidpad_ws/build/skidpad_control/build --no-deps symlink_data
[4.843s] Level 1:colcon.colcon_core.shell:create_environment_hook('fsds_bridge', 'pythonpath_develop')
[4.844s] INFO:colcon.colcon_core.shell:Creating environment hook '/home/limdegcai/GSMART/CODE/skidpad_ws/build/fsds_bridge/share/fsds_bridge/hook/pythonpath_develop.ps1'
[4.844s] DEBUG:colcon.colcon_core.event_handler.log_command:Invoked command in '/home/limdegcai/GSMART/CODE/skidpad_ws/build/fsds_bridge' returned '0': CMAKE_PREFIX_PATH=/home/limdegcai/GSMART/CODE/skidpad_ws/install/skidpad_msgs:/home/limdegcai/GSMART/CODE/skidpad_ws/install/skidpad_bringup:/home/limdegcai/GSMART/CODE/skidpad_ws/install/skidpad_planner:/home/limdegcai/GSMART/CODE/skidpad_ws/install/skidpad_icp PYTHONPATH=/home/limdegcai/GSMART/CODE/skidpad_ws/build/fsds_bridge/prefix_override:/usr/lib/python3/dist-packages/colcon_core/task/python/colcon_distutils_commands:/home/limdegcai/GSMART/CODE/skidpad_ws/install/fsds_bridge/lib/python3.10/site-packages:${PYTHONPATH} /usr/bin/python3 -W ignore:setup.py install is deprecated -W ignore:easy_install command is deprecated setup.py develop --editable --build-directory /home/limdegcai/GSMART/CODE/skidpad_ws/build/fsds_bridge/build --no-deps symlink_data
[4.844s] INFO:colcon.colcon_core.shell:Creating environment descriptor '/home/limdegcai/GSMART/CODE/skidpad_ws/build/fsds_bridge/share/fsds_bridge/hook/pythonpath_develop.dsv'
[4.845s] INFO:colcon.colcon_core.shell:Creating environment hook '/home/limdegcai/GSMART/CODE/skidpad_ws/build/fsds_bridge/share/fsds_bridge/hook/pythonpath_develop.sh'
[4.845s] Level 1:colcon.colcon_core.environment:checking '/home/limdegcai/GSMART/CODE/skidpad_ws/install/fsds_bridge' for CMake module files
[4.845s] Level 1:colcon.colcon_core.environment:checking '/home/limdegcai/GSMART/CODE/skidpad_ws/install/fsds_bridge' for CMake config files
[4.845s] Level 1:colcon.colcon_core.environment:checking '/home/limdegcai/GSMART/CODE/skidpad_ws/install/fsds_bridge/lib'
[4.845s] Level 1:colcon.colcon_core.environment:checking '/home/limdegcai/GSMART/CODE/skidpad_ws/install/fsds_bridge/bin'
[4.845s] Level 1:colcon.colcon_core.environment:checking '/home/limdegcai/GSMART/CODE/skidpad_ws/install/fsds_bridge/lib/pkgconfig/fsds_bridge.pc'
[4.846s] Level 1:colcon.colcon_core.environment:checking '/home/limdegcai/GSMART/CODE/skidpad_ws/install/fsds_bridge/lib/python3.10/site-packages'
[4.846s] Level 1:colcon.colcon_core.shell:create_environment_hook('fsds_bridge', 'pythonpath')
[4.846s] INFO:colcon.colcon_core.shell:Creating environment hook '/home/limdegcai/GSMART/CODE/skidpad_ws/install/fsds_bridge/share/fsds_bridge/hook/pythonpath.ps1'
[4.846s] INFO:colcon.colcon_core.shell:Creating environment descriptor '/home/limdegcai/GSMART/CODE/skidpad_ws/install/fsds_bridge/share/fsds_bridge/hook/pythonpath.dsv'
[4.846s] INFO:colcon.colcon_core.shell:Creating environment hook '/home/limdegcai/GSMART/CODE/skidpad_ws/install/fsds_bridge/share/fsds_bridge/hook/pythonpath.sh'
[4.846s] Level 1:colcon.colcon_core.environment:checking '/home/limdegcai/GSMART/CODE/skidpad_ws/install/fsds_bridge/bin'
[4.846s] Level 1:colcon.colcon_core.environment:create_environment_scripts_only(fsds_bridge)
[4.847s] INFO:colcon.colcon_core.shell:Creating package script '/home/limdegcai/GSMART/CODE/skidpad_ws/install/fsds_bridge/share/fsds_bridge/package.ps1'
[4.847s] INFO:colcon.colcon_core.shell:Creating package descriptor '/home/limdegcai/GSMART/CODE/skidpad_ws/install/fsds_bridge/share/fsds_bridge/package.dsv'
[4.847s] INFO:colcon.colcon_core.shell:Creating package script '/home/limdegcai/GSMART/CODE/skidpad_ws/install/fsds_bridge/share/fsds_bridge/package.sh'
[4.848s] INFO:colcon.colcon_core.shell:Creating package script '/home/limdegcai/GSMART/CODE/skidpad_ws/install/fsds_bridge/share/fsds_bridge/package.bash'
[4.848s] INFO:colcon.colcon_core.shell:Creating package script '/home/limdegcai/GSMART/CODE/skidpad_ws/install/fsds_bridge/share/fsds_bridge/package.zsh'
[4.848s] Level 1:colcon.colcon_core.environment:create_file_with_runtime_dependencies(/home/limdegcai/GSMART/CODE/skidpad_ws/install/fsds_bridge/share/colcon-core/packages/fsds_bridge)
[4.849s] Level 1:colcon.colcon_core.shell:create_environment_hook('skidpad_control', 'pythonpath_develop')
[4.849s] INFO:colcon.colcon_core.shell:Creating environment hook '/home/limdegcai/GSMART/CODE/skidpad_ws/build/skidpad_control/share/skidpad_control/hook/pythonpath_develop.ps1'
[4.850s] DEBUG:colcon.colcon_core.event_handler.log_command:Invoked command in '/home/limdegcai/GSMART/CODE/skidpad_ws/build/skidpad_control' returned '0': CMAKE_PREFIX_PATH=/home/limdegcai/GSMART/CODE/skidpad_ws/install/skidpad_msgs:/home/limdegcai/GSMART/CODE/skidpad_ws/install/skidpad_bringup:/home/limdegcai/GSMART/CODE/skidpad_ws/install/skidpad_planner:/home/limdegcai/GSMART/CODE/skidpad_ws/install/skidpad_icp PYTHONPATH=/home/limdegcai/GSMART/CODE/skidpad_ws/build/skidpad_control/prefix_override:/usr/lib/python3/dist-packages/colcon_core/task/python/colcon_distutils_commands:/home/limdegcai/GSMART/CODE/skidpad_ws/install/skidpad_control/lib/python3.10/site-packages:${PYTHONPATH} /usr/bin/python3 -W ignore:setup.py install is deprecated -W ignore:easy_install command is deprecated setup.py develop --editable --build-directory /home/limdegcai/GSMART/CODE/skidpad_ws/build/skidpad_control/build --no-deps symlink_data
[4.850s] INFO:colcon.colcon_core.shell:Creating environment descriptor '/home/limdegcai/GSMART/CODE/skidpad_ws/build/skidpad_control/share/skidpad_control/hook/pythonpath_develop.dsv'
[4.850s] INFO:colcon.colcon_core.shell:Creating environment hook '/home/limdegcai/GSMART/CODE/skidpad_ws/build/skidpad_control/share/skidpad_control/hook/pythonpath_develop.sh'
[4.850s] Level 1:colcon.colcon_core.environment:checking '/home/limdegcai/GSMART/CODE/skidpad_ws/install/skidpad_control' for CMake module files
[4.851s] Level 1:colcon.colcon_core.environment:checking '/home/limdegcai/GSMART/CODE/skidpad_ws/install/skidpad_control' for CMake config files
[4.851s] Level 1:colcon.colcon_core.environment:checking '/home/limdegcai/GSMART/CODE/skidpad_ws/install/skidpad_control/lib'
[4.851s] Level 1:colcon.colcon_core.environment:checking '/home/limdegcai/GSMART/CODE/skidpad_ws/install/skidpad_control/bin'
[4.851s] Level 1:colcon.colcon_core.environment:checking '/home/limdegcai/GSMART/CODE/skidpad_ws/install/skidpad_control/lib/pkgconfig/skidpad_control.pc'
[4.851s] Level 1:colcon.colcon_core.environment:checking '/home/limdegcai/GSMART/CODE/skidpad_ws/install/skidpad_control/lib/python3.10/site-packages'
[4.851s] Level 1:colcon.colcon_core.shell:create_environment_hook('skidpad_control', 'pythonpath')
[4.851s] INFO:colcon.colcon_core.shell:Creating environment hook '/home/limdegcai/GSMART/CODE/skidpad_ws/install/skidpad_control/share/skidpad_control/hook/pythonpath.ps1'
[4.851s] INFO:colcon.colcon_core.shell:Creating environment descriptor '/home/limdegcai/GSMART/CODE/skidpad_ws/install/skidpad_control/share/skidpad_control/hook/pythonpath.dsv'
[4.852s] INFO:colcon.colcon_core.shell:Creating environment hook '/home/limdegcai/GSMART/CODE/skidpad_ws/install/skidpad_control/share/skidpad_control/hook/pythonpath.sh'
[4.852s] Level 1:colcon.colcon_core.environment:checking '/home/limdegcai/GSMART/CODE/skidpad_ws/install/skidpad_control/bin'
[4.852s] Level 1:colcon.colcon_core.environment:create_environment_scripts_only(skidpad_control)
[4.852s] INFO:colcon.colcon_core.shell:Creating package script '/home/limdegcai/GSMART/CODE/skidpad_ws/install/skidpad_control/share/skidpad_control/package.ps1'
[4.852s] INFO:colcon.colcon_core.shell:Creating package descriptor '/home/limdegcai/GSMART/CODE/skidpad_ws/install/skidpad_control/share/skidpad_control/package.dsv'
[4.853s] INFO:colcon.colcon_core.shell:Creating package script '/home/limdegcai/GSMART/CODE/skidpad_ws/install/skidpad_control/share/skidpad_control/package.sh'
[4.853s] INFO:colcon.colcon_core.shell:Creating package script '/home/limdegcai/GSMART/CODE/skidpad_ws/install/skidpad_control/share/skidpad_control/package.bash'
[4.853s] INFO:colcon.colcon_core.shell:Creating package script '/home/limdegcai/GSMART/CODE/skidpad_ws/install/skidpad_control/share/skidpad_control/package.zsh'
[4.853s] Level 1:colcon.colcon_core.environment:create_file_with_runtime_dependencies(/home/limdegcai/GSMART/CODE/skidpad_ws/install/skidpad_control/share/colcon-core/packages/skidpad_control)
[5.129s] DEBUG:colcon.colcon_core.event_handler.log_command:Invoked command in '/home/limdegcai/GSMART/CODE/skidpad_ws/build/skidpad_planner' returned '0': CMAKE_PREFIX_PATH=/home/limdegcai/GSMART/CODE/skidpad_ws/install/skidpad_msgs:/home/limdegcai/GSMART/CODE/skidpad_ws/install/skidpad_bringup:/home/limdegcai/GSMART/CODE/skidpad_ws/install/skidpad_planner:/home/limdegcai/GSMART/CODE/skidpad_ws/install/skidpad_icp:/home/limdegcai/GSMART/CODE/skidpad_ws/install/skidpad_control:/home/limdegcai/GSMART/CODE/skidpad_ws/install/fsds_bridge:/home/limdegcai/GSMART/CODE/skidpad_ws/install/icp_test_tools:/opt/ros/humble /usr/bin/cmake /home/limdegcai/GSMART/CODE/skidpad_ws/src/skidpad_planner -DAMENT_CMAKE_SYMLINK_INSTALL=1 -DCMAKE_INSTALL_PREFIX=/home/limdegcai/GSMART/CODE/skidpad_ws/install/skidpad_planner
[5.130s] DEBUG:colcon.colcon_core.event_handler.log_command:Invoking command in '/home/limdegcai/GSMART/CODE/skidpad_ws/build/skidpad_planner': CMAKE_PREFIX_PATH=/home/limdegcai/GSMART/CODE/skidpad_ws/install/skidpad_msgs:/home/limdegcai/GSMART/CODE/skidpad_ws/install/skidpad_bringup:/home/limdegcai/GSMART/CODE/skidpad_ws/install/skidpad_planner:/home/limdegcai/GSMART/CODE/skidpad_ws/install/skidpad_icp:/home/limdegcai/GSMART/CODE/skidpad_ws/install/skidpad_control:/home/limdegcai/GSMART/CODE/skidpad_ws/install/fsds_bridge:/home/limdegcai/GSMART/CODE/skidpad_ws/install/icp_test_tools:/opt/ros/humble /usr/bin/cmake --build /home/limdegcai/GSMART/CODE/skidpad_ws/build/skidpad_planner -- -j32 -l32
[13.640s] DEBUG:colcon.colcon_core.event_handler.log_command:Invoked command in '/home/limdegcai/GSMART/CODE/skidpad_ws/build/skidpad_planner' returned '0': CMAKE_PREFIX_PATH=/home/limdegcai/GSMART/CODE/skidpad_ws/install/skidpad_msgs:/home/limdegcai/GSMART/CODE/skidpad_ws/install/skidpad_bringup:/home/limdegcai/GSMART/CODE/skidpad_ws/install/skidpad_planner:/home/limdegcai/GSMART/CODE/skidpad_ws/install/skidpad_icp:/home/limdegcai/GSMART/CODE/skidpad_ws/install/skidpad_control:/home/limdegcai/GSMART/CODE/skidpad_ws/install/fsds_bridge:/home/limdegcai/GSMART/CODE/skidpad_ws/install/icp_test_tools:/opt/ros/humble /usr/bin/cmake --build /home/limdegcai/GSMART/CODE/skidpad_ws/build/skidpad_planner -- -j32 -l32
[13.641s] DEBUG:colcon.colcon_core.event_handler.log_command:Invoking command in '/home/limdegcai/GSMART/CODE/skidpad_ws/build/skidpad_planner': CMAKE_PREFIX_PATH=/home/limdegcai/GSMART/CODE/skidpad_ws/install/skidpad_msgs:/home/limdegcai/GSMART/CODE/skidpad_ws/install/skidpad_bringup:/home/limdegcai/GSMART/CODE/skidpad_ws/install/skidpad_planner:/home/limdegcai/GSMART/CODE/skidpad_ws/install/skidpad_icp:/home/limdegcai/GSMART/CODE/skidpad_ws/install/skidpad_control:/home/limdegcai/GSMART/CODE/skidpad_ws/install/fsds_bridge:/home/limdegcai/GSMART/CODE/skidpad_ws/install/icp_test_tools:/opt/ros/humble /usr/bin/cmake --install /home/limdegcai/GSMART/CODE/skidpad_ws/build/skidpad_planner
[13.750s] Level 1:colcon.colcon_core.environment:create_environment_scripts_only(skidpad_planner)
[13.750s] Level 1:colcon.colcon_core.environment:checking '/home/limdegcai/GSMART/CODE/skidpad_ws/install/skidpad_planner' for CMake module files
[13.751s] DEBUG:colcon.colcon_core.event_handler.log_command:Invoked command in '/home/limdegcai/GSMART/CODE/skidpad_ws/build/skidpad_planner' returned '0': CMAKE_PREFIX_PATH=/home/limdegcai/GSMART/CODE/skidpad_ws/install/skidpad_msgs:/home/limdegcai/GSMART/CODE/skidpad_ws/install/skidpad_bringup:/home/limdegcai/GSMART/CODE/skidpad_ws/install/skidpad_planner:/home/limdegcai/GSMART/CODE/skidpad_ws/install/skidpad_icp:/home/limdegcai/GSMART/CODE/skidpad_ws/install/skidpad_control:/home/limdegcai/GSMART/CODE/skidpad_ws/install/fsds_bridge:/home/limdegcai/GSMART/CODE/skidpad_ws/install/icp_test_tools:/opt/ros/humble /usr/bin/cmake --install /home/limdegcai/GSMART/CODE/skidpad_ws/build/skidpad_planner
[13.751s] Level 1:colcon.colcon_core.environment:checking '/home/limdegcai/GSMART/CODE/skidpad_ws/install/skidpad_planner' for CMake config files
[13.751s] Level 1:colcon.colcon_core.shell:create_environment_hook('skidpad_planner', 'cmake_prefix_path')
[13.752s] INFO:colcon.colcon_core.shell:Creating environment hook '/home/limdegcai/GSMART/CODE/skidpad_ws/install/skidpad_planner/share/skidpad_planner/hook/cmake_prefix_path.ps1'
[13.752s] INFO:colcon.colcon_core.shell:Creating environment descriptor '/home/limdegcai/GSMART/CODE/skidpad_ws/install/skidpad_planner/share/skidpad_planner/hook/cmake_prefix_path.dsv'
[13.752s] INFO:colcon.colcon_core.shell:Creating environment hook '/home/limdegcai/GSMART/CODE/skidpad_ws/install/skidpad_planner/share/skidpad_planner/hook/cmake_prefix_path.sh'
[13.752s] Level 1:colcon.colcon_core.environment:checking '/home/limdegcai/GSMART/CODE/skidpad_ws/install/skidpad_planner/lib'
[13.752s] Level 1:colcon.colcon_core.environment:checking '/home/limdegcai/GSMART/CODE/skidpad_ws/install/skidpad_planner/bin'
[13.752s] Level 1:colcon.colcon_core.environment:checking '/home/limdegcai/GSMART/CODE/skidpad_ws/install/skidpad_planner/lib/pkgconfig/skidpad_planner.pc'
[13.753s] Level 1:colcon.colcon_core.environment:checking '/home/limdegcai/GSMART/CODE/skidpad_ws/install/skidpad_planner/lib/python3.10/site-packages'
[13.753s] Level 1:colcon.colcon_core.environment:checking '/home/limdegcai/GSMART/CODE/skidpad_ws/install/skidpad_planner/bin'
[13.753s] INFO:colcon.colcon_core.shell:Creating package script '/home/limdegcai/GSMART/CODE/skidpad_ws/install/skidpad_planner/share/skidpad_planner/package.ps1'
[13.753s] INFO:colcon.colcon_core.shell:Creating package descriptor '/home/limdegcai/GSMART/CODE/skidpad_ws/install/skidpad_planner/share/skidpad_planner/package.dsv'
[13.753s] INFO:colcon.colcon_core.shell:Creating package script '/home/limdegcai/GSMART/CODE/skidpad_ws/install/skidpad_planner/share/skidpad_planner/package.sh'
[13.754s] INFO:colcon.colcon_core.shell:Creating package script '/home/limdegcai/GSMART/CODE/skidpad_ws/install/skidpad_planner/share/skidpad_planner/package.bash'
[13.754s] INFO:colcon.colcon_core.shell:Creating package script '/home/limdegcai/GSMART/CODE/skidpad_ws/install/skidpad_planner/share/skidpad_planner/package.zsh'
[13.754s] Level 1:colcon.colcon_core.environment:create_file_with_runtime_dependencies(/home/limdegcai/GSMART/CODE/skidpad_ws/install/skidpad_planner/share/colcon-core/packages/skidpad_planner)
[13.755s] Level 1:colcon.colcon_core.environment:create_environment_scripts_only(skidpad_planner)
[13.755s] Level 1:colcon.colcon_core.environment:checking '/home/limdegcai/GSMART/CODE/skidpad_ws/install/skidpad_planner' for CMake module files
[13.755s] Level 1:colcon.colcon_core.environment:checking '/home/limdegcai/GSMART/CODE/skidpad_ws/install/skidpad_planner' for CMake config files
[13.755s] Level 1:colcon.colcon_core.shell:create_environment_hook('skidpad_planner', 'cmake_prefix_path')
[13.755s] INFO:colcon.colcon_core.shell:Creating environment hook '/home/limdegcai/GSMART/CODE/skidpad_ws/install/skidpad_planner/share/skidpad_planner/hook/cmake_prefix_path.ps1'
[13.755s] INFO:colcon.colcon_core.shell:Creating environment descriptor '/home/limdegcai/GSMART/CODE/skidpad_ws/install/skidpad_planner/share/skidpad_planner/hook/cmake_prefix_path.dsv'
[13.756s] INFO:colcon.colcon_core.shell:Creating environment hook '/home/limdegcai/GSMART/CODE/skidpad_ws/install/skidpad_planner/share/skidpad_planner/hook/cmake_prefix_path.sh'
[13.756s] Level 1:colcon.colcon_core.environment:checking '/home/limdegcai/GSMART/CODE/skidpad_ws/install/skidpad_planner/lib'
[13.756s] Level 1:colcon.colcon_core.environment:checking '/home/limdegcai/GSMART/CODE/skidpad_ws/install/skidpad_planner/bin'
[13.756s] Level 1:colcon.colcon_core.environment:checking '/home/limdegcai/GSMART/CODE/skidpad_ws/install/skidpad_planner/lib/pkgconfig/skidpad_planner.pc'
[13.756s] Level 1:colcon.colcon_core.environment:checking '/home/limdegcai/GSMART/CODE/skidpad_ws/install/skidpad_planner/lib/python3.10/site-packages'
[13.756s] Level 1:colcon.colcon_core.environment:checking '/home/limdegcai/GSMART/CODE/skidpad_ws/install/skidpad_planner/bin'
[13.756s] INFO:colcon.colcon_core.shell:Creating package script '/home/limdegcai/GSMART/CODE/skidpad_ws/install/skidpad_planner/share/skidpad_planner/package.ps1'
[13.757s] INFO:colcon.colcon_core.shell:Creating package descriptor '/home/limdegcai/GSMART/CODE/skidpad_ws/install/skidpad_planner/share/skidpad_planner/package.dsv'
[13.757s] INFO:colcon.colcon_core.shell:Creating package script '/home/limdegcai/GSMART/CODE/skidpad_ws/install/skidpad_planner/share/skidpad_planner/package.sh'
[13.757s] INFO:colcon.colcon_core.shell:Creating package script '/home/limdegcai/GSMART/CODE/skidpad_ws/install/skidpad_planner/share/skidpad_planner/package.bash'
[13.757s] INFO:colcon.colcon_core.shell:Creating package script '/home/limdegcai/GSMART/CODE/skidpad_ws/install/skidpad_planner/share/skidpad_planner/package.zsh'
[13.757s] Level 1:colcon.colcon_core.environment:create_file_with_runtime_dependencies(/home/limdegcai/GSMART/CODE/skidpad_ws/install/skidpad_planner/share/colcon-core/packages/skidpad_planner)
[14.974s] DEBUG:colcon.colcon_core.event_handler.log_command:Invoked command in '/home/limdegcai/GSMART/CODE/skidpad_ws/build/skidpad_icp' returned '0': CMAKE_PREFIX_PATH=${CMAKE_PREFIX_PATH}:/home/limdegcai/GSMART/CODE/skidpad_ws/install/skidpad_control:/home/limdegcai/GSMART/CODE/skidpad_ws/install/fsds_bridge:/home/limdegcai/GSMART/CODE/skidpad_ws/install/icp_test_tools:/opt/ros/humble /usr/bin/cmake --build /home/limdegcai/GSMART/CODE/skidpad_ws/build/skidpad_icp -- -j32 -l32
[14.975s] DEBUG:colcon.colcon_core.event_handler.log_command:Invoking command in '/home/limdegcai/GSMART/CODE/skidpad_ws/build/skidpad_icp': CMAKE_PREFIX_PATH=${CMAKE_PREFIX_PATH}:/home/limdegcai/GSMART/CODE/skidpad_ws/install/skidpad_control:/home/limdegcai/GSMART/CODE/skidpad_ws/install/fsds_bridge:/home/limdegcai/GSMART/CODE/skidpad_ws/install/icp_test_tools:/opt/ros/humble /usr/bin/cmake --install /home/limdegcai/GSMART/CODE/skidpad_ws/build/skidpad_icp
[15.093s] Level 1:colcon.colcon_core.environment:create_environment_scripts_only(skidpad_icp)
[15.093s] Level 1:colcon.colcon_core.environment:checking '/home/limdegcai/GSMART/CODE/skidpad_ws/install/skidpad_icp' for CMake module files
[15.094s] DEBUG:colcon.colcon_core.event_handler.log_command:Invoked command in '/home/limdegcai/GSMART/CODE/skidpad_ws/build/skidpad_icp' returned '0': CMAKE_PREFIX_PATH=${CMAKE_PREFIX_PATH}:/home/limdegcai/GSMART/CODE/skidpad_ws/install/skidpad_control:/home/limdegcai/GSMART/CODE/skidpad_ws/install/fsds_bridge:/home/limdegcai/GSMART/CODE/skidpad_ws/install/icp_test_tools:/opt/ros/humble /usr/bin/cmake --install /home/limdegcai/GSMART/CODE/skidpad_ws/build/skidpad_icp
[15.094s] Level 1:colcon.colcon_core.environment:checking '/home/limdegcai/GSMART/CODE/skidpad_ws/install/skidpad_icp' for CMake config files
[15.094s] Level 1:colcon.colcon_core.shell:create_environment_hook('skidpad_icp', 'cmake_prefix_path')
[15.094s] INFO:colcon.colcon_core.shell:Creating environment hook '/home/limdegcai/GSMART/CODE/skidpad_ws/install/skidpad_icp/share/skidpad_icp/hook/cmake_prefix_path.ps1'
[15.095s] INFO:colcon.colcon_core.shell:Creating environment descriptor '/home/limdegcai/GSMART/CODE/skidpad_ws/install/skidpad_icp/share/skidpad_icp/hook/cmake_prefix_path.dsv'
[15.095s] INFO:colcon.colcon_core.shell:Creating environment hook '/home/limdegcai/GSMART/CODE/skidpad_ws/install/skidpad_icp/share/skidpad_icp/hook/cmake_prefix_path.sh'
[15.095s] Level 1:colcon.colcon_core.environment:checking '/home/limdegcai/GSMART/CODE/skidpad_ws/install/skidpad_icp/lib'
[15.095s] Level 1:colcon.colcon_core.environment:checking '/home/limdegcai/GSMART/CODE/skidpad_ws/install/skidpad_icp/bin'
[15.095s] Level 1:colcon.colcon_core.environment:checking '/home/limdegcai/GSMART/CODE/skidpad_ws/install/skidpad_icp/lib/pkgconfig/skidpad_icp.pc'
[15.095s] Level 1:colcon.colcon_core.environment:checking '/home/limdegcai/GSMART/CODE/skidpad_ws/install/skidpad_icp/lib/python3.10/site-packages'
[15.096s] Level 1:colcon.colcon_core.environment:checking '/home/limdegcai/GSMART/CODE/skidpad_ws/install/skidpad_icp/bin'
[15.096s] INFO:colcon.colcon_core.shell:Creating package script '/home/limdegcai/GSMART/CODE/skidpad_ws/install/skidpad_icp/share/skidpad_icp/package.ps1'
[15.096s] INFO:colcon.colcon_core.shell:Creating package descriptor '/home/limdegcai/GSMART/CODE/skidpad_ws/install/skidpad_icp/share/skidpad_icp/package.dsv'
[15.096s] INFO:colcon.colcon_core.shell:Creating package script '/home/limdegcai/GSMART/CODE/skidpad_ws/install/skidpad_icp/share/skidpad_icp/package.sh'
[15.096s] INFO:colcon.colcon_core.shell:Creating package script '/home/limdegcai/GSMART/CODE/skidpad_ws/install/skidpad_icp/share/skidpad_icp/package.bash'
[15.097s] INFO:colcon.colcon_core.shell:Creating package script '/home/limdegcai/GSMART/CODE/skidpad_ws/install/skidpad_icp/share/skidpad_icp/package.zsh'
[15.097s] Level 1:colcon.colcon_core.environment:create_file_with_runtime_dependencies(/home/limdegcai/GSMART/CODE/skidpad_ws/install/skidpad_icp/share/colcon-core/packages/skidpad_icp)
[15.097s] Level 1:colcon.colcon_core.environment:create_environment_scripts_only(skidpad_icp)
[15.097s] Level 1:colcon.colcon_core.environment:checking '/home/limdegcai/GSMART/CODE/skidpad_ws/install/skidpad_icp' for CMake module files
[15.098s] Level 1:colcon.colcon_core.environment:checking '/home/limdegcai/GSMART/CODE/skidpad_ws/install/skidpad_icp' for CMake config files
[15.098s] Level 1:colcon.colcon_core.shell:create_environment_hook('skidpad_icp', 'cmake_prefix_path')
[15.098s] INFO:colcon.colcon_core.shell:Creating environment hook '/home/limdegcai/GSMART/CODE/skidpad_ws/install/skidpad_icp/share/skidpad_icp/hook/cmake_prefix_path.ps1'
[15.098s] INFO:colcon.colcon_core.shell:Creating environment descriptor '/home/limdegcai/GSMART/CODE/skidpad_ws/install/skidpad_icp/share/skidpad_icp/hook/cmake_prefix_path.dsv'
[15.098s] INFO:colcon.colcon_core.shell:Creating environment hook '/home/limdegcai/GSMART/CODE/skidpad_ws/install/skidpad_icp/share/skidpad_icp/hook/cmake_prefix_path.sh'
[15.099s] Level 1:colcon.colcon_core.environment:checking '/home/limdegcai/GSMART/CODE/skidpad_ws/install/skidpad_icp/lib'
[15.099s] Level 1:colcon.colcon_core.environment:checking '/home/limdegcai/GSMART/CODE/skidpad_ws/install/skidpad_icp/bin'
[15.099s] Level 1:colcon.colcon_core.environment:checking '/home/limdegcai/GSMART/CODE/skidpad_ws/install/skidpad_icp/lib/pkgconfig/skidpad_icp.pc'
[15.099s] Level 1:colcon.colcon_core.environment:checking '/home/limdegcai/GSMART/CODE/skidpad_ws/install/skidpad_icp/lib/python3.10/site-packages'
[15.099s] Level 1:colcon.colcon_core.environment:checking '/home/limdegcai/GSMART/CODE/skidpad_ws/install/skidpad_icp/bin'
[15.099s] INFO:colcon.colcon_core.shell:Creating package script '/home/limdegcai/GSMART/CODE/skidpad_ws/install/skidpad_icp/share/skidpad_icp/package.ps1'
[15.100s] INFO:colcon.colcon_core.shell:Creating package descriptor '/home/limdegcai/GSMART/CODE/skidpad_ws/install/skidpad_icp/share/skidpad_icp/package.dsv'
[15.100s] INFO:colcon.colcon_core.shell:Creating package script '/home/limdegcai/GSMART/CODE/skidpad_ws/install/skidpad_icp/share/skidpad_icp/package.sh'
[15.100s] INFO:colcon.colcon_core.shell:Creating package script '/home/limdegcai/GSMART/CODE/skidpad_ws/install/skidpad_icp/share/skidpad_icp/package.bash'
[15.100s] INFO:colcon.colcon_core.shell:Creating package script '/home/limdegcai/GSMART/CODE/skidpad_ws/install/skidpad_icp/share/skidpad_icp/package.zsh'
[15.100s] Level 1:colcon.colcon_core.environment:create_file_with_runtime_dependencies(/home/limdegcai/GSMART/CODE/skidpad_ws/install/skidpad_icp/share/colcon-core/packages/skidpad_icp)
[15.101s] INFO:colcon.colcon_ros.task.ament_cmake.build:Building ROS package in '/home/limdegcai/GSMART/CODE/skidpad_ws/src/skidpad_bringup' with build type 'ament_cmake'
[15.101s] INFO:colcon.colcon_cmake.task.cmake.build:Building CMake package in '/home/limdegcai/GSMART/CODE/skidpad_ws/src/skidpad_bringup'
[15.101s] INFO:colcon.colcon_core.shell:Skip shell extension 'powershell' for command environment: Not usable outside of PowerShell
[15.101s] DEBUG:colcon.colcon_core.shell:Skip shell extension 'dsv' for command environment
[15.110s] DEBUG:colcon.colcon_core.event_handler.log_command:Invoking command in '/home/limdegcai/GSMART/CODE/skidpad_ws/build/skidpad_bringup': AMENT_PREFIX_PATH=/home/limdegcai/GSMART/CODE/skidpad_ws/install/skidpad_control:/home/limdegcai/GSMART/CODE/skidpad_ws/install/skidpad_bringup:/home/limdegcai/GSMART/CODE/skidpad_ws/install/skidpad_planner:/home/limdegcai/GSMART/CODE/skidpad_ws/install/fsds_bridge:/home/limdegcai/GSMART/CODE/skidpad_ws/install/skidpad_msgs:/home/limdegcai/GSMART/CODE/skidpad_ws/install/skidpad_icp:/home/limdegcai/GSMART/CODE/skidpad_ws/install/icp_test_tools:/opt/ros/humble CMAKE_PREFIX_PATH=/home/limdegcai/GSMART/CODE/skidpad_ws/install/skidpad_planner:/home/limdegcai/GSMART/CODE/skidpad_ws/install/skidpad_msgs:/home/limdegcai/GSMART/CODE/skidpad_ws/install/skidpad_icp:/home/limdegcai/GSMART/CODE/skidpad_ws/install/skidpad_bringup:/home/limdegcai/GSMART/CODE/skidpad_ws/install/skidpad_control:/home/limdegcai/GSMART/CODE/skidpad_ws/install/fsds_bridge:/home/limdegcai/GSMART/CODE/skidpad_ws/install/icp_test_tools:/opt/ros/humble /usr/bin/cmake /home/limdegcai/GSMART/CODE/skidpad_ws/src/skidpad_bringup -DAMENT_CMAKE_SYMLINK_INSTALL=1 -DCMAKE_INSTALL_PREFIX=/home/limdegcai/GSMART/CODE/skidpad_ws/install/skidpad_bringup
[15.492s] DEBUG:colcon.colcon_core.event_handler.log_command:Invoked command in '/home/limdegcai/GSMART/CODE/skidpad_ws/build/skidpad_bringup' returned '0': AMENT_PREFIX_PATH=/home/limdegcai/GSMART/CODE/skidpad_ws/install/skidpad_control:/home/limdegcai/GSMART/CODE/skidpad_ws/install/skidpad_bringup:/home/limdegcai/GSMART/CODE/skidpad_ws/install/skidpad_planner:/home/limdegcai/GSMART/CODE/skidpad_ws/install/fsds_bridge:/home/limdegcai/GSMART/CODE/skidpad_ws/install/skidpad_msgs:/home/limdegcai/GSMART/CODE/skidpad_ws/install/skidpad_icp:/home/limdegcai/GSMART/CODE/skidpad_ws/install/icp_test_tools:/opt/ros/humble CMAKE_PREFIX_PATH=/home/limdegcai/GSMART/CODE/skidpad_ws/install/skidpad_planner:/home/limdegcai/GSMART/CODE/skidpad_ws/install/skidpad_msgs:/home/limdegcai/GSMART/CODE/skidpad_ws/install/skidpad_icp:/home/limdegcai/GSMART/CODE/skidpad_ws/install/skidpad_bringup:/home/limdegcai/GSMART/CODE/skidpad_ws/install/skidpad_control:/home/limdegcai/GSMART/CODE/skidpad_ws/install/fsds_bridge:/home/limdegcai/GSMART/CODE/skidpad_ws/install/icp_test_tools:/opt/ros/humble /usr/bin/cmake /home/limdegcai/GSMART/CODE/skidpad_ws/src/skidpad_bringup -DAMENT_CMAKE_SYMLINK_INSTALL=1 -DCMAKE_INSTALL_PREFIX=/home/limdegcai/GSMART/CODE/skidpad_ws/install/skidpad_bringup
[15.492s] DEBUG:colcon.colcon_core.event_handler.log_command:Invoking command in '/home/limdegcai/GSMART/CODE/skidpad_ws/build/skidpad_bringup': AMENT_PREFIX_PATH=/home/limdegcai/GSMART/CODE/skidpad_ws/install/skidpad_control:/home/limdegcai/GSMART/CODE/skidpad_ws/install/skidpad_bringup:/home/limdegcai/GSMART/CODE/skidpad_ws/install/skidpad_planner:/home/limdegcai/GSMART/CODE/skidpad_ws/install/fsds_bridge:/home/limdegcai/GSMART/CODE/skidpad_ws/install/skidpad_msgs:/home/limdegcai/GSMART/CODE/skidpad_ws/install/skidpad_icp:/home/limdegcai/GSMART/CODE/skidpad_ws/install/icp_test_tools:/opt/ros/humble CMAKE_PREFIX_PATH=/home/limdegcai/GSMART/CODE/skidpad_ws/install/skidpad_planner:/home/limdegcai/GSMART/CODE/skidpad_ws/install/skidpad_msgs:/home/limdegcai/GSMART/CODE/skidpad_ws/install/skidpad_icp:/home/limdegcai/GSMART/CODE/skidpad_ws/install/skidpad_bringup:/home/limdegcai/GSMART/CODE/skidpad_ws/install/skidpad_control:/home/limdegcai/GSMART/CODE/skidpad_ws/install/fsds_bridge:/home/limdegcai/GSMART/CODE/skidpad_ws/install/icp_test_tools:/opt/ros/humble /usr/bin/cmake --build /home/limdegcai/GSMART/CODE/skidpad_ws/build/skidpad_bringup -- -j32 -l32
[15.517s] DEBUG:colcon.colcon_core.event_handler.log_command:Invoked command in '/home/limdegcai/GSMART/CODE/skidpad_ws/build/skidpad_bringup' returned '0': AMENT_PREFIX_PATH=/home/limdegcai/GSMART/CODE/skidpad_ws/install/skidpad_control:/home/limdegcai/GSMART/CODE/skidpad_ws/install/skidpad_bringup:/home/limdegcai/GSMART/CODE/skidpad_ws/install/skidpad_planner:/home/limdegcai/GSMART/CODE/skidpad_ws/install/fsds_bridge:/home/limdegcai/GSMART/CODE/skidpad_ws/install/skidpad_msgs:/home/limdegcai/GSMART/CODE/skidpad_ws/install/skidpad_icp:/home/limdegcai/GSMART/CODE/skidpad_ws/install/icp_test_tools:/opt/ros/humble CMAKE_PREFIX_PATH=/home/limdegcai/GSMART/CODE/skidpad_ws/install/skidpad_planner:/home/limdegcai/GSMART/CODE/skidpad_ws/install/skidpad_msgs:/home/limdegcai/GSMART/CODE/skidpad_ws/install/skidpad_icp:/home/limdegcai/GSMART/CODE/skidpad_ws/install/skidpad_bringup:/home/limdegcai/GSMART/CODE/skidpad_ws/install/skidpad_control:/home/limdegcai/GSMART/CODE/skidpad_ws/install/fsds_bridge:/home/limdegcai/GSMART/CODE/skidpad_ws/install/icp_test_tools:/opt/ros/humble /usr/bin/cmake --build /home/limdegcai/GSMART/CODE/skidpad_ws/build/skidpad_bringup -- -j32 -l32
[15.518s] DEBUG:colcon.colcon_core.event_handler.log_command:Invoking command in '/home/limdegcai/GSMART/CODE/skidpad_ws/build/skidpad_bringup': AMENT_PREFIX_PATH=/home/limdegcai/GSMART/CODE/skidpad_ws/install/skidpad_control:/home/limdegcai/GSMART/CODE/skidpad_ws/install/skidpad_bringup:/home/limdegcai/GSMART/CODE/skidpad_ws/install/skidpad_planner:/home/limdegcai/GSMART/CODE/skidpad_ws/install/fsds_bridge:/home/limdegcai/GSMART/CODE/skidpad_ws/install/skidpad_msgs:/home/limdegcai/GSMART/CODE/skidpad_ws/install/skidpad_icp:/home/limdegcai/GSMART/CODE/skidpad_ws/install/icp_test_tools:/opt/ros/humble CMAKE_PREFIX_PATH=/home/limdegcai/GSMART/CODE/skidpad_ws/install/skidpad_planner:/home/limdegcai/GSMART/CODE/skidpad_ws/install/skidpad_msgs:/home/limdegcai/GSMART/CODE/skidpad_ws/install/skidpad_icp:/home/limdegcai/GSMART/CODE/skidpad_ws/install/skidpad_bringup:/home/limdegcai/GSMART/CODE/skidpad_ws/install/skidpad_control:/home/limdegcai/GSMART/CODE/skidpad_ws/install/fsds_bridge:/home/limdegcai/GSMART/CODE/skidpad_ws/install/icp_test_tools:/opt/ros/humble /usr/bin/cmake --install /home/limdegcai/GSMART/CODE/skidpad_ws/build/skidpad_bringup
[15.612s] Level 1:colcon.colcon_core.environment:create_environment_scripts_only(skidpad_bringup)
[15.612s] Level 1:colcon.colcon_core.environment:checking '/home/limdegcai/GSMART/CODE/skidpad_ws/install/skidpad_bringup' for CMake module files
[15.612s] DEBUG:colcon.colcon_core.event_handler.log_command:Invoked command in '/home/limdegcai/GSMART/CODE/skidpad_ws/build/skidpad_bringup' returned '0': AMENT_PREFIX_PATH=/home/limdegcai/GSMART/CODE/skidpad_ws/install/skidpad_control:/home/limdegcai/GSMART/CODE/skidpad_ws/install/skidpad_bringup:/home/limdegcai/GSMART/CODE/skidpad_ws/install/skidpad_planner:/home/limdegcai/GSMART/CODE/skidpad_ws/install/fsds_bridge:/home/limdegcai/GSMART/CODE/skidpad_ws/install/skidpad_msgs:/home/limdegcai/GSMART/CODE/skidpad_ws/install/skidpad_icp:/home/limdegcai/GSMART/CODE/skidpad_ws/install/icp_test_tools:/opt/ros/humble CMAKE_PREFIX_PATH=/home/limdegcai/GSMART/CODE/skidpad_ws/install/skidpad_planner:/home/limdegcai/GSMART/CODE/skidpad_ws/install/skidpad_msgs:/home/limdegcai/GSMART/CODE/skidpad_ws/install/skidpad_icp:/home/limdegcai/GSMART/CODE/skidpad_ws/install/skidpad_bringup:/home/limdegcai/GSMART/CODE/skidpad_ws/install/skidpad_control:/home/limdegcai/GSMART/CODE/skidpad_ws/install/fsds_bridge:/home/limdegcai/GSMART/CODE/skidpad_ws/install/icp_test_tools:/opt/ros/humble /usr/bin/cmake --install /home/limdegcai/GSMART/CODE/skidpad_ws/build/skidpad_bringup
[15.613s] Level 1:colcon.colcon_core.environment:checking '/home/limdegcai/GSMART/CODE/skidpad_ws/install/skidpad_bringup' for CMake config files
[15.613s] Level 1:colcon.colcon_core.shell:create_environment_hook('skidpad_bringup', 'cmake_prefix_path')
[15.613s] INFO:colcon.colcon_core.shell:Creating environment hook '/home/limdegcai/GSMART/CODE/skidpad_ws/install/skidpad_bringup/share/skidpad_bringup/hook/cmake_prefix_path.ps1'
[15.613s] INFO:colcon.colcon_core.shell:Creating environment descriptor '/home/limdegcai/GSMART/CODE/skidpad_ws/install/skidpad_bringup/share/skidpad_bringup/hook/cmake_prefix_path.dsv'
[15.613s] INFO:colcon.colcon_core.shell:Creating environment hook '/home/limdegcai/GSMART/CODE/skidpad_ws/install/skidpad_bringup/share/skidpad_bringup/hook/cmake_prefix_path.sh'
[15.614s] Level 1:colcon.colcon_core.environment:checking '/home/limdegcai/GSMART/CODE/skidpad_ws/install/skidpad_bringup/bin'
[15.614s] Level 1:colcon.colcon_core.environment:checking '/home/limdegcai/GSMART/CODE/skidpad_ws/install/skidpad_bringup/lib/pkgconfig/skidpad_bringup.pc'
[15.614s] Level 1:colcon.colcon_core.environment:checking '/home/limdegcai/GSMART/CODE/skidpad_ws/install/skidpad_bringup/lib/python3.10/site-packages'
[15.614s] Level 1:colcon.colcon_core.environment:checking '/home/limdegcai/GSMART/CODE/skidpad_ws/install/skidpad_bringup/bin'
[15.614s] INFO:colcon.colcon_core.shell:Creating package script '/home/limdegcai/GSMART/CODE/skidpad_ws/install/skidpad_bringup/share/skidpad_bringup/package.ps1'
[15.615s] INFO:colcon.colcon_core.shell:Creating package descriptor '/home/limdegcai/GSMART/CODE/skidpad_ws/install/skidpad_bringup/share/skidpad_bringup/package.dsv'
[15.615s] INFO:colcon.colcon_core.shell:Creating package script '/home/limdegcai/GSMART/CODE/skidpad_ws/install/skidpad_bringup/share/skidpad_bringup/package.sh'
[15.615s] INFO:colcon.colcon_core.shell:Creating package script '/home/limdegcai/GSMART/CODE/skidpad_ws/install/skidpad_bringup/share/skidpad_bringup/package.bash'
[15.615s] INFO:colcon.colcon_core.shell:Creating package script '/home/limdegcai/GSMART/CODE/skidpad_ws/install/skidpad_bringup/share/skidpad_bringup/package.zsh'
[15.615s] Level 1:colcon.colcon_core.environment:create_file_with_runtime_dependencies(/home/limdegcai/GSMART/CODE/skidpad_ws/install/skidpad_bringup/share/colcon-core/packages/skidpad_bringup)
[15.616s] Level 1:colcon.colcon_core.environment:create_environment_scripts_only(skidpad_bringup)
[15.616s] Level 1:colcon.colcon_core.environment:checking '/home/limdegcai/GSMART/CODE/skidpad_ws/install/skidpad_bringup' for CMake module files
[15.616s] Level 1:colcon.colcon_core.environment:checking '/home/limdegcai/GSMART/CODE/skidpad_ws/install/skidpad_bringup' for CMake config files
[15.616s] Level 1:colcon.colcon_core.shell:create_environment_hook('skidpad_bringup', 'cmake_prefix_path')
[15.616s] INFO:colcon.colcon_core.shell:Creating environment hook '/home/limdegcai/GSMART/CODE/skidpad_ws/install/skidpad_bringup/share/skidpad_bringup/hook/cmake_prefix_path.ps1'
[15.617s] INFO:colcon.colcon_core.shell:Creating environment descriptor '/home/limdegcai/GSMART/CODE/skidpad_ws/install/skidpad_bringup/share/skidpad_bringup/hook/cmake_prefix_path.dsv'
[15.617s] INFO:colcon.colcon_core.shell:Creating environment hook '/home/limdegcai/GSMART/CODE/skidpad_ws/install/skidpad_bringup/share/skidpad_bringup/hook/cmake_prefix_path.sh'
[15.617s] Level 1:colcon.colcon_core.environment:checking '/home/limdegcai/GSMART/CODE/skidpad_ws/install/skidpad_bringup/bin'
[15.617s] Level 1:colcon.colcon_core.environment:checking '/home/limdegcai/GSMART/CODE/skidpad_ws/install/skidpad_bringup/lib/pkgconfig/skidpad_bringup.pc'
[15.617s] Level 1:colcon.colcon_core.environment:checking '/home/limdegcai/GSMART/CODE/skidpad_ws/install/skidpad_bringup/lib/python3.10/site-packages'
[15.617s] Level 1:colcon.colcon_core.environment:checking '/home/limdegcai/GSMART/CODE/skidpad_ws/install/skidpad_bringup/bin'
[15.617s] INFO:colcon.colcon_core.shell:Creating package script '/home/limdegcai/GSMART/CODE/skidpad_ws/install/skidpad_bringup/share/skidpad_bringup/package.ps1'
[15.618s] INFO:colcon.colcon_core.shell:Creating package descriptor '/home/limdegcai/GSMART/CODE/skidpad_ws/install/skidpad_bringup/share/skidpad_bringup/package.dsv'
[15.618s] INFO:colcon.colcon_core.shell:Creating package script '/home/limdegcai/GSMART/CODE/skidpad_ws/install/skidpad_bringup/share/skidpad_bringup/package.sh'
[15.618s] INFO:colcon.colcon_core.shell:Creating package script '/home/limdegcai/GSMART/CODE/skidpad_ws/install/skidpad_bringup/share/skidpad_bringup/package.bash'
[15.619s] INFO:colcon.colcon_core.shell:Creating package script '/home/limdegcai/GSMART/CODE/skidpad_ws/install/skidpad_bringup/share/skidpad_bringup/package.zsh'
[15.619s] Level 1:colcon.colcon_core.environment:create_file_with_runtime_dependencies(/home/limdegcai/GSMART/CODE/skidpad_ws/install/skidpad_bringup/share/colcon-core/packages/skidpad_bringup)
[15.619s] DEBUG:colcon.colcon_parallel_executor.executor.parallel:closing loop
[15.619s] DEBUG:colcon.colcon_parallel_executor.executor.parallel:loop closed
[15.619s] DEBUG:colcon.colcon_parallel_executor.executor.parallel:run_until_complete finished with '0'
[15.619s] DEBUG:colcon.colcon_core.event_reactor:joining thread
[15.623s] INFO:colcon.colcon_core.plugin_system:Skipping extension 'colcon_notification.desktop_notification.terminal_notifier': Not used on non-Darwin systems
[15.623s] INFO:colcon.colcon_core.plugin_system:Skipping extension 'colcon_notification.desktop_notification.win32': Not used on non-Windows systems
[15.623s] INFO:colcon.colcon_notification.desktop_notification:Sending desktop notification using 'notify2'
[15.630s] DEBUG:colcon.colcon_core.event_reactor:joined thread
[15.631s] INFO:colcon.colcon_core.shell:Creating prefix script '/home/limdegcai/GSMART/CODE/skidpad_ws/install/local_setup.ps1'
[15.631s] INFO:colcon.colcon_core.shell:Creating prefix util module '/home/limdegcai/GSMART/CODE/skidpad_ws/install/_local_setup_util_ps1.py'
[15.632s] INFO:colcon.colcon_core.shell:Creating prefix chain script '/home/limdegcai/GSMART/CODE/skidpad_ws/install/setup.ps1'
[15.632s] INFO:colcon.colcon_core.shell:Creating prefix script '/home/limdegcai/GSMART/CODE/skidpad_ws/install/local_setup.sh'
[15.632s] INFO:colcon.colcon_core.shell:Creating prefix util module '/home/limdegcai/GSMART/CODE/skidpad_ws/install/_local_setup_util_sh.py'
[15.633s] INFO:colcon.colcon_core.shell:Creating prefix chain script '/home/limdegcai/GSMART/CODE/skidpad_ws/install/setup.sh'
[15.633s] INFO:colcon.colcon_core.shell:Creating prefix script '/home/limdegcai/GSMART/CODE/skidpad_ws/install/local_setup.bash'
[15.633s] INFO:colcon.colcon_core.shell:Creating prefix chain script '/home/limdegcai/GSMART/CODE/skidpad_ws/install/setup.bash'
[15.634s] INFO:colcon.colcon_core.shell:Creating prefix script '/home/limdegcai/GSMART/CODE/skidpad_ws/install/local_setup.zsh'
[15.634s] INFO:colcon.colcon_core.shell:Creating prefix chain script '/home/limdegcai/GSMART/CODE/skidpad_ws/install/setup.zsh'
