[100%] Built target skidpad_detector_node
-- Install configuration: ""
-- Execute custom install script
-- Up-to-date symlink: /home/limdegcai/GSMART/CODE/FSD-Gsmart/planning_control/skidpad_ws/install/skidpad_icp/lib/skidpad_icp/skidpad_detector_node
-- Up-to-date symlink: /home/limdegcai/GSMART/CODE/FSD-Gsmart/planning_control/skidpad_ws/install/skidpad_icp/share/skidpad_icp/launch/skidpad_detector.launch.py
-- Up-to-date symlink: /home/limdegcai/GSMART/CODE/FSD-Gsmart/planning_control/skidpad_ws/install/skidpad_icp/share/skidpad_icp/config/skidpad.pcd
-- Up-to-date symlink: /home/limdegcai/GSMART/CODE/FSD-Gsmart/planning_control/skidpad_ws/install/skidpad_icp/share/skidpad_icp/config/skidpad_cones_target.txt
-- Up-to-date symlink: /home/limdegcai/GSMART/CODE/FSD-Gsmart/planning_control/skidpad_ws/install/skidpad_icp/share/skidpad_icp/config/skidpad_detector.yaml
-- Up-to-date symlink: /home/limdegcai/GSMART/CODE/FSD-Gsmart/planning_control/skidpad_ws/install/skidpad_icp/share/ament_index/resource_index/package_run_dependencies/skidpad_icp
-- Up-to-date symlink: /home/limdegcai/GSMART/CODE/FSD-Gsmart/planning_control/skidpad_ws/install/skidpad_icp/share/ament_index/resource_index/parent_prefix_path/skidpad_icp
-- Up-to-date symlink: /home/limdegcai/GSMART/CODE/FSD-Gsmart/planning_control/skidpad_ws/install/skidpad_icp/share/skidpad_icp/environment/ament_prefix_path.sh
-- Up-to-date symlink: /home/limdegcai/GSMART/CODE/FSD-Gsmart/planning_control/skidpad_ws/install/skidpad_icp/share/skidpad_icp/environment/ament_prefix_path.dsv
-- Up-to-date symlink: /home/limdegcai/GSMART/CODE/FSD-Gsmart/planning_control/skidpad_ws/install/skidpad_icp/share/skidpad_icp/environment/path.sh
-- Up-to-date symlink: /home/limdegcai/GSMART/CODE/FSD-Gsmart/planning_control/skidpad_ws/install/skidpad_icp/share/skidpad_icp/environment/path.dsv
-- Up-to-date symlink: /home/limdegcai/GSMART/CODE/FSD-Gsmart/planning_control/skidpad_ws/install/skidpad_icp/share/skidpad_icp/local_setup.bash
-- Up-to-date symlink: /home/limdegcai/GSMART/CODE/FSD-Gsmart/planning_control/skidpad_ws/install/skidpad_icp/share/skidpad_icp/local_setup.sh
-- Up-to-date symlink: /home/limdegcai/GSMART/CODE/FSD-Gsmart/planning_control/skidpad_ws/install/skidpad_icp/share/skidpad_icp/local_setup.zsh
-- Up-to-date symlink: /home/limdegcai/GSMART/CODE/FSD-Gsmart/planning_control/skidpad_ws/install/skidpad_icp/share/skidpad_icp/local_setup.dsv
-- Symlinking: /home/limdegcai/GSMART/CODE/FSD-Gsmart/planning_control/skidpad_ws/install/skidpad_icp/share/skidpad_icp/package.dsv
-- Up-to-date symlink: /home/limdegcai/GSMART/CODE/FSD-Gsmart/planning_control/skidpad_ws/install/skidpad_icp/share/ament_index/resource_index/packages/skidpad_icp
-- Up-to-date symlink: /home/limdegcai/GSMART/CODE/FSD-Gsmart/planning_control/skidpad_ws/install/skidpad_icp/share/skidpad_icp/cmake/skidpad_icpConfig.cmake
-- Up-to-date symlink: /home/limdegcai/GSMART/CODE/FSD-Gsmart/planning_control/skidpad_ws/install/skidpad_icp/share/skidpad_icp/cmake/skidpad_icpConfig-version.cmake
-- Up-to-date symlink: /home/limdegcai/GSMART/CODE/FSD-Gsmart/planning_control/skidpad_ws/install/skidpad_icp/share/skidpad_icp/package.xml
