[0.009s] Invoking command in '/home/limdegcai/GSMART/CODE/FSD-Gsmart/lidar/lidar_cone_detector/build/lidar_cone_detector': CMAKE_PREFIX_PATH=${CMAKE_PREFIX_PATH}:/home/limdegcai/GSMART/CODE/FSD-Gsmart/planning_control/skidpad/install/skidpad_control:/home/limdegcai/GSMART/CODE/FSD-Gsmart/planning_control/skidpad/install/icp_test_tools:/opt/ros/humble /usr/bin/cmake --build /home/limdegcai/GSMART/CODE/FSD-Gsmart/lidar/lidar_cone_detector/build/lidar_cone_detector -- -j32 -l32
[0.061s] [35m[1mConsolidate compiler generated dependencies of target lidar_cone_detector[0m
[0.093s] [100%] Built target lidar_cone_detector
[0.102s] Invoked command in '/home/limdegcai/GSMART/CODE/FSD-Gsmart/lidar/lidar_cone_detector/build/lidar_cone_detector' returned '0': CMAKE_PREFIX_PATH=${CMAKE_PREFIX_PATH}:/home/limdegcai/GSMART/CODE/FSD-Gsmart/planning_control/skidpad/install/skidpad_control:/home/limdegcai/GSMART/CODE/FSD-Gsmart/planning_control/skidpad/install/icp_test_tools:/opt/ros/humble /usr/bin/cmake --build /home/limdegcai/GSMART/CODE/FSD-Gsmart/lidar/lidar_cone_detector/build/lidar_cone_detector -- -j32 -l32
[0.112s] Invoking command in '/home/limdegcai/GSMART/CODE/FSD-Gsmart/lidar/lidar_cone_detector/build/lidar_cone_detector': CMAKE_PREFIX_PATH=${CMAKE_PREFIX_PATH}:/home/limdegcai/GSMART/CODE/FSD-Gsmart/planning_control/skidpad/install/skidpad_control:/home/limdegcai/GSMART/CODE/FSD-Gsmart/planning_control/skidpad/install/icp_test_tools:/opt/ros/humble /usr/bin/cmake --install /home/limdegcai/GSMART/CODE/FSD-Gsmart/lidar/lidar_cone_detector/build/lidar_cone_detector
[0.117s] -- Install configuration: "Release"
[0.118s] -- Execute custom install script
[0.118s] -- Up-to-date symlink: /home/limdegcai/GSMART/CODE/FSD-Gsmart/lidar/lidar_cone_detector/install/lidar_cone_detector/lib/lidar_cone_detector/lidar_cone_detector
[0.119s] -- Up-to-date symlink: /home/limdegcai/GSMART/CODE/FSD-Gsmart/lidar/lidar_cone_detector/install/lidar_cone_detector/share/lidar_cone_detector/config/lidar_cone_detector.yaml
[0.120s] -- Up-to-date symlink: /home/limdegcai/GSMART/CODE/FSD-Gsmart/lidar/lidar_cone_detector/install/lidar_cone_detector/share/ament_index/resource_index/package_run_dependencies/lidar_cone_detector
[0.120s] -- Up-to-date symlink: /home/limdegcai/GSMART/CODE/FSD-Gsmart/lidar/lidar_cone_detector/install/lidar_cone_detector/share/ament_index/resource_index/parent_prefix_path/lidar_cone_detector
[0.120s] -- Up-to-date symlink: /home/limdegcai/GSMART/CODE/FSD-Gsmart/lidar/lidar_cone_detector/install/lidar_cone_detector/share/lidar_cone_detector/environment/ament_prefix_path.sh
[0.121s] -- Up-to-date symlink: /home/limdegcai/GSMART/CODE/FSD-Gsmart/lidar/lidar_cone_detector/install/lidar_cone_detector/share/lidar_cone_detector/environment/ament_prefix_path.dsv
[0.121s] -- Up-to-date symlink: /home/limdegcai/GSMART/CODE/FSD-Gsmart/lidar/lidar_cone_detector/install/lidar_cone_detector/share/lidar_cone_detector/environment/path.sh
[0.121s] -- Up-to-date symlink: /home/limdegcai/GSMART/CODE/FSD-Gsmart/lidar/lidar_cone_detector/install/lidar_cone_detector/share/lidar_cone_detector/environment/path.dsv
[0.121s] -- Up-to-date symlink: /home/limdegcai/GSMART/CODE/FSD-Gsmart/lidar/lidar_cone_detector/install/lidar_cone_detector/share/lidar_cone_detector/local_setup.bash
[0.121s] -- Up-to-date symlink: /home/limdegcai/GSMART/CODE/FSD-Gsmart/lidar/lidar_cone_detector/install/lidar_cone_detector/share/lidar_cone_detector/local_setup.sh
[0.122s] -- Up-to-date symlink: /home/limdegcai/GSMART/CODE/FSD-Gsmart/lidar/lidar_cone_detector/install/lidar_cone_detector/share/lidar_cone_detector/local_setup.zsh
[0.122s] -- Up-to-date symlink: /home/limdegcai/GSMART/CODE/FSD-Gsmart/lidar/lidar_cone_detector/install/lidar_cone_detector/share/lidar_cone_detector/local_setup.dsv
[0.122s] -- Symlinking: /home/limdegcai/GSMART/CODE/FSD-Gsmart/lidar/lidar_cone_detector/install/lidar_cone_detector/share/lidar_cone_detector/package.dsv
[0.129s] -- Up-to-date symlink: /home/limdegcai/GSMART/CODE/FSD-Gsmart/lidar/lidar_cone_detector/install/lidar_cone_detector/share/ament_index/resource_index/packages/lidar_cone_detector
[0.130s] -- Up-to-date symlink: /home/limdegcai/GSMART/CODE/FSD-Gsmart/lidar/lidar_cone_detector/install/lidar_cone_detector/share/lidar_cone_detector/cmake/ament_cmake_export_dependencies-extras.cmake
[0.130s] -- Up-to-date symlink: /home/limdegcai/GSMART/CODE/FSD-Gsmart/lidar/lidar_cone_detector/install/lidar_cone_detector/share/lidar_cone_detector/cmake/lidar_cone_detectorConfig.cmake
[0.130s] -- Up-to-date symlink: /home/limdegcai/GSMART/CODE/FSD-Gsmart/lidar/lidar_cone_detector/install/lidar_cone_detector/share/lidar_cone_detector/cmake/lidar_cone_detectorConfig-version.cmake
[0.130s] -- Up-to-date symlink: /home/limdegcai/GSMART/CODE/FSD-Gsmart/lidar/lidar_cone_detector/install/lidar_cone_detector/share/lidar_cone_detector/package.xml
[0.132s] Invoked command in '/home/limdegcai/GSMART/CODE/FSD-Gsmart/lidar/lidar_cone_detector/build/lidar_cone_detector' returned '0': CMAKE_PREFIX_PATH=${CMAKE_PREFIX_PATH}:/home/limdegcai/GSMART/CODE/FSD-Gsmart/planning_control/skidpad/install/skidpad_control:/home/limdegcai/GSMART/CODE/FSD-Gsmart/planning_control/skidpad/install/icp_test_tools:/opt/ros/humble /usr/bin/cmake --install /home/limdegcai/GSMART/CODE/FSD-Gsmart/lidar/lidar_cone_detector/build/lidar_cone_detector
