[0.433s] Invoking command in '/home/limdegcai/GSMART/CODE/FSD-Gsmart/planning_control/skidpad_ws/build/fsds_bridge': CMAKE_PREFIX_PATH=/home/limdegcai/GSMART/CODE/FSD-Gsmart/planning_control/skidpad_ws/install/skidpad_msgs:/home/limdegcai/GSMART/CODE/FSD-Gsmart/planning_control/skidpad_ws/install/skidpad_bringup:/home/limdegcai/GSMART/CODE/FSD-Gsmart/planning_control/skidpad_ws/install/skidpad_planner:/home/limdegcai/GSMART/CODE/FSD-Gsmart/planning_control/skidpad_ws/install/skidpad_icp PYTHONPATH=/home/limdegcai/GSMART/CODE/FSD-Gsmart/planning_control/skidpad_ws/build/fsds_bridge/prefix_override:/usr/lib/python3/dist-packages/colcon_core/task/python/colcon_distutils_commands:/home/limdegcai/GSMART/CODE/FSD-Gsmart/planning_control/skidpad_ws/install/fsds_bridge/lib/python3.10/site-packages:${PYTHONPATH} /usr/bin/python3 -W ignore:setup.py install is deprecated -W ignore:easy_install command is deprecated setup.py develop --editable --build-directory /home/limdegcai/GSMART/CODE/FSD-Gsmart/planning_control/skidpad_ws/build/fsds_bridge/build --no-deps symlink_data
[0.564s] running develop
[0.640s] running egg_info
[0.640s] creating fsds_bridge.egg-info
[0.640s] writing fsds_bridge.egg-info/PKG-INFO
[0.640s] writing dependency_links to fsds_bridge.egg-info/dependency_links.txt
[0.640s] writing entry points to fsds_bridge.egg-info/entry_points.txt
[0.640s] writing requirements to fsds_bridge.egg-info/requires.txt
[0.640s] writing top-level names to fsds_bridge.egg-info/top_level.txt
[0.641s] writing manifest file 'fsds_bridge.egg-info/SOURCES.txt'
[0.641s] reading manifest file 'fsds_bridge.egg-info/SOURCES.txt'
[0.642s] writing manifest file 'fsds_bridge.egg-info/SOURCES.txt'
[0.643s] running build_ext
[0.643s] Creating /home/limdegcai/GSMART/CODE/FSD-Gsmart/planning_control/skidpad_ws/install/fsds_bridge/lib/python3.10/site-packages/fsds-bridge.egg-link (link to .)
[0.643s] Installing fsds_bridge_node script to /home/limdegcai/GSMART/CODE/FSD-Gsmart/planning_control/skidpad_ws/install/fsds_bridge/lib/fsds_bridge
[0.643s] 
[0.643s] Installed /home/limdegcai/GSMART/CODE/FSD-Gsmart/planning_control/skidpad_ws/build/fsds_bridge
[0.643s] running symlink_data
[0.643s] creating /home/limdegcai/GSMART/CODE/FSD-Gsmart/planning_control/skidpad_ws/install/fsds_bridge/share/ament_index
[0.643s] creating /home/limdegcai/GSMART/CODE/FSD-Gsmart/planning_control/skidpad_ws/install/fsds_bridge/share/ament_index/resource_index
[0.643s] creating /home/limdegcai/GSMART/CODE/FSD-Gsmart/planning_control/skidpad_ws/install/fsds_bridge/share/ament_index/resource_index/packages
[0.644s] symbolically linking /home/limdegcai/GSMART/CODE/FSD-Gsmart/planning_control/skidpad_ws/build/fsds_bridge/resource/fsds_bridge -> /home/limdegcai/GSMART/CODE/FSD-Gsmart/planning_control/skidpad_ws/install/fsds_bridge/share/ament_index/resource_index/packages
[0.644s] symbolically linking /home/limdegcai/GSMART/CODE/FSD-Gsmart/planning_control/skidpad_ws/build/fsds_bridge/package.xml -> /home/limdegcai/GSMART/CODE/FSD-Gsmart/planning_control/skidpad_ws/install/fsds_bridge/share/fsds_bridge
[0.663s] Invoked command in '/home/limdegcai/GSMART/CODE/FSD-Gsmart/planning_control/skidpad_ws/build/fsds_bridge' returned '0': CMAKE_PREFIX_PATH=/home/limdegcai/GSMART/CODE/FSD-Gsmart/planning_control/skidpad_ws/install/skidpad_msgs:/home/limdegcai/GSMART/CODE/FSD-Gsmart/planning_control/skidpad_ws/install/skidpad_bringup:/home/limdegcai/GSMART/CODE/FSD-Gsmart/planning_control/skidpad_ws/install/skidpad_planner:/home/limdegcai/GSMART/CODE/FSD-Gsmart/planning_control/skidpad_ws/install/skidpad_icp PYTHONPATH=/home/limdegcai/GSMART/CODE/FSD-Gsmart/planning_control/skidpad_ws/build/fsds_bridge/prefix_override:/usr/lib/python3/dist-packages/colcon_core/task/python/colcon_distutils_commands:/home/limdegcai/GSMART/CODE/FSD-Gsmart/planning_control/skidpad_ws/install/fsds_bridge/lib/python3.10/site-packages:${PYTHONPATH} /usr/bin/python3 -W ignore:setup.py install is deprecated -W ignore:easy_install command is deprecated setup.py develop --editable --build-directory /home/limdegcai/GSMART/CODE/FSD-Gsmart/planning_control/skidpad_ws/build/fsds_bridge/build --no-deps symlink_data
