[0.007s] Invoking command in '/home/limdegcai/GSMART/CODE/FSD-Gsmart/planning_control/skidpad/build/skidpad_icp': CMAKE_PREFIX_PATH=/opt/ros/humble /usr/bin/cmake --build /home/limdegcai/GSMART/CODE/FSD-Gsmart/planning_control/skidpad/build/skidpad_icp -- -j32 -l32
[0.065s] Consolidate compiler generated dependencies of target skidpad_detector_node
[0.085s] [100%] Built target skidpad_detector_node
[0.094s] Invoked command in '/home/limdegcai/GSMART/CODE/FSD-Gsmart/planning_control/skidpad/build/skidpad_icp' returned '0': CMAKE_PREFIX_PATH=/opt/ros/humble /usr/bin/cmake --build /home/limdegcai/GSMART/CODE/FSD-Gsmart/planning_control/skidpad/build/skidpad_icp -- -j32 -l32
[0.100s] Invoking command in '/home/limdegcai/GSMART/CODE/FSD-Gsmart/planning_control/skidpad/build/skidpad_icp': CMAKE_PREFIX_PATH=/opt/ros/humble /usr/bin/cmake --install /home/limdegcai/GSMART/CODE/FSD-Gsmart/planning_control/skidpad/build/skidpad_icp
[0.104s] -- Install configuration: ""
[0.105s] -- Execute custom install script
[0.105s] -- Up-to-date symlink: /home/limdegcai/GSMART/CODE/FSD-Gsmart/planning_control/skidpad/install/skidpad_icp/lib/skidpad_icp/skidpad_detector_node
[0.105s] -- Up-to-date symlink: /home/limdegcai/GSMART/CODE/FSD-Gsmart/planning_control/skidpad/install/skidpad_icp/share/skidpad_icp/launch/skidpad_detector.launch.py
[0.105s] -- Up-to-date symlink: /home/limdegcai/GSMART/CODE/FSD-Gsmart/planning_control/skidpad/install/skidpad_icp/share/skidpad_icp/config/skidpad.pcd
[0.105s] -- Up-to-date symlink: /home/limdegcai/GSMART/CODE/FSD-Gsmart/planning_control/skidpad/install/skidpad_icp/share/skidpad_icp/config/skidpad_cones_target.txt
[0.105s] -- Up-to-date symlink: /home/limdegcai/GSMART/CODE/FSD-Gsmart/planning_control/skidpad/install/skidpad_icp/share/skidpad_icp/config/skidpad_detector.yaml
[0.105s] -- Up-to-date symlink: /home/limdegcai/GSMART/CODE/FSD-Gsmart/planning_control/skidpad/install/skidpad_icp/share/ament_index/resource_index/package_run_dependencies/skidpad_icp
[0.106s] -- Up-to-date symlink: /home/limdegcai/GSMART/CODE/FSD-Gsmart/planning_control/skidpad/install/skidpad_icp/share/ament_index/resource_index/parent_prefix_path/skidpad_icp
[0.106s] -- Up-to-date symlink: /home/limdegcai/GSMART/CODE/FSD-Gsmart/planning_control/skidpad/install/skidpad_icp/share/skidpad_icp/environment/ament_prefix_path.sh
[0.106s] -- Up-to-date symlink: /home/limdegcai/GSMART/CODE/FSD-Gsmart/planning_control/skidpad/install/skidpad_icp/share/skidpad_icp/environment/ament_prefix_path.dsv
[0.106s] -- Up-to-date symlink: /home/limdegcai/GSMART/CODE/FSD-Gsmart/planning_control/skidpad/install/skidpad_icp/share/skidpad_icp/environment/path.sh
[0.106s] -- Up-to-date symlink: /home/limdegcai/GSMART/CODE/FSD-Gsmart/planning_control/skidpad/install/skidpad_icp/share/skidpad_icp/environment/path.dsv
[0.106s] -- Up-to-date symlink: /home/limdegcai/GSMART/CODE/FSD-Gsmart/planning_control/skidpad/install/skidpad_icp/share/skidpad_icp/local_setup.bash
[0.106s] -- Up-to-date symlink: /home/limdegcai/GSMART/CODE/FSD-Gsmart/planning_control/skidpad/install/skidpad_icp/share/skidpad_icp/local_setup.sh
[0.106s] -- Up-to-date symlink: /home/limdegcai/GSMART/CODE/FSD-Gsmart/planning_control/skidpad/install/skidpad_icp/share/skidpad_icp/local_setup.zsh
[0.106s] -- Up-to-date symlink: /home/limdegcai/GSMART/CODE/FSD-Gsmart/planning_control/skidpad/install/skidpad_icp/share/skidpad_icp/local_setup.dsv
[0.106s] -- Symlinking: /home/limdegcai/GSMART/CODE/FSD-Gsmart/planning_control/skidpad/install/skidpad_icp/share/skidpad_icp/package.dsv
[0.112s] -- Up-to-date symlink: /home/limdegcai/GSMART/CODE/FSD-Gsmart/planning_control/skidpad/install/skidpad_icp/share/ament_index/resource_index/packages/skidpad_icp
[0.112s] -- Up-to-date symlink: /home/limdegcai/GSMART/CODE/FSD-Gsmart/planning_control/skidpad/install/skidpad_icp/share/skidpad_icp/cmake/skidpad_icpConfig.cmake
[0.112s] -- Up-to-date symlink: /home/limdegcai/GSMART/CODE/FSD-Gsmart/planning_control/skidpad/install/skidpad_icp/share/skidpad_icp/cmake/skidpad_icpConfig-version.cmake
[0.112s] -- Up-to-date symlink: /home/limdegcai/GSMART/CODE/FSD-Gsmart/planning_control/skidpad/install/skidpad_icp/share/skidpad_icp/package.xml
[0.113s] Invoked command in '/home/limdegcai/GSMART/CODE/FSD-Gsmart/planning_control/skidpad/build/skidpad_icp' returned '0': CMAKE_PREFIX_PATH=/opt/ros/humble /usr/bin/cmake --install /home/limdegcai/GSMART/CODE/FSD-Gsmart/planning_control/skidpad/build/skidpad_icp
