/home/x/Documents/at20260415workspace/workspace/camera/install/yolo_ros/lib/python3.10/site-packages/yolo_ros/__init__.py
/home/x/Documents/at20260415workspace/workspace/camera/install/yolo_ros/lib/python3.10/site-packages/yolo_ros/tracking_node1.py
/home/x/Documents/at20260415workspace/workspace/camera/install/yolo_ros/lib/python3.10/site-packages/yolo_ros/detect_3d_node2.py
/home/x/Documents/at20260415workspace/workspace/camera/install/yolo_ros/lib/python3.10/site-packages/yolo_ros/yolo_node1.py
/home/x/Documents/at20260415workspace/workspace/camera/install/yolo_ros/lib/python3.10/site-packages/yolo_ros/yolo_node2.py
/home/x/Documents/at20260415workspace/workspace/camera/install/yolo_ros/lib/python3.10/site-packages/yolo_ros/debug_node1.py
/home/x/Documents/at20260415workspace/workspace/camera/install/yolo_ros/lib/python3.10/site-packages/yolo_ros/debug_node2.py
/home/x/Documents/at20260415workspace/workspace/camera/install/yolo_ros/lib/python3.10/site-packages/yolo_ros/detect_3d_node1.py
/home/x/Documents/at20260415workspace/workspace/camera/install/yolo_ros/lib/python3.10/site-packages/yolo_ros/tracking_node2.py
/home/x/Documents/at20260415workspace/workspace/camera/install/yolo_ros/lib/python3.10/site-packages/yolo_ros/__pycache__/__init__.cpython-310.pyc
/home/x/Documents/at20260415workspace/workspace/camera/install/yolo_ros/lib/python3.10/site-packages/yolo_ros/__pycache__/tracking_node1.cpython-310.pyc
/home/x/Documents/at20260415workspace/workspace/camera/install/yolo_ros/lib/python3.10/site-packages/yolo_ros/__pycache__/detect_3d_node2.cpython-310.pyc
/home/x/Documents/at20260415workspace/workspace/camera/install/yolo_ros/lib/python3.10/site-packages/yolo_ros/__pycache__/yolo_node1.cpython-310.pyc
/home/x/Documents/at20260415workspace/workspace/camera/install/yolo_ros/lib/python3.10/site-packages/yolo_ros/__pycache__/yolo_node2.cpython-310.pyc
/home/x/Documents/at20260415workspace/workspace/camera/install/yolo_ros/lib/python3.10/site-packages/yolo_ros/__pycache__/debug_node1.cpython-310.pyc
/home/x/Documents/at20260415workspace/workspace/camera/install/yolo_ros/lib/python3.10/site-packages/yolo_ros/__pycache__/debug_node2.cpython-310.pyc
/home/x/Documents/at20260415workspace/workspace/camera/install/yolo_ros/lib/python3.10/site-packages/yolo_ros/__pycache__/detect_3d_node1.cpython-310.pyc
/home/x/Documents/at20260415workspace/workspace/camera/install/yolo_ros/lib/python3.10/site-packages/yolo_ros/__pycache__/tracking_node2.cpython-310.pyc
/home/x/Documents/at20260415workspace/workspace/camera/install/yolo_ros/share/ament_index/resource_index/packages/yolo_ros
/home/x/Documents/at20260415workspace/workspace/camera/install/yolo_ros/share/yolo_ros/package.xml
/home/x/Documents/at20260415workspace/workspace/camera/install/yolo_ros/lib/python3.10/site-packages/yolo_ros-0.0.0-py3.10.egg-info/top_level.txt
/home/x/Documents/at20260415workspace/workspace/camera/install/yolo_ros/lib/python3.10/site-packages/yolo_ros-0.0.0-py3.10.egg-info/zip-safe
/home/x/Documents/at20260415workspace/workspace/camera/install/yolo_ros/lib/python3.10/site-packages/yolo_ros-0.0.0-py3.10.egg-info/requires.txt
/home/x/Documents/at20260415workspace/workspace/camera/install/yolo_ros/lib/python3.10/site-packages/yolo_ros-0.0.0-py3.10.egg-info/dependency_links.txt
/home/x/Documents/at20260415workspace/workspace/camera/install/yolo_ros/lib/python3.10/site-packages/yolo_ros-0.0.0-py3.10.egg-info/SOURCES.txt
/home/x/Documents/at20260415workspace/workspace/camera/install/yolo_ros/lib/python3.10/site-packages/yolo_ros-0.0.0-py3.10.egg-info/PKG-INFO
/home/x/Documents/at20260415workspace/workspace/camera/install/yolo_ros/lib/python3.10/site-packages/yolo_ros-0.0.0-py3.10.egg-info/entry_points.txt
/home/x/Documents/at20260415workspace/workspace/camera/install/yolo_ros/lib/yolo_ros/debug_node1
/home/x/Documents/at20260415workspace/workspace/camera/install/yolo_ros/lib/yolo_ros/debug_node2
/home/x/Documents/at20260415workspace/workspace/camera/install/yolo_ros/lib/yolo_ros/detect_3d_node1
/home/x/Documents/at20260415workspace/workspace/camera/install/yolo_ros/lib/yolo_ros/detect_3d_node2
/home/x/Documents/at20260415workspace/workspace/camera/install/yolo_ros/lib/yolo_ros/tracking_node1
/home/x/Documents/at20260415workspace/workspace/camera/install/yolo_ros/lib/yolo_ros/tracking_node2
/home/x/Documents/at20260415workspace/workspace/camera/install/yolo_ros/lib/yolo_ros/yolo_node1
/home/x/Documents/at20260415workspace/workspace/camera/install/yolo_ros/lib/yolo_ros/yolo_node2
