[0.072s] DEBUG:colcon:Command line arguments: ['/usr/bin/colcon', 'build', '--symlink-install']
[0.072s] DEBUG:colcon:Parsed command line arguments: Namespace(log_base=None, log_level=None, verb_name='build', build_base='build', install_base='install', merge_install=False, symlink_install=True, test_result_base=None, continue_on_error=False, executor='parallel', parallel_workers=32, event_handlers=None, ignore_user_meta=False, metas=['./colcon.meta'], base_paths=['.'], packages_ignore=None, packages_ignore_regex=None, paths=None, packages_up_to=None, packages_up_to_regex=None, packages_above=None, packages_above_and_dependencies=None, packages_above_depth=None, packages_select_by_dep=None, packages_skip_by_dep=None, packages_skip_up_to=None, packages_select_build_failed=False, packages_skip_build_finished=False, packages_select_test_failures=False, packages_skip_test_passed=False, packages_select=None, packages_skip=None, packages_select_regex=None, packages_skip_regex=None, packages_start=None, packages_end=None, allow_overriding=[], cmake_args=None, cmake_target=None, cmake_target_skip_unavailable=False, cmake_clean_cache=False, cmake_clean_first=False, cmake_force_configure=False, ament_cmake_args=None, catkin_cmake_args=None, catkin_skip_building_tests=False, verb_parser=<colcon_defaults.argument_parser.defaults.DefaultArgumentsDecorator object at 0x75c45a620e50>, verb_extension=<colcon_core.verb.build.BuildVerb object at 0x75c45a7964d0>, main=<bound method BuildVerb.main of <colcon_core.verb.build.BuildVerb object at 0x75c45a7964d0>>)
[0.179s] Level 1:colcon.colcon_core.package_discovery:discover_packages(colcon_meta) check parameters
[0.179s] Level 1:colcon.colcon_core.package_discovery:discover_packages(recursive) check parameters
[0.179s] Level 1:colcon.colcon_core.package_discovery:discover_packages(ignore) check parameters
[0.179s] Level 1:colcon.colcon_core.package_discovery:discover_packages(path) check parameters
[0.179s] Level 1:colcon.colcon_core.package_discovery:discover_packages(colcon_meta) discover
[0.179s] Level 1:colcon.colcon_core.package_discovery:discover_packages(recursive) discover
[0.179s] INFO:colcon.colcon_core.package_discovery:Crawling recursively for packages in '/home/limdegcai/GSMART/CODE/FSD-Gsmart/fsds_ros_bridge'
[0.179s] Level 1:colcon.colcon_core.package_identification:_identify(.) by extensions ['ignore', 'ignore_ament_install']
[0.179s] Level 1:colcon.colcon_core.package_identification:_identify(.) by extension 'ignore'
[0.179s] Level 1:colcon.colcon_core.package_identification:_identify(.) by extension 'ignore_ament_install'
[0.179s] Level 1:colcon.colcon_core.package_identification:_identify(.) by extensions ['colcon_pkg']
[0.179s] Level 1:colcon.colcon_core.package_identification:_identify(.) by extension 'colcon_pkg'
[0.179s] Level 1:colcon.colcon_core.package_identification:_identify(.) by extensions ['colcon_meta']
[0.179s] Level 1:colcon.colcon_core.package_identification:_identify(.) by extension 'colcon_meta'
[0.179s] Level 1:colcon.colcon_core.package_identification:_identify(.) by extensions ['ros']
[0.180s] Level 1:colcon.colcon_core.package_identification:_identify(.) by extension 'ros'
[0.189s] DEBUG:colcon.colcon_core.package_identification:Package '.' with type 'ros.ament_python' and name 'fsds_ros_bridge'
[0.189s] Level 1:colcon.colcon_core.package_discovery:discover_packages(recursive) using defaults
[0.189s] Level 1:colcon.colcon_core.package_discovery:discover_packages(ignore) discover
[0.189s] Level 1:colcon.colcon_core.package_discovery:discover_packages(ignore) using defaults
[0.189s] Level 1:colcon.colcon_core.package_discovery:discover_packages(path) discover
[0.189s] Level 1:colcon.colcon_core.package_discovery:discover_packages(path) using defaults
[0.202s] Level 1:colcon.colcon_core.package_discovery:discover_packages(prefix_path) check parameters
[0.203s] Level 1:colcon.colcon_core.package_discovery:discover_packages(prefix_path) discover
[0.210s] DEBUG:colcon.colcon_installed_package_information.package_discovery:Found 6 installed packages in /home/limdegcai/GSMART/CODE/FSD-Gsmart/planning_control/skidpad/install
[0.211s] DEBUG:colcon.colcon_installed_package_information.package_discovery:Found 282 installed packages in /opt/ros/humble
[0.212s] Level 1:colcon.colcon_core.package_discovery:discover_packages(prefix_path) using defaults
[0.238s] Level 5:colcon.colcon_core.verb:set package 'fsds_ros_bridge' build argument 'cmake_args' from command line to 'None'
[0.238s] Level 5:colcon.colcon_core.verb:set package 'fsds_ros_bridge' build argument 'cmake_target' from command line to 'None'
[0.238s] Level 5:colcon.colcon_core.verb:set package 'fsds_ros_bridge' build argument 'cmake_target_skip_unavailable' from command line to 'False'
[0.238s] Level 5:colcon.colcon_core.verb:set package 'fsds_ros_bridge' build argument 'cmake_clean_cache' from command line to 'False'
[0.238s] Level 5:colcon.colcon_core.verb:set package 'fsds_ros_bridge' build argument 'cmake_clean_first' from command line to 'False'
[0.238s] Level 5:colcon.colcon_core.verb:set package 'fsds_ros_bridge' build argument 'cmake_force_configure' from command line to 'False'
[0.238s] Level 5:colcon.colcon_core.verb:set package 'fsds_ros_bridge' build argument 'ament_cmake_args' from command line to 'None'
[0.238s] Level 5:colcon.colcon_core.verb:set package 'fsds_ros_bridge' build argument 'catkin_cmake_args' from command line to 'None'
[0.238s] Level 5:colcon.colcon_core.verb:set package 'fsds_ros_bridge' build argument 'catkin_skip_building_tests' from command line to 'False'
[0.238s] DEBUG:colcon.colcon_core.verb:Building package 'fsds_ros_bridge' with the following arguments: {'ament_cmake_args': None, 'build_base': '/home/limdegcai/GSMART/CODE/FSD-Gsmart/fsds_ros_bridge/build/fsds_ros_bridge', 'catkin_cmake_args': None, 'catkin_skip_building_tests': False, 'cmake_args': None, 'cmake_clean_cache': False, 'cmake_clean_first': False, 'cmake_force_configure': False, 'cmake_target': None, 'cmake_target_skip_unavailable': False, 'install_base': '/home/limdegcai/GSMART/CODE/FSD-Gsmart/fsds_ros_bridge/install/fsds_ros_bridge', 'merge_install': False, 'path': '/home/limdegcai/GSMART/CODE/FSD-Gsmart/fsds_ros_bridge', 'symlink_install': True, 'test_result_base': None}
[0.238s] INFO:colcon.colcon_core.executor:Executing jobs using 'parallel' executor
[0.239s] DEBUG:colcon.colcon_parallel_executor.executor.parallel:run_until_complete
[0.239s] INFO:colcon.colcon_ros.task.ament_python.build:Building ROS package in '/home/limdegcai/GSMART/CODE/FSD-Gsmart/fsds_ros_bridge' with build type 'ament_python'
[0.239s] Level 1:colcon.colcon_core.shell:create_environment_hook('fsds_ros_bridge', 'ament_prefix_path')
[0.240s] INFO:colcon.colcon_core.plugin_system:Skipping extension 'colcon_core.shell.bat': Not used on non-Windows systems
[0.240s] INFO:colcon.colcon_core.shell:Creating environment hook '/home/limdegcai/GSMART/CODE/FSD-Gsmart/fsds_ros_bridge/install/fsds_ros_bridge/share/fsds_ros_bridge/hook/ament_prefix_path.ps1'
[0.241s] INFO:colcon.colcon_core.shell:Creating environment descriptor '/home/limdegcai/GSMART/CODE/FSD-Gsmart/fsds_ros_bridge/install/fsds_ros_bridge/share/fsds_ros_bridge/hook/ament_prefix_path.dsv'
[0.241s] INFO:colcon.colcon_core.shell:Creating environment hook '/home/limdegcai/GSMART/CODE/FSD-Gsmart/fsds_ros_bridge/install/fsds_ros_bridge/share/fsds_ros_bridge/hook/ament_prefix_path.sh'
[0.242s] INFO:colcon.colcon_core.shell:Skip shell extension 'powershell' for command environment: Not usable outside of PowerShell
[0.242s] DEBUG:colcon.colcon_core.shell:Skip shell extension 'dsv' for command environment
[0.385s] INFO:colcon.colcon_core.task.python.build:Building Python package in '/home/limdegcai/GSMART/CODE/FSD-Gsmart/fsds_ros_bridge'
[0.386s] INFO:colcon.colcon_core.shell:Skip shell extension 'powershell' for command environment: Not usable outside of PowerShell
[0.386s] DEBUG:colcon.colcon_core.shell:Skip shell extension 'dsv' for command environment
[0.568s] DEBUG:colcon.colcon_core.event_handler.log_command:Invoking command in '/home/limdegcai/GSMART/CODE/FSD-Gsmart/fsds_ros_bridge/build/fsds_ros_bridge': PYTHONPATH=/home/limdegcai/GSMART/CODE/FSD-Gsmart/fsds_ros_bridge/build/fsds_ros_bridge/prefix_override:/usr/lib/python3/dist-packages/colcon_core/task/python/colcon_distutils_commands:/home/limdegcai/GSMART/CODE/FSD-Gsmart/fsds_ros_bridge/install/fsds_ros_bridge/lib/python3.10/site-packages:${PYTHONPATH} /usr/bin/python3 -W ignore:setup.py install is deprecated -W ignore:easy_install command is deprecated setup.py develop --editable --build-directory /home/limdegcai/GSMART/CODE/FSD-Gsmart/fsds_ros_bridge/build/fsds_ros_bridge/build --no-deps symlink_data
[0.787s] Level 1:colcon.colcon_core.shell:create_environment_hook('fsds_ros_bridge', 'pythonpath_develop')
[0.787s] INFO:colcon.colcon_core.shell:Creating environment hook '/home/limdegcai/GSMART/CODE/FSD-Gsmart/fsds_ros_bridge/build/fsds_ros_bridge/share/fsds_ros_bridge/hook/pythonpath_develop.ps1'
[0.788s] DEBUG:colcon.colcon_core.event_handler.log_command:Invoked command in '/home/limdegcai/GSMART/CODE/FSD-Gsmart/fsds_ros_bridge/build/fsds_ros_bridge' returned '0': PYTHONPATH=/home/limdegcai/GSMART/CODE/FSD-Gsmart/fsds_ros_bridge/build/fsds_ros_bridge/prefix_override:/usr/lib/python3/dist-packages/colcon_core/task/python/colcon_distutils_commands:/home/limdegcai/GSMART/CODE/FSD-Gsmart/fsds_ros_bridge/install/fsds_ros_bridge/lib/python3.10/site-packages:${PYTHONPATH} /usr/bin/python3 -W ignore:setup.py install is deprecated -W ignore:easy_install command is deprecated setup.py develop --editable --build-directory /home/limdegcai/GSMART/CODE/FSD-Gsmart/fsds_ros_bridge/build/fsds_ros_bridge/build --no-deps symlink_data
[0.788s] INFO:colcon.colcon_core.shell:Creating environment descriptor '/home/limdegcai/GSMART/CODE/FSD-Gsmart/fsds_ros_bridge/build/fsds_ros_bridge/share/fsds_ros_bridge/hook/pythonpath_develop.dsv'
[0.788s] INFO:colcon.colcon_core.shell:Creating environment hook '/home/limdegcai/GSMART/CODE/FSD-Gsmart/fsds_ros_bridge/build/fsds_ros_bridge/share/fsds_ros_bridge/hook/pythonpath_develop.sh'
[0.789s] Level 1:colcon.colcon_core.environment:checking '/home/limdegcai/GSMART/CODE/FSD-Gsmart/fsds_ros_bridge/install/fsds_ros_bridge' for CMake module files
[0.790s] Level 1:colcon.colcon_core.environment:checking '/home/limdegcai/GSMART/CODE/FSD-Gsmart/fsds_ros_bridge/install/fsds_ros_bridge' for CMake config files
[0.790s] Level 1:colcon.colcon_core.environment:checking '/home/limdegcai/GSMART/CODE/FSD-Gsmart/fsds_ros_bridge/install/fsds_ros_bridge/lib'
[0.790s] Level 1:colcon.colcon_core.environment:checking '/home/limdegcai/GSMART/CODE/FSD-Gsmart/fsds_ros_bridge/install/fsds_ros_bridge/bin'
[0.790s] Level 1:colcon.colcon_core.environment:checking '/home/limdegcai/GSMART/CODE/FSD-Gsmart/fsds_ros_bridge/install/fsds_ros_bridge/lib/pkgconfig/fsds_ros_bridge.pc'
[0.790s] Level 1:colcon.colcon_core.environment:checking '/home/limdegcai/GSMART/CODE/FSD-Gsmart/fsds_ros_bridge/install/fsds_ros_bridge/lib/python3.10/site-packages'
[0.790s] Level 1:colcon.colcon_core.shell:create_environment_hook('fsds_ros_bridge', 'pythonpath')
[0.790s] INFO:colcon.colcon_core.shell:Creating environment hook '/home/limdegcai/GSMART/CODE/FSD-Gsmart/fsds_ros_bridge/install/fsds_ros_bridge/share/fsds_ros_bridge/hook/pythonpath.ps1'
[0.791s] INFO:colcon.colcon_core.shell:Creating environment descriptor '/home/limdegcai/GSMART/CODE/FSD-Gsmart/fsds_ros_bridge/install/fsds_ros_bridge/share/fsds_ros_bridge/hook/pythonpath.dsv'
[0.791s] INFO:colcon.colcon_core.shell:Creating environment hook '/home/limdegcai/GSMART/CODE/FSD-Gsmart/fsds_ros_bridge/install/fsds_ros_bridge/share/fsds_ros_bridge/hook/pythonpath.sh'
[0.791s] Level 1:colcon.colcon_core.environment:checking '/home/limdegcai/GSMART/CODE/FSD-Gsmart/fsds_ros_bridge/install/fsds_ros_bridge/bin'
[0.791s] Level 1:colcon.colcon_core.environment:create_environment_scripts_only(fsds_ros_bridge)
[0.791s] INFO:colcon.colcon_core.shell:Creating package script '/home/limdegcai/GSMART/CODE/FSD-Gsmart/fsds_ros_bridge/install/fsds_ros_bridge/share/fsds_ros_bridge/package.ps1'
[0.792s] INFO:colcon.colcon_core.shell:Creating package descriptor '/home/limdegcai/GSMART/CODE/FSD-Gsmart/fsds_ros_bridge/install/fsds_ros_bridge/share/fsds_ros_bridge/package.dsv'
[0.792s] INFO:colcon.colcon_core.shell:Creating package script '/home/limdegcai/GSMART/CODE/FSD-Gsmart/fsds_ros_bridge/install/fsds_ros_bridge/share/fsds_ros_bridge/package.sh'
[0.792s] INFO:colcon.colcon_core.shell:Creating package script '/home/limdegcai/GSMART/CODE/FSD-Gsmart/fsds_ros_bridge/install/fsds_ros_bridge/share/fsds_ros_bridge/package.bash'
[0.793s] INFO:colcon.colcon_core.shell:Creating package script '/home/limdegcai/GSMART/CODE/FSD-Gsmart/fsds_ros_bridge/install/fsds_ros_bridge/share/fsds_ros_bridge/package.zsh'
[0.793s] Level 1:colcon.colcon_core.environment:create_file_with_runtime_dependencies(/home/limdegcai/GSMART/CODE/FSD-Gsmart/fsds_ros_bridge/install/fsds_ros_bridge/share/colcon-core/packages/fsds_ros_bridge)
[0.793s] DEBUG:colcon.colcon_parallel_executor.executor.parallel:closing loop
[0.794s] DEBUG:colcon.colcon_parallel_executor.executor.parallel:loop closed
[0.794s] DEBUG:colcon.colcon_parallel_executor.executor.parallel:run_until_complete finished with '0'
[0.794s] DEBUG:colcon.colcon_core.event_reactor:joining thread
[0.796s] INFO:colcon.colcon_core.plugin_system:Skipping extension 'colcon_notification.desktop_notification.terminal_notifier': Not used on non-Darwin systems
[0.797s] INFO:colcon.colcon_core.plugin_system:Skipping extension 'colcon_notification.desktop_notification.win32': Not used on non-Windows systems
[0.797s] INFO:colcon.colcon_notification.desktop_notification:Sending desktop notification using 'notify2'
[0.802s] DEBUG:colcon.colcon_core.event_reactor:joined thread
[0.802s] INFO:colcon.colcon_core.shell:Creating prefix script '/home/limdegcai/GSMART/CODE/FSD-Gsmart/fsds_ros_bridge/install/local_setup.ps1'
[0.802s] INFO:colcon.colcon_core.shell:Creating prefix util module '/home/limdegcai/GSMART/CODE/FSD-Gsmart/fsds_ros_bridge/install/_local_setup_util_ps1.py'
[0.803s] INFO:colcon.colcon_core.shell:Creating prefix chain script '/home/limdegcai/GSMART/CODE/FSD-Gsmart/fsds_ros_bridge/install/setup.ps1'
[0.804s] INFO:colcon.colcon_core.shell:Creating prefix script '/home/limdegcai/GSMART/CODE/FSD-Gsmart/fsds_ros_bridge/install/local_setup.sh'
[0.804s] INFO:colcon.colcon_core.shell:Creating prefix util module '/home/limdegcai/GSMART/CODE/FSD-Gsmart/fsds_ros_bridge/install/_local_setup_util_sh.py'
[0.804s] INFO:colcon.colcon_core.shell:Creating prefix chain script '/home/limdegcai/GSMART/CODE/FSD-Gsmart/fsds_ros_bridge/install/setup.sh'
[0.805s] INFO:colcon.colcon_core.shell:Creating prefix script '/home/limdegcai/GSMART/CODE/FSD-Gsmart/fsds_ros_bridge/install/local_setup.bash'
[0.805s] INFO:colcon.colcon_core.shell:Creating prefix chain script '/home/limdegcai/GSMART/CODE/FSD-Gsmart/fsds_ros_bridge/install/setup.bash'
[0.805s] INFO:colcon.colcon_core.shell:Creating prefix script '/home/limdegcai/GSMART/CODE/FSD-Gsmart/fsds_ros_bridge/install/local_setup.zsh'
[0.806s] INFO:colcon.colcon_core.shell:Creating prefix chain script '/home/limdegcai/GSMART/CODE/FSD-Gsmart/fsds_ros_bridge/install/setup.zsh'
