[0.052s] DEBUG:colcon:Command line arguments: ['/usr/bin/colcon', 'build', '--symlink-install']
[0.052s] DEBUG:colcon:Parsed command line arguments: Namespace(log_base=None, log_level=None, verb_name='build', build_base='build', install_base='install', merge_install=False, symlink_install=True, test_result_base=None, continue_on_error=False, executor='parallel', parallel_workers=32, event_handlers=None, ignore_user_meta=False, metas=['./colcon.meta'], base_paths=['.'], packages_ignore=None, packages_ignore_regex=None, paths=None, packages_up_to=None, packages_up_to_regex=None, packages_above=None, packages_above_and_dependencies=None, packages_above_depth=None, packages_select_by_dep=None, packages_skip_by_dep=None, packages_skip_up_to=None, packages_select_build_failed=False, packages_skip_build_finished=False, packages_select_test_failures=False, packages_skip_test_passed=False, packages_select=None, packages_skip=None, packages_select_regex=None, packages_skip_regex=None, packages_start=None, packages_end=None, allow_overriding=[], cmake_args=None, cmake_target=None, cmake_target_skip_unavailable=False, cmake_clean_cache=False, cmake_clean_first=False, cmake_force_configure=False, ament_cmake_args=None, catkin_cmake_args=None, catkin_skip_building_tests=False, verb_parser=<colcon_defaults.argument_parser.defaults.DefaultArgumentsDecorator object at 0x70d3ee92b7f0>, verb_extension=<colcon_core.verb.build.BuildVerb object at 0x70d3eead8eb0>, main=<bound method BuildVerb.main of <colcon_core.verb.build.BuildVerb object at 0x70d3eead8eb0>>)
[0.127s] Level 1:colcon.colcon_core.package_discovery:discover_packages(colcon_meta) check parameters
[0.127s] Level 1:colcon.colcon_core.package_discovery:discover_packages(recursive) check parameters
[0.127s] Level 1:colcon.colcon_core.package_discovery:discover_packages(ignore) check parameters
[0.127s] Level 1:colcon.colcon_core.package_discovery:discover_packages(path) check parameters
[0.127s] Level 1:colcon.colcon_core.package_discovery:discover_packages(colcon_meta) discover
[0.127s] Level 1:colcon.colcon_core.package_discovery:discover_packages(recursive) discover
[0.127s] INFO:colcon.colcon_core.package_discovery:Crawling recursively for packages in '/home/limdegcai/GSMART/CODE/FSD-Gsmart/planning_control/skidpad'
[0.127s] Level 1:colcon.colcon_core.package_identification:_identify(.) by extensions ['ignore', 'ignore_ament_install']
[0.127s] Level 1:colcon.colcon_core.package_identification:_identify(.) by extension 'ignore'
[0.128s] Level 1:colcon.colcon_core.package_identification:_identify(.) by extension 'ignore_ament_install'
[0.128s] Level 1:colcon.colcon_core.package_identification:_identify(.) by extensions ['colcon_pkg']
[0.128s] Level 1:colcon.colcon_core.package_identification:_identify(.) by extension 'colcon_pkg'
[0.128s] Level 1:colcon.colcon_core.package_identification:_identify(.) by extensions ['colcon_meta']
[0.128s] Level 1:colcon.colcon_core.package_identification:_identify(.) by extension 'colcon_meta'
[0.128s] Level 1:colcon.colcon_core.package_identification:_identify(.) by extensions ['ros']
[0.128s] Level 1:colcon.colcon_core.package_identification:_identify(.) by extension 'ros'
[0.133s] Level 1:colcon.colcon_core.package_identification:_identify(.) by extensions ['cmake', 'python']
[0.133s] Level 1:colcon.colcon_core.package_identification:_identify(.) by extension 'cmake'
[0.133s] Level 1:colcon.colcon_core.package_identification:_identify(.) by extension 'python'
[0.133s] Level 1:colcon.colcon_core.package_identification:_identify(.) by extensions ['python_setup_py']
[0.133s] Level 1:colcon.colcon_core.package_identification:_identify(.) by extension 'python_setup_py'
[0.133s] Level 1:colcon.colcon_core.package_identification:_identify(build) by extensions ['ignore', 'ignore_ament_install']
[0.133s] Level 1:colcon.colcon_core.package_identification:_identify(build) by extension 'ignore'
[0.134s] Level 1:colcon.colcon_core.package_identification:_identify(build) ignored
[0.134s] Level 1:colcon.colcon_core.package_identification:_identify(install) by extensions ['ignore', 'ignore_ament_install']
[0.134s] Level 1:colcon.colcon_core.package_identification:_identify(install) by extension 'ignore'
[0.134s] Level 1:colcon.colcon_core.package_identification:_identify(install) ignored
[0.134s] Level 1:colcon.colcon_core.package_identification:_identify(log) by extensions ['ignore', 'ignore_ament_install']
[0.134s] Level 1:colcon.colcon_core.package_identification:_identify(log) by extension 'ignore'
[0.134s] Level 1:colcon.colcon_core.package_identification:_identify(log) ignored
[0.134s] Level 1:colcon.colcon_core.package_identification:_identify(src) by extensions ['ignore', 'ignore_ament_install']
[0.134s] Level 1:colcon.colcon_core.package_identification:_identify(src) by extension 'ignore'
[0.134s] Level 1:colcon.colcon_core.package_identification:_identify(src) by extension 'ignore_ament_install'
[0.134s] Level 1:colcon.colcon_core.package_identification:_identify(src) by extensions ['colcon_pkg']
[0.134s] Level 1:colcon.colcon_core.package_identification:_identify(src) by extension 'colcon_pkg'
[0.134s] Level 1:colcon.colcon_core.package_identification:_identify(src) by extensions ['colcon_meta']
[0.134s] Level 1:colcon.colcon_core.package_identification:_identify(src) by extension 'colcon_meta'
[0.134s] Level 1:colcon.colcon_core.package_identification:_identify(src) by extensions ['ros']
[0.134s] Level 1:colcon.colcon_core.package_identification:_identify(src) by extension 'ros'
[0.134s] Level 1:colcon.colcon_core.package_identification:_identify(src) by extensions ['cmake', 'python']
[0.134s] Level 1:colcon.colcon_core.package_identification:_identify(src) by extension 'cmake'
[0.134s] Level 1:colcon.colcon_core.package_identification:_identify(src) by extension 'python'
[0.134s] Level 1:colcon.colcon_core.package_identification:_identify(src) by extensions ['python_setup_py']
[0.134s] Level 1:colcon.colcon_core.package_identification:_identify(src) by extension 'python_setup_py'
[0.134s] Level 1:colcon.colcon_core.package_identification:_identify(src/icp_test_tools) by extensions ['ignore', 'ignore_ament_install']
[0.134s] Level 1:colcon.colcon_core.package_identification:_identify(src/icp_test_tools) by extension 'ignore'
[0.134s] Level 1:colcon.colcon_core.package_identification:_identify(src/icp_test_tools) by extension 'ignore_ament_install'
[0.134s] Level 1:colcon.colcon_core.package_identification:_identify(src/icp_test_tools) by extensions ['colcon_pkg']
[0.134s] Level 1:colcon.colcon_core.package_identification:_identify(src/icp_test_tools) by extension 'colcon_pkg'
[0.134s] Level 1:colcon.colcon_core.package_identification:_identify(src/icp_test_tools) by extensions ['colcon_meta']
[0.134s] Level 1:colcon.colcon_core.package_identification:_identify(src/icp_test_tools) by extension 'colcon_meta'
[0.134s] Level 1:colcon.colcon_core.package_identification:_identify(src/icp_test_tools) by extensions ['ros']
[0.134s] Level 1:colcon.colcon_core.package_identification:_identify(src/icp_test_tools) by extension 'ros'
[0.135s] DEBUG:colcon.colcon_core.package_identification:Package 'src/icp_test_tools' with type 'ros.ament_python' and name 'icp_test_tools'
[0.136s] Level 1:colcon.colcon_core.package_identification:_identify(src/skidpad_bringup) by extensions ['ignore', 'ignore_ament_install']
[0.136s] Level 1:colcon.colcon_core.package_identification:_identify(src/skidpad_bringup) by extension 'ignore'
[0.136s] Level 1:colcon.colcon_core.package_identification:_identify(src/skidpad_bringup) by extension 'ignore_ament_install'
[0.136s] Level 1:colcon.colcon_core.package_identification:_identify(src/skidpad_bringup) by extensions ['colcon_pkg']
[0.136s] Level 1:colcon.colcon_core.package_identification:_identify(src/skidpad_bringup) by extension 'colcon_pkg'
[0.136s] Level 1:colcon.colcon_core.package_identification:_identify(src/skidpad_bringup) by extensions ['colcon_meta']
[0.136s] Level 1:colcon.colcon_core.package_identification:_identify(src/skidpad_bringup) by extension 'colcon_meta'
[0.136s] Level 1:colcon.colcon_core.package_identification:_identify(src/skidpad_bringup) by extensions ['ros']
[0.136s] Level 1:colcon.colcon_core.package_identification:_identify(src/skidpad_bringup) by extension 'ros'
[0.136s] DEBUG:colcon.colcon_core.package_identification:Package 'src/skidpad_bringup' with type 'ros.ament_cmake' and name 'skidpad_bringup'
[0.136s] Level 1:colcon.colcon_core.package_identification:_identify(src/skidpad_control) by extensions ['ignore', 'ignore_ament_install']
[0.136s] Level 1:colcon.colcon_core.package_identification:_identify(src/skidpad_control) by extension 'ignore'
[0.136s] Level 1:colcon.colcon_core.package_identification:_identify(src/skidpad_control) by extension 'ignore_ament_install'
[0.136s] Level 1:colcon.colcon_core.package_identification:_identify(src/skidpad_control) by extensions ['colcon_pkg']
[0.136s] Level 1:colcon.colcon_core.package_identification:_identify(src/skidpad_control) by extension 'colcon_pkg'
[0.136s] Level 1:colcon.colcon_core.package_identification:_identify(src/skidpad_control) by extensions ['colcon_meta']
[0.136s] Level 1:colcon.colcon_core.package_identification:_identify(src/skidpad_control) by extension 'colcon_meta'
[0.136s] Level 1:colcon.colcon_core.package_identification:_identify(src/skidpad_control) by extensions ['ros']
[0.136s] Level 1:colcon.colcon_core.package_identification:_identify(src/skidpad_control) by extension 'ros'
[0.137s] DEBUG:colcon.colcon_core.package_identification:Package 'src/skidpad_control' with type 'ros.ament_python' and name 'skidpad_control'
[0.137s] Level 1:colcon.colcon_core.package_identification:_identify(src/skidpad_icp) by extensions ['ignore', 'ignore_ament_install']
[0.137s] Level 1:colcon.colcon_core.package_identification:_identify(src/skidpad_icp) by extension 'ignore'
[0.137s] Level 1:colcon.colcon_core.package_identification:_identify(src/skidpad_icp) by extension 'ignore_ament_install'
[0.137s] Level 1:colcon.colcon_core.package_identification:_identify(src/skidpad_icp) by extensions ['colcon_pkg']
[0.137s] Level 1:colcon.colcon_core.package_identification:_identify(src/skidpad_icp) by extension 'colcon_pkg'
[0.137s] Level 1:colcon.colcon_core.package_identification:_identify(src/skidpad_icp) by extensions ['colcon_meta']
[0.137s] Level 1:colcon.colcon_core.package_identification:_identify(src/skidpad_icp) by extension 'colcon_meta'
[0.137s] Level 1:colcon.colcon_core.package_identification:_identify(src/skidpad_icp) by extensions ['ros']
[0.137s] Level 1:colcon.colcon_core.package_identification:_identify(src/skidpad_icp) by extension 'ros'
[0.137s] DEBUG:colcon.colcon_core.package_identification:Package 'src/skidpad_icp' with type 'ros.ament_cmake' and name 'skidpad_icp'
[0.137s] Level 1:colcon.colcon_core.package_identification:_identify(src/skidpad_msgs) by extensions ['ignore', 'ignore_ament_install']
[0.138s] Level 1:colcon.colcon_core.package_identification:_identify(src/skidpad_msgs) by extension 'ignore'
[0.138s] Level 1:colcon.colcon_core.package_identification:_identify(src/skidpad_msgs) by extension 'ignore_ament_install'
[0.138s] Level 1:colcon.colcon_core.package_identification:_identify(src/skidpad_msgs) by extensions ['colcon_pkg']
[0.138s] Level 1:colcon.colcon_core.package_identification:_identify(src/skidpad_msgs) by extension 'colcon_pkg'
[0.138s] Level 1:colcon.colcon_core.package_identification:_identify(src/skidpad_msgs) by extensions ['colcon_meta']
[0.138s] Level 1:colcon.colcon_core.package_identification:_identify(src/skidpad_msgs) by extension 'colcon_meta'
[0.138s] Level 1:colcon.colcon_core.package_identification:_identify(src/skidpad_msgs) by extensions ['ros']
[0.138s] Level 1:colcon.colcon_core.package_identification:_identify(src/skidpad_msgs) by extension 'ros'
[0.138s] DEBUG:colcon.colcon_core.package_identification:Package 'src/skidpad_msgs' with type 'ros.ament_cmake' and name 'skidpad_msgs'
[0.138s] Level 1:colcon.colcon_core.package_identification:_identify(src/skidpad_planner) by extensions ['ignore', 'ignore_ament_install']
[0.138s] Level 1:colcon.colcon_core.package_identification:_identify(src/skidpad_planner) by extension 'ignore'
[0.138s] Level 1:colcon.colcon_core.package_identification:_identify(src/skidpad_planner) by extension 'ignore_ament_install'
[0.138s] Level 1:colcon.colcon_core.package_identification:_identify(src/skidpad_planner) by extensions ['colcon_pkg']
[0.138s] Level 1:colcon.colcon_core.package_identification:_identify(src/skidpad_planner) by extension 'colcon_pkg'
[0.138s] Level 1:colcon.colcon_core.package_identification:_identify(src/skidpad_planner) by extensions ['colcon_meta']
[0.138s] Level 1:colcon.colcon_core.package_identification:_identify(src/skidpad_planner) by extension 'colcon_meta'
[0.138s] Level 1:colcon.colcon_core.package_identification:_identify(src/skidpad_planner) by extensions ['ros']
[0.138s] Level 1:colcon.colcon_core.package_identification:_identify(src/skidpad_planner) by extension 'ros'
[0.139s] DEBUG:colcon.colcon_core.package_identification:Package 'src/skidpad_planner' with type 'ros.ament_cmake' and name 'skidpad_planner'
[0.139s] Level 1:colcon.colcon_core.package_discovery:discover_packages(recursive) using defaults
[0.139s] Level 1:colcon.colcon_core.package_discovery:discover_packages(ignore) discover
[0.139s] Level 1:colcon.colcon_core.package_discovery:discover_packages(ignore) using defaults
[0.139s] Level 1:colcon.colcon_core.package_discovery:discover_packages(path) discover
[0.139s] Level 1:colcon.colcon_core.package_discovery:discover_packages(path) using defaults
[0.154s] Level 1:colcon.colcon_core.package_discovery:discover_packages(prefix_path) check parameters
[0.154s] Level 1:colcon.colcon_core.package_discovery:discover_packages(prefix_path) discover
[0.155s] DEBUG:colcon.colcon_installed_package_information.package_discovery:Found 282 installed packages in /opt/ros/humble
[0.156s] Level 1:colcon.colcon_core.package_discovery:discover_packages(prefix_path) using defaults
[0.174s] Level 5:colcon.colcon_core.verb:set package 'icp_test_tools' build argument 'cmake_args' from command line to 'None'
[0.174s] Level 5:colcon.colcon_core.verb:set package 'icp_test_tools' build argument 'cmake_target' from command line to 'None'
[0.174s] Level 5:colcon.colcon_core.verb:set package 'icp_test_tools' build argument 'cmake_target_skip_unavailable' from command line to 'False'
[0.174s] Level 5:colcon.colcon_core.verb:set package 'icp_test_tools' build argument 'cmake_clean_cache' from command line to 'False'
[0.174s] Level 5:colcon.colcon_core.verb:set package 'icp_test_tools' build argument 'cmake_clean_first' from command line to 'False'
[0.174s] Level 5:colcon.colcon_core.verb:set package 'icp_test_tools' build argument 'cmake_force_configure' from command line to 'False'
[0.174s] Level 5:colcon.colcon_core.verb:set package 'icp_test_tools' build argument 'ament_cmake_args' from command line to 'None'
[0.175s] Level 5:colcon.colcon_core.verb:set package 'icp_test_tools' build argument 'catkin_cmake_args' from command line to 'None'
[0.175s] Level 5:colcon.colcon_core.verb:set package 'icp_test_tools' build argument 'catkin_skip_building_tests' from command line to 'False'
[0.175s] DEBUG:colcon.colcon_core.verb:Building package 'icp_test_tools' with the following arguments: {'ament_cmake_args': None, 'build_base': '/home/limdegcai/GSMART/CODE/FSD-Gsmart/planning_control/skidpad/build/icp_test_tools', 'catkin_cmake_args': None, 'catkin_skip_building_tests': False, 'cmake_args': None, 'cmake_clean_cache': False, 'cmake_clean_first': False, 'cmake_force_configure': False, 'cmake_target': None, 'cmake_target_skip_unavailable': False, 'install_base': '/home/limdegcai/GSMART/CODE/FSD-Gsmart/planning_control/skidpad/install/icp_test_tools', 'merge_install': False, 'path': '/home/limdegcai/GSMART/CODE/FSD-Gsmart/planning_control/skidpad/src/icp_test_tools', 'symlink_install': True, 'test_result_base': None}
[0.175s] Level 5:colcon.colcon_core.verb:set package 'skidpad_icp' build argument 'cmake_args' from command line to 'None'
[0.175s] Level 5:colcon.colcon_core.verb:set package 'skidpad_icp' build argument 'cmake_target' from command line to 'None'
[0.175s] Level 5:colcon.colcon_core.verb:set package 'skidpad_icp' build argument 'cmake_target_skip_unavailable' from command line to 'False'
[0.175s] Level 5:colcon.colcon_core.verb:set package 'skidpad_icp' build argument 'cmake_clean_cache' from command line to 'False'
[0.175s] Level 5:colcon.colcon_core.verb:set package 'skidpad_icp' build argument 'cmake_clean_first' from command line to 'False'
[0.175s] Level 5:colcon.colcon_core.verb:set package 'skidpad_icp' build argument 'cmake_force_configure' from command line to 'False'
[0.175s] Level 5:colcon.colcon_core.verb:set package 'skidpad_icp' build argument 'ament_cmake_args' from command line to 'None'
[0.175s] Level 5:colcon.colcon_core.verb:set package 'skidpad_icp' build argument 'catkin_cmake_args' from command line to 'None'
[0.175s] Level 5:colcon.colcon_core.verb:set package 'skidpad_icp' build argument 'catkin_skip_building_tests' from command line to 'False'
[0.175s] DEBUG:colcon.colcon_core.verb:Building package 'skidpad_icp' with the following arguments: {'ament_cmake_args': None, 'build_base': '/home/limdegcai/GSMART/CODE/FSD-Gsmart/planning_control/skidpad/build/skidpad_icp', 'catkin_cmake_args': None, 'catkin_skip_building_tests': False, 'cmake_args': None, 'cmake_clean_cache': False, 'cmake_clean_first': False, 'cmake_force_configure': False, 'cmake_target': None, 'cmake_target_skip_unavailable': False, 'install_base': '/home/limdegcai/GSMART/CODE/FSD-Gsmart/planning_control/skidpad/install/skidpad_icp', 'merge_install': False, 'path': '/home/limdegcai/GSMART/CODE/FSD-Gsmart/planning_control/skidpad/src/skidpad_icp', 'symlink_install': True, 'test_result_base': None}
[0.175s] Level 5:colcon.colcon_core.verb:set package 'skidpad_msgs' build argument 'cmake_args' from command line to 'None'
[0.175s] Level 5:colcon.colcon_core.verb:set package 'skidpad_msgs' build argument 'cmake_target' from command line to 'None'
[0.175s] Level 5:colcon.colcon_core.verb:set package 'skidpad_msgs' build argument 'cmake_target_skip_unavailable' from command line to 'False'
[0.175s] Level 5:colcon.colcon_core.verb:set package 'skidpad_msgs' build argument 'cmake_clean_cache' from command line to 'False'
[0.175s] Level 5:colcon.colcon_core.verb:set package 'skidpad_msgs' build argument 'cmake_clean_first' from command line to 'False'
[0.175s] Level 5:colcon.colcon_core.verb:set package 'skidpad_msgs' build argument 'cmake_force_configure' from command line to 'False'
[0.175s] Level 5:colcon.colcon_core.verb:set package 'skidpad_msgs' build argument 'ament_cmake_args' from command line to 'None'
[0.175s] Level 5:colcon.colcon_core.verb:set package 'skidpad_msgs' build argument 'catkin_cmake_args' from command line to 'None'
[0.175s] Level 5:colcon.colcon_core.verb:set package 'skidpad_msgs' build argument 'catkin_skip_building_tests' from command line to 'False'
[0.175s] DEBUG:colcon.colcon_core.verb:Building package 'skidpad_msgs' with the following arguments: {'ament_cmake_args': None, 'build_base': '/home/limdegcai/GSMART/CODE/FSD-Gsmart/planning_control/skidpad/build/skidpad_msgs', 'catkin_cmake_args': None, 'catkin_skip_building_tests': False, 'cmake_args': None, 'cmake_clean_cache': False, 'cmake_clean_first': False, 'cmake_force_configure': False, 'cmake_target': None, 'cmake_target_skip_unavailable': False, 'install_base': '/home/limdegcai/GSMART/CODE/FSD-Gsmart/planning_control/skidpad/install/skidpad_msgs', 'merge_install': False, 'path': '/home/limdegcai/GSMART/CODE/FSD-Gsmart/planning_control/skidpad/src/skidpad_msgs', 'symlink_install': True, 'test_result_base': None}
[0.175s] Level 5:colcon.colcon_core.verb:set package 'skidpad_control' build argument 'cmake_args' from command line to 'None'
[0.175s] Level 5:colcon.colcon_core.verb:set package 'skidpad_control' build argument 'cmake_target' from command line to 'None'
[0.175s] Level 5:colcon.colcon_core.verb:set package 'skidpad_control' build argument 'cmake_target_skip_unavailable' from command line to 'False'
[0.175s] Level 5:colcon.colcon_core.verb:set package 'skidpad_control' build argument 'cmake_clean_cache' from command line to 'False'
[0.175s] Level 5:colcon.colcon_core.verb:set package 'skidpad_control' build argument 'cmake_clean_first' from command line to 'False'
[0.175s] Level 5:colcon.colcon_core.verb:set package 'skidpad_control' build argument 'cmake_force_configure' from command line to 'False'
[0.175s] Level 5:colcon.colcon_core.verb:set package 'skidpad_control' build argument 'ament_cmake_args' from command line to 'None'
[0.175s] Level 5:colcon.colcon_core.verb:set package 'skidpad_control' build argument 'catkin_cmake_args' from command line to 'None'
[0.175s] Level 5:colcon.colcon_core.verb:set package 'skidpad_control' build argument 'catkin_skip_building_tests' from command line to 'False'
[0.175s] DEBUG:colcon.colcon_core.verb:Building package 'skidpad_control' with the following arguments: {'ament_cmake_args': None, 'build_base': '/home/limdegcai/GSMART/CODE/FSD-Gsmart/planning_control/skidpad/build/skidpad_control', 'catkin_cmake_args': None, 'catkin_skip_building_tests': False, 'cmake_args': None, 'cmake_clean_cache': False, 'cmake_clean_first': False, 'cmake_force_configure': False, 'cmake_target': None, 'cmake_target_skip_unavailable': False, 'install_base': '/home/limdegcai/GSMART/CODE/FSD-Gsmart/planning_control/skidpad/install/skidpad_control', 'merge_install': False, 'path': '/home/limdegcai/GSMART/CODE/FSD-Gsmart/planning_control/skidpad/src/skidpad_control', 'symlink_install': True, 'test_result_base': None}
[0.176s] Level 5:colcon.colcon_core.verb:set package 'skidpad_planner' build argument 'cmake_args' from command line to 'None'
[0.176s] Level 5:colcon.colcon_core.verb:set package 'skidpad_planner' build argument 'cmake_target' from command line to 'None'
[0.176s] Level 5:colcon.colcon_core.verb:set package 'skidpad_planner' build argument 'cmake_target_skip_unavailable' from command line to 'False'
[0.176s] Level 5:colcon.colcon_core.verb:set package 'skidpad_planner' build argument 'cmake_clean_cache' from command line to 'False'
[0.176s] Level 5:colcon.colcon_core.verb:set package 'skidpad_planner' build argument 'cmake_clean_first' from command line to 'False'
[0.176s] Level 5:colcon.colcon_core.verb:set package 'skidpad_planner' build argument 'cmake_force_configure' from command line to 'False'
[0.176s] Level 5:colcon.colcon_core.verb:set package 'skidpad_planner' build argument 'ament_cmake_args' from command line to 'None'
[0.176s] Level 5:colcon.colcon_core.verb:set package 'skidpad_planner' build argument 'catkin_cmake_args' from command line to 'None'
[0.176s] Level 5:colcon.colcon_core.verb:set package 'skidpad_planner' build argument 'catkin_skip_building_tests' from command line to 'False'
[0.176s] DEBUG:colcon.colcon_core.verb:Building package 'skidpad_planner' with the following arguments: {'ament_cmake_args': None, 'build_base': '/home/limdegcai/GSMART/CODE/FSD-Gsmart/planning_control/skidpad/build/skidpad_planner', 'catkin_cmake_args': None, 'catkin_skip_building_tests': False, 'cmake_args': None, 'cmake_clean_cache': False, 'cmake_clean_first': False, 'cmake_force_configure': False, 'cmake_target': None, 'cmake_target_skip_unavailable': False, 'install_base': '/home/limdegcai/GSMART/CODE/FSD-Gsmart/planning_control/skidpad/install/skidpad_planner', 'merge_install': False, 'path': '/home/limdegcai/GSMART/CODE/FSD-Gsmart/planning_control/skidpad/src/skidpad_planner', 'symlink_install': True, 'test_result_base': None}
[0.176s] Level 5:colcon.colcon_core.verb:set package 'skidpad_bringup' build argument 'cmake_args' from command line to 'None'
[0.176s] Level 5:colcon.colcon_core.verb:set package 'skidpad_bringup' build argument 'cmake_target' from command line to 'None'
[0.176s] Level 5:colcon.colcon_core.verb:set package 'skidpad_bringup' build argument 'cmake_target_skip_unavailable' from command line to 'False'
[0.176s] Level 5:colcon.colcon_core.verb:set package 'skidpad_bringup' build argument 'cmake_clean_cache' from command line to 'False'
[0.176s] Level 5:colcon.colcon_core.verb:set package 'skidpad_bringup' build argument 'cmake_clean_first' from command line to 'False'
[0.176s] Level 5:colcon.colcon_core.verb:set package 'skidpad_bringup' build argument 'cmake_force_configure' from command line to 'False'
[0.176s] Level 5:colcon.colcon_core.verb:set package 'skidpad_bringup' build argument 'ament_cmake_args' from command line to 'None'
[0.176s] Level 5:colcon.colcon_core.verb:set package 'skidpad_bringup' build argument 'catkin_cmake_args' from command line to 'None'
[0.176s] Level 5:colcon.colcon_core.verb:set package 'skidpad_bringup' build argument 'catkin_skip_building_tests' from command line to 'False'
[0.176s] DEBUG:colcon.colcon_core.verb:Building package 'skidpad_bringup' with the following arguments: {'ament_cmake_args': None, 'build_base': '/home/limdegcai/GSMART/CODE/FSD-Gsmart/planning_control/skidpad/build/skidpad_bringup', 'catkin_cmake_args': None, 'catkin_skip_building_tests': False, 'cmake_args': None, 'cmake_clean_cache': False, 'cmake_clean_first': False, 'cmake_force_configure': False, 'cmake_target': None, 'cmake_target_skip_unavailable': False, 'install_base': '/home/limdegcai/GSMART/CODE/FSD-Gsmart/planning_control/skidpad/install/skidpad_bringup', 'merge_install': False, 'path': '/home/limdegcai/GSMART/CODE/FSD-Gsmart/planning_control/skidpad/src/skidpad_bringup', 'symlink_install': True, 'test_result_base': None}
[0.176s] INFO:colcon.colcon_core.executor:Executing jobs using 'parallel' executor
[0.176s] DEBUG:colcon.colcon_parallel_executor.executor.parallel:run_until_complete
[0.177s] INFO:colcon.colcon_ros.task.ament_cmake.build:Building ROS package in '/home/limdegcai/GSMART/CODE/FSD-Gsmart/planning_control/skidpad/src/skidpad_msgs' with build type 'ament_cmake'
[0.177s] INFO:colcon.colcon_cmake.task.cmake.build:Building CMake package in '/home/limdegcai/GSMART/CODE/FSD-Gsmart/planning_control/skidpad/src/skidpad_msgs'
[0.178s] INFO:colcon.colcon_core.plugin_system:Skipping extension 'colcon_core.shell.bat': Not used on non-Windows systems
[0.178s] INFO:colcon.colcon_core.shell:Skip shell extension 'powershell' for command environment: Not usable outside of PowerShell
[0.178s] DEBUG:colcon.colcon_core.shell:Skip shell extension 'dsv' for command environment
[0.180s] INFO:colcon.colcon_ros.task.ament_cmake.build:Building ROS package in '/home/limdegcai/GSMART/CODE/FSD-Gsmart/planning_control/skidpad/src/skidpad_icp' with build type 'ament_cmake'
[0.180s] INFO:colcon.colcon_cmake.task.cmake.build:Building CMake package in '/home/limdegcai/GSMART/CODE/FSD-Gsmart/planning_control/skidpad/src/skidpad_icp'
[0.180s] INFO:colcon.colcon_core.shell:Skip shell extension 'powershell' for command environment: Not usable outside of PowerShell
[0.180s] DEBUG:colcon.colcon_core.shell:Skip shell extension 'dsv' for command environment
[0.181s] INFO:colcon.colcon_ros.task.ament_python.build:Building ROS package in '/home/limdegcai/GSMART/CODE/FSD-Gsmart/planning_control/skidpad/src/icp_test_tools' with build type 'ament_python'
[0.181s] Level 1:colcon.colcon_core.shell:create_environment_hook('icp_test_tools', 'ament_prefix_path')
[0.182s] INFO:colcon.colcon_core.shell:Creating environment hook '/home/limdegcai/GSMART/CODE/FSD-Gsmart/planning_control/skidpad/install/icp_test_tools/share/icp_test_tools/hook/ament_prefix_path.ps1'
[0.182s] INFO:colcon.colcon_core.shell:Creating environment descriptor '/home/limdegcai/GSMART/CODE/FSD-Gsmart/planning_control/skidpad/install/icp_test_tools/share/icp_test_tools/hook/ament_prefix_path.dsv'
[0.182s] INFO:colcon.colcon_core.shell:Creating environment hook '/home/limdegcai/GSMART/CODE/FSD-Gsmart/planning_control/skidpad/install/icp_test_tools/share/icp_test_tools/hook/ament_prefix_path.sh'
[0.183s] INFO:colcon.colcon_core.shell:Skip shell extension 'powershell' for command environment: Not usable outside of PowerShell
[0.183s] DEBUG:colcon.colcon_core.shell:Skip shell extension 'dsv' for command environment
[0.187s] DEBUG:colcon.colcon_core.event_handler.log_command:Invoking command in '/home/limdegcai/GSMART/CODE/FSD-Gsmart/planning_control/skidpad/build/skidpad_msgs': CMAKE_PREFIX_PATH=/opt/ros/humble /usr/bin/cmake --build /home/limdegcai/GSMART/CODE/FSD-Gsmart/planning_control/skidpad/build/skidpad_msgs -- -j32 -l32
[0.191s] DEBUG:colcon.colcon_core.event_handler.log_command:Invoking command in '/home/limdegcai/GSMART/CODE/FSD-Gsmart/planning_control/skidpad/build/skidpad_icp': CMAKE_PREFIX_PATH=/opt/ros/humble /usr/bin/cmake --build /home/limdegcai/GSMART/CODE/FSD-Gsmart/planning_control/skidpad/build/skidpad_icp -- -j32 -l32
[0.314s] INFO:colcon.colcon_core.task.python.build:Building Python package in '/home/limdegcai/GSMART/CODE/FSD-Gsmart/planning_control/skidpad/src/icp_test_tools'
[0.314s] INFO:colcon.colcon_core.shell:Skip shell extension 'powershell' for command environment: Not usable outside of PowerShell
[0.314s] DEBUG:colcon.colcon_core.shell:Skip shell extension 'dsv' for command environment
[0.317s] DEBUG:colcon.colcon_core.event_handler.log_command:Invoked command in '/home/limdegcai/GSMART/CODE/FSD-Gsmart/planning_control/skidpad/build/skidpad_icp' returned '0': CMAKE_PREFIX_PATH=/opt/ros/humble /usr/bin/cmake --build /home/limdegcai/GSMART/CODE/FSD-Gsmart/planning_control/skidpad/build/skidpad_icp -- -j32 -l32
[0.323s] DEBUG:colcon.colcon_core.event_handler.log_command:Invoking command in '/home/limdegcai/GSMART/CODE/FSD-Gsmart/planning_control/skidpad/build/skidpad_icp': CMAKE_PREFIX_PATH=/opt/ros/humble /usr/bin/cmake --install /home/limdegcai/GSMART/CODE/FSD-Gsmart/planning_control/skidpad/build/skidpad_icp
[0.338s] Level 1:colcon.colcon_core.environment:create_environment_scripts_only(skidpad_icp)
[0.338s] DEBUG:colcon.colcon_core.event_handler.log_command:Invoked command in '/home/limdegcai/GSMART/CODE/FSD-Gsmart/planning_control/skidpad/build/skidpad_icp' returned '0': CMAKE_PREFIX_PATH=/opt/ros/humble /usr/bin/cmake --install /home/limdegcai/GSMART/CODE/FSD-Gsmart/planning_control/skidpad/build/skidpad_icp
[0.339s] Level 1:colcon.colcon_core.environment:checking '/home/limdegcai/GSMART/CODE/FSD-Gsmart/planning_control/skidpad/install/skidpad_icp' for CMake module files
[0.339s] Level 1:colcon.colcon_core.environment:checking '/home/limdegcai/GSMART/CODE/FSD-Gsmart/planning_control/skidpad/install/skidpad_icp' for CMake config files
[0.340s] Level 1:colcon.colcon_core.shell:create_environment_hook('skidpad_icp', 'cmake_prefix_path')
[0.340s] INFO:colcon.colcon_core.shell:Creating environment hook '/home/limdegcai/GSMART/CODE/FSD-Gsmart/planning_control/skidpad/install/skidpad_icp/share/skidpad_icp/hook/cmake_prefix_path.ps1'
[0.340s] INFO:colcon.colcon_core.shell:Creating environment descriptor '/home/limdegcai/GSMART/CODE/FSD-Gsmart/planning_control/skidpad/install/skidpad_icp/share/skidpad_icp/hook/cmake_prefix_path.dsv'
[0.340s] INFO:colcon.colcon_core.shell:Creating environment hook '/home/limdegcai/GSMART/CODE/FSD-Gsmart/planning_control/skidpad/install/skidpad_icp/share/skidpad_icp/hook/cmake_prefix_path.sh'
[0.341s] Level 1:colcon.colcon_core.environment:checking '/home/limdegcai/GSMART/CODE/FSD-Gsmart/planning_control/skidpad/install/skidpad_icp/lib'
[0.341s] Level 1:colcon.colcon_core.environment:checking '/home/limdegcai/GSMART/CODE/FSD-Gsmart/planning_control/skidpad/install/skidpad_icp/bin'
[0.341s] Level 1:colcon.colcon_core.environment:checking '/home/limdegcai/GSMART/CODE/FSD-Gsmart/planning_control/skidpad/install/skidpad_icp/lib/pkgconfig/skidpad_icp.pc'
[0.341s] Level 1:colcon.colcon_core.environment:checking '/home/limdegcai/GSMART/CODE/FSD-Gsmart/planning_control/skidpad/install/skidpad_icp/lib/python3.10/site-packages'
[0.341s] Level 1:colcon.colcon_core.environment:checking '/home/limdegcai/GSMART/CODE/FSD-Gsmart/planning_control/skidpad/install/skidpad_icp/bin'
[0.341s] INFO:colcon.colcon_core.shell:Creating package script '/home/limdegcai/GSMART/CODE/FSD-Gsmart/planning_control/skidpad/install/skidpad_icp/share/skidpad_icp/package.ps1'
[0.342s] INFO:colcon.colcon_core.shell:Creating package descriptor '/home/limdegcai/GSMART/CODE/FSD-Gsmart/planning_control/skidpad/install/skidpad_icp/share/skidpad_icp/package.dsv'
[0.342s] INFO:colcon.colcon_core.shell:Creating package script '/home/limdegcai/GSMART/CODE/FSD-Gsmart/planning_control/skidpad/install/skidpad_icp/share/skidpad_icp/package.sh'
[0.343s] INFO:colcon.colcon_core.shell:Creating package script '/home/limdegcai/GSMART/CODE/FSD-Gsmart/planning_control/skidpad/install/skidpad_icp/share/skidpad_icp/package.bash'
[0.343s] INFO:colcon.colcon_core.shell:Creating package script '/home/limdegcai/GSMART/CODE/FSD-Gsmart/planning_control/skidpad/install/skidpad_icp/share/skidpad_icp/package.zsh'
[0.343s] Level 1:colcon.colcon_core.environment:create_file_with_runtime_dependencies(/home/limdegcai/GSMART/CODE/FSD-Gsmart/planning_control/skidpad/install/skidpad_icp/share/colcon-core/packages/skidpad_icp)
[0.344s] Level 1:colcon.colcon_core.environment:create_environment_scripts_only(skidpad_icp)
[0.344s] Level 1:colcon.colcon_core.environment:checking '/home/limdegcai/GSMART/CODE/FSD-Gsmart/planning_control/skidpad/install/skidpad_icp' for CMake module files
[0.344s] Level 1:colcon.colcon_core.environment:checking '/home/limdegcai/GSMART/CODE/FSD-Gsmart/planning_control/skidpad/install/skidpad_icp' for CMake config files
[0.344s] Level 1:colcon.colcon_core.shell:create_environment_hook('skidpad_icp', 'cmake_prefix_path')
[0.344s] INFO:colcon.colcon_core.shell:Creating environment hook '/home/limdegcai/GSMART/CODE/FSD-Gsmart/planning_control/skidpad/install/skidpad_icp/share/skidpad_icp/hook/cmake_prefix_path.ps1'
[0.345s] INFO:colcon.colcon_core.shell:Creating environment descriptor '/home/limdegcai/GSMART/CODE/FSD-Gsmart/planning_control/skidpad/install/skidpad_icp/share/skidpad_icp/hook/cmake_prefix_path.dsv'
[0.345s] INFO:colcon.colcon_core.shell:Creating environment hook '/home/limdegcai/GSMART/CODE/FSD-Gsmart/planning_control/skidpad/install/skidpad_icp/share/skidpad_icp/hook/cmake_prefix_path.sh'
[0.345s] Level 1:colcon.colcon_core.environment:checking '/home/limdegcai/GSMART/CODE/FSD-Gsmart/planning_control/skidpad/install/skidpad_icp/lib'
[0.345s] Level 1:colcon.colcon_core.environment:checking '/home/limdegcai/GSMART/CODE/FSD-Gsmart/planning_control/skidpad/install/skidpad_icp/bin'
[0.345s] Level 1:colcon.colcon_core.environment:checking '/home/limdegcai/GSMART/CODE/FSD-Gsmart/planning_control/skidpad/install/skidpad_icp/lib/pkgconfig/skidpad_icp.pc'
[0.345s] Level 1:colcon.colcon_core.environment:checking '/home/limdegcai/GSMART/CODE/FSD-Gsmart/planning_control/skidpad/install/skidpad_icp/lib/python3.10/site-packages'
[0.346s] Level 1:colcon.colcon_core.environment:checking '/home/limdegcai/GSMART/CODE/FSD-Gsmart/planning_control/skidpad/install/skidpad_icp/bin'
[0.346s] INFO:colcon.colcon_core.shell:Creating package script '/home/limdegcai/GSMART/CODE/FSD-Gsmart/planning_control/skidpad/install/skidpad_icp/share/skidpad_icp/package.ps1'
[0.346s] INFO:colcon.colcon_core.shell:Creating package descriptor '/home/limdegcai/GSMART/CODE/FSD-Gsmart/planning_control/skidpad/install/skidpad_icp/share/skidpad_icp/package.dsv'
[0.346s] INFO:colcon.colcon_core.shell:Creating package script '/home/limdegcai/GSMART/CODE/FSD-Gsmart/planning_control/skidpad/install/skidpad_icp/share/skidpad_icp/package.sh'
[0.346s] INFO:colcon.colcon_core.shell:Creating package script '/home/limdegcai/GSMART/CODE/FSD-Gsmart/planning_control/skidpad/install/skidpad_icp/share/skidpad_icp/package.bash'
[0.347s] INFO:colcon.colcon_core.shell:Creating package script '/home/limdegcai/GSMART/CODE/FSD-Gsmart/planning_control/skidpad/install/skidpad_icp/share/skidpad_icp/package.zsh'
[0.347s] Level 1:colcon.colcon_core.environment:create_file_with_runtime_dependencies(/home/limdegcai/GSMART/CODE/FSD-Gsmart/planning_control/skidpad/install/skidpad_icp/share/colcon-core/packages/skidpad_icp)
[0.373s] DEBUG:colcon.colcon_core.event_handler.log_command:Invoked command in '/home/limdegcai/GSMART/CODE/FSD-Gsmart/planning_control/skidpad/build/skidpad_msgs' returned '0': CMAKE_PREFIX_PATH=/opt/ros/humble /usr/bin/cmake --build /home/limdegcai/GSMART/CODE/FSD-Gsmart/planning_control/skidpad/build/skidpad_msgs -- -j32 -l32
[0.374s] DEBUG:colcon.colcon_core.event_handler.log_command:Invoking command in '/home/limdegcai/GSMART/CODE/FSD-Gsmart/planning_control/skidpad/build/skidpad_msgs': CMAKE_PREFIX_PATH=/opt/ros/humble /usr/bin/cmake --install /home/limdegcai/GSMART/CODE/FSD-Gsmart/planning_control/skidpad/build/skidpad_msgs
[0.428s] Level 1:colcon.colcon_core.environment:create_environment_scripts_only(skidpad_msgs)
[0.428s] Level 1:colcon.colcon_core.environment:checking '/home/limdegcai/GSMART/CODE/FSD-Gsmart/planning_control/skidpad/install/skidpad_msgs' for CMake module files
[0.428s] DEBUG:colcon.colcon_core.event_handler.log_command:Invoked command in '/home/limdegcai/GSMART/CODE/FSD-Gsmart/planning_control/skidpad/build/skidpad_msgs' returned '0': CMAKE_PREFIX_PATH=/opt/ros/humble /usr/bin/cmake --install /home/limdegcai/GSMART/CODE/FSD-Gsmart/planning_control/skidpad/build/skidpad_msgs
[0.429s] Level 1:colcon.colcon_core.environment:checking '/home/limdegcai/GSMART/CODE/FSD-Gsmart/planning_control/skidpad/install/skidpad_msgs' for CMake config files
[0.429s] Level 1:colcon.colcon_core.shell:create_environment_hook('skidpad_msgs', 'cmake_prefix_path')
[0.429s] INFO:colcon.colcon_core.shell:Creating environment hook '/home/limdegcai/GSMART/CODE/FSD-Gsmart/planning_control/skidpad/install/skidpad_msgs/share/skidpad_msgs/hook/cmake_prefix_path.ps1'
[0.430s] INFO:colcon.colcon_core.shell:Creating environment descriptor '/home/limdegcai/GSMART/CODE/FSD-Gsmart/planning_control/skidpad/install/skidpad_msgs/share/skidpad_msgs/hook/cmake_prefix_path.dsv'
[0.430s] INFO:colcon.colcon_core.shell:Creating environment hook '/home/limdegcai/GSMART/CODE/FSD-Gsmart/planning_control/skidpad/install/skidpad_msgs/share/skidpad_msgs/hook/cmake_prefix_path.sh'
[0.430s] Level 1:colcon.colcon_core.environment:checking '/home/limdegcai/GSMART/CODE/FSD-Gsmart/planning_control/skidpad/install/skidpad_msgs/lib'
[0.430s] Level 1:colcon.colcon_core.shell:create_environment_hook('skidpad_msgs', 'ld_library_path_lib')
[0.430s] INFO:colcon.colcon_core.shell:Creating environment hook '/home/limdegcai/GSMART/CODE/FSD-Gsmart/planning_control/skidpad/install/skidpad_msgs/share/skidpad_msgs/hook/ld_library_path_lib.ps1'
[0.430s] INFO:colcon.colcon_core.shell:Creating environment descriptor '/home/limdegcai/GSMART/CODE/FSD-Gsmart/planning_control/skidpad/install/skidpad_msgs/share/skidpad_msgs/hook/ld_library_path_lib.dsv'
[0.431s] INFO:colcon.colcon_core.shell:Creating environment hook '/home/limdegcai/GSMART/CODE/FSD-Gsmart/planning_control/skidpad/install/skidpad_msgs/share/skidpad_msgs/hook/ld_library_path_lib.sh'
[0.431s] Level 1:colcon.colcon_core.environment:checking '/home/limdegcai/GSMART/CODE/FSD-Gsmart/planning_control/skidpad/install/skidpad_msgs/bin'
[0.431s] Level 1:colcon.colcon_core.environment:checking '/home/limdegcai/GSMART/CODE/FSD-Gsmart/planning_control/skidpad/install/skidpad_msgs/lib/pkgconfig/skidpad_msgs.pc'
[0.431s] Level 1:colcon.colcon_core.environment:checking '/home/limdegcai/GSMART/CODE/FSD-Gsmart/planning_control/skidpad/install/skidpad_msgs/lib/python3.10/site-packages'
[0.431s] Level 1:colcon.colcon_core.environment:checking '/home/limdegcai/GSMART/CODE/FSD-Gsmart/planning_control/skidpad/install/skidpad_msgs/bin'
[0.431s] INFO:colcon.colcon_core.shell:Creating package script '/home/limdegcai/GSMART/CODE/FSD-Gsmart/planning_control/skidpad/install/skidpad_msgs/share/skidpad_msgs/package.ps1'
[0.432s] INFO:colcon.colcon_core.shell:Creating package descriptor '/home/limdegcai/GSMART/CODE/FSD-Gsmart/planning_control/skidpad/install/skidpad_msgs/share/skidpad_msgs/package.dsv'
[0.432s] INFO:colcon.colcon_core.shell:Creating package script '/home/limdegcai/GSMART/CODE/FSD-Gsmart/planning_control/skidpad/install/skidpad_msgs/share/skidpad_msgs/package.sh'
[0.432s] INFO:colcon.colcon_core.shell:Creating package script '/home/limdegcai/GSMART/CODE/FSD-Gsmart/planning_control/skidpad/install/skidpad_msgs/share/skidpad_msgs/package.bash'
[0.432s] INFO:colcon.colcon_core.shell:Creating package script '/home/limdegcai/GSMART/CODE/FSD-Gsmart/planning_control/skidpad/install/skidpad_msgs/share/skidpad_msgs/package.zsh'
[0.433s] Level 1:colcon.colcon_core.environment:create_file_with_runtime_dependencies(/home/limdegcai/GSMART/CODE/FSD-Gsmart/planning_control/skidpad/install/skidpad_msgs/share/colcon-core/packages/skidpad_msgs)
[0.433s] Level 1:colcon.colcon_core.environment:create_environment_scripts_only(skidpad_msgs)
[0.433s] Level 1:colcon.colcon_core.environment:checking '/home/limdegcai/GSMART/CODE/FSD-Gsmart/planning_control/skidpad/install/skidpad_msgs' for CMake module files
[0.433s] Level 1:colcon.colcon_core.environment:checking '/home/limdegcai/GSMART/CODE/FSD-Gsmart/planning_control/skidpad/install/skidpad_msgs' for CMake config files
[0.434s] Level 1:colcon.colcon_core.shell:create_environment_hook('skidpad_msgs', 'cmake_prefix_path')
[0.434s] INFO:colcon.colcon_core.shell:Creating environment hook '/home/limdegcai/GSMART/CODE/FSD-Gsmart/planning_control/skidpad/install/skidpad_msgs/share/skidpad_msgs/hook/cmake_prefix_path.ps1'
[0.434s] INFO:colcon.colcon_core.shell:Creating environment descriptor '/home/limdegcai/GSMART/CODE/FSD-Gsmart/planning_control/skidpad/install/skidpad_msgs/share/skidpad_msgs/hook/cmake_prefix_path.dsv'
[0.434s] INFO:colcon.colcon_core.shell:Creating environment hook '/home/limdegcai/GSMART/CODE/FSD-Gsmart/planning_control/skidpad/install/skidpad_msgs/share/skidpad_msgs/hook/cmake_prefix_path.sh'
[0.435s] Level 1:colcon.colcon_core.environment:checking '/home/limdegcai/GSMART/CODE/FSD-Gsmart/planning_control/skidpad/install/skidpad_msgs/lib'
[0.435s] Level 1:colcon.colcon_core.shell:create_environment_hook('skidpad_msgs', 'ld_library_path_lib')
[0.435s] INFO:colcon.colcon_core.shell:Creating environment hook '/home/limdegcai/GSMART/CODE/FSD-Gsmart/planning_control/skidpad/install/skidpad_msgs/share/skidpad_msgs/hook/ld_library_path_lib.ps1'
[0.435s] INFO:colcon.colcon_core.shell:Creating environment descriptor '/home/limdegcai/GSMART/CODE/FSD-Gsmart/planning_control/skidpad/install/skidpad_msgs/share/skidpad_msgs/hook/ld_library_path_lib.dsv'
[0.435s] INFO:colcon.colcon_core.shell:Creating environment hook '/home/limdegcai/GSMART/CODE/FSD-Gsmart/planning_control/skidpad/install/skidpad_msgs/share/skidpad_msgs/hook/ld_library_path_lib.sh'
[0.435s] Level 1:colcon.colcon_core.environment:checking '/home/limdegcai/GSMART/CODE/FSD-Gsmart/planning_control/skidpad/install/skidpad_msgs/bin'
[0.435s] Level 1:colcon.colcon_core.environment:checking '/home/limdegcai/GSMART/CODE/FSD-Gsmart/planning_control/skidpad/install/skidpad_msgs/lib/pkgconfig/skidpad_msgs.pc'
[0.435s] Level 1:colcon.colcon_core.environment:checking '/home/limdegcai/GSMART/CODE/FSD-Gsmart/planning_control/skidpad/install/skidpad_msgs/lib/python3.10/site-packages'
[0.436s] Level 1:colcon.colcon_core.environment:checking '/home/limdegcai/GSMART/CODE/FSD-Gsmart/planning_control/skidpad/install/skidpad_msgs/bin'
[0.436s] INFO:colcon.colcon_core.shell:Creating package script '/home/limdegcai/GSMART/CODE/FSD-Gsmart/planning_control/skidpad/install/skidpad_msgs/share/skidpad_msgs/package.ps1'
[0.436s] INFO:colcon.colcon_core.shell:Creating package descriptor '/home/limdegcai/GSMART/CODE/FSD-Gsmart/planning_control/skidpad/install/skidpad_msgs/share/skidpad_msgs/package.dsv'
[0.436s] INFO:colcon.colcon_core.shell:Creating package script '/home/limdegcai/GSMART/CODE/FSD-Gsmart/planning_control/skidpad/install/skidpad_msgs/share/skidpad_msgs/package.sh'
[0.436s] INFO:colcon.colcon_core.shell:Creating package script '/home/limdegcai/GSMART/CODE/FSD-Gsmart/planning_control/skidpad/install/skidpad_msgs/share/skidpad_msgs/package.bash'
[0.437s] INFO:colcon.colcon_core.shell:Creating package script '/home/limdegcai/GSMART/CODE/FSD-Gsmart/planning_control/skidpad/install/skidpad_msgs/share/skidpad_msgs/package.zsh'
[0.437s] Level 1:colcon.colcon_core.environment:create_file_with_runtime_dependencies(/home/limdegcai/GSMART/CODE/FSD-Gsmart/planning_control/skidpad/install/skidpad_msgs/share/colcon-core/packages/skidpad_msgs)
[0.437s] INFO:colcon.colcon_ros.task.ament_python.build:Building ROS package in '/home/limdegcai/GSMART/CODE/FSD-Gsmart/planning_control/skidpad/src/skidpad_control' with build type 'ament_python'
[0.437s] Level 1:colcon.colcon_core.shell:create_environment_hook('skidpad_control', 'ament_prefix_path')
[0.437s] INFO:colcon.colcon_core.shell:Creating environment hook '/home/limdegcai/GSMART/CODE/FSD-Gsmart/planning_control/skidpad/install/skidpad_control/share/skidpad_control/hook/ament_prefix_path.ps1'
[0.438s] INFO:colcon.colcon_core.shell:Creating environment descriptor '/home/limdegcai/GSMART/CODE/FSD-Gsmart/planning_control/skidpad/install/skidpad_control/share/skidpad_control/hook/ament_prefix_path.dsv'
[0.438s] INFO:colcon.colcon_core.shell:Creating environment hook '/home/limdegcai/GSMART/CODE/FSD-Gsmart/planning_control/skidpad/install/skidpad_control/share/skidpad_control/hook/ament_prefix_path.sh'
[0.438s] INFO:colcon.colcon_core.shell:Skip shell extension 'powershell' for command environment: Not usable outside of PowerShell
[0.438s] DEBUG:colcon.colcon_core.shell:Skip shell extension 'dsv' for command environment
[0.440s] INFO:colcon.colcon_ros.task.ament_cmake.build:Building ROS package in '/home/limdegcai/GSMART/CODE/FSD-Gsmart/planning_control/skidpad/src/skidpad_planner' with build type 'ament_cmake'
[0.440s] INFO:colcon.colcon_cmake.task.cmake.build:Building CMake package in '/home/limdegcai/GSMART/CODE/FSD-Gsmart/planning_control/skidpad/src/skidpad_planner'
[0.441s] INFO:colcon.colcon_core.shell:Skip shell extension 'powershell' for command environment: Not usable outside of PowerShell
[0.441s] DEBUG:colcon.colcon_core.shell:Skip shell extension 'dsv' for command environment
[0.565s] INFO:colcon.colcon_core.task.python.build:Building Python package in '/home/limdegcai/GSMART/CODE/FSD-Gsmart/planning_control/skidpad/src/skidpad_control'
[0.565s] INFO:colcon.colcon_core.shell:Skip shell extension 'powershell' for command environment: Not usable outside of PowerShell
[0.565s] DEBUG:colcon.colcon_core.shell:Skip shell extension 'dsv' for command environment
[0.571s] DEBUG:colcon.colcon_core.event_handler.log_command:Invoking command in '/home/limdegcai/GSMART/CODE/FSD-Gsmart/planning_control/skidpad/build/skidpad_planner': AMENT_PREFIX_PATH=/home/limdegcai/GSMART/CODE/FSD-Gsmart/planning_control/skidpad/install/skidpad_msgs:${AMENT_PREFIX_PATH} CMAKE_PREFIX_PATH=/home/limdegcai/GSMART/CODE/FSD-Gsmart/planning_control/skidpad/install/skidpad_msgs:/opt/ros/humble LD_LIBRARY_PATH=/home/limdegcai/GSMART/CODE/FSD-Gsmart/planning_control/skidpad/install/skidpad_msgs/lib:${LD_LIBRARY_PATH} PYTHONPATH=/home/limdegcai/GSMART/CODE/FSD-Gsmart/planning_control/skidpad/install/skidpad_msgs/local/lib/python3.10/dist-packages:${PYTHONPATH} /usr/bin/cmake --build /home/limdegcai/GSMART/CODE/FSD-Gsmart/planning_control/skidpad/build/skidpad_planner -- -j32 -l32
[0.572s] DEBUG:colcon.colcon_core.event_handler.log_command:Invoking command in '/home/limdegcai/GSMART/CODE/FSD-Gsmart/planning_control/skidpad/build/icp_test_tools': PYTHONPATH=/home/limdegcai/GSMART/CODE/FSD-Gsmart/planning_control/skidpad/build/icp_test_tools/prefix_override:/usr/lib/python3/dist-packages/colcon_core/task/python/colcon_distutils_commands:/home/limdegcai/GSMART/CODE/FSD-Gsmart/planning_control/skidpad/install/icp_test_tools/lib/python3.10/site-packages:${PYTHONPATH} /usr/bin/python3 -W ignore:setup.py install is deprecated -W ignore:easy_install command is deprecated setup.py develop --editable --build-directory /home/limdegcai/GSMART/CODE/FSD-Gsmart/planning_control/skidpad/build/icp_test_tools/build --no-deps symlink_data
[0.639s] DEBUG:colcon.colcon_core.event_handler.log_command:Invoked command in '/home/limdegcai/GSMART/CODE/FSD-Gsmart/planning_control/skidpad/build/skidpad_planner' returned '0': AMENT_PREFIX_PATH=/home/limdegcai/GSMART/CODE/FSD-Gsmart/planning_control/skidpad/install/skidpad_msgs:${AMENT_PREFIX_PATH} CMAKE_PREFIX_PATH=/home/limdegcai/GSMART/CODE/FSD-Gsmart/planning_control/skidpad/install/skidpad_msgs:/opt/ros/humble LD_LIBRARY_PATH=/home/limdegcai/GSMART/CODE/FSD-Gsmart/planning_control/skidpad/install/skidpad_msgs/lib:${LD_LIBRARY_PATH} PYTHONPATH=/home/limdegcai/GSMART/CODE/FSD-Gsmart/planning_control/skidpad/install/skidpad_msgs/local/lib/python3.10/dist-packages:${PYTHONPATH} /usr/bin/cmake --build /home/limdegcai/GSMART/CODE/FSD-Gsmart/planning_control/skidpad/build/skidpad_planner -- -j32 -l32
[0.639s] DEBUG:colcon.colcon_core.event_handler.log_command:Invoking command in '/home/limdegcai/GSMART/CODE/FSD-Gsmart/planning_control/skidpad/build/skidpad_planner': AMENT_PREFIX_PATH=/home/limdegcai/GSMART/CODE/FSD-Gsmart/planning_control/skidpad/install/skidpad_msgs:${AMENT_PREFIX_PATH} CMAKE_PREFIX_PATH=/home/limdegcai/GSMART/CODE/FSD-Gsmart/planning_control/skidpad/install/skidpad_msgs:/opt/ros/humble LD_LIBRARY_PATH=/home/limdegcai/GSMART/CODE/FSD-Gsmart/planning_control/skidpad/install/skidpad_msgs/lib:${LD_LIBRARY_PATH} PYTHONPATH=/home/limdegcai/GSMART/CODE/FSD-Gsmart/planning_control/skidpad/install/skidpad_msgs/local/lib/python3.10/dist-packages:${PYTHONPATH} /usr/bin/cmake --install /home/limdegcai/GSMART/CODE/FSD-Gsmart/planning_control/skidpad/build/skidpad_planner
[0.654s] Level 1:colcon.colcon_core.environment:create_environment_scripts_only(skidpad_planner)
[0.654s] Level 1:colcon.colcon_core.environment:checking '/home/limdegcai/GSMART/CODE/FSD-Gsmart/planning_control/skidpad/install/skidpad_planner' for CMake module files
[0.654s] DEBUG:colcon.colcon_core.event_handler.log_command:Invoked command in '/home/limdegcai/GSMART/CODE/FSD-Gsmart/planning_control/skidpad/build/skidpad_planner' returned '0': AMENT_PREFIX_PATH=/home/limdegcai/GSMART/CODE/FSD-Gsmart/planning_control/skidpad/install/skidpad_msgs:${AMENT_PREFIX_PATH} CMAKE_PREFIX_PATH=/home/limdegcai/GSMART/CODE/FSD-Gsmart/planning_control/skidpad/install/skidpad_msgs:/opt/ros/humble LD_LIBRARY_PATH=/home/limdegcai/GSMART/CODE/FSD-Gsmart/planning_control/skidpad/install/skidpad_msgs/lib:${LD_LIBRARY_PATH} PYTHONPATH=/home/limdegcai/GSMART/CODE/FSD-Gsmart/planning_control/skidpad/install/skidpad_msgs/local/lib/python3.10/dist-packages:${PYTHONPATH} /usr/bin/cmake --install /home/limdegcai/GSMART/CODE/FSD-Gsmart/planning_control/skidpad/build/skidpad_planner
[0.654s] Level 1:colcon.colcon_core.environment:checking '/home/limdegcai/GSMART/CODE/FSD-Gsmart/planning_control/skidpad/install/skidpad_planner' for CMake config files
[0.655s] Level 1:colcon.colcon_core.shell:create_environment_hook('skidpad_planner', 'cmake_prefix_path')
[0.655s] INFO:colcon.colcon_core.shell:Creating environment hook '/home/limdegcai/GSMART/CODE/FSD-Gsmart/planning_control/skidpad/install/skidpad_planner/share/skidpad_planner/hook/cmake_prefix_path.ps1'
[0.655s] INFO:colcon.colcon_core.shell:Creating environment descriptor '/home/limdegcai/GSMART/CODE/FSD-Gsmart/planning_control/skidpad/install/skidpad_planner/share/skidpad_planner/hook/cmake_prefix_path.dsv'
[0.655s] INFO:colcon.colcon_core.shell:Creating environment hook '/home/limdegcai/GSMART/CODE/FSD-Gsmart/planning_control/skidpad/install/skidpad_planner/share/skidpad_planner/hook/cmake_prefix_path.sh'
[0.656s] Level 1:colcon.colcon_core.environment:checking '/home/limdegcai/GSMART/CODE/FSD-Gsmart/planning_control/skidpad/install/skidpad_planner/lib'
[0.656s] Level 1:colcon.colcon_core.environment:checking '/home/limdegcai/GSMART/CODE/FSD-Gsmart/planning_control/skidpad/install/skidpad_planner/bin'
[0.656s] Level 1:colcon.colcon_core.environment:checking '/home/limdegcai/GSMART/CODE/FSD-Gsmart/planning_control/skidpad/install/skidpad_planner/lib/pkgconfig/skidpad_planner.pc'
[0.656s] Level 1:colcon.colcon_core.environment:checking '/home/limdegcai/GSMART/CODE/FSD-Gsmart/planning_control/skidpad/install/skidpad_planner/lib/python3.10/site-packages'
[0.656s] Level 1:colcon.colcon_core.environment:checking '/home/limdegcai/GSMART/CODE/FSD-Gsmart/planning_control/skidpad/install/skidpad_planner/bin'
[0.656s] INFO:colcon.colcon_core.shell:Creating package script '/home/limdegcai/GSMART/CODE/FSD-Gsmart/planning_control/skidpad/install/skidpad_planner/share/skidpad_planner/package.ps1'
[0.657s] INFO:colcon.colcon_core.shell:Creating package descriptor '/home/limdegcai/GSMART/CODE/FSD-Gsmart/planning_control/skidpad/install/skidpad_planner/share/skidpad_planner/package.dsv'
[0.657s] INFO:colcon.colcon_core.shell:Creating package script '/home/limdegcai/GSMART/CODE/FSD-Gsmart/planning_control/skidpad/install/skidpad_planner/share/skidpad_planner/package.sh'
[0.657s] INFO:colcon.colcon_core.shell:Creating package script '/home/limdegcai/GSMART/CODE/FSD-Gsmart/planning_control/skidpad/install/skidpad_planner/share/skidpad_planner/package.bash'
[0.657s] INFO:colcon.colcon_core.shell:Creating package script '/home/limdegcai/GSMART/CODE/FSD-Gsmart/planning_control/skidpad/install/skidpad_planner/share/skidpad_planner/package.zsh'
[0.657s] Level 1:colcon.colcon_core.environment:create_file_with_runtime_dependencies(/home/limdegcai/GSMART/CODE/FSD-Gsmart/planning_control/skidpad/install/skidpad_planner/share/colcon-core/packages/skidpad_planner)
[0.658s] Level 1:colcon.colcon_core.environment:create_environment_scripts_only(skidpad_planner)
[0.658s] Level 1:colcon.colcon_core.environment:checking '/home/limdegcai/GSMART/CODE/FSD-Gsmart/planning_control/skidpad/install/skidpad_planner' for CMake module files
[0.658s] Level 1:colcon.colcon_core.environment:checking '/home/limdegcai/GSMART/CODE/FSD-Gsmart/planning_control/skidpad/install/skidpad_planner' for CMake config files
[0.658s] Level 1:colcon.colcon_core.shell:create_environment_hook('skidpad_planner', 'cmake_prefix_path')
[0.658s] INFO:colcon.colcon_core.shell:Creating environment hook '/home/limdegcai/GSMART/CODE/FSD-Gsmart/planning_control/skidpad/install/skidpad_planner/share/skidpad_planner/hook/cmake_prefix_path.ps1'
[0.659s] INFO:colcon.colcon_core.shell:Creating environment descriptor '/home/limdegcai/GSMART/CODE/FSD-Gsmart/planning_control/skidpad/install/skidpad_planner/share/skidpad_planner/hook/cmake_prefix_path.dsv'
[0.659s] INFO:colcon.colcon_core.shell:Creating environment hook '/home/limdegcai/GSMART/CODE/FSD-Gsmart/planning_control/skidpad/install/skidpad_planner/share/skidpad_planner/hook/cmake_prefix_path.sh'
[0.659s] Level 1:colcon.colcon_core.environment:checking '/home/limdegcai/GSMART/CODE/FSD-Gsmart/planning_control/skidpad/install/skidpad_planner/lib'
[0.659s] Level 1:colcon.colcon_core.environment:checking '/home/limdegcai/GSMART/CODE/FSD-Gsmart/planning_control/skidpad/install/skidpad_planner/bin'
[0.659s] Level 1:colcon.colcon_core.environment:checking '/home/limdegcai/GSMART/CODE/FSD-Gsmart/planning_control/skidpad/install/skidpad_planner/lib/pkgconfig/skidpad_planner.pc'
[0.659s] Level 1:colcon.colcon_core.environment:checking '/home/limdegcai/GSMART/CODE/FSD-Gsmart/planning_control/skidpad/install/skidpad_planner/lib/python3.10/site-packages'
[0.660s] Level 1:colcon.colcon_core.environment:checking '/home/limdegcai/GSMART/CODE/FSD-Gsmart/planning_control/skidpad/install/skidpad_planner/bin'
[0.660s] INFO:colcon.colcon_core.shell:Creating package script '/home/limdegcai/GSMART/CODE/FSD-Gsmart/planning_control/skidpad/install/skidpad_planner/share/skidpad_planner/package.ps1'
[0.660s] INFO:colcon.colcon_core.shell:Creating package descriptor '/home/limdegcai/GSMART/CODE/FSD-Gsmart/planning_control/skidpad/install/skidpad_planner/share/skidpad_planner/package.dsv'
[0.660s] INFO:colcon.colcon_core.shell:Creating package script '/home/limdegcai/GSMART/CODE/FSD-Gsmart/planning_control/skidpad/install/skidpad_planner/share/skidpad_planner/package.sh'
[0.661s] INFO:colcon.colcon_core.shell:Creating package script '/home/limdegcai/GSMART/CODE/FSD-Gsmart/planning_control/skidpad/install/skidpad_planner/share/skidpad_planner/package.bash'
[0.661s] INFO:colcon.colcon_core.shell:Creating package script '/home/limdegcai/GSMART/CODE/FSD-Gsmart/planning_control/skidpad/install/skidpad_planner/share/skidpad_planner/package.zsh'
[0.661s] Level 1:colcon.colcon_core.environment:create_file_with_runtime_dependencies(/home/limdegcai/GSMART/CODE/FSD-Gsmart/planning_control/skidpad/install/skidpad_planner/share/colcon-core/packages/skidpad_planner)
[0.732s] DEBUG:colcon.colcon_core.event_handler.log_command:Invoking command in '/home/limdegcai/GSMART/CODE/FSD-Gsmart/planning_control/skidpad/build/skidpad_control': AMENT_PREFIX_PATH=/home/limdegcai/GSMART/CODE/FSD-Gsmart/planning_control/skidpad/install/skidpad_msgs:${AMENT_PREFIX_PATH} CMAKE_PREFIX_PATH=/home/limdegcai/GSMART/CODE/FSD-Gsmart/planning_control/skidpad/install/skidpad_msgs LD_LIBRARY_PATH=/home/limdegcai/GSMART/CODE/FSD-Gsmart/planning_control/skidpad/install/skidpad_msgs/lib:${LD_LIBRARY_PATH} PYTHONPATH=/home/limdegcai/GSMART/CODE/FSD-Gsmart/planning_control/skidpad/build/skidpad_control/prefix_override:/usr/lib/python3/dist-packages/colcon_core/task/python/colcon_distutils_commands:/home/limdegcai/GSMART/CODE/FSD-Gsmart/planning_control/skidpad/install/skidpad_control/lib/python3.10/site-packages:/home/limdegcai/GSMART/CODE/FSD-Gsmart/planning_control/skidpad/install/skidpad_msgs/local/lib/python3.10/dist-packages:${PYTHONPATH} /usr/bin/python3 -W ignore:setup.py install is deprecated -W ignore:easy_install command is deprecated setup.py develop --editable --build-directory /home/limdegcai/GSMART/CODE/FSD-Gsmart/planning_control/skidpad/build/skidpad_control/build --no-deps symlink_data
[0.789s] Level 1:colcon.colcon_core.shell:create_environment_hook('icp_test_tools', 'pythonpath_develop')
[0.789s] DEBUG:colcon.colcon_core.event_handler.log_command:Invoked command in '/home/limdegcai/GSMART/CODE/FSD-Gsmart/planning_control/skidpad/build/icp_test_tools' returned '0': PYTHONPATH=/home/limdegcai/GSMART/CODE/FSD-Gsmart/planning_control/skidpad/build/icp_test_tools/prefix_override:/usr/lib/python3/dist-packages/colcon_core/task/python/colcon_distutils_commands:/home/limdegcai/GSMART/CODE/FSD-Gsmart/planning_control/skidpad/install/icp_test_tools/lib/python3.10/site-packages:${PYTHONPATH} /usr/bin/python3 -W ignore:setup.py install is deprecated -W ignore:easy_install command is deprecated setup.py develop --editable --build-directory /home/limdegcai/GSMART/CODE/FSD-Gsmart/planning_control/skidpad/build/icp_test_tools/build --no-deps symlink_data
[0.789s] INFO:colcon.colcon_core.shell:Creating environment hook '/home/limdegcai/GSMART/CODE/FSD-Gsmart/planning_control/skidpad/build/icp_test_tools/share/icp_test_tools/hook/pythonpath_develop.ps1'
[0.790s] INFO:colcon.colcon_core.shell:Creating environment descriptor '/home/limdegcai/GSMART/CODE/FSD-Gsmart/planning_control/skidpad/build/icp_test_tools/share/icp_test_tools/hook/pythonpath_develop.dsv'
[0.790s] INFO:colcon.colcon_core.shell:Creating environment hook '/home/limdegcai/GSMART/CODE/FSD-Gsmart/planning_control/skidpad/build/icp_test_tools/share/icp_test_tools/hook/pythonpath_develop.sh'
[0.790s] Level 1:colcon.colcon_core.environment:checking '/home/limdegcai/GSMART/CODE/FSD-Gsmart/planning_control/skidpad/install/icp_test_tools' for CMake module files
[0.790s] Level 1:colcon.colcon_core.environment:checking '/home/limdegcai/GSMART/CODE/FSD-Gsmart/planning_control/skidpad/install/icp_test_tools' for CMake config files
[0.791s] Level 1:colcon.colcon_core.environment:checking '/home/limdegcai/GSMART/CODE/FSD-Gsmart/planning_control/skidpad/install/icp_test_tools/lib'
[0.791s] Level 1:colcon.colcon_core.environment:checking '/home/limdegcai/GSMART/CODE/FSD-Gsmart/planning_control/skidpad/install/icp_test_tools/bin'
[0.791s] Level 1:colcon.colcon_core.environment:checking '/home/limdegcai/GSMART/CODE/FSD-Gsmart/planning_control/skidpad/install/icp_test_tools/lib/pkgconfig/icp_test_tools.pc'
[0.791s] Level 1:colcon.colcon_core.environment:checking '/home/limdegcai/GSMART/CODE/FSD-Gsmart/planning_control/skidpad/install/icp_test_tools/lib/python3.10/site-packages'
[0.791s] Level 1:colcon.colcon_core.shell:create_environment_hook('icp_test_tools', 'pythonpath')
[0.791s] INFO:colcon.colcon_core.shell:Creating environment hook '/home/limdegcai/GSMART/CODE/FSD-Gsmart/planning_control/skidpad/install/icp_test_tools/share/icp_test_tools/hook/pythonpath.ps1'
[0.791s] INFO:colcon.colcon_core.shell:Creating environment descriptor '/home/limdegcai/GSMART/CODE/FSD-Gsmart/planning_control/skidpad/install/icp_test_tools/share/icp_test_tools/hook/pythonpath.dsv'
[0.791s] INFO:colcon.colcon_core.shell:Creating environment hook '/home/limdegcai/GSMART/CODE/FSD-Gsmart/planning_control/skidpad/install/icp_test_tools/share/icp_test_tools/hook/pythonpath.sh'
[0.792s] Level 1:colcon.colcon_core.environment:checking '/home/limdegcai/GSMART/CODE/FSD-Gsmart/planning_control/skidpad/install/icp_test_tools/bin'
[0.792s] Level 1:colcon.colcon_core.environment:create_environment_scripts_only(icp_test_tools)
[0.792s] INFO:colcon.colcon_core.shell:Creating package script '/home/limdegcai/GSMART/CODE/FSD-Gsmart/planning_control/skidpad/install/icp_test_tools/share/icp_test_tools/package.ps1'
[0.792s] INFO:colcon.colcon_core.shell:Creating package descriptor '/home/limdegcai/GSMART/CODE/FSD-Gsmart/planning_control/skidpad/install/icp_test_tools/share/icp_test_tools/package.dsv'
[0.793s] INFO:colcon.colcon_core.shell:Creating package script '/home/limdegcai/GSMART/CODE/FSD-Gsmart/planning_control/skidpad/install/icp_test_tools/share/icp_test_tools/package.sh'
[0.793s] INFO:colcon.colcon_core.shell:Creating package script '/home/limdegcai/GSMART/CODE/FSD-Gsmart/planning_control/skidpad/install/icp_test_tools/share/icp_test_tools/package.bash'
[0.793s] INFO:colcon.colcon_core.shell:Creating package script '/home/limdegcai/GSMART/CODE/FSD-Gsmart/planning_control/skidpad/install/icp_test_tools/share/icp_test_tools/package.zsh'
[0.793s] Level 1:colcon.colcon_core.environment:create_file_with_runtime_dependencies(/home/limdegcai/GSMART/CODE/FSD-Gsmart/planning_control/skidpad/install/icp_test_tools/share/colcon-core/packages/icp_test_tools)
[0.952s] Level 1:colcon.colcon_core.shell:create_environment_hook('skidpad_control', 'pythonpath_develop')
[0.952s] INFO:colcon.colcon_core.shell:Creating environment hook '/home/limdegcai/GSMART/CODE/FSD-Gsmart/planning_control/skidpad/build/skidpad_control/share/skidpad_control/hook/pythonpath_develop.ps1'
[0.953s] DEBUG:colcon.colcon_core.event_handler.log_command:Invoked command in '/home/limdegcai/GSMART/CODE/FSD-Gsmart/planning_control/skidpad/build/skidpad_control' returned '0': AMENT_PREFIX_PATH=/home/limdegcai/GSMART/CODE/FSD-Gsmart/planning_control/skidpad/install/skidpad_msgs:${AMENT_PREFIX_PATH} CMAKE_PREFIX_PATH=/home/limdegcai/GSMART/CODE/FSD-Gsmart/planning_control/skidpad/install/skidpad_msgs LD_LIBRARY_PATH=/home/limdegcai/GSMART/CODE/FSD-Gsmart/planning_control/skidpad/install/skidpad_msgs/lib:${LD_LIBRARY_PATH} PYTHONPATH=/home/limdegcai/GSMART/CODE/FSD-Gsmart/planning_control/skidpad/build/skidpad_control/prefix_override:/usr/lib/python3/dist-packages/colcon_core/task/python/colcon_distutils_commands:/home/limdegcai/GSMART/CODE/FSD-Gsmart/planning_control/skidpad/install/skidpad_control/lib/python3.10/site-packages:/home/limdegcai/GSMART/CODE/FSD-Gsmart/planning_control/skidpad/install/skidpad_msgs/local/lib/python3.10/dist-packages:${PYTHONPATH} /usr/bin/python3 -W ignore:setup.py install is deprecated -W ignore:easy_install command is deprecated setup.py develop --editable --build-directory /home/limdegcai/GSMART/CODE/FSD-Gsmart/planning_control/skidpad/build/skidpad_control/build --no-deps symlink_data
[0.953s] INFO:colcon.colcon_core.shell:Creating environment descriptor '/home/limdegcai/GSMART/CODE/FSD-Gsmart/planning_control/skidpad/build/skidpad_control/share/skidpad_control/hook/pythonpath_develop.dsv'
[0.953s] INFO:colcon.colcon_core.shell:Creating environment hook '/home/limdegcai/GSMART/CODE/FSD-Gsmart/planning_control/skidpad/build/skidpad_control/share/skidpad_control/hook/pythonpath_develop.sh'
[0.954s] Level 1:colcon.colcon_core.environment:checking '/home/limdegcai/GSMART/CODE/FSD-Gsmart/planning_control/skidpad/install/skidpad_control' for CMake module files
[0.954s] Level 1:colcon.colcon_core.environment:checking '/home/limdegcai/GSMART/CODE/FSD-Gsmart/planning_control/skidpad/install/skidpad_control' for CMake config files
[0.954s] Level 1:colcon.colcon_core.environment:checking '/home/limdegcai/GSMART/CODE/FSD-Gsmart/planning_control/skidpad/install/skidpad_control/lib'
[0.954s] Level 1:colcon.colcon_core.environment:checking '/home/limdegcai/GSMART/CODE/FSD-Gsmart/planning_control/skidpad/install/skidpad_control/bin'
[0.954s] Level 1:colcon.colcon_core.environment:checking '/home/limdegcai/GSMART/CODE/FSD-Gsmart/planning_control/skidpad/install/skidpad_control/lib/pkgconfig/skidpad_control.pc'
[0.954s] Level 1:colcon.colcon_core.environment:checking '/home/limdegcai/GSMART/CODE/FSD-Gsmart/planning_control/skidpad/install/skidpad_control/lib/python3.10/site-packages'
[0.954s] Level 1:colcon.colcon_core.shell:create_environment_hook('skidpad_control', 'pythonpath')
[0.955s] INFO:colcon.colcon_core.shell:Creating environment hook '/home/limdegcai/GSMART/CODE/FSD-Gsmart/planning_control/skidpad/install/skidpad_control/share/skidpad_control/hook/pythonpath.ps1'
[0.955s] INFO:colcon.colcon_core.shell:Creating environment descriptor '/home/limdegcai/GSMART/CODE/FSD-Gsmart/planning_control/skidpad/install/skidpad_control/share/skidpad_control/hook/pythonpath.dsv'
[0.955s] INFO:colcon.colcon_core.shell:Creating environment hook '/home/limdegcai/GSMART/CODE/FSD-Gsmart/planning_control/skidpad/install/skidpad_control/share/skidpad_control/hook/pythonpath.sh'
[0.955s] Level 1:colcon.colcon_core.environment:checking '/home/limdegcai/GSMART/CODE/FSD-Gsmart/planning_control/skidpad/install/skidpad_control/bin'
[0.955s] Level 1:colcon.colcon_core.environment:create_environment_scripts_only(skidpad_control)
[0.956s] INFO:colcon.colcon_core.shell:Creating package script '/home/limdegcai/GSMART/CODE/FSD-Gsmart/planning_control/skidpad/install/skidpad_control/share/skidpad_control/package.ps1'
[0.956s] INFO:colcon.colcon_core.shell:Creating package descriptor '/home/limdegcai/GSMART/CODE/FSD-Gsmart/planning_control/skidpad/install/skidpad_control/share/skidpad_control/package.dsv'
[0.956s] INFO:colcon.colcon_core.shell:Creating package script '/home/limdegcai/GSMART/CODE/FSD-Gsmart/planning_control/skidpad/install/skidpad_control/share/skidpad_control/package.sh'
[0.956s] INFO:colcon.colcon_core.shell:Creating package script '/home/limdegcai/GSMART/CODE/FSD-Gsmart/planning_control/skidpad/install/skidpad_control/share/skidpad_control/package.bash'
[0.957s] INFO:colcon.colcon_core.shell:Creating package script '/home/limdegcai/GSMART/CODE/FSD-Gsmart/planning_control/skidpad/install/skidpad_control/share/skidpad_control/package.zsh'
[0.957s] Level 1:colcon.colcon_core.environment:create_file_with_runtime_dependencies(/home/limdegcai/GSMART/CODE/FSD-Gsmart/planning_control/skidpad/install/skidpad_control/share/colcon-core/packages/skidpad_control)
[0.957s] INFO:colcon.colcon_ros.task.ament_cmake.build:Building ROS package in '/home/limdegcai/GSMART/CODE/FSD-Gsmart/planning_control/skidpad/src/skidpad_bringup' with build type 'ament_cmake'
[0.957s] INFO:colcon.colcon_cmake.task.cmake.build:Building CMake package in '/home/limdegcai/GSMART/CODE/FSD-Gsmart/planning_control/skidpad/src/skidpad_bringup'
[0.957s] INFO:colcon.colcon_core.shell:Skip shell extension 'powershell' for command environment: Not usable outside of PowerShell
[0.957s] DEBUG:colcon.colcon_core.shell:Skip shell extension 'dsv' for command environment
[0.966s] DEBUG:colcon.colcon_core.event_handler.log_command:Invoking command in '/home/limdegcai/GSMART/CODE/FSD-Gsmart/planning_control/skidpad/build/skidpad_bringup': AMENT_PREFIX_PATH=/home/limdegcai/GSMART/CODE/FSD-Gsmart/planning_control/skidpad/install/skidpad_planner:/home/limdegcai/GSMART/CODE/FSD-Gsmart/planning_control/skidpad/install/skidpad_control:/home/limdegcai/GSMART/CODE/FSD-Gsmart/planning_control/skidpad/install/skidpad_msgs:/home/limdegcai/GSMART/CODE/FSD-Gsmart/planning_control/skidpad/install/skidpad_icp:${AMENT_PREFIX_PATH} CMAKE_PREFIX_PATH=/home/limdegcai/GSMART/CODE/FSD-Gsmart/planning_control/skidpad/install/skidpad_planner:/home/limdegcai/GSMART/CODE/FSD-Gsmart/planning_control/skidpad/install/skidpad_msgs:/home/limdegcai/GSMART/CODE/FSD-Gsmart/planning_control/skidpad/install/skidpad_icp:/opt/ros/humble LD_LIBRARY_PATH=/home/limdegcai/GSMART/CODE/FSD-Gsmart/planning_control/skidpad/install/skidpad_msgs/lib:${LD_LIBRARY_PATH} PYTHONPATH=/home/limdegcai/GSMART/CODE/FSD-Gsmart/planning_control/skidpad/build/skidpad_control:/home/limdegcai/GSMART/CODE/FSD-Gsmart/planning_control/skidpad/install/skidpad_control/lib/python3.10/site-packages:/home/limdegcai/GSMART/CODE/FSD-Gsmart/planning_control/skidpad/install/skidpad_msgs/local/lib/python3.10/dist-packages:${PYTHONPATH} /usr/bin/cmake --build /home/limdegcai/GSMART/CODE/FSD-Gsmart/planning_control/skidpad/build/skidpad_bringup -- -j32 -l32
[0.991s] DEBUG:colcon.colcon_core.event_handler.log_command:Invoked command in '/home/limdegcai/GSMART/CODE/FSD-Gsmart/planning_control/skidpad/build/skidpad_bringup' returned '0': AMENT_PREFIX_PATH=/home/limdegcai/GSMART/CODE/FSD-Gsmart/planning_control/skidpad/install/skidpad_planner:/home/limdegcai/GSMART/CODE/FSD-Gsmart/planning_control/skidpad/install/skidpad_control:/home/limdegcai/GSMART/CODE/FSD-Gsmart/planning_control/skidpad/install/skidpad_msgs:/home/limdegcai/GSMART/CODE/FSD-Gsmart/planning_control/skidpad/install/skidpad_icp:${AMENT_PREFIX_PATH} CMAKE_PREFIX_PATH=/home/limdegcai/GSMART/CODE/FSD-Gsmart/planning_control/skidpad/install/skidpad_planner:/home/limdegcai/GSMART/CODE/FSD-Gsmart/planning_control/skidpad/install/skidpad_msgs:/home/limdegcai/GSMART/CODE/FSD-Gsmart/planning_control/skidpad/install/skidpad_icp:/opt/ros/humble LD_LIBRARY_PATH=/home/limdegcai/GSMART/CODE/FSD-Gsmart/planning_control/skidpad/install/skidpad_msgs/lib:${LD_LIBRARY_PATH} PYTHONPATH=/home/limdegcai/GSMART/CODE/FSD-Gsmart/planning_control/skidpad/build/skidpad_control:/home/limdegcai/GSMART/CODE/FSD-Gsmart/planning_control/skidpad/install/skidpad_control/lib/python3.10/site-packages:/home/limdegcai/GSMART/CODE/FSD-Gsmart/planning_control/skidpad/install/skidpad_msgs/local/lib/python3.10/dist-packages:${PYTHONPATH} /usr/bin/cmake --build /home/limdegcai/GSMART/CODE/FSD-Gsmart/planning_control/skidpad/build/skidpad_bringup -- -j32 -l32
[0.992s] DEBUG:colcon.colcon_core.event_handler.log_command:Invoking command in '/home/limdegcai/GSMART/CODE/FSD-Gsmart/planning_control/skidpad/build/skidpad_bringup': AMENT_PREFIX_PATH=/home/limdegcai/GSMART/CODE/FSD-Gsmart/planning_control/skidpad/install/skidpad_planner:/home/limdegcai/GSMART/CODE/FSD-Gsmart/planning_control/skidpad/install/skidpad_control:/home/limdegcai/GSMART/CODE/FSD-Gsmart/planning_control/skidpad/install/skidpad_msgs:/home/limdegcai/GSMART/CODE/FSD-Gsmart/planning_control/skidpad/install/skidpad_icp:${AMENT_PREFIX_PATH} CMAKE_PREFIX_PATH=/home/limdegcai/GSMART/CODE/FSD-Gsmart/planning_control/skidpad/install/skidpad_planner:/home/limdegcai/GSMART/CODE/FSD-Gsmart/planning_control/skidpad/install/skidpad_msgs:/home/limdegcai/GSMART/CODE/FSD-Gsmart/planning_control/skidpad/install/skidpad_icp:/opt/ros/humble LD_LIBRARY_PATH=/home/limdegcai/GSMART/CODE/FSD-Gsmart/planning_control/skidpad/install/skidpad_msgs/lib:${LD_LIBRARY_PATH} PYTHONPATH=/home/limdegcai/GSMART/CODE/FSD-Gsmart/planning_control/skidpad/build/skidpad_control:/home/limdegcai/GSMART/CODE/FSD-Gsmart/planning_control/skidpad/install/skidpad_control/lib/python3.10/site-packages:/home/limdegcai/GSMART/CODE/FSD-Gsmart/planning_control/skidpad/install/skidpad_msgs/local/lib/python3.10/dist-packages:${PYTHONPATH} /usr/bin/cmake --install /home/limdegcai/GSMART/CODE/FSD-Gsmart/planning_control/skidpad/build/skidpad_bringup
[1.004s] Level 1:colcon.colcon_core.environment:create_environment_scripts_only(skidpad_bringup)
[1.005s] Level 1:colcon.colcon_core.environment:checking '/home/limdegcai/GSMART/CODE/FSD-Gsmart/planning_control/skidpad/install/skidpad_bringup' for CMake module files
[1.005s] DEBUG:colcon.colcon_core.event_handler.log_command:Invoked command in '/home/limdegcai/GSMART/CODE/FSD-Gsmart/planning_control/skidpad/build/skidpad_bringup' returned '0': AMENT_PREFIX_PATH=/home/limdegcai/GSMART/CODE/FSD-Gsmart/planning_control/skidpad/install/skidpad_planner:/home/limdegcai/GSMART/CODE/FSD-Gsmart/planning_control/skidpad/install/skidpad_control:/home/limdegcai/GSMART/CODE/FSD-Gsmart/planning_control/skidpad/install/skidpad_msgs:/home/limdegcai/GSMART/CODE/FSD-Gsmart/planning_control/skidpad/install/skidpad_icp:${AMENT_PREFIX_PATH} CMAKE_PREFIX_PATH=/home/limdegcai/GSMART/CODE/FSD-Gsmart/planning_control/skidpad/install/skidpad_planner:/home/limdegcai/GSMART/CODE/FSD-Gsmart/planning_control/skidpad/install/skidpad_msgs:/home/limdegcai/GSMART/CODE/FSD-Gsmart/planning_control/skidpad/install/skidpad_icp:/opt/ros/humble LD_LIBRARY_PATH=/home/limdegcai/GSMART/CODE/FSD-Gsmart/planning_control/skidpad/install/skidpad_msgs/lib:${LD_LIBRARY_PATH} PYTHONPATH=/home/limdegcai/GSMART/CODE/FSD-Gsmart/planning_control/skidpad/build/skidpad_control:/home/limdegcai/GSMART/CODE/FSD-Gsmart/planning_control/skidpad/install/skidpad_control/lib/python3.10/site-packages:/home/limdegcai/GSMART/CODE/FSD-Gsmart/planning_control/skidpad/install/skidpad_msgs/local/lib/python3.10/dist-packages:${PYTHONPATH} /usr/bin/cmake --install /home/limdegcai/GSMART/CODE/FSD-Gsmart/planning_control/skidpad/build/skidpad_bringup
[1.005s] Level 1:colcon.colcon_core.environment:checking '/home/limdegcai/GSMART/CODE/FSD-Gsmart/planning_control/skidpad/install/skidpad_bringup' for CMake config files
[1.005s] Level 1:colcon.colcon_core.shell:create_environment_hook('skidpad_bringup', 'cmake_prefix_path')
[1.005s] INFO:colcon.colcon_core.shell:Creating environment hook '/home/limdegcai/GSMART/CODE/FSD-Gsmart/planning_control/skidpad/install/skidpad_bringup/share/skidpad_bringup/hook/cmake_prefix_path.ps1'
[1.006s] INFO:colcon.colcon_core.shell:Creating environment descriptor '/home/limdegcai/GSMART/CODE/FSD-Gsmart/planning_control/skidpad/install/skidpad_bringup/share/skidpad_bringup/hook/cmake_prefix_path.dsv'
[1.006s] INFO:colcon.colcon_core.shell:Creating environment hook '/home/limdegcai/GSMART/CODE/FSD-Gsmart/planning_control/skidpad/install/skidpad_bringup/share/skidpad_bringup/hook/cmake_prefix_path.sh'
[1.006s] Level 1:colcon.colcon_core.environment:checking '/home/limdegcai/GSMART/CODE/FSD-Gsmart/planning_control/skidpad/install/skidpad_bringup/bin'
[1.006s] Level 1:colcon.colcon_core.environment:checking '/home/limdegcai/GSMART/CODE/FSD-Gsmart/planning_control/skidpad/install/skidpad_bringup/lib/pkgconfig/skidpad_bringup.pc'
[1.006s] Level 1:colcon.colcon_core.environment:checking '/home/limdegcai/GSMART/CODE/FSD-Gsmart/planning_control/skidpad/install/skidpad_bringup/lib/python3.10/site-packages'
[1.007s] Level 1:colcon.colcon_core.environment:checking '/home/limdegcai/GSMART/CODE/FSD-Gsmart/planning_control/skidpad/install/skidpad_bringup/bin'
[1.007s] INFO:colcon.colcon_core.shell:Creating package script '/home/limdegcai/GSMART/CODE/FSD-Gsmart/planning_control/skidpad/install/skidpad_bringup/share/skidpad_bringup/package.ps1'
[1.007s] INFO:colcon.colcon_core.shell:Creating package descriptor '/home/limdegcai/GSMART/CODE/FSD-Gsmart/planning_control/skidpad/install/skidpad_bringup/share/skidpad_bringup/package.dsv'
[1.007s] INFO:colcon.colcon_core.shell:Creating package script '/home/limdegcai/GSMART/CODE/FSD-Gsmart/planning_control/skidpad/install/skidpad_bringup/share/skidpad_bringup/package.sh'
[1.007s] INFO:colcon.colcon_core.shell:Creating package script '/home/limdegcai/GSMART/CODE/FSD-Gsmart/planning_control/skidpad/install/skidpad_bringup/share/skidpad_bringup/package.bash'
[1.008s] INFO:colcon.colcon_core.shell:Creating package script '/home/limdegcai/GSMART/CODE/FSD-Gsmart/planning_control/skidpad/install/skidpad_bringup/share/skidpad_bringup/package.zsh'
[1.008s] Level 1:colcon.colcon_core.environment:create_file_with_runtime_dependencies(/home/limdegcai/GSMART/CODE/FSD-Gsmart/planning_control/skidpad/install/skidpad_bringup/share/colcon-core/packages/skidpad_bringup)
[1.008s] Level 1:colcon.colcon_core.environment:create_environment_scripts_only(skidpad_bringup)
[1.008s] Level 1:colcon.colcon_core.environment:checking '/home/limdegcai/GSMART/CODE/FSD-Gsmart/planning_control/skidpad/install/skidpad_bringup' for CMake module files
[1.008s] Level 1:colcon.colcon_core.environment:checking '/home/limdegcai/GSMART/CODE/FSD-Gsmart/planning_control/skidpad/install/skidpad_bringup' for CMake config files
[1.009s] Level 1:colcon.colcon_core.shell:create_environment_hook('skidpad_bringup', 'cmake_prefix_path')
[1.009s] INFO:colcon.colcon_core.shell:Creating environment hook '/home/limdegcai/GSMART/CODE/FSD-Gsmart/planning_control/skidpad/install/skidpad_bringup/share/skidpad_bringup/hook/cmake_prefix_path.ps1'
[1.009s] INFO:colcon.colcon_core.shell:Creating environment descriptor '/home/limdegcai/GSMART/CODE/FSD-Gsmart/planning_control/skidpad/install/skidpad_bringup/share/skidpad_bringup/hook/cmake_prefix_path.dsv'
[1.009s] INFO:colcon.colcon_core.shell:Creating environment hook '/home/limdegcai/GSMART/CODE/FSD-Gsmart/planning_control/skidpad/install/skidpad_bringup/share/skidpad_bringup/hook/cmake_prefix_path.sh'
[1.009s] Level 1:colcon.colcon_core.environment:checking '/home/limdegcai/GSMART/CODE/FSD-Gsmart/planning_control/skidpad/install/skidpad_bringup/bin'
[1.010s] Level 1:colcon.colcon_core.environment:checking '/home/limdegcai/GSMART/CODE/FSD-Gsmart/planning_control/skidpad/install/skidpad_bringup/lib/pkgconfig/skidpad_bringup.pc'
[1.010s] Level 1:colcon.colcon_core.environment:checking '/home/limdegcai/GSMART/CODE/FSD-Gsmart/planning_control/skidpad/install/skidpad_bringup/lib/python3.10/site-packages'
[1.010s] Level 1:colcon.colcon_core.environment:checking '/home/limdegcai/GSMART/CODE/FSD-Gsmart/planning_control/skidpad/install/skidpad_bringup/bin'
[1.010s] INFO:colcon.colcon_core.shell:Creating package script '/home/limdegcai/GSMART/CODE/FSD-Gsmart/planning_control/skidpad/install/skidpad_bringup/share/skidpad_bringup/package.ps1'
[1.010s] INFO:colcon.colcon_core.shell:Creating package descriptor '/home/limdegcai/GSMART/CODE/FSD-Gsmart/planning_control/skidpad/install/skidpad_bringup/share/skidpad_bringup/package.dsv'
[1.011s] INFO:colcon.colcon_core.shell:Creating package script '/home/limdegcai/GSMART/CODE/FSD-Gsmart/planning_control/skidpad/install/skidpad_bringup/share/skidpad_bringup/package.sh'
[1.011s] INFO:colcon.colcon_core.shell:Creating package script '/home/limdegcai/GSMART/CODE/FSD-Gsmart/planning_control/skidpad/install/skidpad_bringup/share/skidpad_bringup/package.bash'
[1.011s] INFO:colcon.colcon_core.shell:Creating package script '/home/limdegcai/GSMART/CODE/FSD-Gsmart/planning_control/skidpad/install/skidpad_bringup/share/skidpad_bringup/package.zsh'
[1.011s] Level 1:colcon.colcon_core.environment:create_file_with_runtime_dependencies(/home/limdegcai/GSMART/CODE/FSD-Gsmart/planning_control/skidpad/install/skidpad_bringup/share/colcon-core/packages/skidpad_bringup)
[1.011s] DEBUG:colcon.colcon_parallel_executor.executor.parallel:closing loop
[1.012s] DEBUG:colcon.colcon_parallel_executor.executor.parallel:loop closed
[1.012s] DEBUG:colcon.colcon_parallel_executor.executor.parallel:run_until_complete finished with '0'
[1.012s] DEBUG:colcon.colcon_core.event_reactor:joining thread
[1.015s] INFO:colcon.colcon_core.plugin_system:Skipping extension 'colcon_notification.desktop_notification.terminal_notifier': Not used on non-Darwin systems
[1.015s] INFO:colcon.colcon_core.plugin_system:Skipping extension 'colcon_notification.desktop_notification.win32': Not used on non-Windows systems
[1.015s] INFO:colcon.colcon_notification.desktop_notification:Sending desktop notification using 'notify2'
[1.021s] DEBUG:colcon.colcon_core.event_reactor:joined thread
[1.021s] INFO:colcon.colcon_core.shell:Creating prefix script '/home/limdegcai/GSMART/CODE/FSD-Gsmart/planning_control/skidpad/install/local_setup.ps1'
[1.021s] INFO:colcon.colcon_core.shell:Creating prefix util module '/home/limdegcai/GSMART/CODE/FSD-Gsmart/planning_control/skidpad/install/_local_setup_util_ps1.py'
[1.022s] INFO:colcon.colcon_core.shell:Creating prefix chain script '/home/limdegcai/GSMART/CODE/FSD-Gsmart/planning_control/skidpad/install/setup.ps1'
[1.022s] INFO:colcon.colcon_core.shell:Creating prefix script '/home/limdegcai/GSMART/CODE/FSD-Gsmart/planning_control/skidpad/install/local_setup.sh'
[1.023s] INFO:colcon.colcon_core.shell:Creating prefix util module '/home/limdegcai/GSMART/CODE/FSD-Gsmart/planning_control/skidpad/install/_local_setup_util_sh.py'
[1.023s] INFO:colcon.colcon_core.shell:Creating prefix chain script '/home/limdegcai/GSMART/CODE/FSD-Gsmart/planning_control/skidpad/install/setup.sh'
[1.023s] INFO:colcon.colcon_core.shell:Creating prefix script '/home/limdegcai/GSMART/CODE/FSD-Gsmart/planning_control/skidpad/install/local_setup.bash'
[1.024s] INFO:colcon.colcon_core.shell:Creating prefix chain script '/home/limdegcai/GSMART/CODE/FSD-Gsmart/planning_control/skidpad/install/setup.bash'
[1.024s] INFO:colcon.colcon_core.shell:Creating prefix script '/home/limdegcai/GSMART/CODE/FSD-Gsmart/planning_control/skidpad/install/local_setup.zsh'
[1.024s] INFO:colcon.colcon_core.shell:Creating prefix chain script '/home/limdegcai/GSMART/CODE/FSD-Gsmart/planning_control/skidpad/install/setup.zsh'
