[0.014s] Invoking command in '/home/limdegcai/GSMART/CODE/FSD-Gsmart/planning_control/skidpad/build/skidpad_icp': CMAKE_PREFIX_PATH=/opt/ros/humble /usr/bin/cmake --build /home/limdegcai/GSMART/CODE/FSD-Gsmart/planning_control/skidpad/build/skidpad_icp -- -j32 -l32
[0.148s] [100%] Built target skidpad_detector_node
[0.185s] Invoked command in '/home/limdegcai/GSMART/CODE/FSD-Gsmart/planning_control/skidpad/build/skidpad_icp' returned '0': CMAKE_PREFIX_PATH=/opt/ros/humble /usr/bin/cmake --build /home/limdegcai/GSMART/CODE/FSD-Gsmart/planning_control/skidpad/build/skidpad_icp -- -j32 -l32
[0.193s] Invoking command in '/home/limdegcai/GSMART/CODE/FSD-Gsmart/planning_control/skidpad/build/skidpad_icp': CMAKE_PREFIX_PATH=/opt/ros/humble /usr/bin/cmake --install /home/limdegcai/GSMART/CODE/FSD-Gsmart/planning_control/skidpad/build/skidpad_icp
[0.199s] -- Install configuration: ""
[0.199s] -- Execute custom install script
[0.200s] -- Up-to-date symlink: /home/limdegcai/GSMART/CODE/FSD-Gsmart/planning_control/skidpad/install/skidpad_icp/lib/skidpad_icp/skidpad_detector_node
[0.200s] -- Up-to-date symlink: /home/limdegcai/GSMART/CODE/FSD-Gsmart/planning_control/skidpad/install/skidpad_icp/share/skidpad_icp/launch/skidpad_detector.launch.py
[0.200s] -- Up-to-date symlink: /home/limdegcai/GSMART/CODE/FSD-Gsmart/planning_control/skidpad/install/skidpad_icp/share/skidpad_icp/config/skidpad.pcd
[0.200s] -- Up-to-date symlink: /home/limdegcai/GSMART/CODE/FSD-Gsmart/planning_control/skidpad/install/skidpad_icp/share/skidpad_icp/config/skidpad_cones_target.txt
[0.200s] -- Up-to-date symlink: /home/limdegcai/GSMART/CODE/FSD-Gsmart/planning_control/skidpad/install/skidpad_icp/share/skidpad_icp/config/skidpad_detector.yaml
[0.201s] -- Up-to-date symlink: /home/limdegcai/GSMART/CODE/FSD-Gsmart/planning_control/skidpad/install/skidpad_icp/share/ament_index/resource_index/package_run_dependencies/skidpad_icp
[0.201s] -- Up-to-date symlink: /home/limdegcai/GSMART/CODE/FSD-Gsmart/planning_control/skidpad/install/skidpad_icp/share/ament_index/resource_index/parent_prefix_path/skidpad_icp
[0.201s] -- Up-to-date symlink: /home/limdegcai/GSMART/CODE/FSD-Gsmart/planning_control/skidpad/install/skidpad_icp/share/skidpad_icp/environment/ament_prefix_path.sh
[0.201s] -- Up-to-date symlink: /home/limdegcai/GSMART/CODE/FSD-Gsmart/planning_control/skidpad/install/skidpad_icp/share/skidpad_icp/environment/ament_prefix_path.dsv
[0.201s] -- Up-to-date symlink: /home/limdegcai/GSMART/CODE/FSD-Gsmart/planning_control/skidpad/install/skidpad_icp/share/skidpad_icp/environment/path.sh
[0.201s] -- Up-to-date symlink: /home/limdegcai/GSMART/CODE/FSD-Gsmart/planning_control/skidpad/install/skidpad_icp/share/skidpad_icp/environment/path.dsv
[0.201s] -- Up-to-date symlink: /home/limdegcai/GSMART/CODE/FSD-Gsmart/planning_control/skidpad/install/skidpad_icp/share/skidpad_icp/local_setup.bash
[0.201s] -- Up-to-date symlink: /home/limdegcai/GSMART/CODE/FSD-Gsmart/planning_control/skidpad/install/skidpad_icp/share/skidpad_icp/local_setup.sh
[0.202s] -- Up-to-date symlink: /home/limdegcai/GSMART/CODE/FSD-Gsmart/planning_control/skidpad/install/skidpad_icp/share/skidpad_icp/local_setup.zsh
[0.202s] -- Up-to-date symlink: /home/limdegcai/GSMART/CODE/FSD-Gsmart/planning_control/skidpad/install/skidpad_icp/share/skidpad_icp/local_setup.dsv
[0.202s] -- Symlinking: /home/limdegcai/GSMART/CODE/FSD-Gsmart/planning_control/skidpad/install/skidpad_icp/share/skidpad_icp/package.dsv
[0.208s] -- Up-to-date symlink: /home/limdegcai/GSMART/CODE/FSD-Gsmart/planning_control/skidpad/install/skidpad_icp/share/ament_index/resource_index/packages/skidpad_icp
[0.208s] -- Up-to-date symlink: /home/limdegcai/GSMART/CODE/FSD-Gsmart/planning_control/skidpad/install/skidpad_icp/share/skidpad_icp/cmake/skidpad_icpConfig.cmake
[0.208s] -- Up-to-date symlink: /home/limdegcai/GSMART/CODE/FSD-Gsmart/planning_control/skidpad/install/skidpad_icp/share/skidpad_icp/cmake/skidpad_icpConfig-version.cmake
[0.208s] -- Up-to-date symlink: /home/limdegcai/GSMART/CODE/FSD-Gsmart/planning_control/skidpad/install/skidpad_icp/share/skidpad_icp/package.xml
[0.210s] Invoked command in '/home/limdegcai/GSMART/CODE/FSD-Gsmart/planning_control/skidpad/build/skidpad_icp' returned '0': CMAKE_PREFIX_PATH=/opt/ros/humble /usr/bin/cmake --install /home/limdegcai/GSMART/CODE/FSD-Gsmart/planning_control/skidpad/build/skidpad_icp
