[0.073s] DEBUG:colcon:Command line arguments: ['/usr/bin/colcon', 'build']
[0.073s] DEBUG:colcon:Parsed command line arguments: Namespace(log_base=None, log_level=None, verb_name='build', build_base='build', install_base='install', merge_install=False, symlink_install=False, test_result_base=None, continue_on_error=False, executor='parallel', parallel_workers=20, event_handlers=None, ignore_user_meta=False, metas=['./colcon.meta'], base_paths=['.'], packages_ignore=None, packages_ignore_regex=None, paths=None, packages_up_to=None, packages_up_to_regex=None, packages_above=None, packages_above_and_dependencies=None, packages_above_depth=None, packages_select_by_dep=None, packages_skip_by_dep=None, packages_skip_up_to=None, packages_select_build_failed=False, packages_skip_build_finished=False, packages_select_test_failures=False, packages_skip_test_passed=False, packages_select=None, packages_skip=None, packages_select_regex=None, packages_skip_regex=None, packages_start=None, packages_end=None, allow_overriding=[], cmake_args=None, cmake_target=None, cmake_target_skip_unavailable=False, cmake_clean_cache=False, cmake_clean_first=False, cmake_force_configure=False, ament_cmake_args=None, catkin_cmake_args=None, catkin_skip_building_tests=False, verb_parser=<colcon_defaults.argument_parser.defaults.DefaultArgumentsDecorator object at 0x7abc2423fa60>, verb_extension=<colcon_core.verb.build.BuildVerb object at 0x7abc2423e9b0>, main=<bound method BuildVerb.main of <colcon_core.verb.build.BuildVerb object at 0x7abc2423e9b0>>)
[0.197s] Level 1:colcon.colcon_core.package_discovery:discover_packages(colcon_meta) check parameters
[0.198s] Level 1:colcon.colcon_core.package_discovery:discover_packages(recursive) check parameters
[0.198s] Level 1:colcon.colcon_core.package_discovery:discover_packages(ignore) check parameters
[0.198s] Level 1:colcon.colcon_core.package_discovery:discover_packages(path) check parameters
[0.198s] Level 1:colcon.colcon_core.package_discovery:discover_packages(colcon_meta) discover
[0.198s] Level 1:colcon.colcon_core.package_discovery:discover_packages(recursive) discover
[0.198s] INFO:colcon.colcon_core.package_discovery:Crawling recursively for packages in '/home/x/Documents/at20260415workspace/workspace/camera'
[0.198s] Level 1:colcon.colcon_core.package_identification:_identify(.) by extensions ['ignore', 'ignore_ament_install']
[0.198s] Level 1:colcon.colcon_core.package_identification:_identify(.) by extension 'ignore'
[0.198s] Level 1:colcon.colcon_core.package_identification:_identify(.) by extension 'ignore_ament_install'
[0.198s] Level 1:colcon.colcon_core.package_identification:_identify(.) by extensions ['colcon_pkg']
[0.198s] Level 1:colcon.colcon_core.package_identification:_identify(.) by extension 'colcon_pkg'
[0.198s] Level 1:colcon.colcon_core.package_identification:_identify(.) by extensions ['colcon_meta']
[0.198s] Level 1:colcon.colcon_core.package_identification:_identify(.) by extension 'colcon_meta'
[0.198s] Level 1:colcon.colcon_core.package_identification:_identify(.) by extensions ['ros']
[0.198s] Level 1:colcon.colcon_core.package_identification:_identify(.) by extension 'ros'
[0.204s] Level 1:colcon.colcon_core.package_identification:_identify(.) by extensions ['cmake', 'python']
[0.205s] Level 1:colcon.colcon_core.package_identification:_identify(.) by extension 'cmake'
[0.205s] Level 1:colcon.colcon_core.package_identification:_identify(.) by extension 'python'
[0.205s] Level 1:colcon.colcon_core.package_identification:_identify(.) by extensions ['python_setup_py']
[0.205s] Level 1:colcon.colcon_core.package_identification:_identify(.) by extension 'python_setup_py'
[0.205s] Level 1:colcon.colcon_core.package_identification:_identify(build) by extensions ['ignore', 'ignore_ament_install']
[0.205s] Level 1:colcon.colcon_core.package_identification:_identify(build) by extension 'ignore'
[0.205s] Level 1:colcon.colcon_core.package_identification:_identify(build) ignored
[0.205s] Level 1:colcon.colcon_core.package_identification:_identify(install) by extensions ['ignore', 'ignore_ament_install']
[0.205s] Level 1:colcon.colcon_core.package_identification:_identify(install) by extension 'ignore'
[0.205s] Level 1:colcon.colcon_core.package_identification:_identify(install) ignored
[0.205s] Level 1:colcon.colcon_core.package_identification:_identify(log) by extensions ['ignore', 'ignore_ament_install']
[0.205s] Level 1:colcon.colcon_core.package_identification:_identify(log) by extension 'ignore'
[0.205s] Level 1:colcon.colcon_core.package_identification:_identify(log) ignored
[0.205s] Level 1:colcon.colcon_core.package_identification:_identify(src) by extensions ['ignore', 'ignore_ament_install']
[0.205s] Level 1:colcon.colcon_core.package_identification:_identify(src) by extension 'ignore'
[0.205s] Level 1:colcon.colcon_core.package_identification:_identify(src) by extension 'ignore_ament_install'
[0.205s] Level 1:colcon.colcon_core.package_identification:_identify(src) by extensions ['colcon_pkg']
[0.205s] Level 1:colcon.colcon_core.package_identification:_identify(src) by extension 'colcon_pkg'
[0.205s] Level 1:colcon.colcon_core.package_identification:_identify(src) by extensions ['colcon_meta']
[0.205s] Level 1:colcon.colcon_core.package_identification:_identify(src) by extension 'colcon_meta'
[0.205s] Level 1:colcon.colcon_core.package_identification:_identify(src) by extensions ['ros']
[0.205s] Level 1:colcon.colcon_core.package_identification:_identify(src) by extension 'ros'
[0.206s] Level 1:colcon.colcon_core.package_identification:_identify(src) by extensions ['cmake', 'python']
[0.206s] Level 1:colcon.colcon_core.package_identification:_identify(src) by extension 'cmake'
[0.206s] Level 1:colcon.colcon_core.package_identification:_identify(src) by extension 'python'
[0.206s] Level 1:colcon.colcon_core.package_identification:_identify(src) by extensions ['python_setup_py']
[0.206s] Level 1:colcon.colcon_core.package_identification:_identify(src) by extension 'python_setup_py'
[0.206s] Level 1:colcon.colcon_core.package_identification:_identify(src/camera_msg) by extensions ['ignore', 'ignore_ament_install']
[0.206s] Level 1:colcon.colcon_core.package_identification:_identify(src/camera_msg) by extension 'ignore'
[0.206s] Level 1:colcon.colcon_core.package_identification:_identify(src/camera_msg) by extension 'ignore_ament_install'
[0.206s] Level 1:colcon.colcon_core.package_identification:_identify(src/camera_msg) by extensions ['colcon_pkg']
[0.206s] Level 1:colcon.colcon_core.package_identification:_identify(src/camera_msg) by extension 'colcon_pkg'
[0.206s] Level 1:colcon.colcon_core.package_identification:_identify(src/camera_msg) by extensions ['colcon_meta']
[0.206s] Level 1:colcon.colcon_core.package_identification:_identify(src/camera_msg) by extension 'colcon_meta'
[0.206s] Level 1:colcon.colcon_core.package_identification:_identify(src/camera_msg) by extensions ['ros']
[0.206s] Level 1:colcon.colcon_core.package_identification:_identify(src/camera_msg) by extension 'ros'
[0.208s] DEBUG:colcon.colcon_core.package_identification:Package 'src/camera_msg' with type 'ros.ament_cmake' and name 'camera_msg'
[0.208s] Level 1:colcon.colcon_core.package_identification:_identify(src/camera_node) by extensions ['ignore', 'ignore_ament_install']
[0.208s] Level 1:colcon.colcon_core.package_identification:_identify(src/camera_node) by extension 'ignore'
[0.208s] Level 1:colcon.colcon_core.package_identification:_identify(src/camera_node) by extension 'ignore_ament_install'
[0.208s] Level 1:colcon.colcon_core.package_identification:_identify(src/camera_node) by extensions ['colcon_pkg']
[0.208s] Level 1:colcon.colcon_core.package_identification:_identify(src/camera_node) by extension 'colcon_pkg'
[0.208s] Level 1:colcon.colcon_core.package_identification:_identify(src/camera_node) by extensions ['colcon_meta']
[0.208s] Level 1:colcon.colcon_core.package_identification:_identify(src/camera_node) by extension 'colcon_meta'
[0.208s] Level 1:colcon.colcon_core.package_identification:_identify(src/camera_node) by extensions ['ros']
[0.208s] Level 1:colcon.colcon_core.package_identification:_identify(src/camera_node) by extension 'ros'
[0.209s] DEBUG:colcon.colcon_core.package_identification:Package 'src/camera_node' with type 'ros.ament_python' and name 'camera_node'
[0.209s] Level 1:colcon.colcon_core.package_identification:_identify(src/ros2_lidar_camera_fusion_with_detection) by extensions ['ignore', 'ignore_ament_install']
[0.209s] Level 1:colcon.colcon_core.package_identification:_identify(src/ros2_lidar_camera_fusion_with_detection) by extension 'ignore'
[0.209s] Level 1:colcon.colcon_core.package_identification:_identify(src/ros2_lidar_camera_fusion_with_detection) by extension 'ignore_ament_install'
[0.209s] Level 1:colcon.colcon_core.package_identification:_identify(src/ros2_lidar_camera_fusion_with_detection) by extensions ['colcon_pkg']
[0.209s] Level 1:colcon.colcon_core.package_identification:_identify(src/ros2_lidar_camera_fusion_with_detection) by extension 'colcon_pkg'
[0.209s] Level 1:colcon.colcon_core.package_identification:_identify(src/ros2_lidar_camera_fusion_with_detection) by extensions ['colcon_meta']
[0.209s] Level 1:colcon.colcon_core.package_identification:_identify(src/ros2_lidar_camera_fusion_with_detection) by extension 'colcon_meta'
[0.209s] Level 1:colcon.colcon_core.package_identification:_identify(src/ros2_lidar_camera_fusion_with_detection) by extensions ['ros']
[0.209s] Level 1:colcon.colcon_core.package_identification:_identify(src/ros2_lidar_camera_fusion_with_detection) by extension 'ros'
[0.210s] DEBUG:colcon.colcon_core.package_identification:Package 'src/ros2_lidar_camera_fusion_with_detection' with type 'ros.ament_python' and name 'ros2_lidar_camera_fusion_with_detection'
[0.210s] Level 1:colcon.colcon_core.package_identification:_identify(src/yolo_bringup) by extensions ['ignore', 'ignore_ament_install']
[0.210s] Level 1:colcon.colcon_core.package_identification:_identify(src/yolo_bringup) by extension 'ignore'
[0.210s] Level 1:colcon.colcon_core.package_identification:_identify(src/yolo_bringup) by extension 'ignore_ament_install'
[0.210s] Level 1:colcon.colcon_core.package_identification:_identify(src/yolo_bringup) by extensions ['colcon_pkg']
[0.210s] Level 1:colcon.colcon_core.package_identification:_identify(src/yolo_bringup) by extension 'colcon_pkg'
[0.210s] Level 1:colcon.colcon_core.package_identification:_identify(src/yolo_bringup) by extensions ['colcon_meta']
[0.210s] Level 1:colcon.colcon_core.package_identification:_identify(src/yolo_bringup) by extension 'colcon_meta'
[0.210s] Level 1:colcon.colcon_core.package_identification:_identify(src/yolo_bringup) by extensions ['ros']
[0.210s] Level 1:colcon.colcon_core.package_identification:_identify(src/yolo_bringup) by extension 'ros'
[0.211s] DEBUG:colcon.colcon_core.package_identification:Package 'src/yolo_bringup' with type 'ros.ament_cmake' and name 'yolo_bringup'
[0.211s] Level 1:colcon.colcon_core.package_identification:_identify(src/yolo_msgs) by extensions ['ignore', 'ignore_ament_install']
[0.211s] Level 1:colcon.colcon_core.package_identification:_identify(src/yolo_msgs) by extension 'ignore'
[0.211s] Level 1:colcon.colcon_core.package_identification:_identify(src/yolo_msgs) by extension 'ignore_ament_install'
[0.211s] Level 1:colcon.colcon_core.package_identification:_identify(src/yolo_msgs) by extensions ['colcon_pkg']
[0.211s] Level 1:colcon.colcon_core.package_identification:_identify(src/yolo_msgs) by extension 'colcon_pkg'
[0.211s] Level 1:colcon.colcon_core.package_identification:_identify(src/yolo_msgs) by extensions ['colcon_meta']
[0.211s] Level 1:colcon.colcon_core.package_identification:_identify(src/yolo_msgs) by extension 'colcon_meta'
[0.211s] Level 1:colcon.colcon_core.package_identification:_identify(src/yolo_msgs) by extensions ['ros']
[0.211s] Level 1:colcon.colcon_core.package_identification:_identify(src/yolo_msgs) by extension 'ros'
[0.211s] DEBUG:colcon.colcon_core.package_identification:Package 'src/yolo_msgs' with type 'ros.ament_cmake' and name 'yolo_msgs'
[0.211s] Level 1:colcon.colcon_core.package_identification:_identify(src/yolo_ros) by extensions ['ignore', 'ignore_ament_install']
[0.211s] Level 1:colcon.colcon_core.package_identification:_identify(src/yolo_ros) by extension 'ignore'
[0.211s] Level 1:colcon.colcon_core.package_identification:_identify(src/yolo_ros) by extension 'ignore_ament_install'
[0.211s] Level 1:colcon.colcon_core.package_identification:_identify(src/yolo_ros) by extensions ['colcon_pkg']
[0.211s] Level 1:colcon.colcon_core.package_identification:_identify(src/yolo_ros) by extension 'colcon_pkg'
[0.212s] Level 1:colcon.colcon_core.package_identification:_identify(src/yolo_ros) by extensions ['colcon_meta']
[0.212s] Level 1:colcon.colcon_core.package_identification:_identify(src/yolo_ros) by extension 'colcon_meta'
[0.212s] Level 1:colcon.colcon_core.package_identification:_identify(src/yolo_ros) by extensions ['ros']
[0.212s] Level 1:colcon.colcon_core.package_identification:_identify(src/yolo_ros) by extension 'ros'
[0.212s] DEBUG:colcon.colcon_core.package_identification:Package 'src/yolo_ros' with type 'ros.ament_python' and name 'yolo_ros'
[0.212s] Level 1:colcon.colcon_core.package_discovery:discover_packages(recursive) using defaults
[0.212s] Level 1:colcon.colcon_core.package_discovery:discover_packages(ignore) discover
[0.212s] Level 1:colcon.colcon_core.package_discovery:discover_packages(ignore) using defaults
[0.212s] Level 1:colcon.colcon_core.package_discovery:discover_packages(path) discover
[0.212s] Level 1:colcon.colcon_core.package_discovery:discover_packages(path) using defaults
[0.231s] Level 1:colcon.colcon_core.package_discovery:discover_packages(prefix_path) check parameters
[0.231s] Level 1:colcon.colcon_core.package_discovery:discover_packages(prefix_path) discover
[0.232s] DEBUG:colcon.colcon_installed_package_information.package_discovery:Found 272 installed packages in /opt/ros/humble
[0.233s] Level 1:colcon.colcon_core.package_discovery:discover_packages(prefix_path) using defaults
[0.250s] Level 5:colcon.colcon_core.verb:set package 'camera_msg' build argument 'cmake_args' from command line to 'None'
[0.250s] Level 5:colcon.colcon_core.verb:set package 'camera_msg' build argument 'cmake_target' from command line to 'None'
[0.250s] Level 5:colcon.colcon_core.verb:set package 'camera_msg' build argument 'cmake_target_skip_unavailable' from command line to 'False'
[0.250s] Level 5:colcon.colcon_core.verb:set package 'camera_msg' build argument 'cmake_clean_cache' from command line to 'False'
[0.250s] Level 5:colcon.colcon_core.verb:set package 'camera_msg' build argument 'cmake_clean_first' from command line to 'False'
[0.250s] Level 5:colcon.colcon_core.verb:set package 'camera_msg' build argument 'cmake_force_configure' from command line to 'False'
[0.250s] Level 5:colcon.colcon_core.verb:set package 'camera_msg' build argument 'ament_cmake_args' from command line to 'None'
[0.250s] Level 5:colcon.colcon_core.verb:set package 'camera_msg' build argument 'catkin_cmake_args' from command line to 'None'
[0.250s] Level 5:colcon.colcon_core.verb:set package 'camera_msg' build argument 'catkin_skip_building_tests' from command line to 'False'
[0.250s] DEBUG:colcon.colcon_core.verb:Building package 'camera_msg' with the following arguments: {'ament_cmake_args': None, 'build_base': '/home/x/Documents/at20260415workspace/workspace/camera/build/camera_msg', 'catkin_cmake_args': None, 'catkin_skip_building_tests': False, 'cmake_args': None, 'cmake_clean_cache': False, 'cmake_clean_first': False, 'cmake_force_configure': False, 'cmake_target': None, 'cmake_target_skip_unavailable': False, 'install_base': '/home/x/Documents/at20260415workspace/workspace/camera/install/camera_msg', 'merge_install': False, 'path': '/home/x/Documents/at20260415workspace/workspace/camera/src/camera_msg', 'symlink_install': False, 'test_result_base': None}
[0.250s] Level 5:colcon.colcon_core.verb:set package 'yolo_msgs' build argument 'cmake_args' from command line to 'None'
[0.250s] Level 5:colcon.colcon_core.verb:set package 'yolo_msgs' build argument 'cmake_target' from command line to 'None'
[0.250s] Level 5:colcon.colcon_core.verb:set package 'yolo_msgs' build argument 'cmake_target_skip_unavailable' from command line to 'False'
[0.250s] Level 5:colcon.colcon_core.verb:set package 'yolo_msgs' build argument 'cmake_clean_cache' from command line to 'False'
[0.250s] Level 5:colcon.colcon_core.verb:set package 'yolo_msgs' build argument 'cmake_clean_first' from command line to 'False'
[0.250s] Level 5:colcon.colcon_core.verb:set package 'yolo_msgs' build argument 'cmake_force_configure' from command line to 'False'
[0.250s] Level 5:colcon.colcon_core.verb:set package 'yolo_msgs' build argument 'ament_cmake_args' from command line to 'None'
[0.250s] Level 5:colcon.colcon_core.verb:set package 'yolo_msgs' build argument 'catkin_cmake_args' from command line to 'None'
[0.250s] Level 5:colcon.colcon_core.verb:set package 'yolo_msgs' build argument 'catkin_skip_building_tests' from command line to 'False'
[0.250s] DEBUG:colcon.colcon_core.verb:Building package 'yolo_msgs' with the following arguments: {'ament_cmake_args': None, 'build_base': '/home/x/Documents/at20260415workspace/workspace/camera/build/yolo_msgs', 'catkin_cmake_args': None, 'catkin_skip_building_tests': False, 'cmake_args': None, 'cmake_clean_cache': False, 'cmake_clean_first': False, 'cmake_force_configure': False, 'cmake_target': None, 'cmake_target_skip_unavailable': False, 'install_base': '/home/x/Documents/at20260415workspace/workspace/camera/install/yolo_msgs', 'merge_install': False, 'path': '/home/x/Documents/at20260415workspace/workspace/camera/src/yolo_msgs', 'symlink_install': False, 'test_result_base': None}
[0.250s] Level 5:colcon.colcon_core.verb:set package 'camera_node' build argument 'cmake_args' from command line to 'None'
[0.250s] Level 5:colcon.colcon_core.verb:set package 'camera_node' build argument 'cmake_target' from command line to 'None'
[0.250s] Level 5:colcon.colcon_core.verb:set package 'camera_node' build argument 'cmake_target_skip_unavailable' from command line to 'False'
[0.250s] Level 5:colcon.colcon_core.verb:set package 'camera_node' build argument 'cmake_clean_cache' from command line to 'False'
[0.250s] Level 5:colcon.colcon_core.verb:set package 'camera_node' build argument 'cmake_clean_first' from command line to 'False'
[0.250s] Level 5:colcon.colcon_core.verb:set package 'camera_node' build argument 'cmake_force_configure' from command line to 'False'
[0.250s] Level 5:colcon.colcon_core.verb:set package 'camera_node' build argument 'ament_cmake_args' from command line to 'None'
[0.251s] Level 5:colcon.colcon_core.verb:set package 'camera_node' build argument 'catkin_cmake_args' from command line to 'None'
[0.251s] Level 5:colcon.colcon_core.verb:set package 'camera_node' build argument 'catkin_skip_building_tests' from command line to 'False'
[0.251s] DEBUG:colcon.colcon_core.verb:Building package 'camera_node' with the following arguments: {'ament_cmake_args': None, 'build_base': '/home/x/Documents/at20260415workspace/workspace/camera/build/camera_node', 'catkin_cmake_args': None, 'catkin_skip_building_tests': False, 'cmake_args': None, 'cmake_clean_cache': False, 'cmake_clean_first': False, 'cmake_force_configure': False, 'cmake_target': None, 'cmake_target_skip_unavailable': False, 'install_base': '/home/x/Documents/at20260415workspace/workspace/camera/install/camera_node', 'merge_install': False, 'path': '/home/x/Documents/at20260415workspace/workspace/camera/src/camera_node', 'symlink_install': False, 'test_result_base': None}
[0.251s] Level 5:colcon.colcon_core.verb:set package 'ros2_lidar_camera_fusion_with_detection' build argument 'cmake_args' from command line to 'None'
[0.251s] Level 5:colcon.colcon_core.verb:set package 'ros2_lidar_camera_fusion_with_detection' build argument 'cmake_target' from command line to 'None'
[0.251s] Level 5:colcon.colcon_core.verb:set package 'ros2_lidar_camera_fusion_with_detection' build argument 'cmake_target_skip_unavailable' from command line to 'False'
[0.251s] Level 5:colcon.colcon_core.verb:set package 'ros2_lidar_camera_fusion_with_detection' build argument 'cmake_clean_cache' from command line to 'False'
[0.251s] Level 5:colcon.colcon_core.verb:set package 'ros2_lidar_camera_fusion_with_detection' build argument 'cmake_clean_first' from command line to 'False'
[0.251s] Level 5:colcon.colcon_core.verb:set package 'ros2_lidar_camera_fusion_with_detection' build argument 'cmake_force_configure' from command line to 'False'
[0.251s] Level 5:colcon.colcon_core.verb:set package 'ros2_lidar_camera_fusion_with_detection' build argument 'ament_cmake_args' from command line to 'None'
[0.251s] Level 5:colcon.colcon_core.verb:set package 'ros2_lidar_camera_fusion_with_detection' build argument 'catkin_cmake_args' from command line to 'None'
[0.251s] Level 5:colcon.colcon_core.verb:set package 'ros2_lidar_camera_fusion_with_detection' build argument 'catkin_skip_building_tests' from command line to 'False'
[0.251s] DEBUG:colcon.colcon_core.verb:Building package 'ros2_lidar_camera_fusion_with_detection' with the following arguments: {'ament_cmake_args': None, 'build_base': '/home/x/Documents/at20260415workspace/workspace/camera/build/ros2_lidar_camera_fusion_with_detection', 'catkin_cmake_args': None, 'catkin_skip_building_tests': False, 'cmake_args': None, 'cmake_clean_cache': False, 'cmake_clean_first': False, 'cmake_force_configure': False, 'cmake_target': None, 'cmake_target_skip_unavailable': False, 'install_base': '/home/x/Documents/at20260415workspace/workspace/camera/install/ros2_lidar_camera_fusion_with_detection', 'merge_install': False, 'path': '/home/x/Documents/at20260415workspace/workspace/camera/src/ros2_lidar_camera_fusion_with_detection', 'symlink_install': False, 'test_result_base': None}
[0.251s] Level 5:colcon.colcon_core.verb:set package 'yolo_ros' build argument 'cmake_args' from command line to 'None'
[0.251s] Level 5:colcon.colcon_core.verb:set package 'yolo_ros' build argument 'cmake_target' from command line to 'None'
[0.251s] Level 5:colcon.colcon_core.verb:set package 'yolo_ros' build argument 'cmake_target_skip_unavailable' from command line to 'False'
[0.251s] Level 5:colcon.colcon_core.verb:set package 'yolo_ros' build argument 'cmake_clean_cache' from command line to 'False'
[0.251s] Level 5:colcon.colcon_core.verb:set package 'yolo_ros' build argument 'cmake_clean_first' from command line to 'False'
[0.251s] Level 5:colcon.colcon_core.verb:set package 'yolo_ros' build argument 'cmake_force_configure' from command line to 'False'
[0.251s] Level 5:colcon.colcon_core.verb:set package 'yolo_ros' build argument 'ament_cmake_args' from command line to 'None'
[0.251s] Level 5:colcon.colcon_core.verb:set package 'yolo_ros' build argument 'catkin_cmake_args' from command line to 'None'
[0.251s] Level 5:colcon.colcon_core.verb:set package 'yolo_ros' build argument 'catkin_skip_building_tests' from command line to 'False'
[0.251s] DEBUG:colcon.colcon_core.verb:Building package 'yolo_ros' with the following arguments: {'ament_cmake_args': None, 'build_base': '/home/x/Documents/at20260415workspace/workspace/camera/build/yolo_ros', 'catkin_cmake_args': None, 'catkin_skip_building_tests': False, 'cmake_args': None, 'cmake_clean_cache': False, 'cmake_clean_first': False, 'cmake_force_configure': False, 'cmake_target': None, 'cmake_target_skip_unavailable': False, 'install_base': '/home/x/Documents/at20260415workspace/workspace/camera/install/yolo_ros', 'merge_install': False, 'path': '/home/x/Documents/at20260415workspace/workspace/camera/src/yolo_ros', 'symlink_install': False, 'test_result_base': None}
[0.251s] Level 5:colcon.colcon_core.verb:set package 'yolo_bringup' build argument 'cmake_args' from command line to 'None'
[0.251s] Level 5:colcon.colcon_core.verb:set package 'yolo_bringup' build argument 'cmake_target' from command line to 'None'
[0.251s] Level 5:colcon.colcon_core.verb:set package 'yolo_bringup' build argument 'cmake_target_skip_unavailable' from command line to 'False'
[0.251s] Level 5:colcon.colcon_core.verb:set package 'yolo_bringup' build argument 'cmake_clean_cache' from command line to 'False'
[0.251s] Level 5:colcon.colcon_core.verb:set package 'yolo_bringup' build argument 'cmake_clean_first' from command line to 'False'
[0.251s] Level 5:colcon.colcon_core.verb:set package 'yolo_bringup' build argument 'cmake_force_configure' from command line to 'False'
[0.251s] Level 5:colcon.colcon_core.verb:set package 'yolo_bringup' build argument 'ament_cmake_args' from command line to 'None'
[0.251s] Level 5:colcon.colcon_core.verb:set package 'yolo_bringup' build argument 'catkin_cmake_args' from command line to 'None'
[0.251s] Level 5:colcon.colcon_core.verb:set package 'yolo_bringup' build argument 'catkin_skip_building_tests' from command line to 'False'
[0.251s] DEBUG:colcon.colcon_core.verb:Building package 'yolo_bringup' with the following arguments: {'ament_cmake_args': None, 'build_base': '/home/x/Documents/at20260415workspace/workspace/camera/build/yolo_bringup', 'catkin_cmake_args': None, 'catkin_skip_building_tests': False, 'cmake_args': None, 'cmake_clean_cache': False, 'cmake_clean_first': False, 'cmake_force_configure': False, 'cmake_target': None, 'cmake_target_skip_unavailable': False, 'install_base': '/home/x/Documents/at20260415workspace/workspace/camera/install/yolo_bringup', 'merge_install': False, 'path': '/home/x/Documents/at20260415workspace/workspace/camera/src/yolo_bringup', 'symlink_install': False, 'test_result_base': None}
[0.251s] INFO:colcon.colcon_core.executor:Executing jobs using 'parallel' executor
[0.252s] DEBUG:colcon.colcon_parallel_executor.executor.parallel:run_until_complete
[0.252s] INFO:colcon.colcon_ros.task.ament_cmake.build:Building ROS package in '/home/x/Documents/at20260415workspace/workspace/camera/src/yolo_msgs' with build type 'ament_cmake'
[0.252s] INFO:colcon.colcon_cmake.task.cmake.build:Building CMake package in '/home/x/Documents/at20260415workspace/workspace/camera/src/yolo_msgs'
[0.255s] INFO:colcon.colcon_core.plugin_system:Skipping extension 'colcon_core.shell.bat': Not used on non-Windows systems
[0.255s] INFO:colcon.colcon_core.shell:Skip shell extension 'powershell' for command environment: Not usable outside of PowerShell
[0.255s] DEBUG:colcon.colcon_core.shell:Skip shell extension 'dsv' for command environment
[0.256s] INFO:colcon.colcon_ros.task.ament_cmake.build:Building ROS package in '/home/x/Documents/at20260415workspace/workspace/camera/src/camera_msg' with build type 'ament_cmake'
[0.256s] INFO:colcon.colcon_cmake.task.cmake.build:Building CMake package in '/home/x/Documents/at20260415workspace/workspace/camera/src/camera_msg'
[0.257s] INFO:colcon.colcon_core.shell:Skip shell extension 'powershell' for command environment: Not usable outside of PowerShell
[0.257s] DEBUG:colcon.colcon_core.shell:Skip shell extension 'dsv' for command environment
[0.261s] DEBUG:colcon.colcon_core.event_handler.log_command:Invoking command in '/home/x/Documents/at20260415workspace/workspace/camera/build/yolo_msgs': CMAKE_PREFIX_PATH=/opt/ros/humble /usr/bin/cmake /home/x/Documents/at20260415workspace/workspace/camera/src/yolo_msgs -DCMAKE_INSTALL_PREFIX=/home/x/Documents/at20260415workspace/workspace/camera/install/yolo_msgs
[0.262s] DEBUG:colcon.colcon_core.event_handler.log_command:Invoking command in '/home/x/Documents/at20260415workspace/workspace/camera/build/camera_msg': CMAKE_PREFIX_PATH=/opt/ros/humble /usr/bin/cmake /home/x/Documents/at20260415workspace/workspace/camera/src/camera_msg -DCMAKE_INSTALL_PREFIX=/home/x/Documents/at20260415workspace/workspace/camera/install/camera_msg
[1.407s] DEBUG:colcon.colcon_core.event_handler.log_command:Invoked command in '/home/x/Documents/at20260415workspace/workspace/camera/build/camera_msg' returned '0': CMAKE_PREFIX_PATH=/opt/ros/humble /usr/bin/cmake /home/x/Documents/at20260415workspace/workspace/camera/src/camera_msg -DCMAKE_INSTALL_PREFIX=/home/x/Documents/at20260415workspace/workspace/camera/install/camera_msg
[1.408s] DEBUG:colcon.colcon_core.event_handler.log_command:Invoking command in '/home/x/Documents/at20260415workspace/workspace/camera/build/camera_msg': CMAKE_PREFIX_PATH=/opt/ros/humble /usr/bin/cmake --build /home/x/Documents/at20260415workspace/workspace/camera/build/camera_msg -- -j20 -l20
[1.544s] DEBUG:colcon.colcon_core.event_handler.log_command:Invoked command in '/home/x/Documents/at20260415workspace/workspace/camera/build/yolo_msgs' returned '0': CMAKE_PREFIX_PATH=/opt/ros/humble /usr/bin/cmake /home/x/Documents/at20260415workspace/workspace/camera/src/yolo_msgs -DCMAKE_INSTALL_PREFIX=/home/x/Documents/at20260415workspace/workspace/camera/install/yolo_msgs
[1.545s] DEBUG:colcon.colcon_core.event_handler.log_command:Invoking command in '/home/x/Documents/at20260415workspace/workspace/camera/build/yolo_msgs': CMAKE_PREFIX_PATH=/opt/ros/humble /usr/bin/cmake --build /home/x/Documents/at20260415workspace/workspace/camera/build/yolo_msgs -- -j20 -l20
[2.794s] DEBUG:colcon.colcon_core.event_handler.log_command:Invoked command in '/home/x/Documents/at20260415workspace/workspace/camera/build/camera_msg' returned '0': CMAKE_PREFIX_PATH=/opt/ros/humble /usr/bin/cmake --build /home/x/Documents/at20260415workspace/workspace/camera/build/camera_msg -- -j20 -l20
[2.801s] DEBUG:colcon.colcon_core.event_handler.log_command:Invoking command in '/home/x/Documents/at20260415workspace/workspace/camera/build/camera_msg': CMAKE_PREFIX_PATH=/opt/ros/humble /usr/bin/cmake --install /home/x/Documents/at20260415workspace/workspace/camera/build/camera_msg
[2.849s] Level 1:colcon.colcon_core.environment:create_environment_scripts_only(camera_msg)
[2.850s] DEBUG:colcon.colcon_core.event_handler.log_command:Invoked command in '/home/x/Documents/at20260415workspace/workspace/camera/build/camera_msg' returned '0': CMAKE_PREFIX_PATH=/opt/ros/humble /usr/bin/cmake --install /home/x/Documents/at20260415workspace/workspace/camera/build/camera_msg
[2.854s] Level 1:colcon.colcon_core.environment:checking '/home/x/Documents/at20260415workspace/workspace/camera/install/camera_msg' for CMake module files
[2.855s] Level 1:colcon.colcon_core.environment:checking '/home/x/Documents/at20260415workspace/workspace/camera/install/camera_msg' for CMake config files
[2.856s] Level 1:colcon.colcon_core.shell:create_environment_hook('camera_msg', 'cmake_prefix_path')
[2.856s] INFO:colcon.colcon_core.shell:Creating environment hook '/home/x/Documents/at20260415workspace/workspace/camera/install/camera_msg/share/camera_msg/hook/cmake_prefix_path.ps1'
[2.857s] INFO:colcon.colcon_core.shell:Creating environment descriptor '/home/x/Documents/at20260415workspace/workspace/camera/install/camera_msg/share/camera_msg/hook/cmake_prefix_path.dsv'
[2.858s] INFO:colcon.colcon_core.shell:Creating environment hook '/home/x/Documents/at20260415workspace/workspace/camera/install/camera_msg/share/camera_msg/hook/cmake_prefix_path.sh'
[2.859s] Level 1:colcon.colcon_core.environment:checking '/home/x/Documents/at20260415workspace/workspace/camera/install/camera_msg/lib'
[2.859s] Level 1:colcon.colcon_core.shell:create_environment_hook('camera_msg', 'ld_library_path_lib')
[2.859s] INFO:colcon.colcon_core.shell:Creating environment hook '/home/x/Documents/at20260415workspace/workspace/camera/install/camera_msg/share/camera_msg/hook/ld_library_path_lib.ps1'
[2.860s] INFO:colcon.colcon_core.shell:Creating environment descriptor '/home/x/Documents/at20260415workspace/workspace/camera/install/camera_msg/share/camera_msg/hook/ld_library_path_lib.dsv'
[2.860s] INFO:colcon.colcon_core.shell:Creating environment hook '/home/x/Documents/at20260415workspace/workspace/camera/install/camera_msg/share/camera_msg/hook/ld_library_path_lib.sh'
[2.862s] Level 1:colcon.colcon_core.environment:checking '/home/x/Documents/at20260415workspace/workspace/camera/install/camera_msg/bin'
[2.862s] Level 1:colcon.colcon_core.environment:checking '/home/x/Documents/at20260415workspace/workspace/camera/install/camera_msg/lib/pkgconfig/camera_msg.pc'
[2.862s] Level 1:colcon.colcon_core.environment:checking '/home/x/Documents/at20260415workspace/workspace/camera/install/camera_msg/lib/python3.10/site-packages'
[2.862s] Level 1:colcon.colcon_core.environment:checking '/home/x/Documents/at20260415workspace/workspace/camera/install/camera_msg/bin'
[2.863s] INFO:colcon.colcon_core.shell:Creating package script '/home/x/Documents/at20260415workspace/workspace/camera/install/camera_msg/share/camera_msg/package.ps1'
[2.864s] INFO:colcon.colcon_core.shell:Creating package descriptor '/home/x/Documents/at20260415workspace/workspace/camera/install/camera_msg/share/camera_msg/package.dsv'
[2.865s] INFO:colcon.colcon_core.shell:Creating package script '/home/x/Documents/at20260415workspace/workspace/camera/install/camera_msg/share/camera_msg/package.sh'
[2.871s] INFO:colcon.colcon_core.shell:Creating package script '/home/x/Documents/at20260415workspace/workspace/camera/install/camera_msg/share/camera_msg/package.bash'
[2.873s] INFO:colcon.colcon_core.shell:Creating package script '/home/x/Documents/at20260415workspace/workspace/camera/install/camera_msg/share/camera_msg/package.zsh'
[2.880s] Level 1:colcon.colcon_core.environment:create_file_with_runtime_dependencies(/home/x/Documents/at20260415workspace/workspace/camera/install/camera_msg/share/colcon-core/packages/camera_msg)
[2.882s] Level 1:colcon.colcon_core.environment:create_environment_scripts_only(camera_msg)
[2.882s] Level 1:colcon.colcon_core.environment:checking '/home/x/Documents/at20260415workspace/workspace/camera/install/camera_msg' for CMake module files
[2.883s] Level 1:colcon.colcon_core.environment:checking '/home/x/Documents/at20260415workspace/workspace/camera/install/camera_msg' for CMake config files
[2.888s] Level 1:colcon.colcon_core.shell:create_environment_hook('camera_msg', 'cmake_prefix_path')
[2.889s] INFO:colcon.colcon_core.shell:Creating environment hook '/home/x/Documents/at20260415workspace/workspace/camera/install/camera_msg/share/camera_msg/hook/cmake_prefix_path.ps1'
[2.890s] INFO:colcon.colcon_core.shell:Creating environment descriptor '/home/x/Documents/at20260415workspace/workspace/camera/install/camera_msg/share/camera_msg/hook/cmake_prefix_path.dsv'
[2.890s] INFO:colcon.colcon_core.shell:Creating environment hook '/home/x/Documents/at20260415workspace/workspace/camera/install/camera_msg/share/camera_msg/hook/cmake_prefix_path.sh'
[2.891s] Level 1:colcon.colcon_core.environment:checking '/home/x/Documents/at20260415workspace/workspace/camera/install/camera_msg/lib'
[2.891s] Level 1:colcon.colcon_core.shell:create_environment_hook('camera_msg', 'ld_library_path_lib')
[2.891s] INFO:colcon.colcon_core.shell:Creating environment hook '/home/x/Documents/at20260415workspace/workspace/camera/install/camera_msg/share/camera_msg/hook/ld_library_path_lib.ps1'
[2.892s] INFO:colcon.colcon_core.shell:Creating environment descriptor '/home/x/Documents/at20260415workspace/workspace/camera/install/camera_msg/share/camera_msg/hook/ld_library_path_lib.dsv'
[2.892s] INFO:colcon.colcon_core.shell:Creating environment hook '/home/x/Documents/at20260415workspace/workspace/camera/install/camera_msg/share/camera_msg/hook/ld_library_path_lib.sh'
[2.893s] Level 1:colcon.colcon_core.environment:checking '/home/x/Documents/at20260415workspace/workspace/camera/install/camera_msg/bin'
[2.893s] Level 1:colcon.colcon_core.environment:checking '/home/x/Documents/at20260415workspace/workspace/camera/install/camera_msg/lib/pkgconfig/camera_msg.pc'
[2.893s] Level 1:colcon.colcon_core.environment:checking '/home/x/Documents/at20260415workspace/workspace/camera/install/camera_msg/lib/python3.10/site-packages'
[2.894s] Level 1:colcon.colcon_core.environment:checking '/home/x/Documents/at20260415workspace/workspace/camera/install/camera_msg/bin'
[2.894s] INFO:colcon.colcon_core.shell:Creating package script '/home/x/Documents/at20260415workspace/workspace/camera/install/camera_msg/share/camera_msg/package.ps1'
[2.895s] INFO:colcon.colcon_core.shell:Creating package descriptor '/home/x/Documents/at20260415workspace/workspace/camera/install/camera_msg/share/camera_msg/package.dsv'
[2.896s] INFO:colcon.colcon_core.shell:Creating package script '/home/x/Documents/at20260415workspace/workspace/camera/install/camera_msg/share/camera_msg/package.sh'
[2.897s] INFO:colcon.colcon_core.shell:Creating package script '/home/x/Documents/at20260415workspace/workspace/camera/install/camera_msg/share/camera_msg/package.bash'
[2.897s] INFO:colcon.colcon_core.shell:Creating package script '/home/x/Documents/at20260415workspace/workspace/camera/install/camera_msg/share/camera_msg/package.zsh'
[2.898s] Level 1:colcon.colcon_core.environment:create_file_with_runtime_dependencies(/home/x/Documents/at20260415workspace/workspace/camera/install/camera_msg/share/colcon-core/packages/camera_msg)
[2.898s] INFO:colcon.colcon_ros.task.ament_python.build:Building ROS package in '/home/x/Documents/at20260415workspace/workspace/camera/src/camera_node' with build type 'ament_python'
[2.898s] Level 1:colcon.colcon_core.shell:create_environment_hook('camera_node', 'ament_prefix_path')
[2.899s] INFO:colcon.colcon_core.shell:Creating environment hook '/home/x/Documents/at20260415workspace/workspace/camera/install/camera_node/share/camera_node/hook/ament_prefix_path.ps1'
[2.900s] INFO:colcon.colcon_core.shell:Creating environment descriptor '/home/x/Documents/at20260415workspace/workspace/camera/install/camera_node/share/camera_node/hook/ament_prefix_path.dsv'
[2.900s] INFO:colcon.colcon_core.shell:Creating environment hook '/home/x/Documents/at20260415workspace/workspace/camera/install/camera_node/share/camera_node/hook/ament_prefix_path.sh'
[2.901s] INFO:colcon.colcon_core.shell:Skip shell extension 'powershell' for command environment: Not usable outside of PowerShell
[2.902s] DEBUG:colcon.colcon_core.shell:Skip shell extension 'dsv' for command environment
[3.285s] INFO:colcon.colcon_core.task.python.build:Building Python package in '/home/x/Documents/at20260415workspace/workspace/camera/src/camera_node'
[3.285s] INFO:colcon.colcon_core.shell:Skip shell extension 'powershell' for command environment: Not usable outside of PowerShell
[3.285s] DEBUG:colcon.colcon_core.shell:Skip shell extension 'dsv' for command environment
[3.832s] DEBUG:colcon.colcon_core.event_handler.log_command:Invoking command in '/home/x/Documents/at20260415workspace/workspace/camera/src/camera_node': AMENT_PREFIX_PATH=/home/x/Documents/at20260415workspace/workspace/camera/install/camera_msg:${AMENT_PREFIX_PATH} CMAKE_PREFIX_PATH=/home/x/Documents/at20260415workspace/workspace/camera/install/camera_msg LD_LIBRARY_PATH=/home/x/Documents/at20260415workspace/workspace/camera/install/camera_msg/lib:${LD_LIBRARY_PATH} PYTHONPATH=/home/x/Documents/at20260415workspace/workspace/camera/build/camera_node/prefix_override:/usr/lib/python3/dist-packages/colcon_core/task/python/colcon_distutils_commands:/home/x/Documents/at20260415workspace/workspace/camera/install/camera_node/lib/python3.10/site-packages:/home/x/Documents/at20260415workspace/workspace/camera/install/camera_msg/local/lib/python3.10/dist-packages:${PYTHONPATH} /usr/bin/python3 -W ignore:setup.py install is deprecated -W ignore:easy_install command is deprecated setup.py egg_info --egg-base ../../build/camera_node build --build-base /home/x/Documents/at20260415workspace/workspace/camera/build/camera_node/build install --record /home/x/Documents/at20260415workspace/workspace/camera/build/camera_node/install.log --single-version-externally-managed install_data
[4.204s] Level 1:colcon.colcon_core.environment:checking '/home/x/Documents/at20260415workspace/workspace/camera/install/camera_node' for CMake module files
[4.204s] Level 1:colcon.colcon_core.environment:checking '/home/x/Documents/at20260415workspace/workspace/camera/install/camera_node' for CMake config files
[4.205s] Level 1:colcon.colcon_core.environment:checking '/home/x/Documents/at20260415workspace/workspace/camera/install/camera_node/lib'
[4.205s] Level 1:colcon.colcon_core.environment:checking '/home/x/Documents/at20260415workspace/workspace/camera/install/camera_node/bin'
[4.205s] Level 1:colcon.colcon_core.environment:checking '/home/x/Documents/at20260415workspace/workspace/camera/install/camera_node/lib/pkgconfig/camera_node.pc'
[4.206s] Level 1:colcon.colcon_core.environment:checking '/home/x/Documents/at20260415workspace/workspace/camera/install/camera_node/lib/python3.10/site-packages'
[4.206s] Level 1:colcon.colcon_core.shell:create_environment_hook('camera_node', 'pythonpath')
[4.209s] INFO:colcon.colcon_core.shell:Creating environment hook '/home/x/Documents/at20260415workspace/workspace/camera/install/camera_node/share/camera_node/hook/pythonpath.ps1'
[4.210s] INFO:colcon.colcon_core.shell:Creating environment descriptor '/home/x/Documents/at20260415workspace/workspace/camera/install/camera_node/share/camera_node/hook/pythonpath.dsv'
[4.211s] INFO:colcon.colcon_core.shell:Creating environment hook '/home/x/Documents/at20260415workspace/workspace/camera/install/camera_node/share/camera_node/hook/pythonpath.sh'
[4.212s] Level 1:colcon.colcon_core.environment:checking '/home/x/Documents/at20260415workspace/workspace/camera/install/camera_node/bin'
[4.215s] Level 1:colcon.colcon_core.environment:create_environment_scripts_only(camera_node)
[4.216s] INFO:colcon.colcon_core.shell:Creating package script '/home/x/Documents/at20260415workspace/workspace/camera/install/camera_node/share/camera_node/package.ps1'
[4.217s] INFO:colcon.colcon_core.shell:Creating package descriptor '/home/x/Documents/at20260415workspace/workspace/camera/install/camera_node/share/camera_node/package.dsv'
[4.217s] INFO:colcon.colcon_core.shell:Creating package script '/home/x/Documents/at20260415workspace/workspace/camera/install/camera_node/share/camera_node/package.sh'
[4.221s] INFO:colcon.colcon_core.shell:Creating package script '/home/x/Documents/at20260415workspace/workspace/camera/install/camera_node/share/camera_node/package.bash'
[4.222s] INFO:colcon.colcon_core.shell:Creating package script '/home/x/Documents/at20260415workspace/workspace/camera/install/camera_node/share/camera_node/package.zsh'
[4.223s] Level 1:colcon.colcon_core.environment:create_file_with_runtime_dependencies(/home/x/Documents/at20260415workspace/workspace/camera/install/camera_node/share/colcon-core/packages/camera_node)
[4.224s] DEBUG:colcon.colcon_core.event_handler.log_command:Invoked command in '/home/x/Documents/at20260415workspace/workspace/camera/src/camera_node' returned '0': AMENT_PREFIX_PATH=/home/x/Documents/at20260415workspace/workspace/camera/install/camera_msg:${AMENT_PREFIX_PATH} CMAKE_PREFIX_PATH=/home/x/Documents/at20260415workspace/workspace/camera/install/camera_msg LD_LIBRARY_PATH=/home/x/Documents/at20260415workspace/workspace/camera/install/camera_msg/lib:${LD_LIBRARY_PATH} PYTHONPATH=/home/x/Documents/at20260415workspace/workspace/camera/build/camera_node/prefix_override:/usr/lib/python3/dist-packages/colcon_core/task/python/colcon_distutils_commands:/home/x/Documents/at20260415workspace/workspace/camera/install/camera_node/lib/python3.10/site-packages:/home/x/Documents/at20260415workspace/workspace/camera/install/camera_msg/local/lib/python3.10/dist-packages:${PYTHONPATH} /usr/bin/python3 -W ignore:setup.py install is deprecated -W ignore:easy_install command is deprecated setup.py egg_info --egg-base ../../build/camera_node build --build-base /home/x/Documents/at20260415workspace/workspace/camera/build/camera_node/build install --record /home/x/Documents/at20260415workspace/workspace/camera/build/camera_node/install.log --single-version-externally-managed install_data
[5.921s] DEBUG:colcon.colcon_core.event_handler.log_command:Invoked command in '/home/x/Documents/at20260415workspace/workspace/camera/build/yolo_msgs' returned '0': CMAKE_PREFIX_PATH=/opt/ros/humble /usr/bin/cmake --build /home/x/Documents/at20260415workspace/workspace/camera/build/yolo_msgs -- -j20 -l20
[5.922s] DEBUG:colcon.colcon_core.event_handler.log_command:Invoking command in '/home/x/Documents/at20260415workspace/workspace/camera/build/yolo_msgs': CMAKE_PREFIX_PATH=/opt/ros/humble /usr/bin/cmake --install /home/x/Documents/at20260415workspace/workspace/camera/build/yolo_msgs
[5.982s] Level 1:colcon.colcon_core.environment:create_environment_scripts_only(yolo_msgs)
[5.982s] Level 1:colcon.colcon_core.environment:checking '/home/x/Documents/at20260415workspace/workspace/camera/install/yolo_msgs' for CMake module files
[5.983s] DEBUG:colcon.colcon_core.event_handler.log_command:Invoked command in '/home/x/Documents/at20260415workspace/workspace/camera/build/yolo_msgs' returned '0': CMAKE_PREFIX_PATH=/opt/ros/humble /usr/bin/cmake --install /home/x/Documents/at20260415workspace/workspace/camera/build/yolo_msgs
[5.983s] Level 1:colcon.colcon_core.environment:checking '/home/x/Documents/at20260415workspace/workspace/camera/install/yolo_msgs' for CMake config files
[5.983s] Level 1:colcon.colcon_core.shell:create_environment_hook('yolo_msgs', 'cmake_prefix_path')
[5.983s] INFO:colcon.colcon_core.shell:Creating environment hook '/home/x/Documents/at20260415workspace/workspace/camera/install/yolo_msgs/share/yolo_msgs/hook/cmake_prefix_path.ps1'
[5.984s] INFO:colcon.colcon_core.shell:Creating environment descriptor '/home/x/Documents/at20260415workspace/workspace/camera/install/yolo_msgs/share/yolo_msgs/hook/cmake_prefix_path.dsv'
[5.984s] INFO:colcon.colcon_core.shell:Creating environment hook '/home/x/Documents/at20260415workspace/workspace/camera/install/yolo_msgs/share/yolo_msgs/hook/cmake_prefix_path.sh'
[5.984s] Level 1:colcon.colcon_core.environment:checking '/home/x/Documents/at20260415workspace/workspace/camera/install/yolo_msgs/lib'
[5.984s] Level 1:colcon.colcon_core.shell:create_environment_hook('yolo_msgs', 'ld_library_path_lib')
[5.984s] INFO:colcon.colcon_core.shell:Creating environment hook '/home/x/Documents/at20260415workspace/workspace/camera/install/yolo_msgs/share/yolo_msgs/hook/ld_library_path_lib.ps1'
[5.985s] INFO:colcon.colcon_core.shell:Creating environment descriptor '/home/x/Documents/at20260415workspace/workspace/camera/install/yolo_msgs/share/yolo_msgs/hook/ld_library_path_lib.dsv'
[5.985s] INFO:colcon.colcon_core.shell:Creating environment hook '/home/x/Documents/at20260415workspace/workspace/camera/install/yolo_msgs/share/yolo_msgs/hook/ld_library_path_lib.sh'
[5.985s] Level 1:colcon.colcon_core.environment:checking '/home/x/Documents/at20260415workspace/workspace/camera/install/yolo_msgs/bin'
[5.985s] Level 1:colcon.colcon_core.environment:checking '/home/x/Documents/at20260415workspace/workspace/camera/install/yolo_msgs/lib/pkgconfig/yolo_msgs.pc'
[5.985s] Level 1:colcon.colcon_core.environment:checking '/home/x/Documents/at20260415workspace/workspace/camera/install/yolo_msgs/lib/python3.10/site-packages'
[5.985s] Level 1:colcon.colcon_core.environment:checking '/home/x/Documents/at20260415workspace/workspace/camera/install/yolo_msgs/bin'
[5.985s] INFO:colcon.colcon_core.shell:Creating package script '/home/x/Documents/at20260415workspace/workspace/camera/install/yolo_msgs/share/yolo_msgs/package.ps1'
[5.986s] INFO:colcon.colcon_core.shell:Creating package descriptor '/home/x/Documents/at20260415workspace/workspace/camera/install/yolo_msgs/share/yolo_msgs/package.dsv'
[5.986s] INFO:colcon.colcon_core.shell:Creating package script '/home/x/Documents/at20260415workspace/workspace/camera/install/yolo_msgs/share/yolo_msgs/package.sh'
[5.986s] INFO:colcon.colcon_core.shell:Creating package script '/home/x/Documents/at20260415workspace/workspace/camera/install/yolo_msgs/share/yolo_msgs/package.bash'
[5.986s] INFO:colcon.colcon_core.shell:Creating package script '/home/x/Documents/at20260415workspace/workspace/camera/install/yolo_msgs/share/yolo_msgs/package.zsh'
[5.986s] Level 1:colcon.colcon_core.environment:create_file_with_runtime_dependencies(/home/x/Documents/at20260415workspace/workspace/camera/install/yolo_msgs/share/colcon-core/packages/yolo_msgs)
[5.987s] Level 1:colcon.colcon_core.environment:create_environment_scripts_only(yolo_msgs)
[5.987s] Level 1:colcon.colcon_core.environment:checking '/home/x/Documents/at20260415workspace/workspace/camera/install/yolo_msgs' for CMake module files
[5.987s] Level 1:colcon.colcon_core.environment:checking '/home/x/Documents/at20260415workspace/workspace/camera/install/yolo_msgs' for CMake config files
[5.988s] Level 1:colcon.colcon_core.shell:create_environment_hook('yolo_msgs', 'cmake_prefix_path')
[5.988s] INFO:colcon.colcon_core.shell:Creating environment hook '/home/x/Documents/at20260415workspace/workspace/camera/install/yolo_msgs/share/yolo_msgs/hook/cmake_prefix_path.ps1'
[5.988s] INFO:colcon.colcon_core.shell:Creating environment descriptor '/home/x/Documents/at20260415workspace/workspace/camera/install/yolo_msgs/share/yolo_msgs/hook/cmake_prefix_path.dsv'
[5.988s] INFO:colcon.colcon_core.shell:Creating environment hook '/home/x/Documents/at20260415workspace/workspace/camera/install/yolo_msgs/share/yolo_msgs/hook/cmake_prefix_path.sh'
[5.988s] Level 1:colcon.colcon_core.environment:checking '/home/x/Documents/at20260415workspace/workspace/camera/install/yolo_msgs/lib'
[5.988s] Level 1:colcon.colcon_core.shell:create_environment_hook('yolo_msgs', 'ld_library_path_lib')
[5.989s] INFO:colcon.colcon_core.shell:Creating environment hook '/home/x/Documents/at20260415workspace/workspace/camera/install/yolo_msgs/share/yolo_msgs/hook/ld_library_path_lib.ps1'
[5.989s] INFO:colcon.colcon_core.shell:Creating environment descriptor '/home/x/Documents/at20260415workspace/workspace/camera/install/yolo_msgs/share/yolo_msgs/hook/ld_library_path_lib.dsv'
[5.989s] INFO:colcon.colcon_core.shell:Creating environment hook '/home/x/Documents/at20260415workspace/workspace/camera/install/yolo_msgs/share/yolo_msgs/hook/ld_library_path_lib.sh'
[5.989s] Level 1:colcon.colcon_core.environment:checking '/home/x/Documents/at20260415workspace/workspace/camera/install/yolo_msgs/bin'
[5.989s] Level 1:colcon.colcon_core.environment:checking '/home/x/Documents/at20260415workspace/workspace/camera/install/yolo_msgs/lib/pkgconfig/yolo_msgs.pc'
[5.989s] Level 1:colcon.colcon_core.environment:checking '/home/x/Documents/at20260415workspace/workspace/camera/install/yolo_msgs/lib/python3.10/site-packages'
[5.989s] Level 1:colcon.colcon_core.environment:checking '/home/x/Documents/at20260415workspace/workspace/camera/install/yolo_msgs/bin'
[5.990s] INFO:colcon.colcon_core.shell:Creating package script '/home/x/Documents/at20260415workspace/workspace/camera/install/yolo_msgs/share/yolo_msgs/package.ps1'
[5.990s] INFO:colcon.colcon_core.shell:Creating package descriptor '/home/x/Documents/at20260415workspace/workspace/camera/install/yolo_msgs/share/yolo_msgs/package.dsv'
[5.990s] INFO:colcon.colcon_core.shell:Creating package script '/home/x/Documents/at20260415workspace/workspace/camera/install/yolo_msgs/share/yolo_msgs/package.sh'
[5.990s] INFO:colcon.colcon_core.shell:Creating package script '/home/x/Documents/at20260415workspace/workspace/camera/install/yolo_msgs/share/yolo_msgs/package.bash'
[5.991s] INFO:colcon.colcon_core.shell:Creating package script '/home/x/Documents/at20260415workspace/workspace/camera/install/yolo_msgs/share/yolo_msgs/package.zsh'
[5.991s] Level 1:colcon.colcon_core.environment:create_file_with_runtime_dependencies(/home/x/Documents/at20260415workspace/workspace/camera/install/yolo_msgs/share/colcon-core/packages/yolo_msgs)
[5.991s] INFO:colcon.colcon_ros.task.ament_python.build:Building ROS package in '/home/x/Documents/at20260415workspace/workspace/camera/src/yolo_ros' with build type 'ament_python'
[5.991s] Level 1:colcon.colcon_core.shell:create_environment_hook('yolo_ros', 'ament_prefix_path')
[5.991s] INFO:colcon.colcon_core.shell:Creating environment hook '/home/x/Documents/at20260415workspace/workspace/camera/install/yolo_ros/share/yolo_ros/hook/ament_prefix_path.ps1'
[5.992s] INFO:colcon.colcon_core.shell:Creating environment descriptor '/home/x/Documents/at20260415workspace/workspace/camera/install/yolo_ros/share/yolo_ros/hook/ament_prefix_path.dsv'
[5.992s] INFO:colcon.colcon_core.shell:Creating environment hook '/home/x/Documents/at20260415workspace/workspace/camera/install/yolo_ros/share/yolo_ros/hook/ament_prefix_path.sh'
[5.992s] INFO:colcon.colcon_core.shell:Skip shell extension 'powershell' for command environment: Not usable outside of PowerShell
[5.992s] DEBUG:colcon.colcon_core.shell:Skip shell extension 'dsv' for command environment
[5.993s] INFO:colcon.colcon_ros.task.ament_python.build:Building ROS package in '/home/x/Documents/at20260415workspace/workspace/camera/src/ros2_lidar_camera_fusion_with_detection' with build type 'ament_python'
[5.994s] Level 1:colcon.colcon_core.shell:create_environment_hook('ros2_lidar_camera_fusion_with_detection', 'ament_prefix_path')
[5.994s] INFO:colcon.colcon_core.shell:Creating environment hook '/home/x/Documents/at20260415workspace/workspace/camera/install/ros2_lidar_camera_fusion_with_detection/share/ros2_lidar_camera_fusion_with_detection/hook/ament_prefix_path.ps1'
[5.994s] INFO:colcon.colcon_core.shell:Creating environment descriptor '/home/x/Documents/at20260415workspace/workspace/camera/install/ros2_lidar_camera_fusion_with_detection/share/ros2_lidar_camera_fusion_with_detection/hook/ament_prefix_path.dsv'
[5.994s] INFO:colcon.colcon_core.shell:Creating environment hook '/home/x/Documents/at20260415workspace/workspace/camera/install/ros2_lidar_camera_fusion_with_detection/share/ros2_lidar_camera_fusion_with_detection/hook/ament_prefix_path.sh'
[5.994s] INFO:colcon.colcon_core.shell:Skip shell extension 'powershell' for command environment: Not usable outside of PowerShell
[5.994s] DEBUG:colcon.colcon_core.shell:Skip shell extension 'dsv' for command environment
[6.122s] INFO:colcon.colcon_core.task.python.build:Building Python package in '/home/x/Documents/at20260415workspace/workspace/camera/src/yolo_ros'
[6.122s] INFO:colcon.colcon_core.shell:Skip shell extension 'powershell' for command environment: Not usable outside of PowerShell
[6.122s] DEBUG:colcon.colcon_core.shell:Skip shell extension 'dsv' for command environment
[6.252s] INFO:colcon.colcon_core.task.python.build:Building Python package in '/home/x/Documents/at20260415workspace/workspace/camera/src/ros2_lidar_camera_fusion_with_detection'
[6.253s] INFO:colcon.colcon_core.shell:Skip shell extension 'powershell' for command environment: Not usable outside of PowerShell
[6.253s] DEBUG:colcon.colcon_core.shell:Skip shell extension 'dsv' for command environment
[6.424s] DEBUG:colcon.colcon_core.event_handler.log_command:Invoking command in '/home/x/Documents/at20260415workspace/workspace/camera/src/yolo_ros': AMENT_PREFIX_PATH=/home/x/Documents/at20260415workspace/workspace/camera/install/yolo_msgs:${AMENT_PREFIX_PATH} CMAKE_PREFIX_PATH=/home/x/Documents/at20260415workspace/workspace/camera/install/yolo_msgs LD_LIBRARY_PATH=/home/x/Documents/at20260415workspace/workspace/camera/install/yolo_msgs/lib:${LD_LIBRARY_PATH} PYTHONPATH=/home/x/Documents/at20260415workspace/workspace/camera/build/yolo_ros/prefix_override:/usr/lib/python3/dist-packages/colcon_core/task/python/colcon_distutils_commands:/home/x/Documents/at20260415workspace/workspace/camera/install/yolo_ros/lib/python3.10/site-packages:/home/x/Documents/at20260415workspace/workspace/camera/install/yolo_msgs/local/lib/python3.10/dist-packages:${PYTHONPATH} /usr/bin/python3 -W ignore:setup.py install is deprecated -W ignore:easy_install command is deprecated setup.py egg_info --egg-base ../../build/yolo_ros build --build-base /home/x/Documents/at20260415workspace/workspace/camera/build/yolo_ros/build install --record /home/x/Documents/at20260415workspace/workspace/camera/build/yolo_ros/install.log --single-version-externally-managed install_data
[6.427s] DEBUG:colcon.colcon_core.event_handler.log_command:Invoking command in '/home/x/Documents/at20260415workspace/workspace/camera/src/ros2_lidar_camera_fusion_with_detection': AMENT_PREFIX_PATH=/home/x/Documents/at20260415workspace/workspace/camera/install/yolo_msgs:${AMENT_PREFIX_PATH} CMAKE_PREFIX_PATH=/home/x/Documents/at20260415workspace/workspace/camera/install/yolo_msgs LD_LIBRARY_PATH=/home/x/Documents/at20260415workspace/workspace/camera/install/yolo_msgs/lib:${LD_LIBRARY_PATH} PYTHONPATH=/home/x/Documents/at20260415workspace/workspace/camera/build/ros2_lidar_camera_fusion_with_detection/prefix_override:/usr/lib/python3/dist-packages/colcon_core/task/python/colcon_distutils_commands:/home/x/Documents/at20260415workspace/workspace/camera/install/ros2_lidar_camera_fusion_with_detection/lib/python3.10/site-packages:/home/x/Documents/at20260415workspace/workspace/camera/install/yolo_msgs/local/lib/python3.10/dist-packages:${PYTHONPATH} /usr/bin/python3 -W ignore:setup.py install is deprecated -W ignore:easy_install command is deprecated setup.py egg_info --egg-base ../../build/ros2_lidar_camera_fusion_with_detection build --build-base /home/x/Documents/at20260415workspace/workspace/camera/build/ros2_lidar_camera_fusion_with_detection/build install --record /home/x/Documents/at20260415workspace/workspace/camera/build/ros2_lidar_camera_fusion_with_detection/install.log --single-version-externally-managed install_data
[6.581s] Level 1:colcon.colcon_core.environment:checking '/home/x/Documents/at20260415workspace/workspace/camera/install/yolo_ros' for CMake module files
[6.581s] DEBUG:colcon.colcon_core.event_handler.log_command:Invoked command in '/home/x/Documents/at20260415workspace/workspace/camera/src/yolo_ros' returned '0': AMENT_PREFIX_PATH=/home/x/Documents/at20260415workspace/workspace/camera/install/yolo_msgs:${AMENT_PREFIX_PATH} CMAKE_PREFIX_PATH=/home/x/Documents/at20260415workspace/workspace/camera/install/yolo_msgs LD_LIBRARY_PATH=/home/x/Documents/at20260415workspace/workspace/camera/install/yolo_msgs/lib:${LD_LIBRARY_PATH} PYTHONPATH=/home/x/Documents/at20260415workspace/workspace/camera/build/yolo_ros/prefix_override:/usr/lib/python3/dist-packages/colcon_core/task/python/colcon_distutils_commands:/home/x/Documents/at20260415workspace/workspace/camera/install/yolo_ros/lib/python3.10/site-packages:/home/x/Documents/at20260415workspace/workspace/camera/install/yolo_msgs/local/lib/python3.10/dist-packages:${PYTHONPATH} /usr/bin/python3 -W ignore:setup.py install is deprecated -W ignore:easy_install command is deprecated setup.py egg_info --egg-base ../../build/yolo_ros build --build-base /home/x/Documents/at20260415workspace/workspace/camera/build/yolo_ros/build install --record /home/x/Documents/at20260415workspace/workspace/camera/build/yolo_ros/install.log --single-version-externally-managed install_data
[6.581s] Level 1:colcon.colcon_core.environment:checking '/home/x/Documents/at20260415workspace/workspace/camera/install/yolo_ros' for CMake config files
[6.582s] Level 1:colcon.colcon_core.environment:checking '/home/x/Documents/at20260415workspace/workspace/camera/install/yolo_ros/lib'
[6.582s] Level 1:colcon.colcon_core.environment:checking '/home/x/Documents/at20260415workspace/workspace/camera/install/yolo_ros/bin'
[6.582s] Level 1:colcon.colcon_core.environment:checking '/home/x/Documents/at20260415workspace/workspace/camera/install/yolo_ros/lib/pkgconfig/yolo_ros.pc'
[6.582s] Level 1:colcon.colcon_core.environment:checking '/home/x/Documents/at20260415workspace/workspace/camera/install/yolo_ros/lib/python3.10/site-packages'
[6.582s] Level 1:colcon.colcon_core.shell:create_environment_hook('yolo_ros', 'pythonpath')
[6.582s] INFO:colcon.colcon_core.shell:Creating environment hook '/home/x/Documents/at20260415workspace/workspace/camera/install/yolo_ros/share/yolo_ros/hook/pythonpath.ps1'
[6.582s] INFO:colcon.colcon_core.shell:Creating environment descriptor '/home/x/Documents/at20260415workspace/workspace/camera/install/yolo_ros/share/yolo_ros/hook/pythonpath.dsv'
[6.583s] INFO:colcon.colcon_core.shell:Creating environment hook '/home/x/Documents/at20260415workspace/workspace/camera/install/yolo_ros/share/yolo_ros/hook/pythonpath.sh'
[6.583s] Level 1:colcon.colcon_core.environment:checking '/home/x/Documents/at20260415workspace/workspace/camera/install/yolo_ros/bin'
[6.583s] Level 1:colcon.colcon_core.environment:create_environment_scripts_only(yolo_ros)
[6.583s] INFO:colcon.colcon_core.shell:Creating package script '/home/x/Documents/at20260415workspace/workspace/camera/install/yolo_ros/share/yolo_ros/package.ps1'
[6.583s] INFO:colcon.colcon_core.shell:Creating package descriptor '/home/x/Documents/at20260415workspace/workspace/camera/install/yolo_ros/share/yolo_ros/package.dsv'
[6.584s] INFO:colcon.colcon_core.shell:Creating package script '/home/x/Documents/at20260415workspace/workspace/camera/install/yolo_ros/share/yolo_ros/package.sh'
[6.584s] INFO:colcon.colcon_core.shell:Creating package script '/home/x/Documents/at20260415workspace/workspace/camera/install/yolo_ros/share/yolo_ros/package.bash'
[6.584s] INFO:colcon.colcon_core.shell:Creating package script '/home/x/Documents/at20260415workspace/workspace/camera/install/yolo_ros/share/yolo_ros/package.zsh'
[6.584s] Level 1:colcon.colcon_core.environment:create_file_with_runtime_dependencies(/home/x/Documents/at20260415workspace/workspace/camera/install/yolo_ros/share/colcon-core/packages/yolo_ros)
[6.584s] INFO:colcon.colcon_ros.task.ament_cmake.build:Building ROS package in '/home/x/Documents/at20260415workspace/workspace/camera/src/yolo_bringup' with build type 'ament_cmake'
[6.584s] INFO:colcon.colcon_cmake.task.cmake.build:Building CMake package in '/home/x/Documents/at20260415workspace/workspace/camera/src/yolo_bringup'
[6.585s] INFO:colcon.colcon_core.shell:Skip shell extension 'powershell' for command environment: Not usable outside of PowerShell
[6.585s] DEBUG:colcon.colcon_core.shell:Skip shell extension 'dsv' for command environment
[6.587s] Level 1:colcon.colcon_core.environment:checking '/home/x/Documents/at20260415workspace/workspace/camera/install/ros2_lidar_camera_fusion_with_detection' for CMake module files
[6.587s] DEBUG:colcon.colcon_core.event_handler.log_command:Invoked command in '/home/x/Documents/at20260415workspace/workspace/camera/src/ros2_lidar_camera_fusion_with_detection' returned '0': AMENT_PREFIX_PATH=/home/x/Documents/at20260415workspace/workspace/camera/install/yolo_msgs:${AMENT_PREFIX_PATH} CMAKE_PREFIX_PATH=/home/x/Documents/at20260415workspace/workspace/camera/install/yolo_msgs LD_LIBRARY_PATH=/home/x/Documents/at20260415workspace/workspace/camera/install/yolo_msgs/lib:${LD_LIBRARY_PATH} PYTHONPATH=/home/x/Documents/at20260415workspace/workspace/camera/build/ros2_lidar_camera_fusion_with_detection/prefix_override:/usr/lib/python3/dist-packages/colcon_core/task/python/colcon_distutils_commands:/home/x/Documents/at20260415workspace/workspace/camera/install/ros2_lidar_camera_fusion_with_detection/lib/python3.10/site-packages:/home/x/Documents/at20260415workspace/workspace/camera/install/yolo_msgs/local/lib/python3.10/dist-packages:${PYTHONPATH} /usr/bin/python3 -W ignore:setup.py install is deprecated -W ignore:easy_install command is deprecated setup.py egg_info --egg-base ../../build/ros2_lidar_camera_fusion_with_detection build --build-base /home/x/Documents/at20260415workspace/workspace/camera/build/ros2_lidar_camera_fusion_with_detection/build install --record /home/x/Documents/at20260415workspace/workspace/camera/build/ros2_lidar_camera_fusion_with_detection/install.log --single-version-externally-managed install_data
[6.587s] Level 1:colcon.colcon_core.environment:checking '/home/x/Documents/at20260415workspace/workspace/camera/install/ros2_lidar_camera_fusion_with_detection' for CMake config files
[6.588s] Level 1:colcon.colcon_core.environment:checking '/home/x/Documents/at20260415workspace/workspace/camera/install/ros2_lidar_camera_fusion_with_detection/lib'
[6.588s] Level 1:colcon.colcon_core.environment:checking '/home/x/Documents/at20260415workspace/workspace/camera/install/ros2_lidar_camera_fusion_with_detection/bin'
[6.588s] Level 1:colcon.colcon_core.environment:checking '/home/x/Documents/at20260415workspace/workspace/camera/install/ros2_lidar_camera_fusion_with_detection/lib/pkgconfig/ros2_lidar_camera_fusion_with_detection.pc'
[6.588s] Level 1:colcon.colcon_core.environment:checking '/home/x/Documents/at20260415workspace/workspace/camera/install/ros2_lidar_camera_fusion_with_detection/lib/python3.10/site-packages'
[6.588s] Level 1:colcon.colcon_core.shell:create_environment_hook('ros2_lidar_camera_fusion_with_detection', 'pythonpath')
[6.588s] INFO:colcon.colcon_core.shell:Creating environment hook '/home/x/Documents/at20260415workspace/workspace/camera/install/ros2_lidar_camera_fusion_with_detection/share/ros2_lidar_camera_fusion_with_detection/hook/pythonpath.ps1'
[6.588s] INFO:colcon.colcon_core.shell:Creating environment descriptor '/home/x/Documents/at20260415workspace/workspace/camera/install/ros2_lidar_camera_fusion_with_detection/share/ros2_lidar_camera_fusion_with_detection/hook/pythonpath.dsv'
[6.588s] INFO:colcon.colcon_core.shell:Creating environment hook '/home/x/Documents/at20260415workspace/workspace/camera/install/ros2_lidar_camera_fusion_with_detection/share/ros2_lidar_camera_fusion_with_detection/hook/pythonpath.sh'
[6.589s] Level 1:colcon.colcon_core.environment:checking '/home/x/Documents/at20260415workspace/workspace/camera/install/ros2_lidar_camera_fusion_with_detection/bin'
[6.589s] Level 1:colcon.colcon_core.environment:create_environment_scripts_only(ros2_lidar_camera_fusion_with_detection)
[6.589s] INFO:colcon.colcon_core.shell:Creating package script '/home/x/Documents/at20260415workspace/workspace/camera/install/ros2_lidar_camera_fusion_with_detection/share/ros2_lidar_camera_fusion_with_detection/package.ps1'
[6.589s] INFO:colcon.colcon_core.shell:Creating package descriptor '/home/x/Documents/at20260415workspace/workspace/camera/install/ros2_lidar_camera_fusion_with_detection/share/ros2_lidar_camera_fusion_with_detection/package.dsv'
[6.590s] INFO:colcon.colcon_core.shell:Creating package script '/home/x/Documents/at20260415workspace/workspace/camera/install/ros2_lidar_camera_fusion_with_detection/share/ros2_lidar_camera_fusion_with_detection/package.sh'
[6.590s] INFO:colcon.colcon_core.shell:Creating package script '/home/x/Documents/at20260415workspace/workspace/camera/install/ros2_lidar_camera_fusion_with_detection/share/ros2_lidar_camera_fusion_with_detection/package.bash'
[6.590s] INFO:colcon.colcon_core.shell:Creating package script '/home/x/Documents/at20260415workspace/workspace/camera/install/ros2_lidar_camera_fusion_with_detection/share/ros2_lidar_camera_fusion_with_detection/package.zsh'
[6.590s] Level 1:colcon.colcon_core.environment:create_file_with_runtime_dependencies(/home/x/Documents/at20260415workspace/workspace/camera/install/ros2_lidar_camera_fusion_with_detection/share/colcon-core/packages/ros2_lidar_camera_fusion_with_detection)
[6.592s] DEBUG:colcon.colcon_core.event_handler.log_command:Invoking command in '/home/x/Documents/at20260415workspace/workspace/camera/build/yolo_bringup': AMENT_PREFIX_PATH=/home/x/Documents/at20260415workspace/workspace/camera/install/yolo_ros:/home/x/Documents/at20260415workspace/workspace/camera/install/yolo_msgs:${AMENT_PREFIX_PATH} CMAKE_PREFIX_PATH=/home/x/Documents/at20260415workspace/workspace/camera/install/yolo_msgs:/opt/ros/humble LD_LIBRARY_PATH=/home/x/Documents/at20260415workspace/workspace/camera/install/yolo_msgs/lib:${LD_LIBRARY_PATH} PYTHONPATH=/home/x/Documents/at20260415workspace/workspace/camera/install/yolo_ros/lib/python3.10/site-packages:/home/x/Documents/at20260415workspace/workspace/camera/install/yolo_msgs/local/lib/python3.10/dist-packages:${PYTHONPATH} /usr/bin/cmake /home/x/Documents/at20260415workspace/workspace/camera/src/yolo_bringup -DCMAKE_INSTALL_PREFIX=/home/x/Documents/at20260415workspace/workspace/camera/install/yolo_bringup
[7.021s] DEBUG:colcon.colcon_core.event_handler.log_command:Invoked command in '/home/x/Documents/at20260415workspace/workspace/camera/build/yolo_bringup' returned '0': AMENT_PREFIX_PATH=/home/x/Documents/at20260415workspace/workspace/camera/install/yolo_ros:/home/x/Documents/at20260415workspace/workspace/camera/install/yolo_msgs:${AMENT_PREFIX_PATH} CMAKE_PREFIX_PATH=/home/x/Documents/at20260415workspace/workspace/camera/install/yolo_msgs:/opt/ros/humble LD_LIBRARY_PATH=/home/x/Documents/at20260415workspace/workspace/camera/install/yolo_msgs/lib:${LD_LIBRARY_PATH} PYTHONPATH=/home/x/Documents/at20260415workspace/workspace/camera/install/yolo_ros/lib/python3.10/site-packages:/home/x/Documents/at20260415workspace/workspace/camera/install/yolo_msgs/local/lib/python3.10/dist-packages:${PYTHONPATH} /usr/bin/cmake /home/x/Documents/at20260415workspace/workspace/camera/src/yolo_bringup -DCMAKE_INSTALL_PREFIX=/home/x/Documents/at20260415workspace/workspace/camera/install/yolo_bringup
[7.022s] DEBUG:colcon.colcon_core.event_handler.log_command:Invoking command in '/home/x/Documents/at20260415workspace/workspace/camera/build/yolo_bringup': AMENT_PREFIX_PATH=/home/x/Documents/at20260415workspace/workspace/camera/install/yolo_ros:/home/x/Documents/at20260415workspace/workspace/camera/install/yolo_msgs:${AMENT_PREFIX_PATH} CMAKE_PREFIX_PATH=/home/x/Documents/at20260415workspace/workspace/camera/install/yolo_msgs:/opt/ros/humble LD_LIBRARY_PATH=/home/x/Documents/at20260415workspace/workspace/camera/install/yolo_msgs/lib:${LD_LIBRARY_PATH} PYTHONPATH=/home/x/Documents/at20260415workspace/workspace/camera/install/yolo_ros/lib/python3.10/site-packages:/home/x/Documents/at20260415workspace/workspace/camera/install/yolo_msgs/local/lib/python3.10/dist-packages:${PYTHONPATH} /usr/bin/cmake --build /home/x/Documents/at20260415workspace/workspace/camera/build/yolo_bringup -- -j20 -l20
[7.053s] DEBUG:colcon.colcon_core.event_handler.log_command:Invoked command in '/home/x/Documents/at20260415workspace/workspace/camera/build/yolo_bringup' returned '0': AMENT_PREFIX_PATH=/home/x/Documents/at20260415workspace/workspace/camera/install/yolo_ros:/home/x/Documents/at20260415workspace/workspace/camera/install/yolo_msgs:${AMENT_PREFIX_PATH} CMAKE_PREFIX_PATH=/home/x/Documents/at20260415workspace/workspace/camera/install/yolo_msgs:/opt/ros/humble LD_LIBRARY_PATH=/home/x/Documents/at20260415workspace/workspace/camera/install/yolo_msgs/lib:${LD_LIBRARY_PATH} PYTHONPATH=/home/x/Documents/at20260415workspace/workspace/camera/install/yolo_ros/lib/python3.10/site-packages:/home/x/Documents/at20260415workspace/workspace/camera/install/yolo_msgs/local/lib/python3.10/dist-packages:${PYTHONPATH} /usr/bin/cmake --build /home/x/Documents/at20260415workspace/workspace/camera/build/yolo_bringup -- -j20 -l20
[7.054s] DEBUG:colcon.colcon_core.event_handler.log_command:Invoking command in '/home/x/Documents/at20260415workspace/workspace/camera/build/yolo_bringup': AMENT_PREFIX_PATH=/home/x/Documents/at20260415workspace/workspace/camera/install/yolo_ros:/home/x/Documents/at20260415workspace/workspace/camera/install/yolo_msgs:${AMENT_PREFIX_PATH} CMAKE_PREFIX_PATH=/home/x/Documents/at20260415workspace/workspace/camera/install/yolo_msgs:/opt/ros/humble LD_LIBRARY_PATH=/home/x/Documents/at20260415workspace/workspace/camera/install/yolo_msgs/lib:${LD_LIBRARY_PATH} PYTHONPATH=/home/x/Documents/at20260415workspace/workspace/camera/install/yolo_ros/lib/python3.10/site-packages:/home/x/Documents/at20260415workspace/workspace/camera/install/yolo_msgs/local/lib/python3.10/dist-packages:${PYTHONPATH} /usr/bin/cmake --install /home/x/Documents/at20260415workspace/workspace/camera/build/yolo_bringup
[7.062s] Level 1:colcon.colcon_core.environment:create_environment_scripts_only(yolo_bringup)
[7.063s] Level 1:colcon.colcon_core.environment:checking '/home/x/Documents/at20260415workspace/workspace/camera/install/yolo_bringup' for CMake module files
[7.063s] DEBUG:colcon.colcon_core.event_handler.log_command:Invoked command in '/home/x/Documents/at20260415workspace/workspace/camera/build/yolo_bringup' returned '0': AMENT_PREFIX_PATH=/home/x/Documents/at20260415workspace/workspace/camera/install/yolo_ros:/home/x/Documents/at20260415workspace/workspace/camera/install/yolo_msgs:${AMENT_PREFIX_PATH} CMAKE_PREFIX_PATH=/home/x/Documents/at20260415workspace/workspace/camera/install/yolo_msgs:/opt/ros/humble LD_LIBRARY_PATH=/home/x/Documents/at20260415workspace/workspace/camera/install/yolo_msgs/lib:${LD_LIBRARY_PATH} PYTHONPATH=/home/x/Documents/at20260415workspace/workspace/camera/install/yolo_ros/lib/python3.10/site-packages:/home/x/Documents/at20260415workspace/workspace/camera/install/yolo_msgs/local/lib/python3.10/dist-packages:${PYTHONPATH} /usr/bin/cmake --install /home/x/Documents/at20260415workspace/workspace/camera/build/yolo_bringup
[7.063s] Level 1:colcon.colcon_core.environment:checking '/home/x/Documents/at20260415workspace/workspace/camera/install/yolo_bringup' for CMake config files
[7.064s] Level 1:colcon.colcon_core.shell:create_environment_hook('yolo_bringup', 'cmake_prefix_path')
[7.064s] INFO:colcon.colcon_core.shell:Creating environment hook '/home/x/Documents/at20260415workspace/workspace/camera/install/yolo_bringup/share/yolo_bringup/hook/cmake_prefix_path.ps1'
[7.064s] INFO:colcon.colcon_core.shell:Creating environment descriptor '/home/x/Documents/at20260415workspace/workspace/camera/install/yolo_bringup/share/yolo_bringup/hook/cmake_prefix_path.dsv'
[7.065s] INFO:colcon.colcon_core.shell:Creating environment hook '/home/x/Documents/at20260415workspace/workspace/camera/install/yolo_bringup/share/yolo_bringup/hook/cmake_prefix_path.sh'
[7.065s] Level 1:colcon.colcon_core.environment:checking '/home/x/Documents/at20260415workspace/workspace/camera/install/yolo_bringup/bin'
[7.065s] Level 1:colcon.colcon_core.environment:checking '/home/x/Documents/at20260415workspace/workspace/camera/install/yolo_bringup/lib/pkgconfig/yolo_bringup.pc'
[7.065s] Level 1:colcon.colcon_core.environment:checking '/home/x/Documents/at20260415workspace/workspace/camera/install/yolo_bringup/lib/python3.10/site-packages'
[7.066s] Level 1:colcon.colcon_core.environment:checking '/home/x/Documents/at20260415workspace/workspace/camera/install/yolo_bringup/bin'
[7.066s] INFO:colcon.colcon_core.shell:Creating package script '/home/x/Documents/at20260415workspace/workspace/camera/install/yolo_bringup/share/yolo_bringup/package.ps1'
[7.067s] INFO:colcon.colcon_core.shell:Creating package descriptor '/home/x/Documents/at20260415workspace/workspace/camera/install/yolo_bringup/share/yolo_bringup/package.dsv'
[7.067s] INFO:colcon.colcon_core.shell:Creating package script '/home/x/Documents/at20260415workspace/workspace/camera/install/yolo_bringup/share/yolo_bringup/package.sh'
[7.067s] INFO:colcon.colcon_core.shell:Creating package script '/home/x/Documents/at20260415workspace/workspace/camera/install/yolo_bringup/share/yolo_bringup/package.bash'
[7.068s] INFO:colcon.colcon_core.shell:Creating package script '/home/x/Documents/at20260415workspace/workspace/camera/install/yolo_bringup/share/yolo_bringup/package.zsh'
[7.068s] Level 1:colcon.colcon_core.environment:create_file_with_runtime_dependencies(/home/x/Documents/at20260415workspace/workspace/camera/install/yolo_bringup/share/colcon-core/packages/yolo_bringup)
[7.068s] Level 1:colcon.colcon_core.environment:create_environment_scripts_only(yolo_bringup)
[7.069s] Level 1:colcon.colcon_core.environment:checking '/home/x/Documents/at20260415workspace/workspace/camera/install/yolo_bringup' for CMake module files
[7.069s] Level 1:colcon.colcon_core.environment:checking '/home/x/Documents/at20260415workspace/workspace/camera/install/yolo_bringup' for CMake config files
[7.069s] Level 1:colcon.colcon_core.shell:create_environment_hook('yolo_bringup', 'cmake_prefix_path')
[7.069s] INFO:colcon.colcon_core.shell:Creating environment hook '/home/x/Documents/at20260415workspace/workspace/camera/install/yolo_bringup/share/yolo_bringup/hook/cmake_prefix_path.ps1'
[7.069s] INFO:colcon.colcon_core.shell:Creating environment descriptor '/home/x/Documents/at20260415workspace/workspace/camera/install/yolo_bringup/share/yolo_bringup/hook/cmake_prefix_path.dsv'
[7.070s] INFO:colcon.colcon_core.shell:Creating environment hook '/home/x/Documents/at20260415workspace/workspace/camera/install/yolo_bringup/share/yolo_bringup/hook/cmake_prefix_path.sh'
[7.070s] Level 1:colcon.colcon_core.environment:checking '/home/x/Documents/at20260415workspace/workspace/camera/install/yolo_bringup/bin'
[7.070s] Level 1:colcon.colcon_core.environment:checking '/home/x/Documents/at20260415workspace/workspace/camera/install/yolo_bringup/lib/pkgconfig/yolo_bringup.pc'
[7.070s] Level 1:colcon.colcon_core.environment:checking '/home/x/Documents/at20260415workspace/workspace/camera/install/yolo_bringup/lib/python3.10/site-packages'
[7.070s] Level 1:colcon.colcon_core.environment:checking '/home/x/Documents/at20260415workspace/workspace/camera/install/yolo_bringup/bin'
[7.071s] INFO:colcon.colcon_core.shell:Creating package script '/home/x/Documents/at20260415workspace/workspace/camera/install/yolo_bringup/share/yolo_bringup/package.ps1'
[7.071s] INFO:colcon.colcon_core.shell:Creating package descriptor '/home/x/Documents/at20260415workspace/workspace/camera/install/yolo_bringup/share/yolo_bringup/package.dsv'
[7.071s] INFO:colcon.colcon_core.shell:Creating package script '/home/x/Documents/at20260415workspace/workspace/camera/install/yolo_bringup/share/yolo_bringup/package.sh'
[7.071s] INFO:colcon.colcon_core.shell:Creating package script '/home/x/Documents/at20260415workspace/workspace/camera/install/yolo_bringup/share/yolo_bringup/package.bash'
[7.072s] INFO:colcon.colcon_core.shell:Creating package script '/home/x/Documents/at20260415workspace/workspace/camera/install/yolo_bringup/share/yolo_bringup/package.zsh'
[7.072s] Level 1:colcon.colcon_core.environment:create_file_with_runtime_dependencies(/home/x/Documents/at20260415workspace/workspace/camera/install/yolo_bringup/share/colcon-core/packages/yolo_bringup)
[7.072s] DEBUG:colcon.colcon_parallel_executor.executor.parallel:closing loop
[7.072s] DEBUG:colcon.colcon_parallel_executor.executor.parallel:loop closed
[7.072s] DEBUG:colcon.colcon_parallel_executor.executor.parallel:run_until_complete finished with '0'
[7.072s] DEBUG:colcon.colcon_core.event_reactor:joining thread
[7.076s] INFO:colcon.colcon_core.plugin_system:Skipping extension 'colcon_notification.desktop_notification.terminal_notifier': Not used on non-Darwin systems
[7.076s] INFO:colcon.colcon_core.plugin_system:Skipping extension 'colcon_notification.desktop_notification.win32': Not used on non-Windows systems
[7.076s] INFO:colcon.colcon_notification.desktop_notification:Sending desktop notification using 'notify2'
[7.083s] DEBUG:colcon.colcon_core.event_reactor:joined thread
[7.083s] INFO:colcon.colcon_core.shell:Creating prefix script '/home/x/Documents/at20260415workspace/workspace/camera/install/local_setup.ps1'
[7.084s] INFO:colcon.colcon_core.shell:Creating prefix util module '/home/x/Documents/at20260415workspace/workspace/camera/install/_local_setup_util_ps1.py'
[7.085s] INFO:colcon.colcon_core.shell:Creating prefix chain script '/home/x/Documents/at20260415workspace/workspace/camera/install/setup.ps1'
[7.085s] INFO:colcon.colcon_core.shell:Creating prefix script '/home/x/Documents/at20260415workspace/workspace/camera/install/local_setup.sh'
[7.086s] INFO:colcon.colcon_core.shell:Creating prefix util module '/home/x/Documents/at20260415workspace/workspace/camera/install/_local_setup_util_sh.py'
[7.086s] INFO:colcon.colcon_core.shell:Creating prefix chain script '/home/x/Documents/at20260415workspace/workspace/camera/install/setup.sh'
[7.087s] INFO:colcon.colcon_core.shell:Creating prefix script '/home/x/Documents/at20260415workspace/workspace/camera/install/local_setup.bash'
[7.087s] INFO:colcon.colcon_core.shell:Creating prefix chain script '/home/x/Documents/at20260415workspace/workspace/camera/install/setup.bash'
[7.088s] INFO:colcon.colcon_core.shell:Creating prefix script '/home/x/Documents/at20260415workspace/workspace/camera/install/local_setup.zsh'
[7.088s] INFO:colcon.colcon_core.shell:Creating prefix chain script '/home/x/Documents/at20260415workspace/workspace/camera/install/setup.zsh'
