running egg_info
creating ../../build/camera_node/camera_node.egg-info
writing ../../build/camera_node/camera_node.egg-info/PKG-INFO
writing dependency_links to ../../build/camera_node/camera_node.egg-info/dependency_links.txt
writing entry points to ../../build/camera_node/camera_node.egg-info/entry_points.txt
writing requirements to ../../build/camera_node/camera_node.egg-info/requires.txt
writing top-level names to ../../build/camera_node/camera_node.egg-info/top_level.txt
writing manifest file '../../build/camera_node/camera_node.egg-info/SOURCES.txt'
reading manifest file '../../build/camera_node/camera_node.egg-info/SOURCES.txt'
writing manifest file '../../build/camera_node/camera_node.egg-info/SOURCES.txt'
running build
running build_py
creating /home/x/Documents/at20260415workspace/workspace/camera/build/camera_node/build
creating /home/x/Documents/at20260415workspace/workspace/camera/build/camera_node/build/lib
creating /home/x/Documents/at20260415workspace/workspace/camera/build/camera_node/build/lib/camera_node
copying camera_node/__init__.py -> /home/x/Documents/at20260415workspace/workspace/camera/build/camera_node/build/lib/camera_node
copying camera_node/camera_node_yolo_1.py -> /home/x/Documents/at20260415workspace/workspace/camera/build/camera_node/build/lib/camera_node
copying camera_node/camera_node_2_pro.py -> /home/x/Documents/at20260415workspace/workspace/camera/build/camera_node/build/lib/camera_node
copying camera_node/camera_node_1_pro.py -> /home/x/Documents/at20260415workspace/workspace/camera/build/camera_node/build/lib/camera_node
copying camera_node/camera_node_2_raw.py -> /home/x/Documents/at20260415workspace/workspace/camera/build/camera_node/build/lib/camera_node
copying camera_node/camera_node_2.py -> /home/x/Documents/at20260415workspace/workspace/camera/build/camera_node/build/lib/camera_node
copying camera_node/camera_info_1.py -> /home/x/Documents/at20260415workspace/workspace/camera/build/camera_node/build/lib/camera_node
copying camera_node/camera_info_2.py -> /home/x/Documents/at20260415workspace/workspace/camera/build/camera_node/build/lib/camera_node
copying camera_node/camera_node_1_raw.py -> /home/x/Documents/at20260415workspace/workspace/camera/build/camera_node/build/lib/camera_node
copying camera_node/camera_node_yolo_2.py -> /home/x/Documents/at20260415workspace/workspace/camera/build/camera_node/build/lib/camera_node
copying camera_node/camera_node_1.py -> /home/x/Documents/at20260415workspace/workspace/camera/build/camera_node/build/lib/camera_node
running install
running install_lib
creating /home/x/Documents/at20260415workspace/workspace/camera/install/camera_node/lib/python3.10/site-packages/camera_node
copying /home/x/Documents/at20260415workspace/workspace/camera/build/camera_node/build/lib/camera_node/__init__.py -> /home/x/Documents/at20260415workspace/workspace/camera/install/camera_node/lib/python3.10/site-packages/camera_node
copying /home/x/Documents/at20260415workspace/workspace/camera/build/camera_node/build/lib/camera_node/camera_node_yolo_1.py -> /home/x/Documents/at20260415workspace/workspace/camera/install/camera_node/lib/python3.10/site-packages/camera_node
copying /home/x/Documents/at20260415workspace/workspace/camera/build/camera_node/build/lib/camera_node/camera_node_2_pro.py -> /home/x/Documents/at20260415workspace/workspace/camera/install/camera_node/lib/python3.10/site-packages/camera_node
copying /home/x/Documents/at20260415workspace/workspace/camera/build/camera_node/build/lib/camera_node/camera_node_1_pro.py -> /home/x/Documents/at20260415workspace/workspace/camera/install/camera_node/lib/python3.10/site-packages/camera_node
copying /home/x/Documents/at20260415workspace/workspace/camera/build/camera_node/build/lib/camera_node/camera_node_2_raw.py -> /home/x/Documents/at20260415workspace/workspace/camera/install/camera_node/lib/python3.10/site-packages/camera_node
copying /home/x/Documents/at20260415workspace/workspace/camera/build/camera_node/build/lib/camera_node/camera_node_2.py -> /home/x/Documents/at20260415workspace/workspace/camera/install/camera_node/lib/python3.10/site-packages/camera_node
copying /home/x/Documents/at20260415workspace/workspace/camera/build/camera_node/build/lib/camera_node/camera_info_1.py -> /home/x/Documents/at20260415workspace/workspace/camera/install/camera_node/lib/python3.10/site-packages/camera_node
copying /home/x/Documents/at20260415workspace/workspace/camera/build/camera_node/build/lib/camera_node/camera_info_2.py -> /home/x/Documents/at20260415workspace/workspace/camera/install/camera_node/lib/python3.10/site-packages/camera_node
copying /home/x/Documents/at20260415workspace/workspace/camera/build/camera_node/build/lib/camera_node/camera_node_1_raw.py -> /home/x/Documents/at20260415workspace/workspace/camera/install/camera_node/lib/python3.10/site-packages/camera_node
copying /home/x/Documents/at20260415workspace/workspace/camera/build/camera_node/build/lib/camera_node/camera_node_yolo_2.py -> /home/x/Documents/at20260415workspace/workspace/camera/install/camera_node/lib/python3.10/site-packages/camera_node
copying /home/x/Documents/at20260415workspace/workspace/camera/build/camera_node/build/lib/camera_node/camera_node_1.py -> /home/x/Documents/at20260415workspace/workspace/camera/install/camera_node/lib/python3.10/site-packages/camera_node
byte-compiling /home/x/Documents/at20260415workspace/workspace/camera/install/camera_node/lib/python3.10/site-packages/camera_node/__init__.py to __init__.cpython-310.pyc
byte-compiling /home/x/Documents/at20260415workspace/workspace/camera/install/camera_node/lib/python3.10/site-packages/camera_node/camera_node_yolo_1.py to camera_node_yolo_1.cpython-310.pyc
byte-compiling /home/x/Documents/at20260415workspace/workspace/camera/install/camera_node/lib/python3.10/site-packages/camera_node/camera_node_2_pro.py to camera_node_2_pro.cpython-310.pyc
byte-compiling /home/x/Documents/at20260415workspace/workspace/camera/install/camera_node/lib/python3.10/site-packages/camera_node/camera_node_1_pro.py to camera_node_1_pro.cpython-310.pyc
byte-compiling /home/x/Documents/at20260415workspace/workspace/camera/install/camera_node/lib/python3.10/site-packages/camera_node/camera_node_2_raw.py to camera_node_2_raw.cpython-310.pyc
byte-compiling /home/x/Documents/at20260415workspace/workspace/camera/install/camera_node/lib/python3.10/site-packages/camera_node/camera_node_2.py to camera_node_2.cpython-310.pyc
byte-compiling /home/x/Documents/at20260415workspace/workspace/camera/install/camera_node/lib/python3.10/site-packages/camera_node/camera_info_1.py to camera_info_1.cpython-310.pyc
byte-compiling /home/x/Documents/at20260415workspace/workspace/camera/install/camera_node/lib/python3.10/site-packages/camera_node/camera_info_2.py to camera_info_2.cpython-310.pyc
byte-compiling /home/x/Documents/at20260415workspace/workspace/camera/install/camera_node/lib/python3.10/site-packages/camera_node/camera_node_1_raw.py to camera_node_1_raw.cpython-310.pyc
byte-compiling /home/x/Documents/at20260415workspace/workspace/camera/install/camera_node/lib/python3.10/site-packages/camera_node/camera_node_yolo_2.py to camera_node_yolo_2.cpython-310.pyc
byte-compiling /home/x/Documents/at20260415workspace/workspace/camera/install/camera_node/lib/python3.10/site-packages/camera_node/camera_node_1.py to camera_node_1.cpython-310.pyc
running install_data
creating /home/x/Documents/at20260415workspace/workspace/camera/install/camera_node/share/ament_index
creating /home/x/Documents/at20260415workspace/workspace/camera/install/camera_node/share/ament_index/resource_index
creating /home/x/Documents/at20260415workspace/workspace/camera/install/camera_node/share/ament_index/resource_index/packages
copying resource/camera_node -> /home/x/Documents/at20260415workspace/workspace/camera/install/camera_node/share/ament_index/resource_index/packages
copying package.xml -> /home/x/Documents/at20260415workspace/workspace/camera/install/camera_node/share/camera_node
running install_egg_info
Copying ../../build/camera_node/camera_node.egg-info to /home/x/Documents/at20260415workspace/workspace/camera/install/camera_node/lib/python3.10/site-packages/camera_node-0.0.0-py3.10.egg-info
running install_scripts
Installing camera_info_1 script to /home/x/Documents/at20260415workspace/workspace/camera/install/camera_node/lib/camera_node
Installing camera_info_2 script to /home/x/Documents/at20260415workspace/workspace/camera/install/camera_node/lib/camera_node
Installing camera_node_1 script to /home/x/Documents/at20260415workspace/workspace/camera/install/camera_node/lib/camera_node
Installing camera_node_1_pro script to /home/x/Documents/at20260415workspace/workspace/camera/install/camera_node/lib/camera_node
Installing camera_node_1_raw script to /home/x/Documents/at20260415workspace/workspace/camera/install/camera_node/lib/camera_node
Installing camera_node_2 script to /home/x/Documents/at20260415workspace/workspace/camera/install/camera_node/lib/camera_node
Installing camera_node_2_pro script to /home/x/Documents/at20260415workspace/workspace/camera/install/camera_node/lib/camera_node
Installing camera_node_2_raw script to /home/x/Documents/at20260415workspace/workspace/camera/install/camera_node/lib/camera_node
Installing camera_node_yolo_1 script to /home/x/Documents/at20260415workspace/workspace/camera/install/camera_node/lib/camera_node
Installing camera_node_yolo_2 script to /home/x/Documents/at20260415workspace/workspace/camera/install/camera_node/lib/camera_node
writing list of installed files to '/home/x/Documents/at20260415workspace/workspace/camera/build/camera_node/install.log'
