[0.008s] Invoking command in '/home/limdegcai/GSMART/CODE/FSD-Gsmart/planning_control/skidpad_ws/build/skidpad_icp': CMAKE_PREFIX_PATH=${CMAKE_PREFIX_PATH}:/home/limdegcai/GSMART/CODE/FSD-Gsmart/planning_control/skidpad_ws/install/skidpad_control:/home/limdegcai/GSMART/CODE/FSD-Gsmart/planning_control/skidpad_ws/install/fsds_bridge:/home/limdegcai/GSMART/CODE/FSD-Gsmart/planning_control/skidpad_ws/install/icp_test_tools:/opt/ros/humble /usr/bin/cmake /home/limdegcai/GSMART/CODE/FSD-Gsmart/planning_control/skidpad_ws/src/skidpad_icp -DAMENT_CMAKE_SYMLINK_INSTALL=1 -DCMAKE_INSTALL_PREFIX=/home/limdegcai/GSMART/CODE/FSD-Gsmart/planning_control/skidpad_ws/install/skidpad_icp
[0.042s] -- The C compiler identification is GNU 11.4.0
[0.077s] -- The CXX compiler identification is GNU 11.4.0
[0.081s] -- Detecting C compiler ABI info
[0.126s] -- Detecting C compiler ABI info - done
[0.130s] -- Check for working C compiler: /usr/bin/cc - skipped
[0.131s] -- Detecting C compile features
[0.131s] -- Detecting C compile features - done
[0.131s] -- Detecting CXX compiler ABI info
[0.182s] -- Detecting CXX compiler ABI info - done
[0.186s] -- Check for working CXX compiler: /usr/bin/c++ - skipped
[0.186s] -- Detecting CXX compile features
[0.186s] -- Detecting CXX compile features - done
[0.188s] -- Found ament_cmake: 1.3.14 (/opt/ros/humble/share/ament_cmake/cmake)
[0.275s] -- Found Python3: /usr/bin/python3 (found version "3.10.12") found components: Interpreter 
[0.316s] -- Override CMake install command with custom implementation using symlinks instead of copying resources
[0.331s] -- Found rclcpp: 16.0.19 (/opt/ros/humble/share/rclcpp/cmake)
[0.355s] -- Found rosidl_generator_c: 3.1.8 (/opt/ros/humble/share/rosidl_generator_c/cmake)
[0.357s] -- Found rosidl_adapter: 3.1.8 (/opt/ros/humble/share/rosidl_adapter/cmake)
[0.362s] -- Found rosidl_generator_cpp: 3.1.8 (/opt/ros/humble/share/rosidl_generator_cpp/cmake)
[0.369s] -- Using all available rosidl_typesupport_c: rosidl_typesupport_fastrtps_c;rosidl_typesupport_introspection_c
[0.377s] -- Using all available rosidl_typesupport_cpp: rosidl_typesupport_fastrtps_cpp;rosidl_typesupport_introspection_cpp
[0.401s] -- Found rmw_implementation_cmake: 6.1.2 (/opt/ros/humble/share/rmw_implementation_cmake/cmake)
[0.403s] -- Found rmw_fastrtps_cpp: 6.2.10 (/opt/ros/humble/share/rmw_fastrtps_cpp/cmake)
[0.459s] -- Found OpenSSL: /usr/lib/x86_64-linux-gnu/libcrypto.so (found version "3.0.2")  
[0.478s] -- Found FastRTPS: /opt/ros/humble/include  
[0.506s] -- Using RMW implementation 'rmw_fastrtps_cpp' as default
[0.511s] -- Looking for pthread.h
[0.559s] -- Looking for pthread.h - found
[0.559s] -- Performing Test CMAKE_HAVE_LIBC_PTHREAD
[0.607s] -- Performing Test CMAKE_HAVE_LIBC_PTHREAD - Success
[0.607s] -- Found Threads: TRUE  
[0.634s] -- Found sensor_msgs: 4.9.1 (/opt/ros/humble/share/sensor_msgs/cmake)
[0.650s] -- Found nav_msgs: 4.9.1 (/opt/ros/humble/share/nav_msgs/cmake)
[0.659s] -- Found pcl_ros: 2.4.5 (/opt/ros/humble/share/pcl_ros/cmake)
[0.684s] -- Checking for module 'eigen3'
[0.694s] --   Found eigen3, version 3.4.0
[0.718s] -- Found Eigen: /usr/include/eigen3 (Required is at least version "3.1") 
[0.718s] -- Eigen found (include: /usr/include/eigen3, version: 3.4.0)
[0.739s] -- Checking for module 'flann'
[0.749s] --   Found flann, version 1.9.1
[0.774s] -- Found FLANN: /usr/lib/x86_64-linux-gnu/libflann_cpp.so  
[0.774s] -- FLANN found (include: /usr/include, lib: /usr/lib/x86_64-linux-gnu/libflann_cpp.so)
[1.386s] -- Checking for module 'libusb-1.0'
[1.397s] --   Found libusb-1.0, version 1.0.25
[1.425s] -- Found libusb: /usr/lib/x86_64-linux-gnu/libusb-1.0.so  
[1.426s] -- OpenNI found (version: 1.5.4.0, include: /usr/include/ni, lib: /usr/lib/libOpenNI.so;libusb::libusb)
[1.472s] -- OpenNI2 found (version: 2.2.0.33, include: /usr/include/openni2, lib: /usr/lib/x86_64-linux-gnu/libOpenNI2.so;libusb::libusb)
[1.570s] -- Eigen found (include: /usr/include/eigen3, version: 3.4.0)
[1.575s] -- OpenNI found (version: 1.5.4.0, include: /usr/include/ni, lib: /usr/lib/libOpenNI.so;libusb::libusb)
[1.579s] -- OpenNI2 found (version: 2.2.0.33, include: /usr/include/openni2, lib: /usr/lib/x86_64-linux-gnu/libOpenNI2.so;libusb::libusb)
[1.678s] -- Found Qhull version 8.0.2
[1.790s] -- OpenNI found (version: 1.5.4.0, include: /usr/include/ni, lib: /usr/lib/libOpenNI.so;libusb::libusb)
[1.935s] -- Found PCL_COMMON: /usr/lib/x86_64-linux-gnu/libpcl_common.so  
[1.935s] -- Found PCL_KDTREE: /usr/lib/x86_64-linux-gnu/libpcl_kdtree.so  
[1.936s] -- Found PCL_OCTREE: /usr/lib/x86_64-linux-gnu/libpcl_octree.so  
[1.937s] -- Found PCL_SEARCH: /usr/lib/x86_64-linux-gnu/libpcl_search.so  
[1.938s] -- Found PCL_SAMPLE_CONSENSUS: /usr/lib/x86_64-linux-gnu/libpcl_sample_consensus.so  
[1.938s] -- Found PCL_FILTERS: /usr/lib/x86_64-linux-gnu/libpcl_filters.so  
[1.939s] -- Found PCL_2D: /usr/include/pcl-1.12  
[1.939s] -- Found PCL_GEOMETRY: /usr/include/pcl-1.12  
[1.940s] -- Found PCL_IO: /usr/lib/x86_64-linux-gnu/libpcl_io.so  
[1.941s] -- Found PCL_FEATURES: /usr/lib/x86_64-linux-gnu/libpcl_features.so  
[1.941s] -- Found PCL_ML: /usr/lib/x86_64-linux-gnu/libpcl_ml.so  
[1.942s] -- Found PCL_SEGMENTATION: /usr/lib/x86_64-linux-gnu/libpcl_segmentation.so  
[1.943s] -- Found PCL_VISUALIZATION: /usr/lib/x86_64-linux-gnu/libpcl_visualization.so  
[1.944s] -- Found PCL_SURFACE: /usr/lib/x86_64-linux-gnu/libpcl_surface.so  
[1.945s] -- Found PCL_REGISTRATION: /usr/lib/x86_64-linux-gnu/libpcl_registration.so  
[1.946s] -- Found PCL_KEYPOINTS: /usr/lib/x86_64-linux-gnu/libpcl_keypoints.so  
[1.947s] -- Found PCL_TRACKING: /usr/lib/x86_64-linux-gnu/libpcl_tracking.so  
[1.948s] -- Found PCL_RECOGNITION: /usr/lib/x86_64-linux-gnu/libpcl_recognition.so  
[1.949s] -- Found PCL_STEREO: /usr/lib/x86_64-linux-gnu/libpcl_stereo.so  
[1.950s] -- Found PCL_APPS: /usr/lib/x86_64-linux-gnu/libpcl_apps.so  
[1.951s] -- Found PCL_IN_HAND_SCANNER: /usr/include/pcl-1.12  
[1.951s] -- Found PCL_MODELER: /usr/include/pcl-1.12  
[1.951s] -- Found PCL_POINT_CLOUD_EDITOR: /usr/include/pcl-1.12  
[1.952s] -- Found PCL_OUTOFCORE: /usr/lib/x86_64-linux-gnu/libpcl_outofcore.so  
[1.953s] -- Found PCL_PEOPLE: /usr/lib/x86_64-linux-gnu/libpcl_people.so  
[1.981s] -- Found eigen3_cmake_module: 0.1.1 (/opt/ros/humble/share/eigen3_cmake_module/cmake)
[1.982s] -- Found Eigen3: TRUE (found version "3.4.0") 
[1.982s] -- Ensuring Eigen3 include directory is part of orocos-kdl CMake target
[2.033s] [33mCMake Warning (dev) at CMakeLists.txt:16 (find_package):
[2.033s]   Policy CMP0074 is not set: find_package uses <PackageName>_ROOT variables.
[2.033s]   Run "cmake --help-policy CMP0074" for policy details.  Use the cmake_policy
[2.033s]   command to set the policy and suppress this warning.
[2.033s] 
[2.033s]   CMake variable PCL_ROOT is set to:
[2.033s] 
[2.033s]     /usr
[2.033s] 
[2.033s]   For compatibility, CMake is ignoring the variable.
[2.033s] This warning is for project developers.  Use -Wno-dev to suppress it.
[2.033s] [0m
[2.047s] -- Found ament_lint_auto: 0.12.15 (/opt/ros/humble/share/ament_lint_auto/cmake)
[2.099s] -- Added test 'copyright' to check source files copyright and LICENSE
[2.112s] -- Added test 'cppcheck' to perform static code analysis on C / C++ code
[2.113s] -- Configured cppcheck include dirs: /home/limdegcai/GSMART/CODE/FSD-Gsmart/planning_control/skidpad_ws/src/skidpad_icp/include
[2.113s] -- Configured cppcheck exclude dirs and/or files: 
[2.125s] -- Added test 'cpplint' to check C / C++ code against the Google style
[2.125s] -- Configured cpplint exclude dirs and/or files: 
[2.127s] -- Added test 'flake8' to check Python code syntax and style conventions
[2.131s] -- Added test 'lint_cmake' to check CMake code style
[2.133s] -- Added test 'pep257' to check Python code against some of the docstring style conventions in PEP 257
[2.145s] -- Added test 'uncrustify' to check C / C++ code style
[2.145s] -- Configured uncrustify additional arguments: 
[2.147s] -- Added test 'xmllint' to check XML markup files
[2.148s] -- Configuring done
[2.382s] -- Generating done
[2.396s] -- Build files have been written to: /home/limdegcai/GSMART/CODE/FSD-Gsmart/planning_control/skidpad_ws/build/skidpad_icp
[2.409s] Invoked command in '/home/limdegcai/GSMART/CODE/FSD-Gsmart/planning_control/skidpad_ws/build/skidpad_icp' returned '0': CMAKE_PREFIX_PATH=${CMAKE_PREFIX_PATH}:/home/limdegcai/GSMART/CODE/FSD-Gsmart/planning_control/skidpad_ws/install/skidpad_control:/home/limdegcai/GSMART/CODE/FSD-Gsmart/planning_control/skidpad_ws/install/fsds_bridge:/home/limdegcai/GSMART/CODE/FSD-Gsmart/planning_control/skidpad_ws/install/icp_test_tools:/opt/ros/humble /usr/bin/cmake /home/limdegcai/GSMART/CODE/FSD-Gsmart/planning_control/skidpad_ws/src/skidpad_icp -DAMENT_CMAKE_SYMLINK_INSTALL=1 -DCMAKE_INSTALL_PREFIX=/home/limdegcai/GSMART/CODE/FSD-Gsmart/planning_control/skidpad_ws/install/skidpad_icp
[2.410s] Invoking command in '/home/limdegcai/GSMART/CODE/FSD-Gsmart/planning_control/skidpad_ws/build/skidpad_icp': CMAKE_PREFIX_PATH=${CMAKE_PREFIX_PATH}:/home/limdegcai/GSMART/CODE/FSD-Gsmart/planning_control/skidpad_ws/install/skidpad_control:/home/limdegcai/GSMART/CODE/FSD-Gsmart/planning_control/skidpad_ws/install/fsds_bridge:/home/limdegcai/GSMART/CODE/FSD-Gsmart/planning_control/skidpad_ws/install/icp_test_tools:/opt/ros/humble /usr/bin/cmake --build /home/limdegcai/GSMART/CODE/FSD-Gsmart/planning_control/skidpad_ws/build/skidpad_icp -- -j32 -l32
[2.457s] [ 25%] [32mBuilding CXX object CMakeFiles/skidpad_detector_node.dir/src/main.cpp.o[0m
[2.459s] [ 75%] [32mBuilding CXX object CMakeFiles/skidpad_detector_node.dir/src/skidpad_detector.cpp.o[0m
[2.459s] [ 75%] [32mBuilding CXX object CMakeFiles/skidpad_detector_node.dir/src/skidpad_detector_handle.cpp.o[0m
[10.431s] [100%] [32m[1mLinking CXX executable skidpad_detector_node[0m
[14.058s] [100%] Built target skidpad_detector_node
[14.067s] Invoked command in '/home/limdegcai/GSMART/CODE/FSD-Gsmart/planning_control/skidpad_ws/build/skidpad_icp' returned '0': CMAKE_PREFIX_PATH=${CMAKE_PREFIX_PATH}:/home/limdegcai/GSMART/CODE/FSD-Gsmart/planning_control/skidpad_ws/install/skidpad_control:/home/limdegcai/GSMART/CODE/FSD-Gsmart/planning_control/skidpad_ws/install/fsds_bridge:/home/limdegcai/GSMART/CODE/FSD-Gsmart/planning_control/skidpad_ws/install/icp_test_tools:/opt/ros/humble /usr/bin/cmake --build /home/limdegcai/GSMART/CODE/FSD-Gsmart/planning_control/skidpad_ws/build/skidpad_icp -- -j32 -l32
[14.068s] Invoking command in '/home/limdegcai/GSMART/CODE/FSD-Gsmart/planning_control/skidpad_ws/build/skidpad_icp': CMAKE_PREFIX_PATH=${CMAKE_PREFIX_PATH}:/home/limdegcai/GSMART/CODE/FSD-Gsmart/planning_control/skidpad_ws/install/skidpad_control:/home/limdegcai/GSMART/CODE/FSD-Gsmart/planning_control/skidpad_ws/install/fsds_bridge:/home/limdegcai/GSMART/CODE/FSD-Gsmart/planning_control/skidpad_ws/install/icp_test_tools:/opt/ros/humble /usr/bin/cmake --install /home/limdegcai/GSMART/CODE/FSD-Gsmart/planning_control/skidpad_ws/build/skidpad_icp
[14.073s] -- Install configuration: ""
[14.073s] -- Execute custom install script
[14.073s] -- Symlinking: /home/limdegcai/GSMART/CODE/FSD-Gsmart/planning_control/skidpad_ws/install/skidpad_icp/lib/skidpad_icp/skidpad_detector_node
[14.080s] -- Symlinking: /home/limdegcai/GSMART/CODE/FSD-Gsmart/planning_control/skidpad_ws/install/skidpad_icp/share/skidpad_icp/launch/skidpad_detector.launch.py
[14.085s] -- Symlinking: /home/limdegcai/GSMART/CODE/FSD-Gsmart/planning_control/skidpad_ws/install/skidpad_icp/share/skidpad_icp/config/skidpad.pcd
[14.090s] -- Symlinking: /home/limdegcai/GSMART/CODE/FSD-Gsmart/planning_control/skidpad_ws/install/skidpad_icp/share/skidpad_icp/config/skidpad_cones_target.txt
[14.096s] -- Symlinking: /home/limdegcai/GSMART/CODE/FSD-Gsmart/planning_control/skidpad_ws/install/skidpad_icp/share/skidpad_icp/config/skidpad_detector.yaml
[14.101s] -- Symlinking: /home/limdegcai/GSMART/CODE/FSD-Gsmart/planning_control/skidpad_ws/install/skidpad_icp/share/ament_index/resource_index/package_run_dependencies/skidpad_icp
[14.107s] -- Symlinking: /home/limdegcai/GSMART/CODE/FSD-Gsmart/planning_control/skidpad_ws/install/skidpad_icp/share/ament_index/resource_index/parent_prefix_path/skidpad_icp
[14.113s] -- Symlinking: /home/limdegcai/GSMART/CODE/FSD-Gsmart/planning_control/skidpad_ws/install/skidpad_icp/share/skidpad_icp/environment/ament_prefix_path.sh
[14.118s] -- Symlinking: /home/limdegcai/GSMART/CODE/FSD-Gsmart/planning_control/skidpad_ws/install/skidpad_icp/share/skidpad_icp/environment/ament_prefix_path.dsv
[14.124s] -- Symlinking: /home/limdegcai/GSMART/CODE/FSD-Gsmart/planning_control/skidpad_ws/install/skidpad_icp/share/skidpad_icp/environment/path.sh
[14.130s] -- Symlinking: /home/limdegcai/GSMART/CODE/FSD-Gsmart/planning_control/skidpad_ws/install/skidpad_icp/share/skidpad_icp/environment/path.dsv
[14.135s] -- Symlinking: /home/limdegcai/GSMART/CODE/FSD-Gsmart/planning_control/skidpad_ws/install/skidpad_icp/share/skidpad_icp/local_setup.bash
[14.140s] -- Symlinking: /home/limdegcai/GSMART/CODE/FSD-Gsmart/planning_control/skidpad_ws/install/skidpad_icp/share/skidpad_icp/local_setup.sh
[14.146s] -- Symlinking: /home/limdegcai/GSMART/CODE/FSD-Gsmart/planning_control/skidpad_ws/install/skidpad_icp/share/skidpad_icp/local_setup.zsh
[14.151s] -- Symlinking: /home/limdegcai/GSMART/CODE/FSD-Gsmart/planning_control/skidpad_ws/install/skidpad_icp/share/skidpad_icp/local_setup.dsv
[14.157s] -- Symlinking: /home/limdegcai/GSMART/CODE/FSD-Gsmart/planning_control/skidpad_ws/install/skidpad_icp/share/skidpad_icp/package.dsv
[14.162s] -- Symlinking: /home/limdegcai/GSMART/CODE/FSD-Gsmart/planning_control/skidpad_ws/install/skidpad_icp/share/ament_index/resource_index/packages/skidpad_icp
[14.167s] -- Symlinking: /home/limdegcai/GSMART/CODE/FSD-Gsmart/planning_control/skidpad_ws/install/skidpad_icp/share/skidpad_icp/cmake/skidpad_icpConfig.cmake
[14.173s] -- Symlinking: /home/limdegcai/GSMART/CODE/FSD-Gsmart/planning_control/skidpad_ws/install/skidpad_icp/share/skidpad_icp/cmake/skidpad_icpConfig-version.cmake
[14.178s] -- Symlinking: /home/limdegcai/GSMART/CODE/FSD-Gsmart/planning_control/skidpad_ws/install/skidpad_icp/share/skidpad_icp/package.xml
[14.185s] Invoked command in '/home/limdegcai/GSMART/CODE/FSD-Gsmart/planning_control/skidpad_ws/build/skidpad_icp' returned '0': CMAKE_PREFIX_PATH=${CMAKE_PREFIX_PATH}:/home/limdegcai/GSMART/CODE/FSD-Gsmart/planning_control/skidpad_ws/install/skidpad_control:/home/limdegcai/GSMART/CODE/FSD-Gsmart/planning_control/skidpad_ws/install/fsds_bridge:/home/limdegcai/GSMART/CODE/FSD-Gsmart/planning_control/skidpad_ws/install/icp_test_tools:/opt/ros/humble /usr/bin/cmake --install /home/limdegcai/GSMART/CODE/FSD-Gsmart/planning_control/skidpad_ws/build/skidpad_icp
