[0.432s] Invoking command in '/home/x/Documents/at20260415workspace/workspace/camera/src/yolo_ros': AMENT_PREFIX_PATH=/home/x/Documents/at20260415workspace/workspace/camera/install/yolo_msgs:${AMENT_PREFIX_PATH} CMAKE_PREFIX_PATH=/home/x/Documents/at20260415workspace/workspace/camera/install/yolo_msgs LD_LIBRARY_PATH=/home/x/Documents/at20260415workspace/workspace/camera/install/yolo_msgs/lib:${LD_LIBRARY_PATH} PYTHONPATH=/home/x/Documents/at20260415workspace/workspace/camera/build/yolo_ros/prefix_override:/usr/lib/python3/dist-packages/colcon_core/task/python/colcon_distutils_commands:/home/x/Documents/at20260415workspace/workspace/camera/install/yolo_ros/lib/python3.10/site-packages:/home/x/Documents/at20260415workspace/workspace/camera/install/yolo_msgs/local/lib/python3.10/dist-packages:${PYTHONPATH} /usr/bin/python3 -W ignore:setup.py install is deprecated -W ignore:easy_install command is deprecated setup.py egg_info --egg-base ../../build/yolo_ros build --build-base /home/x/Documents/at20260415workspace/workspace/camera/build/yolo_ros/build install --record /home/x/Documents/at20260415workspace/workspace/camera/build/yolo_ros/install.log --single-version-externally-managed install_data
[0.549s] running egg_info
[0.549s] creating ../../build/yolo_ros/yolo_ros.egg-info
[0.550s] writing ../../build/yolo_ros/yolo_ros.egg-info/PKG-INFO
[0.550s] writing dependency_links to ../../build/yolo_ros/yolo_ros.egg-info/dependency_links.txt
[0.550s] writing entry points to ../../build/yolo_ros/yolo_ros.egg-info/entry_points.txt
[0.550s] writing requirements to ../../build/yolo_ros/yolo_ros.egg-info/requires.txt
[0.550s] writing top-level names to ../../build/yolo_ros/yolo_ros.egg-info/top_level.txt
[0.550s] writing manifest file '../../build/yolo_ros/yolo_ros.egg-info/SOURCES.txt'
[0.551s] reading manifest file '../../build/yolo_ros/yolo_ros.egg-info/SOURCES.txt'
[0.551s] adding license file 'LICENSE'
[0.551s] writing manifest file '../../build/yolo_ros/yolo_ros.egg-info/SOURCES.txt'
[0.551s] running build
[0.551s] running build_py
[0.551s] creating /home/x/Documents/at20260415workspace/workspace/camera/build/yolo_ros/build
[0.552s] creating /home/x/Documents/at20260415workspace/workspace/camera/build/yolo_ros/build/lib
[0.552s] creating /home/x/Documents/at20260415workspace/workspace/camera/build/yolo_ros/build/lib/yolo_ros
[0.552s] copying yolo_ros/__init__.py -> /home/x/Documents/at20260415workspace/workspace/camera/build/yolo_ros/build/lib/yolo_ros
[0.552s] copying yolo_ros/tracking_node1.py -> /home/x/Documents/at20260415workspace/workspace/camera/build/yolo_ros/build/lib/yolo_ros
[0.552s] copying yolo_ros/detect_3d_node2.py -> /home/x/Documents/at20260415workspace/workspace/camera/build/yolo_ros/build/lib/yolo_ros
[0.552s] copying yolo_ros/yolo_node1.py -> /home/x/Documents/at20260415workspace/workspace/camera/build/yolo_ros/build/lib/yolo_ros
[0.552s] copying yolo_ros/yolo_node2.py -> /home/x/Documents/at20260415workspace/workspace/camera/build/yolo_ros/build/lib/yolo_ros
[0.552s] copying yolo_ros/debug_node1.py -> /home/x/Documents/at20260415workspace/workspace/camera/build/yolo_ros/build/lib/yolo_ros
[0.552s] copying yolo_ros/debug_node2.py -> /home/x/Documents/at20260415workspace/workspace/camera/build/yolo_ros/build/lib/yolo_ros
[0.552s] copying yolo_ros/detect_3d_node1.py -> /home/x/Documents/at20260415workspace/workspace/camera/build/yolo_ros/build/lib/yolo_ros
[0.552s] copying yolo_ros/tracking_node2.py -> /home/x/Documents/at20260415workspace/workspace/camera/build/yolo_ros/build/lib/yolo_ros
[0.552s] running install
[0.552s] running install_lib
[0.552s] creating /home/x/Documents/at20260415workspace/workspace/camera/install/yolo_ros/lib/python3.10/site-packages/yolo_ros
[0.552s] copying /home/x/Documents/at20260415workspace/workspace/camera/build/yolo_ros/build/lib/yolo_ros/__init__.py -> /home/x/Documents/at20260415workspace/workspace/camera/install/yolo_ros/lib/python3.10/site-packages/yolo_ros
[0.553s] copying /home/x/Documents/at20260415workspace/workspace/camera/build/yolo_ros/build/lib/yolo_ros/tracking_node1.py -> /home/x/Documents/at20260415workspace/workspace/camera/install/yolo_ros/lib/python3.10/site-packages/yolo_ros
[0.553s] copying /home/x/Documents/at20260415workspace/workspace/camera/build/yolo_ros/build/lib/yolo_ros/detect_3d_node2.py -> /home/x/Documents/at20260415workspace/workspace/camera/install/yolo_ros/lib/python3.10/site-packages/yolo_ros
[0.553s] copying /home/x/Documents/at20260415workspace/workspace/camera/build/yolo_ros/build/lib/yolo_ros/yolo_node1.py -> /home/x/Documents/at20260415workspace/workspace/camera/install/yolo_ros/lib/python3.10/site-packages/yolo_ros
[0.553s] copying /home/x/Documents/at20260415workspace/workspace/camera/build/yolo_ros/build/lib/yolo_ros/yolo_node2.py -> /home/x/Documents/at20260415workspace/workspace/camera/install/yolo_ros/lib/python3.10/site-packages/yolo_ros
[0.553s] copying /home/x/Documents/at20260415workspace/workspace/camera/build/yolo_ros/build/lib/yolo_ros/debug_node1.py -> /home/x/Documents/at20260415workspace/workspace/camera/install/yolo_ros/lib/python3.10/site-packages/yolo_ros
[0.553s] copying /home/x/Documents/at20260415workspace/workspace/camera/build/yolo_ros/build/lib/yolo_ros/debug_node2.py -> /home/x/Documents/at20260415workspace/workspace/camera/install/yolo_ros/lib/python3.10/site-packages/yolo_ros
[0.553s] copying /home/x/Documents/at20260415workspace/workspace/camera/build/yolo_ros/build/lib/yolo_ros/detect_3d_node1.py -> /home/x/Documents/at20260415workspace/workspace/camera/install/yolo_ros/lib/python3.10/site-packages/yolo_ros
[0.553s] copying /home/x/Documents/at20260415workspace/workspace/camera/build/yolo_ros/build/lib/yolo_ros/tracking_node2.py -> /home/x/Documents/at20260415workspace/workspace/camera/install/yolo_ros/lib/python3.10/site-packages/yolo_ros
[0.553s] byte-compiling /home/x/Documents/at20260415workspace/workspace/camera/install/yolo_ros/lib/python3.10/site-packages/yolo_ros/__init__.py to __init__.cpython-310.pyc
[0.553s] byte-compiling /home/x/Documents/at20260415workspace/workspace/camera/install/yolo_ros/lib/python3.10/site-packages/yolo_ros/tracking_node1.py to tracking_node1.cpython-310.pyc
[0.554s] byte-compiling /home/x/Documents/at20260415workspace/workspace/camera/install/yolo_ros/lib/python3.10/site-packages/yolo_ros/detect_3d_node2.py to detect_3d_node2.cpython-310.pyc
[0.555s] byte-compiling /home/x/Documents/at20260415workspace/workspace/camera/install/yolo_ros/lib/python3.10/site-packages/yolo_ros/yolo_node1.py to yolo_node1.cpython-310.pyc
[0.556s] byte-compiling /home/x/Documents/at20260415workspace/workspace/camera/install/yolo_ros/lib/python3.10/site-packages/yolo_ros/yolo_node2.py to yolo_node2.cpython-310.pyc
[0.557s] byte-compiling /home/x/Documents/at20260415workspace/workspace/camera/install/yolo_ros/lib/python3.10/site-packages/yolo_ros/debug_node1.py to debug_node1.cpython-310.pyc
[0.558s] byte-compiling /home/x/Documents/at20260415workspace/workspace/camera/install/yolo_ros/lib/python3.10/site-packages/yolo_ros/debug_node2.py to debug_node2.cpython-310.pyc
[0.559s] byte-compiling /home/x/Documents/at20260415workspace/workspace/camera/install/yolo_ros/lib/python3.10/site-packages/yolo_ros/detect_3d_node1.py to detect_3d_node1.cpython-310.pyc
[0.560s] byte-compiling /home/x/Documents/at20260415workspace/workspace/camera/install/yolo_ros/lib/python3.10/site-packages/yolo_ros/tracking_node2.py to tracking_node2.cpython-310.pyc
[0.560s] running install_data
[0.560s] creating /home/x/Documents/at20260415workspace/workspace/camera/install/yolo_ros/share/ament_index
[0.561s] creating /home/x/Documents/at20260415workspace/workspace/camera/install/yolo_ros/share/ament_index/resource_index
[0.561s] creating /home/x/Documents/at20260415workspace/workspace/camera/install/yolo_ros/share/ament_index/resource_index/packages
[0.561s] copying resource/yolo_ros -> /home/x/Documents/at20260415workspace/workspace/camera/install/yolo_ros/share/ament_index/resource_index/packages
[0.561s] copying package.xml -> /home/x/Documents/at20260415workspace/workspace/camera/install/yolo_ros/share/yolo_ros
[0.561s] running install_egg_info
[0.562s] Copying ../../build/yolo_ros/yolo_ros.egg-info to /home/x/Documents/at20260415workspace/workspace/camera/install/yolo_ros/lib/python3.10/site-packages/yolo_ros-0.0.0-py3.10.egg-info
[0.562s] running install_scripts
[0.574s] Installing debug_node1 script to /home/x/Documents/at20260415workspace/workspace/camera/install/yolo_ros/lib/yolo_ros
[0.574s] Installing debug_node2 script to /home/x/Documents/at20260415workspace/workspace/camera/install/yolo_ros/lib/yolo_ros
[0.574s] Installing detect_3d_node1 script to /home/x/Documents/at20260415workspace/workspace/camera/install/yolo_ros/lib/yolo_ros
[0.574s] Installing detect_3d_node2 script to /home/x/Documents/at20260415workspace/workspace/camera/install/yolo_ros/lib/yolo_ros
[0.574s] Installing tracking_node1 script to /home/x/Documents/at20260415workspace/workspace/camera/install/yolo_ros/lib/yolo_ros
[0.574s] Installing tracking_node2 script to /home/x/Documents/at20260415workspace/workspace/camera/install/yolo_ros/lib/yolo_ros
[0.574s] Installing yolo_node1 script to /home/x/Documents/at20260415workspace/workspace/camera/install/yolo_ros/lib/yolo_ros
[0.574s] Installing yolo_node2 script to /home/x/Documents/at20260415workspace/workspace/camera/install/yolo_ros/lib/yolo_ros
[0.574s] writing list of installed files to '/home/x/Documents/at20260415workspace/workspace/camera/build/yolo_ros/install.log'
[0.590s] Invoked command in '/home/x/Documents/at20260415workspace/workspace/camera/src/yolo_ros' returned '0': AMENT_PREFIX_PATH=/home/x/Documents/at20260415workspace/workspace/camera/install/yolo_msgs:${AMENT_PREFIX_PATH} CMAKE_PREFIX_PATH=/home/x/Documents/at20260415workspace/workspace/camera/install/yolo_msgs LD_LIBRARY_PATH=/home/x/Documents/at20260415workspace/workspace/camera/install/yolo_msgs/lib:${LD_LIBRARY_PATH} PYTHONPATH=/home/x/Documents/at20260415workspace/workspace/camera/build/yolo_ros/prefix_override:/usr/lib/python3/dist-packages/colcon_core/task/python/colcon_distutils_commands:/home/x/Documents/at20260415workspace/workspace/camera/install/yolo_ros/lib/python3.10/site-packages:/home/x/Documents/at20260415workspace/workspace/camera/install/yolo_msgs/local/lib/python3.10/dist-packages:${PYTHONPATH} /usr/bin/python3 -W ignore:setup.py install is deprecated -W ignore:easy_install command is deprecated setup.py egg_info --egg-base ../../build/yolo_ros build --build-base /home/x/Documents/at20260415workspace/workspace/camera/build/yolo_ros/build install --record /home/x/Documents/at20260415workspace/workspace/camera/build/yolo_ros/install.log --single-version-externally-managed install_data
