[0.008s] Invoking command in '/home/limdegcai/GSMART/CODE/FSD-Gsmart/planning_control/skidpad/build/skidpad_bringup': AMENT_PREFIX_PATH=/home/limdegcai/GSMART/CODE/FSD-Gsmart/planning_control/skidpad/install/skidpad_planner:/home/limdegcai/GSMART/CODE/FSD-Gsmart/planning_control/skidpad/install/skidpad_control:/home/limdegcai/GSMART/CODE/FSD-Gsmart/planning_control/skidpad/install/skidpad_msgs:/home/limdegcai/GSMART/CODE/FSD-Gsmart/planning_control/skidpad/install/skidpad_icp:${AMENT_PREFIX_PATH} CMAKE_PREFIX_PATH=/home/limdegcai/GSMART/CODE/FSD-Gsmart/planning_control/skidpad/install/skidpad_planner:/home/limdegcai/GSMART/CODE/FSD-Gsmart/planning_control/skidpad/install/skidpad_msgs:/home/limdegcai/GSMART/CODE/FSD-Gsmart/planning_control/skidpad/install/skidpad_icp:/opt/ros/humble LD_LIBRARY_PATH=/home/limdegcai/GSMART/CODE/FSD-Gsmart/planning_control/skidpad/install/skidpad_msgs/lib:${LD_LIBRARY_PATH} PYTHONPATH=/home/limdegcai/GSMART/CODE/FSD-Gsmart/planning_control/skidpad/build/skidpad_control:/home/limdegcai/GSMART/CODE/FSD-Gsmart/planning_control/skidpad/install/skidpad_control/lib/python3.10/site-packages:/home/limdegcai/GSMART/CODE/FSD-Gsmart/planning_control/skidpad/install/skidpad_msgs/local/lib/python3.10/dist-packages:${PYTHONPATH} /usr/bin/cmake /home/limdegcai/GSMART/CODE/FSD-Gsmart/planning_control/skidpad/src/skidpad_bringup -DAMENT_CMAKE_SYMLINK_INSTALL=1 -DCMAKE_INSTALL_PREFIX=/home/limdegcai/GSMART/CODE/FSD-Gsmart/planning_control/skidpad/install/skidpad_bringup
[0.042s] -- The C compiler identification is GNU 11.4.0
[0.077s] -- The CXX compiler identification is GNU 11.4.0
[0.082s] -- Detecting C compiler ABI info
[0.129s] -- Detecting C compiler ABI info - done
[0.133s] -- Check for working C compiler: /usr/bin/cc - skipped
[0.133s] -- Detecting C compile features
[0.133s] -- Detecting C compile features - done
[0.135s] -- Detecting CXX compiler ABI info
[0.187s] -- Detecting CXX compiler ABI info - done
[0.192s] -- Check for working CXX compiler: /usr/bin/c++ - skipped
[0.192s] -- Detecting CXX compile features
[0.192s] -- Detecting CXX compile features - done
[0.194s] -- Found ament_cmake: 1.3.14 (/opt/ros/humble/share/ament_cmake/cmake)
[0.285s] -- Found Python3: /usr/bin/python3 (found version "3.10.12") found components: Interpreter 
[0.322s] -- Override CMake install command with custom implementation using symlinks instead of copying resources
[0.376s] -- Configuring done
[0.378s] -- Generating done
[0.379s] -- Build files have been written to: /home/limdegcai/GSMART/CODE/FSD-Gsmart/planning_control/skidpad/build/skidpad_bringup
[0.382s] Invoked command in '/home/limdegcai/GSMART/CODE/FSD-Gsmart/planning_control/skidpad/build/skidpad_bringup' returned '0': AMENT_PREFIX_PATH=/home/limdegcai/GSMART/CODE/FSD-Gsmart/planning_control/skidpad/install/skidpad_planner:/home/limdegcai/GSMART/CODE/FSD-Gsmart/planning_control/skidpad/install/skidpad_control:/home/limdegcai/GSMART/CODE/FSD-Gsmart/planning_control/skidpad/install/skidpad_msgs:/home/limdegcai/GSMART/CODE/FSD-Gsmart/planning_control/skidpad/install/skidpad_icp:${AMENT_PREFIX_PATH} CMAKE_PREFIX_PATH=/home/limdegcai/GSMART/CODE/FSD-Gsmart/planning_control/skidpad/install/skidpad_planner:/home/limdegcai/GSMART/CODE/FSD-Gsmart/planning_control/skidpad/install/skidpad_msgs:/home/limdegcai/GSMART/CODE/FSD-Gsmart/planning_control/skidpad/install/skidpad_icp:/opt/ros/humble LD_LIBRARY_PATH=/home/limdegcai/GSMART/CODE/FSD-Gsmart/planning_control/skidpad/install/skidpad_msgs/lib:${LD_LIBRARY_PATH} PYTHONPATH=/home/limdegcai/GSMART/CODE/FSD-Gsmart/planning_control/skidpad/build/skidpad_control:/home/limdegcai/GSMART/CODE/FSD-Gsmart/planning_control/skidpad/install/skidpad_control/lib/python3.10/site-packages:/home/limdegcai/GSMART/CODE/FSD-Gsmart/planning_control/skidpad/install/skidpad_msgs/local/lib/python3.10/dist-packages:${PYTHONPATH} /usr/bin/cmake /home/limdegcai/GSMART/CODE/FSD-Gsmart/planning_control/skidpad/src/skidpad_bringup -DAMENT_CMAKE_SYMLINK_INSTALL=1 -DCMAKE_INSTALL_PREFIX=/home/limdegcai/GSMART/CODE/FSD-Gsmart/planning_control/skidpad/install/skidpad_bringup
[0.383s] Invoking command in '/home/limdegcai/GSMART/CODE/FSD-Gsmart/planning_control/skidpad/build/skidpad_bringup': AMENT_PREFIX_PATH=/home/limdegcai/GSMART/CODE/FSD-Gsmart/planning_control/skidpad/install/skidpad_planner:/home/limdegcai/GSMART/CODE/FSD-Gsmart/planning_control/skidpad/install/skidpad_control:/home/limdegcai/GSMART/CODE/FSD-Gsmart/planning_control/skidpad/install/skidpad_msgs:/home/limdegcai/GSMART/CODE/FSD-Gsmart/planning_control/skidpad/install/skidpad_icp:${AMENT_PREFIX_PATH} CMAKE_PREFIX_PATH=/home/limdegcai/GSMART/CODE/FSD-Gsmart/planning_control/skidpad/install/skidpad_planner:/home/limdegcai/GSMART/CODE/FSD-Gsmart/planning_control/skidpad/install/skidpad_msgs:/home/limdegcai/GSMART/CODE/FSD-Gsmart/planning_control/skidpad/install/skidpad_icp:/opt/ros/humble LD_LIBRARY_PATH=/home/limdegcai/GSMART/CODE/FSD-Gsmart/planning_control/skidpad/install/skidpad_msgs/lib:${LD_LIBRARY_PATH} PYTHONPATH=/home/limdegcai/GSMART/CODE/FSD-Gsmart/planning_control/skidpad/build/skidpad_control:/home/limdegcai/GSMART/CODE/FSD-Gsmart/planning_control/skidpad/install/skidpad_control/lib/python3.10/site-packages:/home/limdegcai/GSMART/CODE/FSD-Gsmart/planning_control/skidpad/install/skidpad_msgs/local/lib/python3.10/dist-packages:${PYTHONPATH} /usr/bin/cmake --build /home/limdegcai/GSMART/CODE/FSD-Gsmart/planning_control/skidpad/build/skidpad_bringup -- -j32 -l32
[0.408s] Invoked command in '/home/limdegcai/GSMART/CODE/FSD-Gsmart/planning_control/skidpad/build/skidpad_bringup' returned '0': AMENT_PREFIX_PATH=/home/limdegcai/GSMART/CODE/FSD-Gsmart/planning_control/skidpad/install/skidpad_planner:/home/limdegcai/GSMART/CODE/FSD-Gsmart/planning_control/skidpad/install/skidpad_control:/home/limdegcai/GSMART/CODE/FSD-Gsmart/planning_control/skidpad/install/skidpad_msgs:/home/limdegcai/GSMART/CODE/FSD-Gsmart/planning_control/skidpad/install/skidpad_icp:${AMENT_PREFIX_PATH} CMAKE_PREFIX_PATH=/home/limdegcai/GSMART/CODE/FSD-Gsmart/planning_control/skidpad/install/skidpad_planner:/home/limdegcai/GSMART/CODE/FSD-Gsmart/planning_control/skidpad/install/skidpad_msgs:/home/limdegcai/GSMART/CODE/FSD-Gsmart/planning_control/skidpad/install/skidpad_icp:/opt/ros/humble LD_LIBRARY_PATH=/home/limdegcai/GSMART/CODE/FSD-Gsmart/planning_control/skidpad/install/skidpad_msgs/lib:${LD_LIBRARY_PATH} PYTHONPATH=/home/limdegcai/GSMART/CODE/FSD-Gsmart/planning_control/skidpad/build/skidpad_control:/home/limdegcai/GSMART/CODE/FSD-Gsmart/planning_control/skidpad/install/skidpad_control/lib/python3.10/site-packages:/home/limdegcai/GSMART/CODE/FSD-Gsmart/planning_control/skidpad/install/skidpad_msgs/local/lib/python3.10/dist-packages:${PYTHONPATH} /usr/bin/cmake --build /home/limdegcai/GSMART/CODE/FSD-Gsmart/planning_control/skidpad/build/skidpad_bringup -- -j32 -l32
[0.409s] Invoking command in '/home/limdegcai/GSMART/CODE/FSD-Gsmart/planning_control/skidpad/build/skidpad_bringup': AMENT_PREFIX_PATH=/home/limdegcai/GSMART/CODE/FSD-Gsmart/planning_control/skidpad/install/skidpad_planner:/home/limdegcai/GSMART/CODE/FSD-Gsmart/planning_control/skidpad/install/skidpad_control:/home/limdegcai/GSMART/CODE/FSD-Gsmart/planning_control/skidpad/install/skidpad_msgs:/home/limdegcai/GSMART/CODE/FSD-Gsmart/planning_control/skidpad/install/skidpad_icp:${AMENT_PREFIX_PATH} CMAKE_PREFIX_PATH=/home/limdegcai/GSMART/CODE/FSD-Gsmart/planning_control/skidpad/install/skidpad_planner:/home/limdegcai/GSMART/CODE/FSD-Gsmart/planning_control/skidpad/install/skidpad_msgs:/home/limdegcai/GSMART/CODE/FSD-Gsmart/planning_control/skidpad/install/skidpad_icp:/opt/ros/humble LD_LIBRARY_PATH=/home/limdegcai/GSMART/CODE/FSD-Gsmart/planning_control/skidpad/install/skidpad_msgs/lib:${LD_LIBRARY_PATH} PYTHONPATH=/home/limdegcai/GSMART/CODE/FSD-Gsmart/planning_control/skidpad/build/skidpad_control:/home/limdegcai/GSMART/CODE/FSD-Gsmart/planning_control/skidpad/install/skidpad_control/lib/python3.10/site-packages:/home/limdegcai/GSMART/CODE/FSD-Gsmart/planning_control/skidpad/install/skidpad_msgs/local/lib/python3.10/dist-packages:${PYTHONPATH} /usr/bin/cmake --install /home/limdegcai/GSMART/CODE/FSD-Gsmart/planning_control/skidpad/build/skidpad_bringup
[0.414s] -- Install configuration: ""
[0.414s] -- Execute custom install script
[0.415s] -- Symlinking: /home/limdegcai/GSMART/CODE/FSD-Gsmart/planning_control/skidpad/install/skidpad_bringup/share/skidpad_bringup/launch/skidpad_bringup.launch.py
[0.421s] -- Symlinking: /home/limdegcai/GSMART/CODE/FSD-Gsmart/planning_control/skidpad/install/skidpad_bringup/share/ament_index/resource_index/package_run_dependencies/skidpad_bringup
[0.428s] -- Symlinking: /home/limdegcai/GSMART/CODE/FSD-Gsmart/planning_control/skidpad/install/skidpad_bringup/share/ament_index/resource_index/parent_prefix_path/skidpad_bringup
[0.433s] -- Symlinking: /home/limdegcai/GSMART/CODE/FSD-Gsmart/planning_control/skidpad/install/skidpad_bringup/share/skidpad_bringup/environment/ament_prefix_path.sh
[0.439s] -- Symlinking: /home/limdegcai/GSMART/CODE/FSD-Gsmart/planning_control/skidpad/install/skidpad_bringup/share/skidpad_bringup/environment/ament_prefix_path.dsv
[0.445s] -- Symlinking: /home/limdegcai/GSMART/CODE/FSD-Gsmart/planning_control/skidpad/install/skidpad_bringup/share/skidpad_bringup/environment/path.sh
[0.451s] -- Symlinking: /home/limdegcai/GSMART/CODE/FSD-Gsmart/planning_control/skidpad/install/skidpad_bringup/share/skidpad_bringup/environment/path.dsv
[0.457s] -- Symlinking: /home/limdegcai/GSMART/CODE/FSD-Gsmart/planning_control/skidpad/install/skidpad_bringup/share/skidpad_bringup/local_setup.bash
[0.462s] -- Symlinking: /home/limdegcai/GSMART/CODE/FSD-Gsmart/planning_control/skidpad/install/skidpad_bringup/share/skidpad_bringup/local_setup.sh
[0.468s] -- Symlinking: /home/limdegcai/GSMART/CODE/FSD-Gsmart/planning_control/skidpad/install/skidpad_bringup/share/skidpad_bringup/local_setup.zsh
[0.473s] -- Symlinking: /home/limdegcai/GSMART/CODE/FSD-Gsmart/planning_control/skidpad/install/skidpad_bringup/share/skidpad_bringup/local_setup.dsv
[0.479s] -- Symlinking: /home/limdegcai/GSMART/CODE/FSD-Gsmart/planning_control/skidpad/install/skidpad_bringup/share/skidpad_bringup/package.dsv
[0.484s] -- Symlinking: /home/limdegcai/GSMART/CODE/FSD-Gsmart/planning_control/skidpad/install/skidpad_bringup/share/ament_index/resource_index/packages/skidpad_bringup
[0.490s] -- Symlinking: /home/limdegcai/GSMART/CODE/FSD-Gsmart/planning_control/skidpad/install/skidpad_bringup/share/skidpad_bringup/cmake/skidpad_bringupConfig.cmake
[0.495s] -- Symlinking: /home/limdegcai/GSMART/CODE/FSD-Gsmart/planning_control/skidpad/install/skidpad_bringup/share/skidpad_bringup/cmake/skidpad_bringupConfig-version.cmake
[0.501s] -- Symlinking: /home/limdegcai/GSMART/CODE/FSD-Gsmart/planning_control/skidpad/install/skidpad_bringup/share/skidpad_bringup/package.xml
[0.508s] Invoked command in '/home/limdegcai/GSMART/CODE/FSD-Gsmart/planning_control/skidpad/build/skidpad_bringup' returned '0': AMENT_PREFIX_PATH=/home/limdegcai/GSMART/CODE/FSD-Gsmart/planning_control/skidpad/install/skidpad_planner:/home/limdegcai/GSMART/CODE/FSD-Gsmart/planning_control/skidpad/install/skidpad_control:/home/limdegcai/GSMART/CODE/FSD-Gsmart/planning_control/skidpad/install/skidpad_msgs:/home/limdegcai/GSMART/CODE/FSD-Gsmart/planning_control/skidpad/install/skidpad_icp:${AMENT_PREFIX_PATH} CMAKE_PREFIX_PATH=/home/limdegcai/GSMART/CODE/FSD-Gsmart/planning_control/skidpad/install/skidpad_planner:/home/limdegcai/GSMART/CODE/FSD-Gsmart/planning_control/skidpad/install/skidpad_msgs:/home/limdegcai/GSMART/CODE/FSD-Gsmart/planning_control/skidpad/install/skidpad_icp:/opt/ros/humble LD_LIBRARY_PATH=/home/limdegcai/GSMART/CODE/FSD-Gsmart/planning_control/skidpad/install/skidpad_msgs/lib:${LD_LIBRARY_PATH} PYTHONPATH=/home/limdegcai/GSMART/CODE/FSD-Gsmart/planning_control/skidpad/build/skidpad_control:/home/limdegcai/GSMART/CODE/FSD-Gsmart/planning_control/skidpad/install/skidpad_control/lib/python3.10/site-packages:/home/limdegcai/GSMART/CODE/FSD-Gsmart/planning_control/skidpad/install/skidpad_msgs/local/lib/python3.10/dist-packages:${PYTHONPATH} /usr/bin/cmake --install /home/limdegcai/GSMART/CODE/FSD-Gsmart/planning_control/skidpad/build/skidpad_bringup
