[0.135s] Invoking command in '/home/limdegcai/GSMART/CODE/FSD-Gsmart/planning_control/skidpad_ws/build/skidpad_planner': CMAKE_PREFIX_PATH=/home/limdegcai/GSMART/CODE/FSD-Gsmart/planning_control/skidpad_ws/install/skidpad_msgs:/home/limdegcai/GSMART/CODE/FSD-Gsmart/planning_control/skidpad_ws/install/skidpad_bringup:/home/limdegcai/GSMART/CODE/FSD-Gsmart/planning_control/skidpad_ws/install/skidpad_planner:/home/limdegcai/GSMART/CODE/FSD-Gsmart/planning_control/skidpad_ws/install/skidpad_icp:/home/limdegcai/GSMART/CODE/FSD-Gsmart/planning_control/skidpad_ws/install/skidpad_control:/home/limdegcai/GSMART/CODE/FSD-Gsmart/planning_control/skidpad_ws/install/fsds_bridge:/home/limdegcai/GSMART/CODE/FSD-Gsmart/planning_control/skidpad_ws/install/icp_test_tools:/opt/ros/humble /usr/bin/cmake /home/limdegcai/GSMART/CODE/FSD-Gsmart/planning_control/skidpad_ws/src/skidpad_planner -DAMENT_CMAKE_SYMLINK_INSTALL=1 -DCMAKE_INSTALL_PREFIX=/home/limdegcai/GSMART/CODE/FSD-Gsmart/planning_control/skidpad_ws/install/skidpad_planner
[0.170s] -- The C compiler identification is GNU 11.4.0
[0.205s] -- The CXX compiler identification is GNU 11.4.0
[0.210s] -- Detecting C compiler ABI info
[0.257s] -- Detecting C compiler ABI info - done
[0.262s] -- Check for working C compiler: /usr/bin/cc - skipped
[0.262s] -- Detecting C compile features
[0.262s] -- Detecting C compile features - done
[0.263s] -- Detecting CXX compiler ABI info
[0.315s] -- Detecting CXX compiler ABI info - done
[0.319s] -- Check for working CXX compiler: /usr/bin/c++ - skipped
[0.319s] -- Detecting CXX compile features
[0.319s] -- Detecting CXX compile features - done
[0.321s] -- Found ament_cmake: 1.3.14 (/opt/ros/humble/share/ament_cmake/cmake)
[0.419s] -- Found Python3: /usr/bin/python3 (found version "3.10.12") found components: Interpreter 
[0.459s] -- Override CMake install command with custom implementation using symlinks instead of copying resources
[0.479s] -- Found rclcpp: 16.0.19 (/opt/ros/humble/share/rclcpp/cmake)
[0.507s] -- Found rosidl_generator_c: 3.1.8 (/opt/ros/humble/share/rosidl_generator_c/cmake)
[0.511s] -- Found rosidl_adapter: 3.1.8 (/opt/ros/humble/share/rosidl_adapter/cmake)
[0.517s] -- Found rosidl_generator_cpp: 3.1.8 (/opt/ros/humble/share/rosidl_generator_cpp/cmake)
[0.524s] -- Using all available rosidl_typesupport_c: rosidl_typesupport_fastrtps_c;rosidl_typesupport_introspection_c
[0.535s] -- Using all available rosidl_typesupport_cpp: rosidl_typesupport_fastrtps_cpp;rosidl_typesupport_introspection_cpp
[0.561s] -- Found rmw_implementation_cmake: 6.1.2 (/opt/ros/humble/share/rmw_implementation_cmake/cmake)
[0.563s] -- Found rmw_fastrtps_cpp: 6.2.10 (/opt/ros/humble/share/rmw_fastrtps_cpp/cmake)
[0.623s] -- Found OpenSSL: /usr/lib/x86_64-linux-gnu/libcrypto.so (found version "3.0.2")  
[0.644s] -- Found FastRTPS: /opt/ros/humble/include  
[0.673s] -- Using RMW implementation 'rmw_fastrtps_cpp' as default
[0.679s] -- Looking for pthread.h
[0.729s] -- Looking for pthread.h - found
[0.729s] -- Performing Test CMAKE_HAVE_LIBC_PTHREAD
[0.776s] -- Performing Test CMAKE_HAVE_LIBC_PTHREAD - Success
[0.776s] -- Found Threads: TRUE  
[0.807s] -- Found geometry_msgs: 4.9.1 (/opt/ros/humble/share/geometry_msgs/cmake)
[0.814s] -- Found visualization_msgs: 4.9.1 (/opt/ros/humble/share/visualization_msgs/cmake)
[0.838s] -- Found skidpad_msgs: 1.0.0 (/home/limdegcai/GSMART/CODE/FSD-Gsmart/planning_control/skidpad_ws/install/skidpad_msgs/share/skidpad_msgs/cmake)
[0.856s] -- Found OpenCV: /usr (found version "4.5.4") 
[0.898s] -- Configuring done
[0.909s] -- Generating done
[0.911s] -- Build files have been written to: /home/limdegcai/GSMART/CODE/FSD-Gsmart/planning_control/skidpad_ws/build/skidpad_planner
[0.920s] Invoked command in '/home/limdegcai/GSMART/CODE/FSD-Gsmart/planning_control/skidpad_ws/build/skidpad_planner' returned '0': CMAKE_PREFIX_PATH=/home/limdegcai/GSMART/CODE/FSD-Gsmart/planning_control/skidpad_ws/install/skidpad_msgs:/home/limdegcai/GSMART/CODE/FSD-Gsmart/planning_control/skidpad_ws/install/skidpad_bringup:/home/limdegcai/GSMART/CODE/FSD-Gsmart/planning_control/skidpad_ws/install/skidpad_planner:/home/limdegcai/GSMART/CODE/FSD-Gsmart/planning_control/skidpad_ws/install/skidpad_icp:/home/limdegcai/GSMART/CODE/FSD-Gsmart/planning_control/skidpad_ws/install/skidpad_control:/home/limdegcai/GSMART/CODE/FSD-Gsmart/planning_control/skidpad_ws/install/fsds_bridge:/home/limdegcai/GSMART/CODE/FSD-Gsmart/planning_control/skidpad_ws/install/icp_test_tools:/opt/ros/humble /usr/bin/cmake /home/limdegcai/GSMART/CODE/FSD-Gsmart/planning_control/skidpad_ws/src/skidpad_planner -DAMENT_CMAKE_SYMLINK_INSTALL=1 -DCMAKE_INSTALL_PREFIX=/home/limdegcai/GSMART/CODE/FSD-Gsmart/planning_control/skidpad_ws/install/skidpad_planner
[0.920s] Invoking command in '/home/limdegcai/GSMART/CODE/FSD-Gsmart/planning_control/skidpad_ws/build/skidpad_planner': CMAKE_PREFIX_PATH=/home/limdegcai/GSMART/CODE/FSD-Gsmart/planning_control/skidpad_ws/install/skidpad_msgs:/home/limdegcai/GSMART/CODE/FSD-Gsmart/planning_control/skidpad_ws/install/skidpad_bringup:/home/limdegcai/GSMART/CODE/FSD-Gsmart/planning_control/skidpad_ws/install/skidpad_planner:/home/limdegcai/GSMART/CODE/FSD-Gsmart/planning_control/skidpad_ws/install/skidpad_icp:/home/limdegcai/GSMART/CODE/FSD-Gsmart/planning_control/skidpad_ws/install/skidpad_control:/home/limdegcai/GSMART/CODE/FSD-Gsmart/planning_control/skidpad_ws/install/fsds_bridge:/home/limdegcai/GSMART/CODE/FSD-Gsmart/planning_control/skidpad_ws/install/icp_test_tools:/opt/ros/humble /usr/bin/cmake --build /home/limdegcai/GSMART/CODE/FSD-Gsmart/planning_control/skidpad_ws/build/skidpad_planner -- -j32 -l32
[0.954s] [ 14%] [32mBuilding CXX object CMakeFiles/skidpad_planner_node.dir/src/main.cpp.o[0m
[0.954s] [ 28%] [32mBuilding CXX object CMakeFiles/skidpad_planner_node.dir/src/path_generator.cpp.o[0m
[0.954s] [ 42%] [32mBuilding CXX object CMakeFiles/skidpad_planner_node.dir/src/path_generator_handle.cpp.o[0m
[0.954s] [ 57%] [32mBuilding CXX object CMakeFiles/skidpad_planner_node.dir/src/Track/skidpad_track.cpp.o[0m
[0.955s] [ 71%] [32mBuilding CXX object CMakeFiles/skidpad_planner_node.dir/src/Utils/visual.cpp.o[0m
[0.956s] [ 85%] [32mBuilding CXX object CMakeFiles/skidpad_planner_node.dir/src/Track/track_base.cpp.o[0m
[8.696s] [100%] [32m[1mLinking CXX executable skidpad_planner_node[0m
[9.095s] [100%] Built target skidpad_planner_node
[9.103s] Invoked command in '/home/limdegcai/GSMART/CODE/FSD-Gsmart/planning_control/skidpad_ws/build/skidpad_planner' returned '0': CMAKE_PREFIX_PATH=/home/limdegcai/GSMART/CODE/FSD-Gsmart/planning_control/skidpad_ws/install/skidpad_msgs:/home/limdegcai/GSMART/CODE/FSD-Gsmart/planning_control/skidpad_ws/install/skidpad_bringup:/home/limdegcai/GSMART/CODE/FSD-Gsmart/planning_control/skidpad_ws/install/skidpad_planner:/home/limdegcai/GSMART/CODE/FSD-Gsmart/planning_control/skidpad_ws/install/skidpad_icp:/home/limdegcai/GSMART/CODE/FSD-Gsmart/planning_control/skidpad_ws/install/skidpad_control:/home/limdegcai/GSMART/CODE/FSD-Gsmart/planning_control/skidpad_ws/install/fsds_bridge:/home/limdegcai/GSMART/CODE/FSD-Gsmart/planning_control/skidpad_ws/install/icp_test_tools:/opt/ros/humble /usr/bin/cmake --build /home/limdegcai/GSMART/CODE/FSD-Gsmart/planning_control/skidpad_ws/build/skidpad_planner -- -j32 -l32
[9.104s] Invoking command in '/home/limdegcai/GSMART/CODE/FSD-Gsmart/planning_control/skidpad_ws/build/skidpad_planner': CMAKE_PREFIX_PATH=/home/limdegcai/GSMART/CODE/FSD-Gsmart/planning_control/skidpad_ws/install/skidpad_msgs:/home/limdegcai/GSMART/CODE/FSD-Gsmart/planning_control/skidpad_ws/install/skidpad_bringup:/home/limdegcai/GSMART/CODE/FSD-Gsmart/planning_control/skidpad_ws/install/skidpad_planner:/home/limdegcai/GSMART/CODE/FSD-Gsmart/planning_control/skidpad_ws/install/skidpad_icp:/home/limdegcai/GSMART/CODE/FSD-Gsmart/planning_control/skidpad_ws/install/skidpad_control:/home/limdegcai/GSMART/CODE/FSD-Gsmart/planning_control/skidpad_ws/install/fsds_bridge:/home/limdegcai/GSMART/CODE/FSD-Gsmart/planning_control/skidpad_ws/install/icp_test_tools:/opt/ros/humble /usr/bin/cmake --install /home/limdegcai/GSMART/CODE/FSD-Gsmart/planning_control/skidpad_ws/build/skidpad_planner
[9.108s] -- Install configuration: ""
[9.108s] -- Execute custom install script
[9.109s] -- Symlinking: /home/limdegcai/GSMART/CODE/FSD-Gsmart/planning_control/skidpad_ws/install/skidpad_planner/lib/skidpad_planner/skidpad_planner_node
[9.114s] -- Symlinking: /home/limdegcai/GSMART/CODE/FSD-Gsmart/planning_control/skidpad_ws/install/skidpad_planner/share/skidpad_planner/config/skidpad_planner.yaml
[9.120s] -- Symlinking: /home/limdegcai/GSMART/CODE/FSD-Gsmart/planning_control/skidpad_ws/install/skidpad_planner/share/skidpad_planner/launch/skidpad_planner.launch.py
[9.125s] -- Symlinking: /home/limdegcai/GSMART/CODE/FSD-Gsmart/planning_control/skidpad_ws/install/skidpad_planner/share/ament_index/resource_index/package_run_dependencies/skidpad_planner
[9.132s] -- Symlinking: /home/limdegcai/GSMART/CODE/FSD-Gsmart/planning_control/skidpad_ws/install/skidpad_planner/share/ament_index/resource_index/parent_prefix_path/skidpad_planner
[9.137s] -- Symlinking: /home/limdegcai/GSMART/CODE/FSD-Gsmart/planning_control/skidpad_ws/install/skidpad_planner/share/skidpad_planner/environment/ament_prefix_path.sh
[9.143s] -- Symlinking: /home/limdegcai/GSMART/CODE/FSD-Gsmart/planning_control/skidpad_ws/install/skidpad_planner/share/skidpad_planner/environment/ament_prefix_path.dsv
[9.148s] -- Symlinking: /home/limdegcai/GSMART/CODE/FSD-Gsmart/planning_control/skidpad_ws/install/skidpad_planner/share/skidpad_planner/environment/path.sh
[9.154s] -- Symlinking: /home/limdegcai/GSMART/CODE/FSD-Gsmart/planning_control/skidpad_ws/install/skidpad_planner/share/skidpad_planner/environment/path.dsv
[9.159s] -- Symlinking: /home/limdegcai/GSMART/CODE/FSD-Gsmart/planning_control/skidpad_ws/install/skidpad_planner/share/skidpad_planner/local_setup.bash
[9.165s] -- Symlinking: /home/limdegcai/GSMART/CODE/FSD-Gsmart/planning_control/skidpad_ws/install/skidpad_planner/share/skidpad_planner/local_setup.sh
[9.170s] -- Symlinking: /home/limdegcai/GSMART/CODE/FSD-Gsmart/planning_control/skidpad_ws/install/skidpad_planner/share/skidpad_planner/local_setup.zsh
[9.175s] -- Symlinking: /home/limdegcai/GSMART/CODE/FSD-Gsmart/planning_control/skidpad_ws/install/skidpad_planner/share/skidpad_planner/local_setup.dsv
[9.180s] -- Symlinking: /home/limdegcai/GSMART/CODE/FSD-Gsmart/planning_control/skidpad_ws/install/skidpad_planner/share/skidpad_planner/package.dsv
[9.185s] -- Symlinking: /home/limdegcai/GSMART/CODE/FSD-Gsmart/planning_control/skidpad_ws/install/skidpad_planner/share/ament_index/resource_index/packages/skidpad_planner
[9.191s] -- Symlinking: /home/limdegcai/GSMART/CODE/FSD-Gsmart/planning_control/skidpad_ws/install/skidpad_planner/share/skidpad_planner/cmake/skidpad_plannerConfig.cmake
[9.196s] -- Symlinking: /home/limdegcai/GSMART/CODE/FSD-Gsmart/planning_control/skidpad_ws/install/skidpad_planner/share/skidpad_planner/cmake/skidpad_plannerConfig-version.cmake
[9.201s] -- Symlinking: /home/limdegcai/GSMART/CODE/FSD-Gsmart/planning_control/skidpad_ws/install/skidpad_planner/share/skidpad_planner/package.xml
[9.208s] Invoked command in '/home/limdegcai/GSMART/CODE/FSD-Gsmart/planning_control/skidpad_ws/build/skidpad_planner' returned '0': CMAKE_PREFIX_PATH=/home/limdegcai/GSMART/CODE/FSD-Gsmart/planning_control/skidpad_ws/install/skidpad_msgs:/home/limdegcai/GSMART/CODE/FSD-Gsmart/planning_control/skidpad_ws/install/skidpad_bringup:/home/limdegcai/GSMART/CODE/FSD-Gsmart/planning_control/skidpad_ws/install/skidpad_planner:/home/limdegcai/GSMART/CODE/FSD-Gsmart/planning_control/skidpad_ws/install/skidpad_icp:/home/limdegcai/GSMART/CODE/FSD-Gsmart/planning_control/skidpad_ws/install/skidpad_control:/home/limdegcai/GSMART/CODE/FSD-Gsmart/planning_control/skidpad_ws/install/fsds_bridge:/home/limdegcai/GSMART/CODE/FSD-Gsmart/planning_control/skidpad_ws/install/icp_test_tools:/opt/ros/humble /usr/bin/cmake --install /home/limdegcai/GSMART/CODE/FSD-Gsmart/planning_control/skidpad_ws/build/skidpad_planner
