[INFO] [2026-03-14 18:10:51.411] 
*******************************************************************************
                    Copyright (C) Asensing (2024).                              
All rights reserved. This software is Asensing property. Duplication or         
disclosure without Asensing written authorization is prohibited.                
********************************************************************************
@Node Description   : ROS1 node dirver for Asensing Pbox                        
@Author             : yfsw email:yfsw@asensing.com                              
@Version            : V3.0.5                                                    
@Release_Date       : 2024-04-12                                                
********************************************************************************
[ERROR] [2026-03-14 18:10:51.411] UDP bind fail!
[INFO] [2026-03-15 21:33:24.787] 
*******************************************************************************
                    Copyright (C) Asensing (2024).                              
All rights reserved. This software is Asensing property. Duplication or         
disclosure without Asensing written authorization is prohibited.                
********************************************************************************
@Node Description   : ROS1 node dirver for Asensing Pbox                        
@Author             : yfsw email:yfsw@asensing.com                              
@Version            : V3.0.5                                                    
@Release_Date       : 2024-04-12                                                
********************************************************************************
[ERROR] [2026-03-15 21:33:24.787] UDP bind fail!
[INFO] [2026-03-15 21:34:45.510] 
*******************************************************************************
                    Copyright (C) Asensing (2024).                              
All rights reserved. This software is Asensing property. Duplication or         
disclosure without Asensing written authorization is prohibited.                
********************************************************************************
@Node Description   : ROS1 node dirver for Asensing Pbox                        
@Author             : yfsw email:yfsw@asensing.com                              
@Version            : V3.0.5                                                    
@Release_Date       : 2024-04-12                                                
********************************************************************************
[ERROR] [2026-03-15 21:34:45.510] UDP bind fail!
[INFO] [2026-03-15 21:35:52.349] 
*******************************************************************************
                    Copyright (C) Asensing (2024).                              
All rights reserved. This software is Asensing property. Duplication or         
disclosure without Asensing written authorization is prohibited.                
********************************************************************************
@Node Description   : ROS1 node dirver for Asensing Pbox                        
@Author             : yfsw email:yfsw@asensing.com                              
@Version            : V3.0.5                                                    
@Release_Date       : 2024-04-12                                                
********************************************************************************
[ERROR] [2026-03-15 21:35:52.349] UDP bind fail!
[INFO] [2026-03-15 21:37:26.299] 
*******************************************************************************
                    Copyright (C) Asensing (2024).                              
All rights reserved. This software is Asensing property. Duplication or         
disclosure without Asensing written authorization is prohibited.                
********************************************************************************
@Node Description   : ROS1 node dirver for Asensing Pbox                        
@Author             : yfsw email:yfsw@asensing.com                              
@Version            : V3.0.5                                                    
@Release_Date       : 2024-04-12                                                
********************************************************************************
[INFO] [2026-03-15 21:37:26.299] UDP bind success!
[INFO] [2026-03-15 21:40:55.695] 
*******************************************************************************
                    Copyright (C) Asensing (2024).                              
All rights reserved. This software is Asensing property. Duplication or         
disclosure without Asensing written authorization is prohibited.                
********************************************************************************
@Node Description   : ROS1 node dirver for Asensing Pbox                        
@Author             : yfsw email:yfsw@asensing.com                              
@Version            : V3.0.5                                                    
@Release_Date       : 2024-04-12                                                
********************************************************************************
[INFO] [2026-03-15 21:40:55.695] UDP bind success!
[INFO] [2026-03-15 21:43:29.645] 
*******************************************************************************
                    Copyright (C) Asensing (2024).                              
All rights reserved. This software is Asensing property. Duplication or         
disclosure without Asensing written authorization is prohibited.                
********************************************************************************
@Node Description   : ROS1 node dirver for Asensing Pbox                        
@Author             : yfsw email:yfsw@asensing.com                              
@Version            : V3.0.5                                                    
@Release_Date       : 2024-04-12                                                
********************************************************************************
[INFO] [2026-03-15 21:43:29.646] UDP bind success!
[INFO] [2026-03-15 21:47:39.558] 
*******************************************************************************
                    Copyright (C) Asensing (2024).                              
All rights reserved. This software is Asensing property. Duplication or         
disclosure without Asensing written authorization is prohibited.                
********************************************************************************
@Node Description   : ROS1 node dirver for Asensing Pbox                        
@Author             : yfsw email:yfsw@asensing.com                              
@Version            : V3.0.5                                                    
@Release_Date       : 2024-04-12                                                
********************************************************************************
[INFO] [2026-03-15 21:47:39.562] imu_serial opened successfully!
[INFO] [2026-03-15 21:47:48.443] 
*******************************************************************************
                    Copyright (C) Asensing (2024).                              
All rights reserved. This software is Asensing property. Duplication or         
disclosure without Asensing written authorization is prohibited.                
********************************************************************************
@Node Description   : ROS1 node dirver for Asensing Pbox                        
@Author             : yfsw email:yfsw@asensing.com                              
@Version            : V3.0.5                                                    
@Release_Date       : 2024-04-12                                                
********************************************************************************
[INFO] [2026-03-15 21:47:48.446] imu_serial opened successfully!
[INFO] [2026-03-15 21:51:57.666] 
*******************************************************************************
                    Copyright (C) Asensing (2024).                              
All rights reserved. This software is Asensing property. Duplication or         
disclosure without Asensing written authorization is prohibited.                
********************************************************************************
@Node Description   : ROS1 node dirver for Asensing Pbox                        
@Author             : yfsw email:yfsw@asensing.com                              
@Version            : V3.0.5                                                    
@Release_Date       : 2024-04-12                                                
********************************************************************************
[INFO] [2026-03-15 21:51:57.670] imu_serial opened successfully!
[INFO] [2026-03-15 21:52:55.511] 
*******************************************************************************
                    Copyright (C) Asensing (2024).                              
All rights reserved. This software is Asensing property. Duplication or         
disclosure without Asensing written authorization is prohibited.                
********************************************************************************
@Node Description   : ROS1 node dirver for Asensing Pbox                        
@Author             : yfsw email:yfsw@asensing.com                              
@Version            : V3.0.5                                                    
@Release_Date       : 2024-04-12                                                
********************************************************************************
[INFO] [2026-03-15 21:52:55.514] imu_serial opened successfully!
[INFO] [2026-03-15 21:55:00.524] 
*******************************************************************************
                    Copyright (C) Asensing (2024).                              
All rights reserved. This software is Asensing property. Duplication or         
disclosure without Asensing written authorization is prohibited.                
********************************************************************************
@Node Description   : ROS1 node dirver for Asensing Pbox                        
@Author             : yfsw email:yfsw@asensing.com                              
@Version            : V3.0.5                                                    
@Release_Date       : 2024-04-12                                                
********************************************************************************
[INFO] [2026-03-15 21:55:00.528] imu_serial opened successfully!
[INFO] [2026-03-15 21:55:44.414] 
*******************************************************************************
                    Copyright (C) Asensing (2024).                              
All rights reserved. This software is Asensing property. Duplication or         
disclosure without Asensing written authorization is prohibited.                
********************************************************************************
@Node Description   : ROS1 node dirver for Asensing Pbox                        
@Author             : yfsw email:yfsw@asensing.com                              
@Version            : V3.0.5                                                    
@Release_Date       : 2024-04-12                                                
********************************************************************************
[INFO] [2026-03-15 21:55:44.430] imu_serial opened successfully!
[INFO] [2026-03-17 21:33:36.952] 
*******************************************************************************
                    Copyright (C) Asensing (2024).                              
All rights reserved. This software is Asensing property. Duplication or         
disclosure without Asensing written authorization is prohibited.                
********************************************************************************
@Node Description   : ROS1 node dirver for Asensing Pbox                        
@Author             : yfsw email:yfsw@asensing.com                              
@Version            : V3.0.5                                                    
@Release_Date       : 2024-04-12                                                
********************************************************************************
[ERROR] [2026-03-17 21:33:36.953] imu_serial opened failed! please check your connection!
[INFO] [2026-03-17 21:34:43.163] 
*******************************************************************************
                    Copyright (C) Asensing (2024).                              
All rights reserved. This software is Asensing property. Duplication or         
disclosure without Asensing written authorization is prohibited.                
********************************************************************************
@Node Description   : ROS1 node dirver for Asensing Pbox                        
@Author             : yfsw email:yfsw@asensing.com                              
@Version            : V3.0.5                                                    
@Release_Date       : 2024-04-12                                                
********************************************************************************
[ERROR] [2026-03-17 21:34:43.163] imu_serial opened failed! please check your connection!
[INFO] [2026-03-17 21:34:45.792] 
*******************************************************************************
                    Copyright (C) Asensing (2024).                              
All rights reserved. This software is Asensing property. Duplication or         
disclosure without Asensing written authorization is prohibited.                
********************************************************************************
@Node Description   : ROS1 node dirver for Asensing Pbox                        
@Author             : yfsw email:yfsw@asensing.com                              
@Version            : V3.0.5                                                    
@Release_Date       : 2024-04-12                                                
********************************************************************************
[ERROR] [2026-03-17 21:34:45.793] imu_serial opened failed! please check your connection!
[INFO] [2026-03-17 21:51:41.063] 
*******************************************************************************
                    Copyright (C) Asensing (2024).                              
All rights reserved. This software is Asensing property. Duplication or         
disclosure without Asensing written authorization is prohibited.                
********************************************************************************
@Node Description   : ROS1 node dirver for Asensing Pbox                        
@Author             : yfsw email:yfsw@asensing.com                              
@Version            : V3.0.5                                                    
@Release_Date       : 2024-04-12                                                
********************************************************************************
[ERROR] [2026-03-17 21:51:41.063] imu_serial opened failed! please check your connection!
[INFO] [2026-03-18 20:22:33.350] 
*******************************************************************************
                    Copyright (C) Asensing (2024).                              
All rights reserved. This software is Asensing property. Duplication or         
disclosure without Asensing written authorization is prohibited.                
********************************************************************************
@Node Description   : ROS1 node dirver for Asensing Pbox                        
@Author             : yfsw email:yfsw@asensing.com                              
@Version            : V3.0.5                                                    
@Release_Date       : 2024-04-12                                                
********************************************************************************
[ERROR] [2026-03-18 20:22:33.350] imu_serial opened failed! please check your connection!
[INFO] [2026-03-18 20:23:24.566] 
*******************************************************************************
                    Copyright (C) Asensing (2024).                              
All rights reserved. This software is Asensing property. Duplication or         
disclosure without Asensing written authorization is prohibited.                
********************************************************************************
@Node Description   : ROS1 node dirver for Asensing Pbox                        
@Author             : yfsw email:yfsw@asensing.com                              
@Version            : V3.0.5                                                    
@Release_Date       : 2024-04-12                                                
********************************************************************************
[ERROR] [2026-03-18 20:23:24.566] imu_serial opened failed! please check your connection!
[INFO] [2026-03-18 20:23:26.349] 
*******************************************************************************
                    Copyright (C) Asensing (2024).                              
All rights reserved. This software is Asensing property. Duplication or         
disclosure without Asensing written authorization is prohibited.                
********************************************************************************
@Node Description   : ROS1 node dirver for Asensing Pbox                        
@Author             : yfsw email:yfsw@asensing.com                              
@Version            : V3.0.5                                                    
@Release_Date       : 2024-04-12                                                
********************************************************************************
[ERROR] [2026-03-18 20:23:26.349] imu_serial opened failed! please check your connection!
[INFO] [2026-03-18 20:23:33.652] 
*******************************************************************************
                    Copyright (C) Asensing (2024).                              
All rights reserved. This software is Asensing property. Duplication or         
disclosure without Asensing written authorization is prohibited.                
********************************************************************************
@Node Description   : ROS1 node dirver for Asensing Pbox                        
@Author             : yfsw email:yfsw@asensing.com                              
@Version            : V3.0.5                                                    
@Release_Date       : 2024-04-12                                                
********************************************************************************
[ERROR] [2026-03-18 20:23:33.652] imu_serial opened failed! please check your connection!
[INFO] [2026-03-18 20:23:50.052] 
*******************************************************************************
                    Copyright (C) Asensing (2024).                              
All rights reserved. This software is Asensing property. Duplication or         
disclosure without Asensing written authorization is prohibited.                
********************************************************************************
@Node Description   : ROS1 node dirver for Asensing Pbox                        
@Author             : yfsw email:yfsw@asensing.com                              
@Version            : V3.0.5                                                    
@Release_Date       : 2024-04-12                                                
********************************************************************************
[ERROR] [2026-03-18 20:23:50.052] imu_serial opened failed! please check your connection!
[INFO] [2026-03-18 20:26:07.147] 
*******************************************************************************
                    Copyright (C) Asensing (2024).                              
All rights reserved. This software is Asensing property. Duplication or         
disclosure without Asensing written authorization is prohibited.                
********************************************************************************
@Node Description   : ROS1 node dirver for Asensing Pbox                        
@Author             : yfsw email:yfsw@asensing.com                              
@Version            : V3.0.5                                                    
@Release_Date       : 2024-04-12                                                
********************************************************************************
[ERROR] [2026-03-18 20:26:07.147] imu_serial opened failed! please check your connection!
[INFO] [2026-03-18 21:09:29.828] 
*******************************************************************************
                    Copyright (C) Asensing (2024).                              
All rights reserved. This software is Asensing property. Duplication or         
disclosure without Asensing written authorization is prohibited.                
********************************************************************************
@Node Description   : ROS1 node dirver for Asensing Pbox                        
@Author             : yfsw email:yfsw@asensing.com                              
@Version            : V3.0.5                                                    
@Release_Date       : 2024-04-12                                                
********************************************************************************
[ERROR] [2026-03-18 21:09:29.828] imu_serial opened failed! please check your connection!
[INFO] [2026-03-18 21:09:43.511] 
*******************************************************************************
                    Copyright (C) Asensing (2024).                              
All rights reserved. This software is Asensing property. Duplication or         
disclosure without Asensing written authorization is prohibited.                
********************************************************************************
@Node Description   : ROS1 node dirver for Asensing Pbox                        
@Author             : yfsw email:yfsw@asensing.com                              
@Version            : V3.0.5                                                    
@Release_Date       : 2024-04-12                                                
********************************************************************************
[ERROR] [2026-03-18 21:09:43.511] imu_serial opened failed! please check your connection!
[INFO] [2026-03-18 21:10:40.287] 
*******************************************************************************
                    Copyright (C) Asensing (2024).                              
All rights reserved. This software is Asensing property. Duplication or         
disclosure without Asensing written authorization is prohibited.                
********************************************************************************
@Node Description   : ROS1 node dirver for Asensing Pbox                        
@Author             : yfsw email:yfsw@asensing.com                              
@Version            : V3.0.5                                                    
@Release_Date       : 2024-04-12                                                
********************************************************************************
[INFO] [2026-03-18 21:10:40.291] imu_serial opened successfully!
[INFO] [2026-03-18 21:12:23.139] 
*******************************************************************************
                    Copyright (C) Asensing (2024).                              
All rights reserved. This software is Asensing property. Duplication or         
disclosure without Asensing written authorization is prohibited.                
********************************************************************************
@Node Description   : ROS1 node dirver for Asensing Pbox                        
@Author             : yfsw email:yfsw@asensing.com                              
@Version            : V3.0.5                                                    
@Release_Date       : 2024-04-12                                                
********************************************************************************
[INFO] [2026-03-18 21:12:23.148] imu_serial opened successfully!
[INFO] [2026-03-18 21:30:14.501] 
*******************************************************************************
                    Copyright (C) Asensing (2024).                              
All rights reserved. This software is Asensing property. Duplication or         
disclosure without Asensing written authorization is prohibited.                
********************************************************************************
@Node Description   : ROS1 node dirver for Asensing Pbox                        
@Author             : yfsw email:yfsw@asensing.com                              
@Version            : V3.0.5                                                    
@Release_Date       : 2024-04-12                                                
********************************************************************************
[INFO] [2026-03-18 21:30:14.504] imu_serial opened successfully!
[INFO] [2026-03-18 21:32:31.659] 
*******************************************************************************
                    Copyright (C) Asensing (2024).                              
All rights reserved. This software is Asensing property. Duplication or         
disclosure without Asensing written authorization is prohibited.                
********************************************************************************
@Node Description   : ROS1 node dirver for Asensing Pbox                        
@Author             : yfsw email:yfsw@asensing.com                              
@Version            : V3.0.5                                                    
@Release_Date       : 2024-04-12                                                
********************************************************************************
[INFO] [2026-03-18 21:32:31.662] imu_serial opened successfully!
[INFO] [2026-03-18 21:49:32.727] 
*******************************************************************************
                    Copyright (C) Asensing (2024).                              
All rights reserved. This software is Asensing property. Duplication or         
disclosure without Asensing written authorization is prohibited.                
********************************************************************************
@Node Description   : ROS1 node dirver for Asensing Pbox                        
@Author             : yfsw email:yfsw@asensing.com                              
@Version            : V3.0.5                                                    
@Release_Date       : 2024-04-12                                                
********************************************************************************
[ERROR] [2026-03-18 21:49:32.728] imu_serial opened failed! please check your connection!
[INFO] [2026-03-18 21:50:01.726] 
*******************************************************************************
                    Copyright (C) Asensing (2024).                              
All rights reserved. This software is Asensing property. Duplication or         
disclosure without Asensing written authorization is prohibited.                
********************************************************************************
@Node Description   : ROS1 node dirver for Asensing Pbox                        
@Author             : yfsw email:yfsw@asensing.com                              
@Version            : V3.0.5                                                    
@Release_Date       : 2024-04-12                                                
********************************************************************************
[INFO] [2026-03-18 21:50:01.730] imu_serial opened successfully!
[ERROR] [2026-03-18 21:54:19.352] Error reading from the serial port:/dev/ttyUSB0 close port!
[ERROR] [2026-03-18 21:54:19.352] imu_serial opened failed! please check your connection!
[INFO] [2026-03-18 22:05:26.582] 
*******************************************************************************
                    Copyright (C) Asensing (2024).                              
All rights reserved. This software is Asensing property. Duplication or         
disclosure without Asensing written authorization is prohibited.                
********************************************************************************
@Node Description   : ROS1 node dirver for Asensing Pbox                        
@Author             : yfsw email:yfsw@asensing.com                              
@Version            : V3.0.5                                                    
@Release_Date       : 2024-04-12                                                
********************************************************************************
[ERROR] [2026-03-18 22:05:26.583] imu_serial opened failed! please check your connection!
[INFO] [2026-03-18 22:10:59.303] 
*******************************************************************************
                    Copyright (C) Asensing (2024).                              
All rights reserved. This software is Asensing property. Duplication or         
disclosure without Asensing written authorization is prohibited.                
********************************************************************************
@Node Description   : ROS1 node dirver for Asensing Pbox                        
@Author             : yfsw email:yfsw@asensing.com                              
@Version            : V3.0.5                                                    
@Release_Date       : 2024-04-12                                                
********************************************************************************
[INFO] [2026-03-18 22:10:59.307] imu_serial opened successfully!
[INFO] [2026-03-20 16:51:15.636] 
*******************************************************************************
                    Copyright (C) Asensing (2024).                              
All rights reserved. This software is Asensing property. Duplication or         
disclosure without Asensing written authorization is prohibited.                
********************************************************************************
@Node Description   : ROS1 node dirver for Asensing Pbox                        
@Author             : yfsw email:yfsw@asensing.com                              
@Version            : V3.0.5                                                    
@Release_Date       : 2024-04-12                                                
********************************************************************************
[INFO] [2026-03-20 16:51:15.637] imu_serial opened successfully!
[INFO] [2026-03-20 17:01:11.116] 
*******************************************************************************
                    Copyright (C) Asensing (2024).                              
All rights reserved. This software is Asensing property. Duplication or         
disclosure without Asensing written authorization is prohibited.                
********************************************************************************
@Node Description   : ROS1 node dirver for Asensing Pbox                        
@Author             : yfsw email:yfsw@asensing.com                              
@Version            : V3.0.5                                                    
@Release_Date       : 2024-04-12                                                
********************************************************************************
[INFO] [2026-03-20 17:01:11.117] imu_serial opened successfully!
[INFO] [2026-03-24 16:02:44.496] 
*******************************************************************************
                    Copyright (C) Asensing (2024).                              
All rights reserved. This software is Asensing property. Duplication or         
disclosure without Asensing written authorization is prohibited.                
********************************************************************************
@Node Description   : ROS1 node dirver for Asensing Pbox                        
@Author             : yfsw email:yfsw@asensing.com                              
@Version            : V3.0.5                                                    
@Release_Date       : 2024-04-12                                                
********************************************************************************
[INFO] [2026-03-24 16:02:44.497] imu_serial opened successfully!
[INFO] [2026-03-24 16:27:21.479] 
*******************************************************************************
                    Copyright (C) Asensing (2024).                              
All rights reserved. This software is Asensing property. Duplication or         
disclosure without Asensing written authorization is prohibited.                
********************************************************************************
@Node Description   : ROS1 node dirver for Asensing Pbox                        
@Author             : yfsw email:yfsw@asensing.com                              
@Version            : V3.0.5                                                    
@Release_Date       : 2024-04-12                                                
********************************************************************************
[INFO] [2026-03-24 16:27:21.481] imu_serial opened successfully!
[INFO] [2026-03-24 16:46:28.332] 
*******************************************************************************
                    Copyright (C) Asensing (2024).                              
All rights reserved. This software is Asensing property. Duplication or         
disclosure without Asensing written authorization is prohibited.                
********************************************************************************
@Node Description   : ROS1 node dirver for Asensing Pbox                        
@Author             : yfsw email:yfsw@asensing.com                              
@Version            : V3.0.5                                                    
@Release_Date       : 2024-04-12                                                
********************************************************************************
[INFO] [2026-03-24 16:46:28.333] imu_serial opened successfully!
[INFO] [2026-03-27 20:54:14.166] 
*******************************************************************************
                    Copyright (C) Asensing (2024).                              
All rights reserved. This software is Asensing property. Duplication or         
disclosure without Asensing written authorization is prohibited.                
********************************************************************************
@Node Description   : ROS1 node dirver for Asensing Pbox                        
@Author             : yfsw email:yfsw@asensing.com                              
@Version            : V3.0.5                                                    
@Release_Date       : 2024-04-12                                                
********************************************************************************
[INFO] [2026-03-27 20:54:14.167] imu_serial opened successfully!
[INFO] [2026-03-28 18:18:20.209] 
*******************************************************************************
                    Copyright (C) Asensing (2024).                              
All rights reserved. This software is Asensing property. Duplication or         
disclosure without Asensing written authorization is prohibited.                
********************************************************************************
@Node Description   : ROS1 node dirver for Asensing Pbox                        
@Author             : yfsw email:yfsw@asensing.com                              
@Version            : V3.0.5                                                    
@Release_Date       : 2024-04-12                                                
********************************************************************************
[INFO] [2026-03-28 18:18:20.210] imu_serial opened successfully!
[INFO] [2026-03-28 20:42:07.532] 
*******************************************************************************
                    Copyright (C) Asensing (2024).                              
All rights reserved. This software is Asensing property. Duplication or         
disclosure without Asensing written authorization is prohibited.                
********************************************************************************
@Node Description   : ROS1 node dirver for Asensing Pbox                        
@Author             : yfsw email:yfsw@asensing.com                              
@Version            : V3.0.5                                                    
@Release_Date       : 2024-04-12                                                
********************************************************************************
[INFO] [2026-03-28 20:42:07.533] imu_serial opened successfully!
[INFO] [2026-03-28 20:46:46.839] 
*******************************************************************************
                    Copyright (C) Asensing (2024).                              
All rights reserved. This software is Asensing property. Duplication or         
disclosure without Asensing written authorization is prohibited.                
********************************************************************************
@Node Description   : ROS1 node dirver for Asensing Pbox                        
@Author             : yfsw email:yfsw@asensing.com                              
@Version            : V3.0.5                                                    
@Release_Date       : 2024-04-12                                                
********************************************************************************
[INFO] [2026-03-28 20:46:46.840] imu_serial opened successfully!
[INFO] [2026-03-28 21:47:03.571] 
*******************************************************************************
                    Copyright (C) Asensing (2024).                              
All rights reserved. This software is Asensing property. Duplication or         
disclosure without Asensing written authorization is prohibited.                
********************************************************************************
@Node Description   : ROS1 node dirver for Asensing Pbox                        
@Author             : yfsw email:yfsw@asensing.com                              
@Version            : V3.0.5                                                    
@Release_Date       : 2024-04-12                                                
********************************************************************************
[INFO] [2026-03-28 21:47:03.572] imu_serial opened successfully!
[INFO] [2026-03-28 21:51:35.567] 
*******************************************************************************
                    Copyright (C) Asensing (2024).                              
All rights reserved. This software is Asensing property. Duplication or         
disclosure without Asensing written authorization is prohibited.                
********************************************************************************
@Node Description   : ROS1 node dirver for Asensing Pbox                        
@Author             : yfsw email:yfsw@asensing.com                              
@Version            : V3.0.5                                                    
@Release_Date       : 2024-04-12                                                
********************************************************************************
[INFO] [2026-03-28 21:51:35.568] imu_serial opened successfully!
[INFO] [2026-03-28 21:58:44.325] 
*******************************************************************************
                    Copyright (C) Asensing (2024).                              
All rights reserved. This software is Asensing property. Duplication or         
disclosure without Asensing written authorization is prohibited.                
********************************************************************************
@Node Description   : ROS1 node dirver for Asensing Pbox                        
@Author             : yfsw email:yfsw@asensing.com           [INFO] [2026-03-29 19:55:11.255] 
*******************************************************************************
                    Copyright (C) Asensing (2024).                              
All rights reserved. This software is Asensing property. Duplication or         
disclosure without Asensing written authorization is prohibited.                
********************************************************************************
@Node Description   : ROS1 node dirver for Asensing Pbox                        
@Author             : yfsw email:yfsw@asensing.com                              
@Version            : V3.0.5                                                    
@Release_Date       : 2024-04-12                                                
********************************************************************************
[INFO] [2026-03-29 19:55:11.256] imu_serial opened successfully!
[INFO] [2026-03-29 19:56:16.920] 
*******************************************************************************
                    Copyright (C) Asensing (2024).                              
All rights reserved. This software is Asensing property. Duplication or         
disclosure without Asensing written authorization is prohibited.                
********************************************************************************
@Node Description   : ROS1 node dirver for Asensing Pbox                        
@Author             : yfsw email:yfsw@asensing.com                              
@Version            : V3.0.5                                                    
@Release_Date       : 2024-04-12                                                
********************************************************************************
[INFO] [2026-03-29 19:56:16.921] imu_serial opened successfully!
[INFO] [2026-03-29 20:21:58.597] 
*******************************************************************************
                    Copyright (C) Asensing (2024).                              
All rights reserved. This software is Asensing property. Duplication or         
disclosure without Asensing written authorization is prohibited.                
********************************************************************************
@Node Description   : ROS1 node dirver for Asensing Pbox                        
@Author             : yfsw email:yfsw@asensing.com                              
@Version            : V3.0.5                                                    
@Release_Date       : 2024-04-12                                                
********************************************************************************
[INFO] [2026-03-29 20:21:58.599] imu_serial opened successfully!
[INFO] [2026-03-29 20:54:03.143] 
*******************************************************************************
                    Copyright (C) Asensing (2024).                              
All rights reserved. This software is Asensing property. Duplication or         
disclosure without Asensing written authorization is prohibited.                
********************************************************************************
@Node Description   : ROS1 node dirver for Asensing Pbox                        
@Author             : yfsw email:yfsw@asensing.com                              
@Version            : V3.0.5                                                    
@Release_Date       : 2024-04-12                                                
********************************************************************************
[INFO] [2026-03-29 20:54:03.143] imu_serial opened successfully!
