/home/x/Documents/at20260415workspace/workspace/camera/install/camera_node/lib/python3.10/site-packages/camera_node/__init__.py
/home/x/Documents/at20260415workspace/workspace/camera/install/camera_node/lib/python3.10/site-packages/camera_node/camera_node_yolo_1.py
/home/x/Documents/at20260415workspace/workspace/camera/install/camera_node/lib/python3.10/site-packages/camera_node/camera_node_2_pro.py
/home/x/Documents/at20260415workspace/workspace/camera/install/camera_node/lib/python3.10/site-packages/camera_node/camera_node_1_pro.py
/home/x/Documents/at20260415workspace/workspace/camera/install/camera_node/lib/python3.10/site-packages/camera_node/camera_node_2_raw.py
/home/x/Documents/at20260415workspace/workspace/camera/install/camera_node/lib/python3.10/site-packages/camera_node/camera_node_2.py
/home/x/Documents/at20260415workspace/workspace/camera/install/camera_node/lib/python3.10/site-packages/camera_node/camera_info_1.py
/home/x/Documents/at20260415workspace/workspace/camera/install/camera_node/lib/python3.10/site-packages/camera_node/camera_info_2.py
/home/x/Documents/at20260415workspace/workspace/camera/install/camera_node/lib/python3.10/site-packages/camera_node/camera_node_1_raw.py
/home/x/Documents/at20260415workspace/workspace/camera/install/camera_node/lib/python3.10/site-packages/camera_node/camera_node_yolo_2.py
/home/x/Documents/at20260415workspace/workspace/camera/install/camera_node/lib/python3.10/site-packages/camera_node/camera_node_1.py
/home/x/Documents/at20260415workspace/workspace/camera/install/camera_node/lib/python3.10/site-packages/camera_node/__pycache__/__init__.cpython-310.pyc
/home/x/Documents/at20260415workspace/workspace/camera/install/camera_node/lib/python3.10/site-packages/camera_node/__pycache__/camera_node_yolo_1.cpython-310.pyc
/home/x/Documents/at20260415workspace/workspace/camera/install/camera_node/lib/python3.10/site-packages/camera_node/__pycache__/camera_node_2_pro.cpython-310.pyc
/home/x/Documents/at20260415workspace/workspace/camera/install/camera_node/lib/python3.10/site-packages/camera_node/__pycache__/camera_node_1_pro.cpython-310.pyc
/home/x/Documents/at20260415workspace/workspace/camera/install/camera_node/lib/python3.10/site-packages/camera_node/__pycache__/camera_node_2_raw.cpython-310.pyc
/home/x/Documents/at20260415workspace/workspace/camera/install/camera_node/lib/python3.10/site-packages/camera_node/__pycache__/camera_node_2.cpython-310.pyc
/home/x/Documents/at20260415workspace/workspace/camera/install/camera_node/lib/python3.10/site-packages/camera_node/__pycache__/camera_info_1.cpython-310.pyc
/home/x/Documents/at20260415workspace/workspace/camera/install/camera_node/lib/python3.10/site-packages/camera_node/__pycache__/camera_info_2.cpython-310.pyc
/home/x/Documents/at20260415workspace/workspace/camera/install/camera_node/lib/python3.10/site-packages/camera_node/__pycache__/camera_node_1_raw.cpython-310.pyc
/home/x/Documents/at20260415workspace/workspace/camera/install/camera_node/lib/python3.10/site-packages/camera_node/__pycache__/camera_node_yolo_2.cpython-310.pyc
/home/x/Documents/at20260415workspace/workspace/camera/install/camera_node/lib/python3.10/site-packages/camera_node/__pycache__/camera_node_1.cpython-310.pyc
/home/x/Documents/at20260415workspace/workspace/camera/install/camera_node/share/ament_index/resource_index/packages/camera_node
/home/x/Documents/at20260415workspace/workspace/camera/install/camera_node/share/camera_node/package.xml
/home/x/Documents/at20260415workspace/workspace/camera/install/camera_node/lib/python3.10/site-packages/camera_node-0.0.0-py3.10.egg-info/top_level.txt
/home/x/Documents/at20260415workspace/workspace/camera/install/camera_node/lib/python3.10/site-packages/camera_node-0.0.0-py3.10.egg-info/zip-safe
/home/x/Documents/at20260415workspace/workspace/camera/install/camera_node/lib/python3.10/site-packages/camera_node-0.0.0-py3.10.egg-info/requires.txt
/home/x/Documents/at20260415workspace/workspace/camera/install/camera_node/lib/python3.10/site-packages/camera_node-0.0.0-py3.10.egg-info/dependency_links.txt
/home/x/Documents/at20260415workspace/workspace/camera/install/camera_node/lib/python3.10/site-packages/camera_node-0.0.0-py3.10.egg-info/SOURCES.txt
/home/x/Documents/at20260415workspace/workspace/camera/install/camera_node/lib/python3.10/site-packages/camera_node-0.0.0-py3.10.egg-info/PKG-INFO
/home/x/Documents/at20260415workspace/workspace/camera/install/camera_node/lib/python3.10/site-packages/camera_node-0.0.0-py3.10.egg-info/entry_points.txt
/home/x/Documents/at20260415workspace/workspace/camera/install/camera_node/lib/camera_node/camera_info_1
/home/x/Documents/at20260415workspace/workspace/camera/install/camera_node/lib/camera_node/camera_info_2
/home/x/Documents/at20260415workspace/workspace/camera/install/camera_node/lib/camera_node/camera_node_1
/home/x/Documents/at20260415workspace/workspace/camera/install/camera_node/lib/camera_node/camera_node_1_pro
/home/x/Documents/at20260415workspace/workspace/camera/install/camera_node/lib/camera_node/camera_node_1_raw
/home/x/Documents/at20260415workspace/workspace/camera/install/camera_node/lib/camera_node/camera_node_2
/home/x/Documents/at20260415workspace/workspace/camera/install/camera_node/lib/camera_node/camera_node_2_pro
/home/x/Documents/at20260415workspace/workspace/camera/install/camera_node/lib/camera_node/camera_node_2_raw
/home/x/Documents/at20260415workspace/workspace/camera/install/camera_node/lib/camera_node/camera_node_yolo_1
/home/x/Documents/at20260415workspace/workspace/camera/install/camera_node/lib/camera_node/camera_node_yolo_2
