[0.017s] Invoking command in '/home/xue/25_Lidar/lidar_cone_detector/build/lidar_cone_detector': CMAKE_PREFIX_PATH=${CMAKE_PREFIX_PATH}:/opt/ros/humble /usr/bin/cmake --build /home/xue/25_Lidar/lidar_cone_detector/build/lidar_cone_detector -- -j32 -l32
[0.096s] [35m[1mConsolidate compiler generated dependencies of target lidar_cone_detector[0m
[0.148s] [100%] Built target lidar_cone_detector
[0.174s] Invoked command in '/home/xue/25_Lidar/lidar_cone_detector/build/lidar_cone_detector' returned '0': CMAKE_PREFIX_PATH=${CMAKE_PREFIX_PATH}:/opt/ros/humble /usr/bin/cmake --build /home/xue/25_Lidar/lidar_cone_detector/build/lidar_cone_detector -- -j32 -l32
[0.196s] Invoking command in '/home/xue/25_Lidar/lidar_cone_detector/build/lidar_cone_detector': CMAKE_PREFIX_PATH=${CMAKE_PREFIX_PATH}:/opt/ros/humble /usr/bin/cmake --install /home/xue/25_Lidar/lidar_cone_detector/build/lidar_cone_detector
[0.205s] -- Install configuration: "Release"
[0.205s] -- Up-to-date: /home/xue/25_Lidar/lidar_cone_detector/install/lidar_cone_detector/lib/lidar_cone_detector/lidar_cone_detector
[0.206s] -- Up-to-date: /home/xue/25_Lidar/lidar_cone_detector/install/lidar_cone_detector/share/ament_index/resource_index/package_run_dependencies/lidar_cone_detector
[0.207s] -- Up-to-date: /home/xue/25_Lidar/lidar_cone_detector/install/lidar_cone_detector/share/ament_index/resource_index/parent_prefix_path/lidar_cone_detector
[0.207s] -- Up-to-date: /home/xue/25_Lidar/lidar_cone_detector/install/lidar_cone_detector/share/lidar_cone_detector/environment/ament_prefix_path.sh
[0.207s] -- Up-to-date: /home/xue/25_Lidar/lidar_cone_detector/install/lidar_cone_detector/share/lidar_cone_detector/environment/ament_prefix_path.dsv
[0.207s] -- Up-to-date: /home/xue/25_Lidar/lidar_cone_detector/install/lidar_cone_detector/share/lidar_cone_detector/environment/path.sh
[0.207s] -- Up-to-date: /home/xue/25_Lidar/lidar_cone_detector/install/lidar_cone_detector/share/lidar_cone_detector/environment/path.dsv
[0.208s] -- Up-to-date: /home/xue/25_Lidar/lidar_cone_detector/install/lidar_cone_detector/share/lidar_cone_detector/local_setup.bash
[0.208s] -- Up-to-date: /home/xue/25_Lidar/lidar_cone_detector/install/lidar_cone_detector/share/lidar_cone_detector/local_setup.sh
[0.208s] -- Up-to-date: /home/xue/25_Lidar/lidar_cone_detector/install/lidar_cone_detector/share/lidar_cone_detector/local_setup.zsh
[0.208s] -- Up-to-date: /home/xue/25_Lidar/lidar_cone_detector/install/lidar_cone_detector/share/lidar_cone_detector/local_setup.dsv
[0.208s] -- Installing: /home/xue/25_Lidar/lidar_cone_detector/install/lidar_cone_detector/share/lidar_cone_detector/package.dsv
[0.208s] -- Up-to-date: /home/xue/25_Lidar/lidar_cone_detector/install/lidar_cone_detector/share/ament_index/resource_index/packages/lidar_cone_detector
[0.209s] -- Up-to-date: /home/xue/25_Lidar/lidar_cone_detector/install/lidar_cone_detector/share/lidar_cone_detector/cmake/ament_cmake_export_dependencies-extras.cmake
[0.209s] -- Up-to-date: /home/xue/25_Lidar/lidar_cone_detector/install/lidar_cone_detector/share/lidar_cone_detector/cmake/lidar_cone_detectorConfig.cmake
[0.209s] -- Up-to-date: /home/xue/25_Lidar/lidar_cone_detector/install/lidar_cone_detector/share/lidar_cone_detector/cmake/lidar_cone_detectorConfig-version.cmake
[0.209s] -- Up-to-date: /home/xue/25_Lidar/lidar_cone_detector/install/lidar_cone_detector/share/lidar_cone_detector/package.xml
[0.214s] Invoked command in '/home/xue/25_Lidar/lidar_cone_detector/build/lidar_cone_detector' returned '0': CMAKE_PREFIX_PATH=${CMAKE_PREFIX_PATH}:/opt/ros/humble /usr/bin/cmake --install /home/xue/25_Lidar/lidar_cone_detector/build/lidar_cone_detector
