[0.010s] Invoking command in '/home/xue/25_Lidar/lidar_cone_detector/build/lidar_cone_detector': CMAKE_PREFIX_PATH=${CMAKE_PREFIX_PATH}:/opt/ros/humble /usr/bin/cmake --build /home/xue/25_Lidar/lidar_cone_detector/build/lidar_cone_detector -- -j32 -l32
[0.108s] [35m[1mConsolidate compiler generated dependencies of target lidar_cone_detector[0m
[0.148s] [ 50%] [32mBuilding CXX object CMakeFiles/lidar_cone_detector.dir/src/lidar_cone_detector_3.19.cpp.o[0m
[5.765s] In file included from [01m[K/usr/include/c++/11/bits/unique_ptr.h:37[m[K,
[5.765s]                  from [01m[K/usr/include/c++/11/memory:76[m[K,
[5.765s]                  from [01m[K/opt/ros/humble/include/rclcpp/rclcpp/rclcpp.hpp:153[m[K,
[5.765s]                  from [01m[K/home/xue/25_Lidar/lidar_cone_detector/src/lidar_cone_detector_3.19.cpp:2[m[K:
[5.765s] /usr/include/c++/11/tuple: In instantiation of ‘[01m[Kstd::pair<_T1, _T2>::pair(std::tuple<_Args1 ...>&, std::tuple<_Args2 ...>&, std::_Index_tuple<_Indexes1 ...>, std::_Index_tuple<_Indexes2 ...>) [with _Args1 = {const int&}; long unsigned int ..._Indexes1 = {0}; _Args2 = {}; long unsigned int ..._Indexes2 = {}; _T1 = const int; _T2 = ConeTracker::TrackedCone][m[K’:
[5.765s] [01m[K/usr/include/c++/11/tuple:1809:63:[m[K   required from ‘[01m[Kstd::pair<_T1, _T2>::pair(std::piecewise_construct_t, std::tuple<_Args1 ...>, std::tuple<_Args2 ...>) [with _Args1 = {const int&}; _Args2 = {}; _T1 = const int; _T2 = ConeTracker::TrackedCone][m[K’
[5.765s] [01m[K/usr/include/c++/11/ext/new_allocator.h:162:4:[m[K   required from ‘[01m[Kvoid __gnu_cxx::new_allocator<_Tp>::construct(_Up*, _Args&& ...) [with _Up = std::pair<const int, ConeTracker::TrackedCone>; _Args = {const std::piecewise_construct_t&, std::tuple<const int&>, std::tuple<>}; _Tp = std::__detail::_Hash_node<std::pair<const int, ConeTracker::TrackedCone>, false>][m[K’
[5.765s] [01m[K/usr/include/c++/11/bits/alloc_traits.h:516:17:[m[K   required from ‘[01m[Kstatic void std::allocator_traits<std::allocator<_Tp1> >::construct(std::allocator_traits<std::allocator<_Tp1> >::allocator_type&, _Up*, _Args&& ...) [with _Up = std::pair<const int, ConeTracker::TrackedCone>; _Args = {const std::piecewise_construct_t&, std::tuple<const int&>, std::tuple<>}; _Tp = std::__detail::_Hash_node<std::pair<const int, ConeTracker::TrackedCone>, false>; std::allocator_traits<std::allocator<_Tp1> >::allocator_type = std::allocator<std::__detail::_Hash_node<std::pair<const int, ConeTracker::TrackedCone>, false> >][m[K’
[5.765s] [01m[K/usr/include/c++/11/bits/hashtable_policy.h:1878:36:[m[K   required from ‘[01m[Kstd::__detail::_Hashtable_alloc<_NodeAlloc>::__node_type* std::__detail::_Hashtable_alloc<_NodeAlloc>::_M_allocate_node(_Args&& ...) [with _Args = {const std::piecewise_construct_t&, std::tuple<const int&>, std::tuple<>}; _NodeAlloc = std::allocator<std::__detail::_Hash_node<std::pair<const int, ConeTracker::TrackedCone>, false> >; std::__detail::_Hashtable_alloc<_NodeAlloc>::__node_ptr = std::allocator<std::__detail::_Hash_node<std::pair<const int, ConeTracker::TrackedCone>, false> >::value_type*][m[K’
[5.765s] [01m[K/usr/include/c++/11/bits/hashtable.h:304:35:[m[K   required from ‘[01m[Kstd::_Hashtable<_Key, _Value, _Alloc, _ExtractKey, _Equal, _Hash, _RangeHash, _Unused, _RehashPolicy, _Traits>::_Scoped_node::_Scoped_node(std::_Hashtable<_Key, _Value, _Alloc, _ExtractKey, _Equal, _Hash, _RangeHash, _Unused, _RehashPolicy, _Traits>::__hashtable_alloc*, _Args&& ...) [with _Args = {const std::piecewise_construct_t&, std::tuple<const int&>, std::tuple<>}; _Key = int; _Value = std::pair<const int, ConeTracker::TrackedCone>; _Alloc = std::allocator<std::pair<const int, ConeTracker::TrackedCone> >; _ExtractKey = std::__detail::_Select1st; _Equal = std::equal_to<int>; _Hash = std::hash<int>; _RangeHash = std::__detail::_Mod_range_hashing; _Unused = std::__detail::_Default_ranged_hash; _RehashPolicy = std::__detail::_Prime_rehash_policy; _Traits = std::__detail::_Hashtable_traits<false, false, true>; std::_Hashtable<_Key, _Value, _Alloc, _ExtractKey, _Equal, _Hash, _RangeHash, _Unused, _RehashPolicy, _Traits>::__hashtable_alloc = std::_Hashtable<int, std::pair<const int, ConeTracker::TrackedCone>, std::allocator<std::pair<const int, ConeTracker::TrackedCone> >, std::__detail::_Select1st, std::equal_to<int>, std::hash<int>, std::__detail::_Mod_range_hashing, std::__detail::_Default_ranged_hash, std::__detail::_Prime_rehash_policy, std::__detail::_Hashtable_traits<false, false, true> >::__hashtable_alloc][m[K’
[5.765s] [01m[K/usr/include/c++/11/bits/hashtable_policy.h:707:42:[m[K   required from ‘[01m[Kstd::__detail::_Map_base<_Key, _Pair, _Alloc, std::__detail::_Select1st, _Equal, _Hash, _RangeHash, _Unused, _RehashPolicy, _Traits, true>::mapped_type& std::__detail::_Map_base<_Key, _Pair, _Alloc, std::__detail::_Select1st, _Equal, _Hash, _RangeHash, _Unused, _RehashPolicy, _Traits, true>::operator[](const key_type&) [with _Key = int; _Pair = std::pair<const int, ConeTracker::TrackedCone>; _Alloc = std::allocator<std::pair<const int, ConeTracker::TrackedCone> >; _Equal = std::equal_to<int>; _Hash = std::hash<int>; _RangeHash = std::__detail::_Mod_range_hashing; _Unused = std::__detail::_Default_ranged_hash; _RehashPolicy = std::__detail::_Prime_rehash_policy; _Traits = std::__detail::_Hashtable_traits<false, false, true>; std::__detail::_Map_base<_Key, _Pair, _Alloc, std::__detail::_Select1st, _Equal, _Hash, _RangeHash, _Unused, _RehashPolicy, _Traits, true>::mapped_type = ConeTracker::TrackedCone; std::__detail::_Map_base<_Key, _Pair, _Alloc, std::__detail::_Select1st, _Equal, _Hash, _RangeHash, _Unused, _RehashPolicy, _Traits, true>::key_type = int][m[K’
[5.765s] [01m[K/usr/include/c++/11/bits/unordered_map.h:980:20:[m[K   required from ‘[01m[Kstd::unordered_map<_Key, _Tp, _Hash, _Pred, _Alloc>::mapped_type& std::unordered_map<_Key, _Tp, _Hash, _Pred, _Alloc>::operator[](const key_type&) [with _Key = int; _Tp = ConeTracker::TrackedCone; _Hash = std::hash<int>; _Pred = std::equal_to<int>; _Alloc = std::allocator<std::pair<const int, ConeTracker::TrackedCone> >; std::unordered_map<_Key, _Tp, _Hash, _Pred, _Alloc>::mapped_type = ConeTracker::TrackedCone; std::unordered_map<_Key, _Tp, _Hash, _Pred, _Alloc>::key_type = int][m[K’
[5.765s] [01m[K/home/xue/25_Lidar/lidar_cone_detector/src/lidar_cone_detector_3.19.cpp:101:38:[m[K   required from here
[5.765s] [01m[K/usr/include/c++/11/tuple:1820:9:[m[K [01;31m[Kerror: [m[Kno matching function for call to ‘[01m[KConeTracker::TrackedCone::TrackedCone()[m[K’
[5.765s]  1820 |         [01;31m[Ksecond(std::forward<_Args2>(std::get<_Indexes2>(__tuple2))...)[m[K
[5.765s]       |         [01;31m[K^~~~~~~~~~~~~~~~~~~~~~~~~~~~~~~~~~~~~~~~~~~~~~~~~~~~~~~~~~~~~~[m[K
[5.765s] [01m[K/home/xue/25_Lidar/lidar_cone_detector/src/lidar_cone_detector_3.19.cpp:31:9:[m[K [01;36m[Knote: [m[Kcandidate: ‘[01m[KConeTracker::TrackedCone::TrackedCone(int, const Vector4f&)[m[K’
[5.765s]    31 |         [01;36m[KTrackedCone[m[K(int cone_id, const Eigen::Vector4f& pos)
[5.765s]       |         [01;36m[K^~~~~~~~~~~[m[K
[5.765s] [01m[K/home/xue/25_Lidar/lidar_cone_detector/src/lidar_cone_detector_3.19.cpp:31:9:[m[K [01;36m[Knote: [m[K  candidate expects 2 arguments, 0 provided
[5.766s] [01m[K/home/xue/25_Lidar/lidar_cone_detector/src/lidar_cone_detector_3.19.cpp:23:12:[m[K [01;36m[Knote: [m[Kcandidate: ‘[01m[KConeTracker::TrackedCone::TrackedCone(const ConeTracker::TrackedCone&)[m[K’
[5.766s]    23 |     struct [01;36m[KTrackedCone[m[K {
[5.766s]       |            [01;36m[K^~~~~~~~~~~[m[K
[5.766s] [01m[K/home/xue/25_Lidar/lidar_cone_detector/src/lidar_cone_detector_3.19.cpp:23:12:[m[K [01;36m[Knote: [m[K  candidate expects 1 argument, 0 provided
[5.766s] [01m[K/home/xue/25_Lidar/lidar_cone_detector/src/lidar_cone_detector_3.19.cpp:23:12:[m[K [01;36m[Knote: [m[Kcandidate: ‘[01m[KConeTracker::TrackedCone::TrackedCone(ConeTracker::TrackedCone&&)[m[K’
[5.766s] [01m[K/home/xue/25_Lidar/lidar_cone_detector/src/lidar_cone_detector_3.19.cpp:23:12:[m[K [01;36m[Knote: [m[K  candidate expects 1 argument, 0 provided
[7.530s] gmake[2]: *** [CMakeFiles/lidar_cone_detector.dir/build.make:76：CMakeFiles/lidar_cone_detector.dir/src/lidar_cone_detector_3.19.cpp.o] 错误 1
[7.531s] gmake[1]: *** [CMakeFiles/Makefile2:137：CMakeFiles/lidar_cone_detector.dir/all] 错误 2
[7.531s] gmake: *** [Makefile:146：all] 错误 2
[7.533s] Invoked command in '/home/xue/25_Lidar/lidar_cone_detector/build/lidar_cone_detector' returned '2': CMAKE_PREFIX_PATH=${CMAKE_PREFIX_PATH}:/opt/ros/humble /usr/bin/cmake --build /home/xue/25_Lidar/lidar_cone_detector/build/lidar_cone_detector -- -j32 -l32
