[100%] Built target skidpad_planner_node
-- Install configuration: ""
-- Execute custom install script
-- Up-to-date symlink: /home/limdegcai/GSMART/CODE/FSD-Gsmart/planning_control/skidpad_ws/install/skidpad_planner/lib/skidpad_planner/skidpad_planner_node
-- Up-to-date symlink: /home/limdegcai/GSMART/CODE/FSD-Gsmart/planning_control/skidpad_ws/install/skidpad_planner/share/skidpad_planner/config/skidpad_planner.yaml
-- Up-to-date symlink: /home/limdegcai/GSMART/CODE/FSD-Gsmart/planning_control/skidpad_ws/install/skidpad_planner/share/skidpad_planner/launch/skidpad_planner.launch.py
-- Up-to-date symlink: /home/limdegcai/GSMART/CODE/FSD-Gsmart/planning_control/skidpad_ws/install/skidpad_planner/share/ament_index/resource_index/package_run_dependencies/skidpad_planner
-- Up-to-date symlink: /home/limdegcai/GSMART/CODE/FSD-Gsmart/planning_control/skidpad_ws/install/skidpad_planner/share/ament_index/resource_index/parent_prefix_path/skidpad_planner
-- Up-to-date symlink: /home/limdegcai/GSMART/CODE/FSD-Gsmart/planning_control/skidpad_ws/install/skidpad_planner/share/skidpad_planner/environment/ament_prefix_path.sh
-- Up-to-date symlink: /home/limdegcai/GSMART/CODE/FSD-Gsmart/planning_control/skidpad_ws/install/skidpad_planner/share/skidpad_planner/environment/ament_prefix_path.dsv
-- Up-to-date symlink: /home/limdegcai/GSMART/CODE/FSD-Gsmart/planning_control/skidpad_ws/install/skidpad_planner/share/skidpad_planner/environment/path.sh
-- Up-to-date symlink: /home/limdegcai/GSMART/CODE/FSD-Gsmart/planning_control/skidpad_ws/install/skidpad_planner/share/skidpad_planner/environment/path.dsv
-- Up-to-date symlink: /home/limdegcai/GSMART/CODE/FSD-Gsmart/planning_control/skidpad_ws/install/skidpad_planner/share/skidpad_planner/local_setup.bash
-- Up-to-date symlink: /home/limdegcai/GSMART/CODE/FSD-Gsmart/planning_control/skidpad_ws/install/skidpad_planner/share/skidpad_planner/local_setup.sh
-- Up-to-date symlink: /home/limdegcai/GSMART/CODE/FSD-Gsmart/planning_control/skidpad_ws/install/skidpad_planner/share/skidpad_planner/local_setup.zsh
-- Up-to-date symlink: /home/limdegcai/GSMART/CODE/FSD-Gsmart/planning_control/skidpad_ws/install/skidpad_planner/share/skidpad_planner/local_setup.dsv
-- Symlinking: /home/limdegcai/GSMART/CODE/FSD-Gsmart/planning_control/skidpad_ws/install/skidpad_planner/share/skidpad_planner/package.dsv
-- Up-to-date symlink: /home/limdegcai/GSMART/CODE/FSD-Gsmart/planning_control/skidpad_ws/install/skidpad_planner/share/ament_index/resource_index/packages/skidpad_planner
-- Up-to-date symlink: /home/limdegcai/GSMART/CODE/FSD-Gsmart/planning_control/skidpad_ws/install/skidpad_planner/share/skidpad_planner/cmake/skidpad_plannerConfig.cmake
-- Up-to-date symlink: /home/limdegcai/GSMART/CODE/FSD-Gsmart/planning_control/skidpad_ws/install/skidpad_planner/share/skidpad_planner/cmake/skidpad_plannerConfig-version.cmake
-- Up-to-date symlink: /home/limdegcai/GSMART/CODE/FSD-Gsmart/planning_control/skidpad_ws/install/skidpad_planner/share/skidpad_planner/package.xml
