[0.050s] DEBUG:colcon:Command line arguments: ['/usr/bin/colcon', 'build']
[0.050s] DEBUG:colcon:Parsed command line arguments: Namespace(log_base=None, log_level=None, verb_name='build', build_base='build', install_base='install', merge_install=False, symlink_install=False, test_result_base=None, continue_on_error=False, executor='parallel', parallel_workers=32, event_handlers=None, ignore_user_meta=False, metas=['./colcon.meta'], base_paths=['.'], packages_ignore=None, packages_ignore_regex=None, paths=None, packages_up_to=None, packages_up_to_regex=None, packages_above=None, packages_above_and_dependencies=None, packages_above_depth=None, packages_select_by_dep=None, packages_skip_by_dep=None, packages_skip_up_to=None, packages_select_build_failed=False, packages_skip_build_finished=False, packages_select_test_failures=False, packages_skip_test_passed=False, packages_select=None, packages_skip=None, packages_select_regex=None, packages_skip_regex=None, packages_start=None, packages_end=None, allow_overriding=[], cmake_args=None, cmake_target=None, cmake_target_skip_unavailable=False, cmake_clean_cache=False, cmake_clean_first=False, cmake_force_configure=False, ament_cmake_args=None, catkin_cmake_args=None, catkin_skip_building_tests=False, verb_parser=<colcon_defaults.argument_parser.defaults.DefaultArgumentsDecorator object at 0x7841b26544c0>, verb_extension=<colcon_core.verb.build.BuildVerb object at 0x7841b2623f40>, main=<bound method BuildVerb.main of <colcon_core.verb.build.BuildVerb object at 0x7841b2623f40>>)
[0.125s] Level 1:colcon.colcon_core.package_discovery:discover_packages(colcon_meta) check parameters
[0.125s] Level 1:colcon.colcon_core.package_discovery:discover_packages(recursive) check parameters
[0.125s] Level 1:colcon.colcon_core.package_discovery:discover_packages(ignore) check parameters
[0.125s] Level 1:colcon.colcon_core.package_discovery:discover_packages(path) check parameters
[0.125s] Level 1:colcon.colcon_core.package_discovery:discover_packages(colcon_meta) discover
[0.125s] Level 1:colcon.colcon_core.package_discovery:discover_packages(recursive) discover
[0.125s] INFO:colcon.colcon_core.package_discovery:Crawling recursively for packages in '/home/xue/25_Lidar/lidar_cone_detector'
[0.125s] Level 1:colcon.colcon_core.package_identification:_identify(.) by extensions ['ignore', 'ignore_ament_install']
[0.125s] Level 1:colcon.colcon_core.package_identification:_identify(.) by extension 'ignore'
[0.125s] Level 1:colcon.colcon_core.package_identification:_identify(.) by extension 'ignore_ament_install'
[0.125s] Level 1:colcon.colcon_core.package_identification:_identify(.) by extensions ['colcon_pkg']
[0.125s] Level 1:colcon.colcon_core.package_identification:_identify(.) by extension 'colcon_pkg'
[0.125s] Level 1:colcon.colcon_core.package_identification:_identify(.) by extensions ['colcon_meta']
[0.125s] Level 1:colcon.colcon_core.package_identification:_identify(.) by extension 'colcon_meta'
[0.125s] Level 1:colcon.colcon_core.package_identification:_identify(.) by extensions ['ros']
[0.125s] Level 1:colcon.colcon_core.package_identification:_identify(.) by extension 'ros'
[0.132s] DEBUG:colcon.colcon_core.package_identification:Package '.' with type 'ros.ament_cmake' and name 'lidar_cone_detector'
[0.132s] Level 1:colcon.colcon_core.package_discovery:discover_packages(recursive) using defaults
[0.132s] Level 1:colcon.colcon_core.package_discovery:discover_packages(ignore) discover
[0.132s] Level 1:colcon.colcon_core.package_discovery:discover_packages(ignore) using defaults
[0.132s] Level 1:colcon.colcon_core.package_discovery:discover_packages(path) discover
[0.132s] Level 1:colcon.colcon_core.package_discovery:discover_packages(path) using defaults
[0.145s] Level 1:colcon.colcon_core.package_discovery:discover_packages(prefix_path) check parameters
[0.145s] Level 1:colcon.colcon_core.package_discovery:discover_packages(prefix_path) discover
[0.146s] DEBUG:colcon.colcon_installed_package_information.package_discovery:Found 307 installed packages in /opt/ros/humble
[0.147s] Level 1:colcon.colcon_core.package_discovery:discover_packages(prefix_path) using defaults
[0.167s] Level 5:colcon.colcon_core.verb:set package 'lidar_cone_detector' build argument 'cmake_args' from command line to 'None'
[0.167s] Level 5:colcon.colcon_core.verb:set package 'lidar_cone_detector' build argument 'cmake_target' from command line to 'None'
[0.167s] Level 5:colcon.colcon_core.verb:set package 'lidar_cone_detector' build argument 'cmake_target_skip_unavailable' from command line to 'False'
[0.167s] Level 5:colcon.colcon_core.verb:set package 'lidar_cone_detector' build argument 'cmake_clean_cache' from command line to 'False'
[0.167s] Level 5:colcon.colcon_core.verb:set package 'lidar_cone_detector' build argument 'cmake_clean_first' from command line to 'False'
[0.167s] Level 5:colcon.colcon_core.verb:set package 'lidar_cone_detector' build argument 'cmake_force_configure' from command line to 'False'
[0.167s] Level 5:colcon.colcon_core.verb:set package 'lidar_cone_detector' build argument 'ament_cmake_args' from command line to 'None'
[0.167s] Level 5:colcon.colcon_core.verb:set package 'lidar_cone_detector' build argument 'catkin_cmake_args' from command line to 'None'
[0.167s] Level 5:colcon.colcon_core.verb:set package 'lidar_cone_detector' build argument 'catkin_skip_building_tests' from command line to 'False'
[0.167s] DEBUG:colcon.colcon_core.verb:Building package 'lidar_cone_detector' with the following arguments: {'ament_cmake_args': None, 'build_base': '/home/xue/25_Lidar/lidar_cone_detector/build/lidar_cone_detector', 'catkin_cmake_args': None, 'catkin_skip_building_tests': False, 'cmake_args': None, 'cmake_clean_cache': False, 'cmake_clean_first': False, 'cmake_force_configure': False, 'cmake_target': None, 'cmake_target_skip_unavailable': False, 'install_base': '/home/xue/25_Lidar/lidar_cone_detector/install/lidar_cone_detector', 'merge_install': False, 'path': '/home/xue/25_Lidar/lidar_cone_detector', 'symlink_install': False, 'test_result_base': None}
[0.167s] INFO:colcon.colcon_core.executor:Executing jobs using 'parallel' executor
[0.168s] DEBUG:colcon.colcon_parallel_executor.executor.parallel:run_until_complete
[0.168s] INFO:colcon.colcon_ros.task.ament_cmake.build:Building ROS package in '/home/xue/25_Lidar/lidar_cone_detector' with build type 'ament_cmake'
[0.168s] INFO:colcon.colcon_cmake.task.cmake.build:Building CMake package in '/home/xue/25_Lidar/lidar_cone_detector'
[0.169s] INFO:colcon.colcon_core.plugin_system:Skipping extension 'colcon_core.shell.bat': Not used on non-Windows systems
[0.169s] INFO:colcon.colcon_core.shell:Skip shell extension 'powershell' for command environment: Not usable outside of PowerShell
[0.169s] DEBUG:colcon.colcon_core.shell:Skip shell extension 'dsv' for command environment
[0.177s] DEBUG:colcon.colcon_core.event_handler.log_command:Invoking command in '/home/xue/25_Lidar/lidar_cone_detector/build/lidar_cone_detector': CMAKE_PREFIX_PATH=/opt/ros/humble /usr/bin/cmake /home/xue/25_Lidar/lidar_cone_detector -DCMAKE_INSTALL_PREFIX=/home/xue/25_Lidar/lidar_cone_detector/install/lidar_cone_detector
[2.227s] DEBUG:colcon.colcon_core.event_handler.log_command:Invoked command in '/home/xue/25_Lidar/lidar_cone_detector/build/lidar_cone_detector' returned '0': CMAKE_PREFIX_PATH=/opt/ros/humble /usr/bin/cmake /home/xue/25_Lidar/lidar_cone_detector -DCMAKE_INSTALL_PREFIX=/home/xue/25_Lidar/lidar_cone_detector/install/lidar_cone_detector
[2.229s] DEBUG:colcon.colcon_core.event_handler.log_command:Invoking command in '/home/xue/25_Lidar/lidar_cone_detector/build/lidar_cone_detector': CMAKE_PREFIX_PATH=/opt/ros/humble /usr/bin/cmake --build /home/xue/25_Lidar/lidar_cone_detector/build/lidar_cone_detector -- -j32 -l32
[12.006s] DEBUG:colcon.colcon_core.event_handler.log_command:Invoked command in '/home/xue/25_Lidar/lidar_cone_detector/build/lidar_cone_detector' returned '0': CMAKE_PREFIX_PATH=/opt/ros/humble /usr/bin/cmake --build /home/xue/25_Lidar/lidar_cone_detector/build/lidar_cone_detector -- -j32 -l32
[12.013s] DEBUG:colcon.colcon_core.event_handler.log_command:Invoking command in '/home/xue/25_Lidar/lidar_cone_detector/build/lidar_cone_detector': CMAKE_PREFIX_PATH=/opt/ros/humble /usr/bin/cmake --install /home/xue/25_Lidar/lidar_cone_detector/build/lidar_cone_detector
[12.021s] Level 1:colcon.colcon_core.environment:create_environment_scripts_only(lidar_cone_detector)
[12.021s] DEBUG:colcon.colcon_core.event_handler.log_command:Invoked command in '/home/xue/25_Lidar/lidar_cone_detector/build/lidar_cone_detector' returned '0': CMAKE_PREFIX_PATH=/opt/ros/humble /usr/bin/cmake --install /home/xue/25_Lidar/lidar_cone_detector/build/lidar_cone_detector
[12.025s] Level 1:colcon.colcon_core.environment:checking '/home/xue/25_Lidar/lidar_cone_detector/install/lidar_cone_detector' for CMake module files
[12.025s] Level 1:colcon.colcon_core.environment:checking '/home/xue/25_Lidar/lidar_cone_detector/install/lidar_cone_detector' for CMake config files
[12.025s] Level 1:colcon.colcon_core.shell:create_environment_hook('lidar_cone_detector', 'cmake_prefix_path')
[12.025s] INFO:colcon.colcon_core.shell:Creating environment hook '/home/xue/25_Lidar/lidar_cone_detector/install/lidar_cone_detector/share/lidar_cone_detector/hook/cmake_prefix_path.ps1'
[12.026s] INFO:colcon.colcon_core.shell:Creating environment descriptor '/home/xue/25_Lidar/lidar_cone_detector/install/lidar_cone_detector/share/lidar_cone_detector/hook/cmake_prefix_path.dsv'
[12.026s] INFO:colcon.colcon_core.shell:Creating environment hook '/home/xue/25_Lidar/lidar_cone_detector/install/lidar_cone_detector/share/lidar_cone_detector/hook/cmake_prefix_path.sh'
[12.027s] Level 1:colcon.colcon_core.environment:checking '/home/xue/25_Lidar/lidar_cone_detector/install/lidar_cone_detector/lib'
[12.027s] Level 1:colcon.colcon_core.environment:checking '/home/xue/25_Lidar/lidar_cone_detector/install/lidar_cone_detector/bin'
[12.027s] Level 1:colcon.colcon_core.environment:checking '/home/xue/25_Lidar/lidar_cone_detector/install/lidar_cone_detector/lib/pkgconfig/lidar_cone_detector.pc'
[12.027s] Level 1:colcon.colcon_core.environment:checking '/home/xue/25_Lidar/lidar_cone_detector/install/lidar_cone_detector/lib/python3.10/site-packages'
[12.027s] Level 1:colcon.colcon_core.environment:checking '/home/xue/25_Lidar/lidar_cone_detector/install/lidar_cone_detector/bin'
[12.027s] INFO:colcon.colcon_core.shell:Creating package script '/home/xue/25_Lidar/lidar_cone_detector/install/lidar_cone_detector/share/lidar_cone_detector/package.ps1'
[12.027s] INFO:colcon.colcon_core.shell:Creating package descriptor '/home/xue/25_Lidar/lidar_cone_detector/install/lidar_cone_detector/share/lidar_cone_detector/package.dsv'
[12.028s] INFO:colcon.colcon_core.shell:Creating package script '/home/xue/25_Lidar/lidar_cone_detector/install/lidar_cone_detector/share/lidar_cone_detector/package.sh'
[12.028s] INFO:colcon.colcon_core.shell:Creating package script '/home/xue/25_Lidar/lidar_cone_detector/install/lidar_cone_detector/share/lidar_cone_detector/package.bash'
[12.029s] INFO:colcon.colcon_core.shell:Creating package script '/home/xue/25_Lidar/lidar_cone_detector/install/lidar_cone_detector/share/lidar_cone_detector/package.zsh'
[12.029s] Level 1:colcon.colcon_core.environment:create_file_with_runtime_dependencies(/home/xue/25_Lidar/lidar_cone_detector/install/lidar_cone_detector/share/colcon-core/packages/lidar_cone_detector)
[12.029s] Level 1:colcon.colcon_core.environment:create_environment_scripts_only(lidar_cone_detector)
[12.029s] Level 1:colcon.colcon_core.environment:checking '/home/xue/25_Lidar/lidar_cone_detector/install/lidar_cone_detector' for CMake module files
[12.030s] Level 1:colcon.colcon_core.environment:checking '/home/xue/25_Lidar/lidar_cone_detector/install/lidar_cone_detector' for CMake config files
[12.030s] Level 1:colcon.colcon_core.shell:create_environment_hook('lidar_cone_detector', 'cmake_prefix_path')
[12.030s] INFO:colcon.colcon_core.shell:Creating environment hook '/home/xue/25_Lidar/lidar_cone_detector/install/lidar_cone_detector/share/lidar_cone_detector/hook/cmake_prefix_path.ps1'
[12.030s] INFO:colcon.colcon_core.shell:Creating environment descriptor '/home/xue/25_Lidar/lidar_cone_detector/install/lidar_cone_detector/share/lidar_cone_detector/hook/cmake_prefix_path.dsv'
[12.030s] INFO:colcon.colcon_core.shell:Creating environment hook '/home/xue/25_Lidar/lidar_cone_detector/install/lidar_cone_detector/share/lidar_cone_detector/hook/cmake_prefix_path.sh'
[12.030s] Level 1:colcon.colcon_core.environment:checking '/home/xue/25_Lidar/lidar_cone_detector/install/lidar_cone_detector/lib'
[12.030s] Level 1:colcon.colcon_core.environment:checking '/home/xue/25_Lidar/lidar_cone_detector/install/lidar_cone_detector/bin'
[12.030s] Level 1:colcon.colcon_core.environment:checking '/home/xue/25_Lidar/lidar_cone_detector/install/lidar_cone_detector/lib/pkgconfig/lidar_cone_detector.pc'
[12.031s] Level 1:colcon.colcon_core.environment:checking '/home/xue/25_Lidar/lidar_cone_detector/install/lidar_cone_detector/lib/python3.10/site-packages'
[12.031s] Level 1:colcon.colcon_core.environment:checking '/home/xue/25_Lidar/lidar_cone_detector/install/lidar_cone_detector/bin'
[12.031s] INFO:colcon.colcon_core.shell:Creating package script '/home/xue/25_Lidar/lidar_cone_detector/install/lidar_cone_detector/share/lidar_cone_detector/package.ps1'
[12.031s] INFO:colcon.colcon_core.shell:Creating package descriptor '/home/xue/25_Lidar/lidar_cone_detector/install/lidar_cone_detector/share/lidar_cone_detector/package.dsv'
[12.031s] INFO:colcon.colcon_core.shell:Creating package script '/home/xue/25_Lidar/lidar_cone_detector/install/lidar_cone_detector/share/lidar_cone_detector/package.sh'
[12.031s] INFO:colcon.colcon_core.shell:Creating package script '/home/xue/25_Lidar/lidar_cone_detector/install/lidar_cone_detector/share/lidar_cone_detector/package.bash'
[12.032s] INFO:colcon.colcon_core.shell:Creating package script '/home/xue/25_Lidar/lidar_cone_detector/install/lidar_cone_detector/share/lidar_cone_detector/package.zsh'
[12.032s] Level 1:colcon.colcon_core.environment:create_file_with_runtime_dependencies(/home/xue/25_Lidar/lidar_cone_detector/install/lidar_cone_detector/share/colcon-core/packages/lidar_cone_detector)
[12.032s] DEBUG:colcon.colcon_parallel_executor.executor.parallel:closing loop
[12.032s] DEBUG:colcon.colcon_parallel_executor.executor.parallel:loop closed
[12.032s] DEBUG:colcon.colcon_parallel_executor.executor.parallel:run_until_complete finished with '0'
[12.032s] DEBUG:colcon.colcon_core.event_reactor:joining thread
[12.035s] INFO:colcon.colcon_core.plugin_system:Skipping extension 'colcon_notification.desktop_notification.terminal_notifier': Not used on non-Darwin systems
[12.035s] INFO:colcon.colcon_core.plugin_system:Skipping extension 'colcon_notification.desktop_notification.win32': Not used on non-Windows systems
[12.035s] INFO:colcon.colcon_notification.desktop_notification:Sending desktop notification using 'notify2'
[12.044s] DEBUG:colcon.colcon_core.event_reactor:joined thread
[12.044s] INFO:colcon.colcon_core.shell:Creating prefix script '/home/xue/25_Lidar/lidar_cone_detector/install/local_setup.ps1'
[12.045s] INFO:colcon.colcon_core.shell:Creating prefix util module '/home/xue/25_Lidar/lidar_cone_detector/install/_local_setup_util_ps1.py'
[12.045s] INFO:colcon.colcon_core.shell:Creating prefix chain script '/home/xue/25_Lidar/lidar_cone_detector/install/setup.ps1'
[12.046s] INFO:colcon.colcon_core.shell:Creating prefix script '/home/xue/25_Lidar/lidar_cone_detector/install/local_setup.sh'
[12.046s] INFO:colcon.colcon_core.shell:Creating prefix util module '/home/xue/25_Lidar/lidar_cone_detector/install/_local_setup_util_sh.py'
[12.046s] INFO:colcon.colcon_core.shell:Creating prefix chain script '/home/xue/25_Lidar/lidar_cone_detector/install/setup.sh'
[12.047s] INFO:colcon.colcon_core.shell:Creating prefix script '/home/xue/25_Lidar/lidar_cone_detector/install/local_setup.bash'
[12.047s] INFO:colcon.colcon_core.shell:Creating prefix chain script '/home/xue/25_Lidar/lidar_cone_detector/install/setup.bash'
[12.047s] INFO:colcon.colcon_core.shell:Creating prefix script '/home/xue/25_Lidar/lidar_cone_detector/install/local_setup.zsh'
[12.047s] INFO:colcon.colcon_core.shell:Creating prefix chain script '/home/xue/25_Lidar/lidar_cone_detector/install/setup.zsh'
