[0.018s] Invoking command in '/home/xue/25_Lidar/lidar_cone_detector/build/lidar_cone_detector': CMAKE_PREFIX_PATH=${CMAKE_PREFIX_PATH}:/opt/ros/humble /usr/bin/cmake --build /home/xue/25_Lidar/lidar_cone_detector/build/lidar_cone_detector -- -j32 -l32
[0.082s] [35m[1mConsolidate compiler generated dependencies of target lidar_cone_detector[0m
[0.118s] [ 50%] [32mBuilding CXX object CMakeFiles/lidar_cone_detector.dir/src/lidar_cone_detector_3.19.cpp.o[0m
[14.972s] [100%] [32m[1mLinking CXX executable lidar_cone_detector[0m
[17.582s] [100%] Built target lidar_cone_detector
[17.589s] Invoked command in '/home/xue/25_Lidar/lidar_cone_detector/build/lidar_cone_detector' returned '0': CMAKE_PREFIX_PATH=${CMAKE_PREFIX_PATH}:/opt/ros/humble /usr/bin/cmake --build /home/xue/25_Lidar/lidar_cone_detector/build/lidar_cone_detector -- -j32 -l32
[17.596s] Invoking command in '/home/xue/25_Lidar/lidar_cone_detector/build/lidar_cone_detector': CMAKE_PREFIX_PATH=${CMAKE_PREFIX_PATH}:/opt/ros/humble /usr/bin/cmake --install /home/xue/25_Lidar/lidar_cone_detector/build/lidar_cone_detector
[17.601s] -- Install configuration: "Release"
[17.601s] -- Installing: /home/xue/25_Lidar/lidar_cone_detector/install/lidar_cone_detector/lib/lidar_cone_detector/lidar_cone_detector
[17.602s] -- Set runtime path of "/home/xue/25_Lidar/lidar_cone_detector/install/lidar_cone_detector/lib/lidar_cone_detector/lidar_cone_detector" to ""
[17.602s] -- Up-to-date: /home/xue/25_Lidar/lidar_cone_detector/install/lidar_cone_detector/share/ament_index/resource_index/package_run_dependencies/lidar_cone_detector
[17.602s] -- Up-to-date: /home/xue/25_Lidar/lidar_cone_detector/install/lidar_cone_detector/share/ament_index/resource_index/parent_prefix_path/lidar_cone_detector
[17.602s] -- Up-to-date: /home/xue/25_Lidar/lidar_cone_detector/install/lidar_cone_detector/share/lidar_cone_detector/environment/ament_prefix_path.sh
[17.602s] -- Up-to-date: /home/xue/25_Lidar/lidar_cone_detector/install/lidar_cone_detector/share/lidar_cone_detector/environment/ament_prefix_path.dsv
[17.603s] -- Up-to-date: /home/xue/25_Lidar/lidar_cone_detector/install/lidar_cone_detector/share/lidar_cone_detector/environment/path.sh
[17.603s] -- Up-to-date: /home/xue/25_Lidar/lidar_cone_detector/install/lidar_cone_detector/share/lidar_cone_detector/environment/path.dsv
[17.603s] -- Up-to-date: /home/xue/25_Lidar/lidar_cone_detector/install/lidar_cone_detector/share/lidar_cone_detector/local_setup.bash
[17.603s] -- Up-to-date: /home/xue/25_Lidar/lidar_cone_detector/install/lidar_cone_detector/share/lidar_cone_detector/local_setup.sh
[17.603s] -- Up-to-date: /home/xue/25_Lidar/lidar_cone_detector/install/lidar_cone_detector/share/lidar_cone_detector/local_setup.zsh
[17.603s] -- Up-to-date: /home/xue/25_Lidar/lidar_cone_detector/install/lidar_cone_detector/share/lidar_cone_detector/local_setup.dsv
[17.603s] -- Installing: /home/xue/25_Lidar/lidar_cone_detector/install/lidar_cone_detector/share/lidar_cone_detector/package.dsv
[17.603s] -- Up-to-date: /home/xue/25_Lidar/lidar_cone_detector/install/lidar_cone_detector/share/ament_index/resource_index/packages/lidar_cone_detector
[17.603s] -- Up-to-date: /home/xue/25_Lidar/lidar_cone_detector/install/lidar_cone_detector/share/lidar_cone_detector/cmake/ament_cmake_export_dependencies-extras.cmake
[17.603s] -- Up-to-date: /home/xue/25_Lidar/lidar_cone_detector/install/lidar_cone_detector/share/lidar_cone_detector/cmake/lidar_cone_detectorConfig.cmake
[17.603s] -- Up-to-date: /home/xue/25_Lidar/lidar_cone_detector/install/lidar_cone_detector/share/lidar_cone_detector/cmake/lidar_cone_detectorConfig-version.cmake
[17.603s] -- Up-to-date: /home/xue/25_Lidar/lidar_cone_detector/install/lidar_cone_detector/share/lidar_cone_detector/package.xml
[17.604s] Invoked command in '/home/xue/25_Lidar/lidar_cone_detector/build/lidar_cone_detector' returned '0': CMAKE_PREFIX_PATH=${CMAKE_PREFIX_PATH}:/opt/ros/humble /usr/bin/cmake --install /home/xue/25_Lidar/lidar_cone_detector/build/lidar_cone_detector
