[0.055s] DEBUG:colcon:Command line arguments: ['/usr/bin/colcon', 'build', '--symlink-install']
[0.055s] DEBUG:colcon:Parsed command line arguments: Namespace(log_base=None, log_level=None, verb_name='build', build_base='build', install_base='install', merge_install=False, symlink_install=True, test_result_base=None, continue_on_error=False, executor='parallel', parallel_workers=32, event_handlers=None, ignore_user_meta=False, metas=['./colcon.meta'], base_paths=['.'], packages_ignore=None, packages_ignore_regex=None, paths=None, packages_up_to=None, packages_up_to_regex=None, packages_above=None, packages_above_and_dependencies=None, packages_above_depth=None, packages_select_by_dep=None, packages_skip_by_dep=None, packages_skip_up_to=None, packages_select_build_failed=False, packages_skip_build_finished=False, packages_select_test_failures=False, packages_skip_test_passed=False, packages_select=None, packages_skip=None, packages_select_regex=None, packages_skip_regex=None, packages_start=None, packages_end=None, allow_overriding=[], cmake_args=None, cmake_target=None, cmake_target_skip_unavailable=False, cmake_clean_cache=False, cmake_clean_first=False, cmake_force_configure=False, ament_cmake_args=None, catkin_cmake_args=None, catkin_skip_building_tests=False, verb_parser=<colcon_defaults.argument_parser.defaults.DefaultArgumentsDecorator object at 0x7f62e5958dc0>, verb_extension=<colcon_core.verb.build.BuildVerb object at 0x7f62e5ac6440>, main=<bound method BuildVerb.main of <colcon_core.verb.build.BuildVerb object at 0x7f62e5ac6440>>)
[0.138s] Level 1:colcon.colcon_core.package_discovery:discover_packages(colcon_meta) check parameters
[0.138s] Level 1:colcon.colcon_core.package_discovery:discover_packages(recursive) check parameters
[0.138s] Level 1:colcon.colcon_core.package_discovery:discover_packages(ignore) check parameters
[0.138s] Level 1:colcon.colcon_core.package_discovery:discover_packages(path) check parameters
[0.138s] Level 1:colcon.colcon_core.package_discovery:discover_packages(colcon_meta) discover
[0.138s] Level 1:colcon.colcon_core.package_discovery:discover_packages(recursive) discover
[0.138s] INFO:colcon.colcon_core.package_discovery:Crawling recursively for packages in '/home/limdegcai/GSMART/CODE/skidpad_ws'
[0.138s] Level 1:colcon.colcon_core.package_identification:_identify(.) by extensions ['ignore', 'ignore_ament_install']
[0.138s] Level 1:colcon.colcon_core.package_identification:_identify(.) by extension 'ignore'
[0.138s] Level 1:colcon.colcon_core.package_identification:_identify(.) by extension 'ignore_ament_install'
[0.138s] Level 1:colcon.colcon_core.package_identification:_identify(.) by extensions ['colcon_pkg']
[0.138s] Level 1:colcon.colcon_core.package_identification:_identify(.) by extension 'colcon_pkg'
[0.138s] Level 1:colcon.colcon_core.package_identification:_identify(.) by extensions ['colcon_meta']
[0.138s] Level 1:colcon.colcon_core.package_identification:_identify(.) by extension 'colcon_meta'
[0.138s] Level 1:colcon.colcon_core.package_identification:_identify(.) by extensions ['ros']
[0.138s] Level 1:colcon.colcon_core.package_identification:_identify(.) by extension 'ros'
[0.146s] Level 1:colcon.colcon_core.package_identification:_identify(.) by extensions ['cmake', 'python']
[0.146s] Level 1:colcon.colcon_core.package_identification:_identify(.) by extension 'cmake'
[0.146s] Level 1:colcon.colcon_core.package_identification:_identify(.) by extension 'python'
[0.146s] Level 1:colcon.colcon_core.package_identification:_identify(.) by extensions ['python_setup_py']
[0.146s] Level 1:colcon.colcon_core.package_identification:_identify(.) by extension 'python_setup_py'
[0.146s] Level 1:colcon.colcon_core.package_identification:_identify(build) by extensions ['ignore', 'ignore_ament_install']
[0.146s] Level 1:colcon.colcon_core.package_identification:_identify(build) by extension 'ignore'
[0.146s] Level 1:colcon.colcon_core.package_identification:_identify(build) ignored
[0.146s] Level 1:colcon.colcon_core.package_identification:_identify(install) by extensions ['ignore', 'ignore_ament_install']
[0.146s] Level 1:colcon.colcon_core.package_identification:_identify(install) by extension 'ignore'
[0.146s] Level 1:colcon.colcon_core.package_identification:_identify(install) ignored
[0.146s] Level 1:colcon.colcon_core.package_identification:_identify(log) by extensions ['ignore', 'ignore_ament_install']
[0.147s] Level 1:colcon.colcon_core.package_identification:_identify(log) by extension 'ignore'
[0.147s] Level 1:colcon.colcon_core.package_identification:_identify(log) ignored
[0.147s] Level 1:colcon.colcon_core.package_identification:_identify(src) by extensions ['ignore', 'ignore_ament_install']
[0.147s] Level 1:colcon.colcon_core.package_identification:_identify(src) by extension 'ignore'
[0.147s] Level 1:colcon.colcon_core.package_identification:_identify(src) by extension 'ignore_ament_install'
[0.147s] Level 1:colcon.colcon_core.package_identification:_identify(src) by extensions ['colcon_pkg']
[0.147s] Level 1:colcon.colcon_core.package_identification:_identify(src) by extension 'colcon_pkg'
[0.147s] Level 1:colcon.colcon_core.package_identification:_identify(src) by extensions ['colcon_meta']
[0.147s] Level 1:colcon.colcon_core.package_identification:_identify(src) by extension 'colcon_meta'
[0.147s] Level 1:colcon.colcon_core.package_identification:_identify(src) by extensions ['ros']
[0.147s] Level 1:colcon.colcon_core.package_identification:_identify(src) by extension 'ros'
[0.147s] Level 1:colcon.colcon_core.package_identification:_identify(src) by extensions ['cmake', 'python']
[0.147s] Level 1:colcon.colcon_core.package_identification:_identify(src) by extension 'cmake'
[0.147s] Level 1:colcon.colcon_core.package_identification:_identify(src) by extension 'python'
[0.147s] Level 1:colcon.colcon_core.package_identification:_identify(src) by extensions ['python_setup_py']
[0.147s] Level 1:colcon.colcon_core.package_identification:_identify(src) by extension 'python_setup_py'
[0.147s] Level 1:colcon.colcon_core.package_identification:_identify(src/fsds_bridge) by extensions ['ignore', 'ignore_ament_install']
[0.147s] Level 1:colcon.colcon_core.package_identification:_identify(src/fsds_bridge) by extension 'ignore'
[0.147s] Level 1:colcon.colcon_core.package_identification:_identify(src/fsds_bridge) by extension 'ignore_ament_install'
[0.147s] Level 1:colcon.colcon_core.package_identification:_identify(src/fsds_bridge) by extensions ['colcon_pkg']
[0.147s] Level 1:colcon.colcon_core.package_identification:_identify(src/fsds_bridge) by extension 'colcon_pkg'
[0.147s] Level 1:colcon.colcon_core.package_identification:_identify(src/fsds_bridge) by extensions ['colcon_meta']
[0.147s] Level 1:colcon.colcon_core.package_identification:_identify(src/fsds_bridge) by extension 'colcon_meta'
[0.147s] Level 1:colcon.colcon_core.package_identification:_identify(src/fsds_bridge) by extensions ['ros']
[0.147s] Level 1:colcon.colcon_core.package_identification:_identify(src/fsds_bridge) by extension 'ros'
[0.148s] DEBUG:colcon.colcon_core.package_identification:Package 'src/fsds_bridge' with type 'ros.ament_python' and name 'fsds_bridge'
[0.148s] Level 1:colcon.colcon_core.package_identification:_identify(src/icp_test_tools) by extensions ['ignore', 'ignore_ament_install']
[0.149s] Level 1:colcon.colcon_core.package_identification:_identify(src/icp_test_tools) by extension 'ignore'
[0.149s] Level 1:colcon.colcon_core.package_identification:_identify(src/icp_test_tools) by extension 'ignore_ament_install'
[0.149s] Level 1:colcon.colcon_core.package_identification:_identify(src/icp_test_tools) by extensions ['colcon_pkg']
[0.149s] Level 1:colcon.colcon_core.package_identification:_identify(src/icp_test_tools) by extension 'colcon_pkg'
[0.149s] Level 1:colcon.colcon_core.package_identification:_identify(src/icp_test_tools) by extensions ['colcon_meta']
[0.149s] Level 1:colcon.colcon_core.package_identification:_identify(src/icp_test_tools) by extension 'colcon_meta'
[0.149s] Level 1:colcon.colcon_core.package_identification:_identify(src/icp_test_tools) by extensions ['ros']
[0.149s] Level 1:colcon.colcon_core.package_identification:_identify(src/icp_test_tools) by extension 'ros'
[0.149s] DEBUG:colcon.colcon_core.package_identification:Package 'src/icp_test_tools' with type 'ros.ament_python' and name 'icp_test_tools'
[0.149s] Level 1:colcon.colcon_core.package_identification:_identify(src/skidpad_bringup) by extensions ['ignore', 'ignore_ament_install']
[0.149s] Level 1:colcon.colcon_core.package_identification:_identify(src/skidpad_bringup) by extension 'ignore'
[0.149s] Level 1:colcon.colcon_core.package_identification:_identify(src/skidpad_bringup) by extension 'ignore_ament_install'
[0.149s] Level 1:colcon.colcon_core.package_identification:_identify(src/skidpad_bringup) by extensions ['colcon_pkg']
[0.149s] Level 1:colcon.colcon_core.package_identification:_identify(src/skidpad_bringup) by extension 'colcon_pkg'
[0.149s] Level 1:colcon.colcon_core.package_identification:_identify(src/skidpad_bringup) by extensions ['colcon_meta']
[0.149s] Level 1:colcon.colcon_core.package_identification:_identify(src/skidpad_bringup) by extension 'colcon_meta'
[0.149s] Level 1:colcon.colcon_core.package_identification:_identify(src/skidpad_bringup) by extensions ['ros']
[0.149s] Level 1:colcon.colcon_core.package_identification:_identify(src/skidpad_bringup) by extension 'ros'
[0.150s] DEBUG:colcon.colcon_core.package_identification:Package 'src/skidpad_bringup' with type 'ros.ament_cmake' and name 'skidpad_bringup'
[0.150s] Level 1:colcon.colcon_core.package_identification:_identify(src/skidpad_control) by extensions ['ignore', 'ignore_ament_install']
[0.150s] Level 1:colcon.colcon_core.package_identification:_identify(src/skidpad_control) by extension 'ignore'
[0.150s] Level 1:colcon.colcon_core.package_identification:_identify(src/skidpad_control) by extension 'ignore_ament_install'
[0.150s] Level 1:colcon.colcon_core.package_identification:_identify(src/skidpad_control) by extensions ['colcon_pkg']
[0.150s] Level 1:colcon.colcon_core.package_identification:_identify(src/skidpad_control) by extension 'colcon_pkg'
[0.150s] Level 1:colcon.colcon_core.package_identification:_identify(src/skidpad_control) by extensions ['colcon_meta']
[0.150s] Level 1:colcon.colcon_core.package_identification:_identify(src/skidpad_control) by extension 'colcon_meta'
[0.150s] Level 1:colcon.colcon_core.package_identification:_identify(src/skidpad_control) by extensions ['ros']
[0.150s] Level 1:colcon.colcon_core.package_identification:_identify(src/skidpad_control) by extension 'ros'
[0.150s] DEBUG:colcon.colcon_core.package_identification:Package 'src/skidpad_control' with type 'ros.ament_python' and name 'skidpad_control'
[0.151s] Level 1:colcon.colcon_core.package_identification:_identify(src/skidpad_icp) by extensions ['ignore', 'ignore_ament_install']
[0.151s] Level 1:colcon.colcon_core.package_identification:_identify(src/skidpad_icp) by extension 'ignore'
[0.151s] Level 1:colcon.colcon_core.package_identification:_identify(src/skidpad_icp) by extension 'ignore_ament_install'
[0.151s] Level 1:colcon.colcon_core.package_identification:_identify(src/skidpad_icp) by extensions ['colcon_pkg']
[0.151s] Level 1:colcon.colcon_core.package_identification:_identify(src/skidpad_icp) by extension 'colcon_pkg'
[0.151s] Level 1:colcon.colcon_core.package_identification:_identify(src/skidpad_icp) by extensions ['colcon_meta']
[0.151s] Level 1:colcon.colcon_core.package_identification:_identify(src/skidpad_icp) by extension 'colcon_meta'
[0.151s] Level 1:colcon.colcon_core.package_identification:_identify(src/skidpad_icp) by extensions ['ros']
[0.151s] Level 1:colcon.colcon_core.package_identification:_identify(src/skidpad_icp) by extension 'ros'
[0.151s] DEBUG:colcon.colcon_core.package_identification:Package 'src/skidpad_icp' with type 'ros.ament_cmake' and name 'skidpad_icp'
[0.151s] Level 1:colcon.colcon_core.package_identification:_identify(src/skidpad_msgs) by extensions ['ignore', 'ignore_ament_install']
[0.151s] Level 1:colcon.colcon_core.package_identification:_identify(src/skidpad_msgs) by extension 'ignore'
[0.151s] Level 1:colcon.colcon_core.package_identification:_identify(src/skidpad_msgs) by extension 'ignore_ament_install'
[0.151s] Level 1:colcon.colcon_core.package_identification:_identify(src/skidpad_msgs) by extensions ['colcon_pkg']
[0.151s] Level 1:colcon.colcon_core.package_identification:_identify(src/skidpad_msgs) by extension 'colcon_pkg'
[0.151s] Level 1:colcon.colcon_core.package_identification:_identify(src/skidpad_msgs) by extensions ['colcon_meta']
[0.151s] Level 1:colcon.colcon_core.package_identification:_identify(src/skidpad_msgs) by extension 'colcon_meta'
[0.152s] Level 1:colcon.colcon_core.package_identification:_identify(src/skidpad_msgs) by extensions ['ros']
[0.152s] Level 1:colcon.colcon_core.package_identification:_identify(src/skidpad_msgs) by extension 'ros'
[0.152s] DEBUG:colcon.colcon_core.package_identification:Package 'src/skidpad_msgs' with type 'ros.ament_cmake' and name 'skidpad_msgs'
[0.152s] Level 1:colcon.colcon_core.package_identification:_identify(src/skidpad_planner) by extensions ['ignore', 'ignore_ament_install']
[0.152s] Level 1:colcon.colcon_core.package_identification:_identify(src/skidpad_planner) by extension 'ignore'
[0.152s] Level 1:colcon.colcon_core.package_identification:_identify(src/skidpad_planner) by extension 'ignore_ament_install'
[0.152s] Level 1:colcon.colcon_core.package_identification:_identify(src/skidpad_planner) by extensions ['colcon_pkg']
[0.152s] Level 1:colcon.colcon_core.package_identification:_identify(src/skidpad_planner) by extension 'colcon_pkg'
[0.152s] Level 1:colcon.colcon_core.package_identification:_identify(src/skidpad_planner) by extensions ['colcon_meta']
[0.152s] Level 1:colcon.colcon_core.package_identification:_identify(src/skidpad_planner) by extension 'colcon_meta'
[0.152s] Level 1:colcon.colcon_core.package_identification:_identify(src/skidpad_planner) by extensions ['ros']
[0.152s] Level 1:colcon.colcon_core.package_identification:_identify(src/skidpad_planner) by extension 'ros'
[0.153s] DEBUG:colcon.colcon_core.package_identification:Package 'src/skidpad_planner' with type 'ros.ament_cmake' and name 'skidpad_planner'
[0.153s] Level 1:colcon.colcon_core.package_discovery:discover_packages(recursive) using defaults
[0.153s] Level 1:colcon.colcon_core.package_discovery:discover_packages(ignore) discover
[0.153s] Level 1:colcon.colcon_core.package_discovery:discover_packages(ignore) using defaults
[0.153s] Level 1:colcon.colcon_core.package_discovery:discover_packages(path) discover
[0.153s] Level 1:colcon.colcon_core.package_discovery:discover_packages(path) using defaults
[0.171s] Level 1:colcon.colcon_core.package_discovery:discover_packages(prefix_path) check parameters
[0.171s] Level 1:colcon.colcon_core.package_discovery:discover_packages(prefix_path) discover
[0.173s] DEBUG:colcon.colcon_installed_package_information.package_discovery:Found 7 installed packages in /home/limdegcai/GSMART/CODE/skidpad_ws/install
[0.174s] DEBUG:colcon.colcon_installed_package_information.package_discovery:Found 282 installed packages in /opt/ros/humble
[0.175s] Level 1:colcon.colcon_core.package_discovery:discover_packages(prefix_path) using defaults
[0.196s] Level 5:colcon.colcon_core.verb:set package 'icp_test_tools' build argument 'cmake_args' from command line to 'None'
[0.196s] Level 5:colcon.colcon_core.verb:set package 'icp_test_tools' build argument 'cmake_target' from command line to 'None'
[0.196s] Level 5:colcon.colcon_core.verb:set package 'icp_test_tools' build argument 'cmake_target_skip_unavailable' from command line to 'False'
[0.196s] Level 5:colcon.colcon_core.verb:set package 'icp_test_tools' build argument 'cmake_clean_cache' from command line to 'False'
[0.196s] Level 5:colcon.colcon_core.verb:set package 'icp_test_tools' build argument 'cmake_clean_first' from command line to 'False'
[0.196s] Level 5:colcon.colcon_core.verb:set package 'icp_test_tools' build argument 'cmake_force_configure' from command line to 'False'
[0.196s] Level 5:colcon.colcon_core.verb:set package 'icp_test_tools' build argument 'ament_cmake_args' from command line to 'None'
[0.196s] Level 5:colcon.colcon_core.verb:set package 'icp_test_tools' build argument 'catkin_cmake_args' from command line to 'None'
[0.196s] Level 5:colcon.colcon_core.verb:set package 'icp_test_tools' build argument 'catkin_skip_building_tests' from command line to 'False'
[0.196s] DEBUG:colcon.colcon_core.verb:Building package 'icp_test_tools' with the following arguments: {'ament_cmake_args': None, 'build_base': '/home/limdegcai/GSMART/CODE/skidpad_ws/build/icp_test_tools', 'catkin_cmake_args': None, 'catkin_skip_building_tests': False, 'cmake_args': None, 'cmake_clean_cache': False, 'cmake_clean_first': False, 'cmake_force_configure': False, 'cmake_target': None, 'cmake_target_skip_unavailable': False, 'install_base': '/home/limdegcai/GSMART/CODE/skidpad_ws/install/icp_test_tools', 'merge_install': False, 'path': '/home/limdegcai/GSMART/CODE/skidpad_ws/src/icp_test_tools', 'symlink_install': True, 'test_result_base': None}
[0.196s] Level 5:colcon.colcon_core.verb:set package 'skidpad_icp' build argument 'cmake_args' from command line to 'None'
[0.196s] Level 5:colcon.colcon_core.verb:set package 'skidpad_icp' build argument 'cmake_target' from command line to 'None'
[0.196s] Level 5:colcon.colcon_core.verb:set package 'skidpad_icp' build argument 'cmake_target_skip_unavailable' from command line to 'False'
[0.196s] Level 5:colcon.colcon_core.verb:set package 'skidpad_icp' build argument 'cmake_clean_cache' from command line to 'False'
[0.197s] Level 5:colcon.colcon_core.verb:set package 'skidpad_icp' build argument 'cmake_clean_first' from command line to 'False'
[0.197s] Level 5:colcon.colcon_core.verb:set package 'skidpad_icp' build argument 'cmake_force_configure' from command line to 'False'
[0.197s] Level 5:colcon.colcon_core.verb:set package 'skidpad_icp' build argument 'ament_cmake_args' from command line to 'None'
[0.197s] Level 5:colcon.colcon_core.verb:set package 'skidpad_icp' build argument 'catkin_cmake_args' from command line to 'None'
[0.197s] Level 5:colcon.colcon_core.verb:set package 'skidpad_icp' build argument 'catkin_skip_building_tests' from command line to 'False'
[0.197s] DEBUG:colcon.colcon_core.verb:Building package 'skidpad_icp' with the following arguments: {'ament_cmake_args': None, 'build_base': '/home/limdegcai/GSMART/CODE/skidpad_ws/build/skidpad_icp', 'catkin_cmake_args': None, 'catkin_skip_building_tests': False, 'cmake_args': None, 'cmake_clean_cache': False, 'cmake_clean_first': False, 'cmake_force_configure': False, 'cmake_target': None, 'cmake_target_skip_unavailable': False, 'install_base': '/home/limdegcai/GSMART/CODE/skidpad_ws/install/skidpad_icp', 'merge_install': False, 'path': '/home/limdegcai/GSMART/CODE/skidpad_ws/src/skidpad_icp', 'symlink_install': True, 'test_result_base': None}
[0.197s] Level 5:colcon.colcon_core.verb:set package 'skidpad_msgs' build argument 'cmake_args' from command line to 'None'
[0.197s] Level 5:colcon.colcon_core.verb:set package 'skidpad_msgs' build argument 'cmake_target' from command line to 'None'
[0.197s] Level 5:colcon.colcon_core.verb:set package 'skidpad_msgs' build argument 'cmake_target_skip_unavailable' from command line to 'False'
[0.197s] Level 5:colcon.colcon_core.verb:set package 'skidpad_msgs' build argument 'cmake_clean_cache' from command line to 'False'
[0.197s] Level 5:colcon.colcon_core.verb:set package 'skidpad_msgs' build argument 'cmake_clean_first' from command line to 'False'
[0.197s] Level 5:colcon.colcon_core.verb:set package 'skidpad_msgs' build argument 'cmake_force_configure' from command line to 'False'
[0.197s] Level 5:colcon.colcon_core.verb:set package 'skidpad_msgs' build argument 'ament_cmake_args' from command line to 'None'
[0.197s] Level 5:colcon.colcon_core.verb:set package 'skidpad_msgs' build argument 'catkin_cmake_args' from command line to 'None'
[0.197s] Level 5:colcon.colcon_core.verb:set package 'skidpad_msgs' build argument 'catkin_skip_building_tests' from command line to 'False'
[0.197s] DEBUG:colcon.colcon_core.verb:Building package 'skidpad_msgs' with the following arguments: {'ament_cmake_args': None, 'build_base': '/home/limdegcai/GSMART/CODE/skidpad_ws/build/skidpad_msgs', 'catkin_cmake_args': None, 'catkin_skip_building_tests': False, 'cmake_args': None, 'cmake_clean_cache': False, 'cmake_clean_first': False, 'cmake_force_configure': False, 'cmake_target': None, 'cmake_target_skip_unavailable': False, 'install_base': '/home/limdegcai/GSMART/CODE/skidpad_ws/install/skidpad_msgs', 'merge_install': False, 'path': '/home/limdegcai/GSMART/CODE/skidpad_ws/src/skidpad_msgs', 'symlink_install': True, 'test_result_base': None}
[0.197s] Level 5:colcon.colcon_core.verb:set package 'fsds_bridge' build argument 'cmake_args' from command line to 'None'
[0.197s] Level 5:colcon.colcon_core.verb:set package 'fsds_bridge' build argument 'cmake_target' from command line to 'None'
[0.197s] Level 5:colcon.colcon_core.verb:set package 'fsds_bridge' build argument 'cmake_target_skip_unavailable' from command line to 'False'
[0.197s] Level 5:colcon.colcon_core.verb:set package 'fsds_bridge' build argument 'cmake_clean_cache' from command line to 'False'
[0.197s] Level 5:colcon.colcon_core.verb:set package 'fsds_bridge' build argument 'cmake_clean_first' from command line to 'False'
[0.197s] Level 5:colcon.colcon_core.verb:set package 'fsds_bridge' build argument 'cmake_force_configure' from command line to 'False'
[0.197s] Level 5:colcon.colcon_core.verb:set package 'fsds_bridge' build argument 'ament_cmake_args' from command line to 'None'
[0.197s] Level 5:colcon.colcon_core.verb:set package 'fsds_bridge' build argument 'catkin_cmake_args' from command line to 'None'
[0.197s] Level 5:colcon.colcon_core.verb:set package 'fsds_bridge' build argument 'catkin_skip_building_tests' from command line to 'False'
[0.197s] DEBUG:colcon.colcon_core.verb:Building package 'fsds_bridge' with the following arguments: {'ament_cmake_args': None, 'build_base': '/home/limdegcai/GSMART/CODE/skidpad_ws/build/fsds_bridge', 'catkin_cmake_args': None, 'catkin_skip_building_tests': False, 'cmake_args': None, 'cmake_clean_cache': False, 'cmake_clean_first': False, 'cmake_force_configure': False, 'cmake_target': None, 'cmake_target_skip_unavailable': False, 'install_base': '/home/limdegcai/GSMART/CODE/skidpad_ws/install/fsds_bridge', 'merge_install': False, 'path': '/home/limdegcai/GSMART/CODE/skidpad_ws/src/fsds_bridge', 'symlink_install': True, 'test_result_base': None}
[0.198s] Level 5:colcon.colcon_core.verb:set package 'skidpad_control' build argument 'cmake_args' from command line to 'None'
[0.198s] Level 5:colcon.colcon_core.verb:set package 'skidpad_control' build argument 'cmake_target' from command line to 'None'
[0.198s] Level 5:colcon.colcon_core.verb:set package 'skidpad_control' build argument 'cmake_target_skip_unavailable' from command line to 'False'
[0.198s] Level 5:colcon.colcon_core.verb:set package 'skidpad_control' build argument 'cmake_clean_cache' from command line to 'False'
[0.198s] Level 5:colcon.colcon_core.verb:set package 'skidpad_control' build argument 'cmake_clean_first' from command line to 'False'
[0.198s] Level 5:colcon.colcon_core.verb:set package 'skidpad_control' build argument 'cmake_force_configure' from command line to 'False'
[0.198s] Level 5:colcon.colcon_core.verb:set package 'skidpad_control' build argument 'ament_cmake_args' from command line to 'None'
[0.198s] Level 5:colcon.colcon_core.verb:set package 'skidpad_control' build argument 'catkin_cmake_args' from command line to 'None'
[0.198s] Level 5:colcon.colcon_core.verb:set package 'skidpad_control' build argument 'catkin_skip_building_tests' from command line to 'False'
[0.198s] DEBUG:colcon.colcon_core.verb:Building package 'skidpad_control' with the following arguments: {'ament_cmake_args': None, 'build_base': '/home/limdegcai/GSMART/CODE/skidpad_ws/build/skidpad_control', 'catkin_cmake_args': None, 'catkin_skip_building_tests': False, 'cmake_args': None, 'cmake_clean_cache': False, 'cmake_clean_first': False, 'cmake_force_configure': False, 'cmake_target': None, 'cmake_target_skip_unavailable': False, 'install_base': '/home/limdegcai/GSMART/CODE/skidpad_ws/install/skidpad_control', 'merge_install': False, 'path': '/home/limdegcai/GSMART/CODE/skidpad_ws/src/skidpad_control', 'symlink_install': True, 'test_result_base': None}
[0.198s] Level 5:colcon.colcon_core.verb:set package 'skidpad_planner' build argument 'cmake_args' from command line to 'None'
[0.198s] Level 5:colcon.colcon_core.verb:set package 'skidpad_planner' build argument 'cmake_target' from command line to 'None'
[0.198s] Level 5:colcon.colcon_core.verb:set package 'skidpad_planner' build argument 'cmake_target_skip_unavailable' from command line to 'False'
[0.198s] Level 5:colcon.colcon_core.verb:set package 'skidpad_planner' build argument 'cmake_clean_cache' from command line to 'False'
[0.198s] Level 5:colcon.colcon_core.verb:set package 'skidpad_planner' build argument 'cmake_clean_first' from command line to 'False'
[0.198s] Level 5:colcon.colcon_core.verb:set package 'skidpad_planner' build argument 'cmake_force_configure' from command line to 'False'
[0.198s] Level 5:colcon.colcon_core.verb:set package 'skidpad_planner' build argument 'ament_cmake_args' from command line to 'None'
[0.198s] Level 5:colcon.colcon_core.verb:set package 'skidpad_planner' build argument 'catkin_cmake_args' from command line to 'None'
[0.198s] Level 5:colcon.colcon_core.verb:set package 'skidpad_planner' build argument 'catkin_skip_building_tests' from command line to 'False'
[0.198s] DEBUG:colcon.colcon_core.verb:Building package 'skidpad_planner' with the following arguments: {'ament_cmake_args': None, 'build_base': '/home/limdegcai/GSMART/CODE/skidpad_ws/build/skidpad_planner', 'catkin_cmake_args': None, 'catkin_skip_building_tests': False, 'cmake_args': None, 'cmake_clean_cache': False, 'cmake_clean_first': False, 'cmake_force_configure': False, 'cmake_target': None, 'cmake_target_skip_unavailable': False, 'install_base': '/home/limdegcai/GSMART/CODE/skidpad_ws/install/skidpad_planner', 'merge_install': False, 'path': '/home/limdegcai/GSMART/CODE/skidpad_ws/src/skidpad_planner', 'symlink_install': True, 'test_result_base': None}
[0.198s] Level 5:colcon.colcon_core.verb:set package 'skidpad_bringup' build argument 'cmake_args' from command line to 'None'
[0.198s] Level 5:colcon.colcon_core.verb:set package 'skidpad_bringup' build argument 'cmake_target' from command line to 'None'
[0.198s] Level 5:colcon.colcon_core.verb:set package 'skidpad_bringup' build argument 'cmake_target_skip_unavailable' from command line to 'False'
[0.198s] Level 5:colcon.colcon_core.verb:set package 'skidpad_bringup' build argument 'cmake_clean_cache' from command line to 'False'
[0.198s] Level 5:colcon.colcon_core.verb:set package 'skidpad_bringup' build argument 'cmake_clean_first' from command line to 'False'
[0.198s] Level 5:colcon.colcon_core.verb:set package 'skidpad_bringup' build argument 'cmake_force_configure' from command line to 'False'
[0.198s] Level 5:colcon.colcon_core.verb:set package 'skidpad_bringup' build argument 'ament_cmake_args' from command line to 'None'
[0.198s] Level 5:colcon.colcon_core.verb:set package 'skidpad_bringup' build argument 'catkin_cmake_args' from command line to 'None'
[0.198s] Level 5:colcon.colcon_core.verb:set package 'skidpad_bringup' build argument 'catkin_skip_building_tests' from command line to 'False'
[0.198s] DEBUG:colcon.colcon_core.verb:Building package 'skidpad_bringup' with the following arguments: {'ament_cmake_args': None, 'build_base': '/home/limdegcai/GSMART/CODE/skidpad_ws/build/skidpad_bringup', 'catkin_cmake_args': None, 'catkin_skip_building_tests': False, 'cmake_args': None, 'cmake_clean_cache': False, 'cmake_clean_first': False, 'cmake_force_configure': False, 'cmake_target': None, 'cmake_target_skip_unavailable': False, 'install_base': '/home/limdegcai/GSMART/CODE/skidpad_ws/install/skidpad_bringup', 'merge_install': False, 'path': '/home/limdegcai/GSMART/CODE/skidpad_ws/src/skidpad_bringup', 'symlink_install': True, 'test_result_base': None}
[0.198s] INFO:colcon.colcon_core.executor:Executing jobs using 'parallel' executor
[0.199s] DEBUG:colcon.colcon_parallel_executor.executor.parallel:run_until_complete
[0.199s] INFO:colcon.colcon_ros.task.ament_cmake.build:Building ROS package in '/home/limdegcai/GSMART/CODE/skidpad_ws/src/skidpad_msgs' with build type 'ament_cmake'
[0.199s] INFO:colcon.colcon_cmake.task.cmake.build:Building CMake package in '/home/limdegcai/GSMART/CODE/skidpad_ws/src/skidpad_msgs'
[0.202s] INFO:colcon.colcon_core.plugin_system:Skipping extension 'colcon_core.shell.bat': Not used on non-Windows systems
[0.202s] INFO:colcon.colcon_core.shell:Skip shell extension 'powershell' for command environment: Not usable outside of PowerShell
[0.202s] DEBUG:colcon.colcon_core.shell:Skip shell extension 'dsv' for command environment
[0.205s] INFO:colcon.colcon_ros.task.ament_cmake.build:Building ROS package in '/home/limdegcai/GSMART/CODE/skidpad_ws/src/skidpad_icp' with build type 'ament_cmake'
[0.205s] INFO:colcon.colcon_cmake.task.cmake.build:Building CMake package in '/home/limdegcai/GSMART/CODE/skidpad_ws/src/skidpad_icp'
[0.205s] INFO:colcon.colcon_core.shell:Skip shell extension 'powershell' for command environment: Not usable outside of PowerShell
[0.205s] DEBUG:colcon.colcon_core.shell:Skip shell extension 'dsv' for command environment
[0.208s] INFO:colcon.colcon_ros.task.ament_python.build:Building ROS package in '/home/limdegcai/GSMART/CODE/skidpad_ws/src/icp_test_tools' with build type 'ament_python'
[0.208s] Level 1:colcon.colcon_core.shell:create_environment_hook('icp_test_tools', 'ament_prefix_path')
[0.208s] INFO:colcon.colcon_core.shell:Creating environment hook '/home/limdegcai/GSMART/CODE/skidpad_ws/install/icp_test_tools/share/icp_test_tools/hook/ament_prefix_path.ps1'
[0.210s] INFO:colcon.colcon_core.shell:Creating environment descriptor '/home/limdegcai/GSMART/CODE/skidpad_ws/install/icp_test_tools/share/icp_test_tools/hook/ament_prefix_path.dsv'
[0.211s] INFO:colcon.colcon_core.shell:Creating environment hook '/home/limdegcai/GSMART/CODE/skidpad_ws/install/icp_test_tools/share/icp_test_tools/hook/ament_prefix_path.sh'
[0.211s] INFO:colcon.colcon_core.shell:Skip shell extension 'powershell' for command environment: Not usable outside of PowerShell
[0.211s] DEBUG:colcon.colcon_core.shell:Skip shell extension 'dsv' for command environment
[0.217s] DEBUG:colcon.colcon_core.event_handler.log_command:Invoking command in '/home/limdegcai/GSMART/CODE/skidpad_ws/build/skidpad_msgs': CMAKE_PREFIX_PATH=${CMAKE_PREFIX_PATH}:/home/limdegcai/GSMART/CODE/skidpad_ws/install/skidpad_control:/home/limdegcai/GSMART/CODE/skidpad_ws/install/fsds_bridge:/home/limdegcai/GSMART/CODE/skidpad_ws/install/icp_test_tools:/opt/ros/humble /usr/bin/cmake --build /home/limdegcai/GSMART/CODE/skidpad_ws/build/skidpad_msgs -- -j32 -l32
[0.220s] DEBUG:colcon.colcon_core.event_handler.log_command:Invoking command in '/home/limdegcai/GSMART/CODE/skidpad_ws/build/skidpad_icp': CMAKE_PREFIX_PATH=${CMAKE_PREFIX_PATH}:/home/limdegcai/GSMART/CODE/skidpad_ws/install/skidpad_control:/home/limdegcai/GSMART/CODE/skidpad_ws/install/fsds_bridge:/home/limdegcai/GSMART/CODE/skidpad_ws/install/icp_test_tools:/opt/ros/humble /usr/bin/cmake --build /home/limdegcai/GSMART/CODE/skidpad_ws/build/skidpad_icp -- -j32 -l32
[0.363s] INFO:colcon.colcon_core.task.python.build:Building Python package in '/home/limdegcai/GSMART/CODE/skidpad_ws/src/icp_test_tools'
[0.363s] INFO:colcon.colcon_core.shell:Skip shell extension 'powershell' for command environment: Not usable outside of PowerShell
[0.363s] DEBUG:colcon.colcon_core.shell:Skip shell extension 'dsv' for command environment
[0.367s] DEBUG:colcon.colcon_core.event_handler.log_command:Invoked command in '/home/limdegcai/GSMART/CODE/skidpad_ws/build/skidpad_icp' returned '0': CMAKE_PREFIX_PATH=${CMAKE_PREFIX_PATH}:/home/limdegcai/GSMART/CODE/skidpad_ws/install/skidpad_control:/home/limdegcai/GSMART/CODE/skidpad_ws/install/fsds_bridge:/home/limdegcai/GSMART/CODE/skidpad_ws/install/icp_test_tools:/opt/ros/humble /usr/bin/cmake --build /home/limdegcai/GSMART/CODE/skidpad_ws/build/skidpad_icp -- -j32 -l32
[0.375s] DEBUG:colcon.colcon_core.event_handler.log_command:Invoking command in '/home/limdegcai/GSMART/CODE/skidpad_ws/build/skidpad_icp': CMAKE_PREFIX_PATH=${CMAKE_PREFIX_PATH}:/home/limdegcai/GSMART/CODE/skidpad_ws/install/skidpad_control:/home/limdegcai/GSMART/CODE/skidpad_ws/install/fsds_bridge:/home/limdegcai/GSMART/CODE/skidpad_ws/install/icp_test_tools:/opt/ros/humble /usr/bin/cmake --install /home/limdegcai/GSMART/CODE/skidpad_ws/build/skidpad_icp
[0.390s] Level 1:colcon.colcon_core.environment:create_environment_scripts_only(skidpad_icp)
[0.391s] DEBUG:colcon.colcon_core.event_handler.log_command:Invoked command in '/home/limdegcai/GSMART/CODE/skidpad_ws/build/skidpad_icp' returned '0': CMAKE_PREFIX_PATH=${CMAKE_PREFIX_PATH}:/home/limdegcai/GSMART/CODE/skidpad_ws/install/skidpad_control:/home/limdegcai/GSMART/CODE/skidpad_ws/install/fsds_bridge:/home/limdegcai/GSMART/CODE/skidpad_ws/install/icp_test_tools:/opt/ros/humble /usr/bin/cmake --install /home/limdegcai/GSMART/CODE/skidpad_ws/build/skidpad_icp
[0.392s] Level 1:colcon.colcon_core.environment:checking '/home/limdegcai/GSMART/CODE/skidpad_ws/install/skidpad_icp' for CMake module files
[0.392s] Level 1:colcon.colcon_core.environment:checking '/home/limdegcai/GSMART/CODE/skidpad_ws/install/skidpad_icp' for CMake config files
[0.393s] Level 1:colcon.colcon_core.shell:create_environment_hook('skidpad_icp', 'cmake_prefix_path')
[0.393s] INFO:colcon.colcon_core.shell:Creating environment hook '/home/limdegcai/GSMART/CODE/skidpad_ws/install/skidpad_icp/share/skidpad_icp/hook/cmake_prefix_path.ps1'
[0.393s] INFO:colcon.colcon_core.shell:Creating environment descriptor '/home/limdegcai/GSMART/CODE/skidpad_ws/install/skidpad_icp/share/skidpad_icp/hook/cmake_prefix_path.dsv'
[0.393s] INFO:colcon.colcon_core.shell:Creating environment hook '/home/limdegcai/GSMART/CODE/skidpad_ws/install/skidpad_icp/share/skidpad_icp/hook/cmake_prefix_path.sh'
[0.394s] Level 1:colcon.colcon_core.environment:checking '/home/limdegcai/GSMART/CODE/skidpad_ws/install/skidpad_icp/lib'
[0.394s] Level 1:colcon.colcon_core.environment:checking '/home/limdegcai/GSMART/CODE/skidpad_ws/install/skidpad_icp/bin'
[0.394s] Level 1:colcon.colcon_core.environment:checking '/home/limdegcai/GSMART/CODE/skidpad_ws/install/skidpad_icp/lib/pkgconfig/skidpad_icp.pc'
[0.394s] Level 1:colcon.colcon_core.environment:checking '/home/limdegcai/GSMART/CODE/skidpad_ws/install/skidpad_icp/lib/python3.10/site-packages'
[0.394s] Level 1:colcon.colcon_core.environment:checking '/home/limdegcai/GSMART/CODE/skidpad_ws/install/skidpad_icp/bin'
[0.395s] INFO:colcon.colcon_core.shell:Creating package script '/home/limdegcai/GSMART/CODE/skidpad_ws/install/skidpad_icp/share/skidpad_icp/package.ps1'
[0.395s] INFO:colcon.colcon_core.shell:Creating package descriptor '/home/limdegcai/GSMART/CODE/skidpad_ws/install/skidpad_icp/share/skidpad_icp/package.dsv'
[0.395s] INFO:colcon.colcon_core.shell:Creating package script '/home/limdegcai/GSMART/CODE/skidpad_ws/install/skidpad_icp/share/skidpad_icp/package.sh'
[0.396s] INFO:colcon.colcon_core.shell:Creating package script '/home/limdegcai/GSMART/CODE/skidpad_ws/install/skidpad_icp/share/skidpad_icp/package.bash'
[0.396s] INFO:colcon.colcon_core.shell:Creating package script '/home/limdegcai/GSMART/CODE/skidpad_ws/install/skidpad_icp/share/skidpad_icp/package.zsh'
[0.397s] Level 1:colcon.colcon_core.environment:create_file_with_runtime_dependencies(/home/limdegcai/GSMART/CODE/skidpad_ws/install/skidpad_icp/share/colcon-core/packages/skidpad_icp)
[0.397s] Level 1:colcon.colcon_core.environment:create_environment_scripts_only(skidpad_icp)
[0.397s] Level 1:colcon.colcon_core.environment:checking '/home/limdegcai/GSMART/CODE/skidpad_ws/install/skidpad_icp' for CMake module files
[0.397s] Level 1:colcon.colcon_core.environment:checking '/home/limdegcai/GSMART/CODE/skidpad_ws/install/skidpad_icp' for CMake config files
[0.398s] Level 1:colcon.colcon_core.shell:create_environment_hook('skidpad_icp', 'cmake_prefix_path')
[0.398s] INFO:colcon.colcon_core.shell:Creating environment hook '/home/limdegcai/GSMART/CODE/skidpad_ws/install/skidpad_icp/share/skidpad_icp/hook/cmake_prefix_path.ps1'
[0.398s] INFO:colcon.colcon_core.shell:Creating environment descriptor '/home/limdegcai/GSMART/CODE/skidpad_ws/install/skidpad_icp/share/skidpad_icp/hook/cmake_prefix_path.dsv'
[0.399s] INFO:colcon.colcon_core.shell:Creating environment hook '/home/limdegcai/GSMART/CODE/skidpad_ws/install/skidpad_icp/share/skidpad_icp/hook/cmake_prefix_path.sh'
[0.399s] Level 1:colcon.colcon_core.environment:checking '/home/limdegcai/GSMART/CODE/skidpad_ws/install/skidpad_icp/lib'
[0.399s] Level 1:colcon.colcon_core.environment:checking '/home/limdegcai/GSMART/CODE/skidpad_ws/install/skidpad_icp/bin'
[0.399s] Level 1:colcon.colcon_core.environment:checking '/home/limdegcai/GSMART/CODE/skidpad_ws/install/skidpad_icp/lib/pkgconfig/skidpad_icp.pc'
[0.399s] Level 1:colcon.colcon_core.environment:checking '/home/limdegcai/GSMART/CODE/skidpad_ws/install/skidpad_icp/lib/python3.10/site-packages'
[0.400s] Level 1:colcon.colcon_core.environment:checking '/home/limdegcai/GSMART/CODE/skidpad_ws/install/skidpad_icp/bin'
[0.400s] INFO:colcon.colcon_core.shell:Creating package script '/home/limdegcai/GSMART/CODE/skidpad_ws/install/skidpad_icp/share/skidpad_icp/package.ps1'
[0.401s] INFO:colcon.colcon_core.shell:Creating package descriptor '/home/limdegcai/GSMART/CODE/skidpad_ws/install/skidpad_icp/share/skidpad_icp/package.dsv'
[0.401s] INFO:colcon.colcon_core.shell:Creating package script '/home/limdegcai/GSMART/CODE/skidpad_ws/install/skidpad_icp/share/skidpad_icp/package.sh'
[0.401s] INFO:colcon.colcon_core.shell:Creating package script '/home/limdegcai/GSMART/CODE/skidpad_ws/install/skidpad_icp/share/skidpad_icp/package.bash'
[0.401s] INFO:colcon.colcon_core.shell:Creating package script '/home/limdegcai/GSMART/CODE/skidpad_ws/install/skidpad_icp/share/skidpad_icp/package.zsh'
[0.402s] Level 1:colcon.colcon_core.environment:create_file_with_runtime_dependencies(/home/limdegcai/GSMART/CODE/skidpad_ws/install/skidpad_icp/share/colcon-core/packages/skidpad_icp)
[0.477s] DEBUG:colcon.colcon_core.event_handler.log_command:Invoked command in '/home/limdegcai/GSMART/CODE/skidpad_ws/build/skidpad_msgs' returned '0': CMAKE_PREFIX_PATH=${CMAKE_PREFIX_PATH}:/home/limdegcai/GSMART/CODE/skidpad_ws/install/skidpad_control:/home/limdegcai/GSMART/CODE/skidpad_ws/install/fsds_bridge:/home/limdegcai/GSMART/CODE/skidpad_ws/install/icp_test_tools:/opt/ros/humble /usr/bin/cmake --build /home/limdegcai/GSMART/CODE/skidpad_ws/build/skidpad_msgs -- -j32 -l32
[0.478s] DEBUG:colcon.colcon_core.event_handler.log_command:Invoking command in '/home/limdegcai/GSMART/CODE/skidpad_ws/build/skidpad_msgs': CMAKE_PREFIX_PATH=${CMAKE_PREFIX_PATH}:/home/limdegcai/GSMART/CODE/skidpad_ws/install/skidpad_control:/home/limdegcai/GSMART/CODE/skidpad_ws/install/fsds_bridge:/home/limdegcai/GSMART/CODE/skidpad_ws/install/icp_test_tools:/opt/ros/humble /usr/bin/cmake --install /home/limdegcai/GSMART/CODE/skidpad_ws/build/skidpad_msgs
[0.538s] Level 1:colcon.colcon_core.environment:create_environment_scripts_only(skidpad_msgs)
[0.538s] Level 1:colcon.colcon_core.environment:checking '/home/limdegcai/GSMART/CODE/skidpad_ws/install/skidpad_msgs' for CMake module files
[0.539s] DEBUG:colcon.colcon_core.event_handler.log_command:Invoked command in '/home/limdegcai/GSMART/CODE/skidpad_ws/build/skidpad_msgs' returned '0': CMAKE_PREFIX_PATH=${CMAKE_PREFIX_PATH}:/home/limdegcai/GSMART/CODE/skidpad_ws/install/skidpad_control:/home/limdegcai/GSMART/CODE/skidpad_ws/install/fsds_bridge:/home/limdegcai/GSMART/CODE/skidpad_ws/install/icp_test_tools:/opt/ros/humble /usr/bin/cmake --install /home/limdegcai/GSMART/CODE/skidpad_ws/build/skidpad_msgs
[0.539s] Level 1:colcon.colcon_core.environment:checking '/home/limdegcai/GSMART/CODE/skidpad_ws/install/skidpad_msgs' for CMake config files
[0.540s] Level 1:colcon.colcon_core.shell:create_environment_hook('skidpad_msgs', 'cmake_prefix_path')
[0.540s] INFO:colcon.colcon_core.shell:Creating environment hook '/home/limdegcai/GSMART/CODE/skidpad_ws/install/skidpad_msgs/share/skidpad_msgs/hook/cmake_prefix_path.ps1'
[0.540s] INFO:colcon.colcon_core.shell:Creating environment descriptor '/home/limdegcai/GSMART/CODE/skidpad_ws/install/skidpad_msgs/share/skidpad_msgs/hook/cmake_prefix_path.dsv'
[0.540s] INFO:colcon.colcon_core.shell:Creating environment hook '/home/limdegcai/GSMART/CODE/skidpad_ws/install/skidpad_msgs/share/skidpad_msgs/hook/cmake_prefix_path.sh'
[0.541s] Level 1:colcon.colcon_core.environment:checking '/home/limdegcai/GSMART/CODE/skidpad_ws/install/skidpad_msgs/lib'
[0.541s] Level 1:colcon.colcon_core.shell:create_environment_hook('skidpad_msgs', 'ld_library_path_lib')
[0.541s] INFO:colcon.colcon_core.shell:Creating environment hook '/home/limdegcai/GSMART/CODE/skidpad_ws/install/skidpad_msgs/share/skidpad_msgs/hook/ld_library_path_lib.ps1'
[0.541s] INFO:colcon.colcon_core.shell:Creating environment descriptor '/home/limdegcai/GSMART/CODE/skidpad_ws/install/skidpad_msgs/share/skidpad_msgs/hook/ld_library_path_lib.dsv'
[0.541s] INFO:colcon.colcon_core.shell:Creating environment hook '/home/limdegcai/GSMART/CODE/skidpad_ws/install/skidpad_msgs/share/skidpad_msgs/hook/ld_library_path_lib.sh'
[0.542s] Level 1:colcon.colcon_core.environment:checking '/home/limdegcai/GSMART/CODE/skidpad_ws/install/skidpad_msgs/bin'
[0.542s] Level 1:colcon.colcon_core.environment:checking '/home/limdegcai/GSMART/CODE/skidpad_ws/install/skidpad_msgs/lib/pkgconfig/skidpad_msgs.pc'
[0.542s] Level 1:colcon.colcon_core.environment:checking '/home/limdegcai/GSMART/CODE/skidpad_ws/install/skidpad_msgs/lib/python3.10/site-packages'
[0.542s] Level 1:colcon.colcon_core.environment:checking '/home/limdegcai/GSMART/CODE/skidpad_ws/install/skidpad_msgs/bin'
[0.542s] INFO:colcon.colcon_core.shell:Creating package script '/home/limdegcai/GSMART/CODE/skidpad_ws/install/skidpad_msgs/share/skidpad_msgs/package.ps1'
[0.542s] INFO:colcon.colcon_core.shell:Creating package descriptor '/home/limdegcai/GSMART/CODE/skidpad_ws/install/skidpad_msgs/share/skidpad_msgs/package.dsv'
[0.543s] INFO:colcon.colcon_core.shell:Creating package script '/home/limdegcai/GSMART/CODE/skidpad_ws/install/skidpad_msgs/share/skidpad_msgs/package.sh'
[0.543s] INFO:colcon.colcon_core.shell:Creating package script '/home/limdegcai/GSMART/CODE/skidpad_ws/install/skidpad_msgs/share/skidpad_msgs/package.bash'
[0.543s] INFO:colcon.colcon_core.shell:Creating package script '/home/limdegcai/GSMART/CODE/skidpad_ws/install/skidpad_msgs/share/skidpad_msgs/package.zsh'
[0.543s] Level 1:colcon.colcon_core.environment:create_file_with_runtime_dependencies(/home/limdegcai/GSMART/CODE/skidpad_ws/install/skidpad_msgs/share/colcon-core/packages/skidpad_msgs)
[0.544s] Level 1:colcon.colcon_core.environment:create_environment_scripts_only(skidpad_msgs)
[0.544s] Level 1:colcon.colcon_core.environment:checking '/home/limdegcai/GSMART/CODE/skidpad_ws/install/skidpad_msgs' for CMake module files
[0.544s] Level 1:colcon.colcon_core.environment:checking '/home/limdegcai/GSMART/CODE/skidpad_ws/install/skidpad_msgs' for CMake config files
[0.545s] Level 1:colcon.colcon_core.shell:create_environment_hook('skidpad_msgs', 'cmake_prefix_path')
[0.545s] INFO:colcon.colcon_core.shell:Creating environment hook '/home/limdegcai/GSMART/CODE/skidpad_ws/install/skidpad_msgs/share/skidpad_msgs/hook/cmake_prefix_path.ps1'
[0.545s] INFO:colcon.colcon_core.shell:Creating environment descriptor '/home/limdegcai/GSMART/CODE/skidpad_ws/install/skidpad_msgs/share/skidpad_msgs/hook/cmake_prefix_path.dsv'
[0.545s] INFO:colcon.colcon_core.shell:Creating environment hook '/home/limdegcai/GSMART/CODE/skidpad_ws/install/skidpad_msgs/share/skidpad_msgs/hook/cmake_prefix_path.sh'
[0.546s] Level 1:colcon.colcon_core.environment:checking '/home/limdegcai/GSMART/CODE/skidpad_ws/install/skidpad_msgs/lib'
[0.546s] Level 1:colcon.colcon_core.shell:create_environment_hook('skidpad_msgs', 'ld_library_path_lib')
[0.546s] INFO:colcon.colcon_core.shell:Creating environment hook '/home/limdegcai/GSMART/CODE/skidpad_ws/install/skidpad_msgs/share/skidpad_msgs/hook/ld_library_path_lib.ps1'
[0.546s] INFO:colcon.colcon_core.shell:Creating environment descriptor '/home/limdegcai/GSMART/CODE/skidpad_ws/install/skidpad_msgs/share/skidpad_msgs/hook/ld_library_path_lib.dsv'
[0.546s] INFO:colcon.colcon_core.shell:Creating environment hook '/home/limdegcai/GSMART/CODE/skidpad_ws/install/skidpad_msgs/share/skidpad_msgs/hook/ld_library_path_lib.sh'
[0.546s] Level 1:colcon.colcon_core.environment:checking '/home/limdegcai/GSMART/CODE/skidpad_ws/install/skidpad_msgs/bin'
[0.547s] Level 1:colcon.colcon_core.environment:checking '/home/limdegcai/GSMART/CODE/skidpad_ws/install/skidpad_msgs/lib/pkgconfig/skidpad_msgs.pc'
[0.547s] Level 1:colcon.colcon_core.environment:checking '/home/limdegcai/GSMART/CODE/skidpad_ws/install/skidpad_msgs/lib/python3.10/site-packages'
[0.547s] Level 1:colcon.colcon_core.environment:checking '/home/limdegcai/GSMART/CODE/skidpad_ws/install/skidpad_msgs/bin'
[0.547s] INFO:colcon.colcon_core.shell:Creating package script '/home/limdegcai/GSMART/CODE/skidpad_ws/install/skidpad_msgs/share/skidpad_msgs/package.ps1'
[0.547s] INFO:colcon.colcon_core.shell:Creating package descriptor '/home/limdegcai/GSMART/CODE/skidpad_ws/install/skidpad_msgs/share/skidpad_msgs/package.dsv'
[0.548s] INFO:colcon.colcon_core.shell:Creating package script '/home/limdegcai/GSMART/CODE/skidpad_ws/install/skidpad_msgs/share/skidpad_msgs/package.sh'
[0.548s] INFO:colcon.colcon_core.shell:Creating package script '/home/limdegcai/GSMART/CODE/skidpad_ws/install/skidpad_msgs/share/skidpad_msgs/package.bash'
[0.548s] INFO:colcon.colcon_core.shell:Creating package script '/home/limdegcai/GSMART/CODE/skidpad_ws/install/skidpad_msgs/share/skidpad_msgs/package.zsh'
[0.548s] Level 1:colcon.colcon_core.environment:create_file_with_runtime_dependencies(/home/limdegcai/GSMART/CODE/skidpad_ws/install/skidpad_msgs/share/colcon-core/packages/skidpad_msgs)
[0.549s] INFO:colcon.colcon_ros.task.ament_python.build:Building ROS package in '/home/limdegcai/GSMART/CODE/skidpad_ws/src/skidpad_control' with build type 'ament_python'
[0.549s] Level 1:colcon.colcon_core.shell:create_environment_hook('skidpad_control', 'ament_prefix_path')
[0.549s] INFO:colcon.colcon_core.shell:Creating environment hook '/home/limdegcai/GSMART/CODE/skidpad_ws/install/skidpad_control/share/skidpad_control/hook/ament_prefix_path.ps1'
[0.549s] INFO:colcon.colcon_core.shell:Creating environment descriptor '/home/limdegcai/GSMART/CODE/skidpad_ws/install/skidpad_control/share/skidpad_control/hook/ament_prefix_path.dsv'
[0.550s] INFO:colcon.colcon_core.shell:Creating environment hook '/home/limdegcai/GSMART/CODE/skidpad_ws/install/skidpad_control/share/skidpad_control/hook/ament_prefix_path.sh'
[0.550s] INFO:colcon.colcon_core.shell:Skip shell extension 'powershell' for command environment: Not usable outside of PowerShell
[0.550s] DEBUG:colcon.colcon_core.shell:Skip shell extension 'dsv' for command environment
[0.552s] INFO:colcon.colcon_ros.task.ament_cmake.build:Building ROS package in '/home/limdegcai/GSMART/CODE/skidpad_ws/src/skidpad_planner' with build type 'ament_cmake'
[0.552s] INFO:colcon.colcon_cmake.task.cmake.build:Building CMake package in '/home/limdegcai/GSMART/CODE/skidpad_ws/src/skidpad_planner'
[0.552s] INFO:colcon.colcon_core.shell:Skip shell extension 'powershell' for command environment: Not usable outside of PowerShell
[0.552s] DEBUG:colcon.colcon_core.shell:Skip shell extension 'dsv' for command environment
[0.555s] INFO:colcon.colcon_ros.task.ament_python.build:Building ROS package in '/home/limdegcai/GSMART/CODE/skidpad_ws/src/fsds_bridge' with build type 'ament_python'
[0.555s] Level 1:colcon.colcon_core.shell:create_environment_hook('fsds_bridge', 'ament_prefix_path')
[0.555s] INFO:colcon.colcon_core.shell:Creating environment hook '/home/limdegcai/GSMART/CODE/skidpad_ws/install/fsds_bridge/share/fsds_bridge/hook/ament_prefix_path.ps1'
[0.555s] INFO:colcon.colcon_core.shell:Creating environment descriptor '/home/limdegcai/GSMART/CODE/skidpad_ws/install/fsds_bridge/share/fsds_bridge/hook/ament_prefix_path.dsv'
[0.555s] INFO:colcon.colcon_core.shell:Creating environment hook '/home/limdegcai/GSMART/CODE/skidpad_ws/install/fsds_bridge/share/fsds_bridge/hook/ament_prefix_path.sh'
[0.556s] INFO:colcon.colcon_core.shell:Skip shell extension 'powershell' for command environment: Not usable outside of PowerShell
[0.556s] DEBUG:colcon.colcon_core.shell:Skip shell extension 'dsv' for command environment
[0.698s] INFO:colcon.colcon_core.task.python.build:Building Python package in '/home/limdegcai/GSMART/CODE/skidpad_ws/src/skidpad_control'
[0.698s] INFO:colcon.colcon_core.shell:Skip shell extension 'powershell' for command environment: Not usable outside of PowerShell
[0.698s] DEBUG:colcon.colcon_core.shell:Skip shell extension 'dsv' for command environment
[0.704s] DEBUG:colcon.colcon_core.event_handler.log_command:Invoking command in '/home/limdegcai/GSMART/CODE/skidpad_ws/build/skidpad_planner': CMAKE_PREFIX_PATH=/home/limdegcai/GSMART/CODE/skidpad_ws/install/skidpad_msgs:/home/limdegcai/GSMART/CODE/skidpad_ws/install/skidpad_bringup:/home/limdegcai/GSMART/CODE/skidpad_ws/install/skidpad_planner:/home/limdegcai/GSMART/CODE/skidpad_ws/install/skidpad_icp:/home/limdegcai/GSMART/CODE/skidpad_ws/install/skidpad_control:/home/limdegcai/GSMART/CODE/skidpad_ws/install/fsds_bridge:/home/limdegcai/GSMART/CODE/skidpad_ws/install/icp_test_tools:/opt/ros/humble /usr/bin/cmake --build /home/limdegcai/GSMART/CODE/skidpad_ws/build/skidpad_planner -- -j32 -l32
[0.706s] DEBUG:colcon.colcon_core.event_handler.log_command:Invoking command in '/home/limdegcai/GSMART/CODE/skidpad_ws/build/icp_test_tools': PYTHONPATH=/home/limdegcai/GSMART/CODE/skidpad_ws/build/icp_test_tools/prefix_override:/usr/lib/python3/dist-packages/colcon_core/task/python/colcon_distutils_commands:/home/limdegcai/GSMART/CODE/skidpad_ws/install/icp_test_tools/lib/python3.10/site-packages:${PYTHONPATH} /usr/bin/python3 -W ignore:setup.py install is deprecated -W ignore:easy_install command is deprecated setup.py develop --editable --build-directory /home/limdegcai/GSMART/CODE/skidpad_ws/build/icp_test_tools/build --no-deps symlink_data
[0.851s] INFO:colcon.colcon_core.task.python.build:Building Python package in '/home/limdegcai/GSMART/CODE/skidpad_ws/src/fsds_bridge'
[0.851s] INFO:colcon.colcon_core.shell:Skip shell extension 'powershell' for command environment: Not usable outside of PowerShell
[0.851s] DEBUG:colcon.colcon_core.shell:Skip shell extension 'dsv' for command environment
[0.857s] DEBUG:colcon.colcon_core.event_handler.log_command:Invoked command in '/home/limdegcai/GSMART/CODE/skidpad_ws/build/skidpad_planner' returned '0': CMAKE_PREFIX_PATH=/home/limdegcai/GSMART/CODE/skidpad_ws/install/skidpad_msgs:/home/limdegcai/GSMART/CODE/skidpad_ws/install/skidpad_bringup:/home/limdegcai/GSMART/CODE/skidpad_ws/install/skidpad_planner:/home/limdegcai/GSMART/CODE/skidpad_ws/install/skidpad_icp:/home/limdegcai/GSMART/CODE/skidpad_ws/install/skidpad_control:/home/limdegcai/GSMART/CODE/skidpad_ws/install/fsds_bridge:/home/limdegcai/GSMART/CODE/skidpad_ws/install/icp_test_tools:/opt/ros/humble /usr/bin/cmake --build /home/limdegcai/GSMART/CODE/skidpad_ws/build/skidpad_planner -- -j32 -l32
[0.858s] DEBUG:colcon.colcon_core.event_handler.log_command:Invoking command in '/home/limdegcai/GSMART/CODE/skidpad_ws/build/skidpad_planner': CMAKE_PREFIX_PATH=/home/limdegcai/GSMART/CODE/skidpad_ws/install/skidpad_msgs:/home/limdegcai/GSMART/CODE/skidpad_ws/install/skidpad_bringup:/home/limdegcai/GSMART/CODE/skidpad_ws/install/skidpad_planner:/home/limdegcai/GSMART/CODE/skidpad_ws/install/skidpad_icp:/home/limdegcai/GSMART/CODE/skidpad_ws/install/skidpad_control:/home/limdegcai/GSMART/CODE/skidpad_ws/install/fsds_bridge:/home/limdegcai/GSMART/CODE/skidpad_ws/install/icp_test_tools:/opt/ros/humble /usr/bin/cmake --install /home/limdegcai/GSMART/CODE/skidpad_ws/build/skidpad_planner
[0.873s] Level 1:colcon.colcon_core.environment:create_environment_scripts_only(skidpad_planner)
[0.873s] Level 1:colcon.colcon_core.environment:checking '/home/limdegcai/GSMART/CODE/skidpad_ws/install/skidpad_planner' for CMake module files
[0.873s] DEBUG:colcon.colcon_core.event_handler.log_command:Invoked command in '/home/limdegcai/GSMART/CODE/skidpad_ws/build/skidpad_planner' returned '0': CMAKE_PREFIX_PATH=/home/limdegcai/GSMART/CODE/skidpad_ws/install/skidpad_msgs:/home/limdegcai/GSMART/CODE/skidpad_ws/install/skidpad_bringup:/home/limdegcai/GSMART/CODE/skidpad_ws/install/skidpad_planner:/home/limdegcai/GSMART/CODE/skidpad_ws/install/skidpad_icp:/home/limdegcai/GSMART/CODE/skidpad_ws/install/skidpad_control:/home/limdegcai/GSMART/CODE/skidpad_ws/install/fsds_bridge:/home/limdegcai/GSMART/CODE/skidpad_ws/install/icp_test_tools:/opt/ros/humble /usr/bin/cmake --install /home/limdegcai/GSMART/CODE/skidpad_ws/build/skidpad_planner
[0.874s] Level 1:colcon.colcon_core.environment:checking '/home/limdegcai/GSMART/CODE/skidpad_ws/install/skidpad_planner' for CMake config files
[0.874s] Level 1:colcon.colcon_core.shell:create_environment_hook('skidpad_planner', 'cmake_prefix_path')
[0.874s] INFO:colcon.colcon_core.shell:Creating environment hook '/home/limdegcai/GSMART/CODE/skidpad_ws/install/skidpad_planner/share/skidpad_planner/hook/cmake_prefix_path.ps1'
[0.875s] INFO:colcon.colcon_core.shell:Creating environment descriptor '/home/limdegcai/GSMART/CODE/skidpad_ws/install/skidpad_planner/share/skidpad_planner/hook/cmake_prefix_path.dsv'
[0.875s] INFO:colcon.colcon_core.shell:Creating environment hook '/home/limdegcai/GSMART/CODE/skidpad_ws/install/skidpad_planner/share/skidpad_planner/hook/cmake_prefix_path.sh'
[0.875s] Level 1:colcon.colcon_core.environment:checking '/home/limdegcai/GSMART/CODE/skidpad_ws/install/skidpad_planner/lib'
[0.875s] Level 1:colcon.colcon_core.environment:checking '/home/limdegcai/GSMART/CODE/skidpad_ws/install/skidpad_planner/bin'
[0.876s] Level 1:colcon.colcon_core.environment:checking '/home/limdegcai/GSMART/CODE/skidpad_ws/install/skidpad_planner/lib/pkgconfig/skidpad_planner.pc'
[0.876s] Level 1:colcon.colcon_core.environment:checking '/home/limdegcai/GSMART/CODE/skidpad_ws/install/skidpad_planner/lib/python3.10/site-packages'
[0.876s] Level 1:colcon.colcon_core.environment:checking '/home/limdegcai/GSMART/CODE/skidpad_ws/install/skidpad_planner/bin'
[0.876s] INFO:colcon.colcon_core.shell:Creating package script '/home/limdegcai/GSMART/CODE/skidpad_ws/install/skidpad_planner/share/skidpad_planner/package.ps1'
[0.876s] INFO:colcon.colcon_core.shell:Creating package descriptor '/home/limdegcai/GSMART/CODE/skidpad_ws/install/skidpad_planner/share/skidpad_planner/package.dsv'
[0.877s] INFO:colcon.colcon_core.shell:Creating package script '/home/limdegcai/GSMART/CODE/skidpad_ws/install/skidpad_planner/share/skidpad_planner/package.sh'
[0.877s] INFO:colcon.colcon_core.shell:Creating package script '/home/limdegcai/GSMART/CODE/skidpad_ws/install/skidpad_planner/share/skidpad_planner/package.bash'
[0.877s] INFO:colcon.colcon_core.shell:Creating package script '/home/limdegcai/GSMART/CODE/skidpad_ws/install/skidpad_planner/share/skidpad_planner/package.zsh'
[0.877s] Level 1:colcon.colcon_core.environment:create_file_with_runtime_dependencies(/home/limdegcai/GSMART/CODE/skidpad_ws/install/skidpad_planner/share/colcon-core/packages/skidpad_planner)
[0.878s] Level 1:colcon.colcon_core.environment:create_environment_scripts_only(skidpad_planner)
[0.878s] Level 1:colcon.colcon_core.environment:checking '/home/limdegcai/GSMART/CODE/skidpad_ws/install/skidpad_planner' for CMake module files
[0.878s] Level 1:colcon.colcon_core.environment:checking '/home/limdegcai/GSMART/CODE/skidpad_ws/install/skidpad_planner' for CMake config files
[0.879s] Level 1:colcon.colcon_core.shell:create_environment_hook('skidpad_planner', 'cmake_prefix_path')
[0.879s] INFO:colcon.colcon_core.shell:Creating environment hook '/home/limdegcai/GSMART/CODE/skidpad_ws/install/skidpad_planner/share/skidpad_planner/hook/cmake_prefix_path.ps1'
[0.879s] INFO:colcon.colcon_core.shell:Creating environment descriptor '/home/limdegcai/GSMART/CODE/skidpad_ws/install/skidpad_planner/share/skidpad_planner/hook/cmake_prefix_path.dsv'
[0.879s] INFO:colcon.colcon_core.shell:Creating environment hook '/home/limdegcai/GSMART/CODE/skidpad_ws/install/skidpad_planner/share/skidpad_planner/hook/cmake_prefix_path.sh'
[0.880s] Level 1:colcon.colcon_core.environment:checking '/home/limdegcai/GSMART/CODE/skidpad_ws/install/skidpad_planner/lib'
[0.880s] Level 1:colcon.colcon_core.environment:checking '/home/limdegcai/GSMART/CODE/skidpad_ws/install/skidpad_planner/bin'
[0.880s] Level 1:colcon.colcon_core.environment:checking '/home/limdegcai/GSMART/CODE/skidpad_ws/install/skidpad_planner/lib/pkgconfig/skidpad_planner.pc'
[0.880s] Level 1:colcon.colcon_core.environment:checking '/home/limdegcai/GSMART/CODE/skidpad_ws/install/skidpad_planner/lib/python3.10/site-packages'
[0.880s] Level 1:colcon.colcon_core.environment:checking '/home/limdegcai/GSMART/CODE/skidpad_ws/install/skidpad_planner/bin'
[0.880s] INFO:colcon.colcon_core.shell:Creating package script '/home/limdegcai/GSMART/CODE/skidpad_ws/install/skidpad_planner/share/skidpad_planner/package.ps1'
[0.881s] INFO:colcon.colcon_core.shell:Creating package descriptor '/home/limdegcai/GSMART/CODE/skidpad_ws/install/skidpad_planner/share/skidpad_planner/package.dsv'
[0.881s] INFO:colcon.colcon_core.shell:Creating package script '/home/limdegcai/GSMART/CODE/skidpad_ws/install/skidpad_planner/share/skidpad_planner/package.sh'
[0.881s] INFO:colcon.colcon_core.shell:Creating package script '/home/limdegcai/GSMART/CODE/skidpad_ws/install/skidpad_planner/share/skidpad_planner/package.bash'
[0.882s] INFO:colcon.colcon_core.shell:Creating package script '/home/limdegcai/GSMART/CODE/skidpad_ws/install/skidpad_planner/share/skidpad_planner/package.zsh'
[0.882s] Level 1:colcon.colcon_core.environment:create_file_with_runtime_dependencies(/home/limdegcai/GSMART/CODE/skidpad_ws/install/skidpad_planner/share/colcon-core/packages/skidpad_planner)
[0.962s] Level 1:colcon.colcon_core.shell:create_environment_hook('icp_test_tools', 'pythonpath_develop')
[0.962s] INFO:colcon.colcon_core.shell:Creating environment hook '/home/limdegcai/GSMART/CODE/skidpad_ws/build/icp_test_tools/share/icp_test_tools/hook/pythonpath_develop.ps1'
[0.962s] DEBUG:colcon.colcon_core.event_handler.log_command:Invoked command in '/home/limdegcai/GSMART/CODE/skidpad_ws/build/icp_test_tools' returned '0': PYTHONPATH=/home/limdegcai/GSMART/CODE/skidpad_ws/build/icp_test_tools/prefix_override:/usr/lib/python3/dist-packages/colcon_core/task/python/colcon_distutils_commands:/home/limdegcai/GSMART/CODE/skidpad_ws/install/icp_test_tools/lib/python3.10/site-packages:${PYTHONPATH} /usr/bin/python3 -W ignore:setup.py install is deprecated -W ignore:easy_install command is deprecated setup.py develop --editable --build-directory /home/limdegcai/GSMART/CODE/skidpad_ws/build/icp_test_tools/build --no-deps symlink_data
[0.963s] INFO:colcon.colcon_core.shell:Creating environment descriptor '/home/limdegcai/GSMART/CODE/skidpad_ws/build/icp_test_tools/share/icp_test_tools/hook/pythonpath_develop.dsv'
[0.963s] INFO:colcon.colcon_core.shell:Creating environment hook '/home/limdegcai/GSMART/CODE/skidpad_ws/build/icp_test_tools/share/icp_test_tools/hook/pythonpath_develop.sh'
[0.963s] Level 1:colcon.colcon_core.environment:checking '/home/limdegcai/GSMART/CODE/skidpad_ws/install/icp_test_tools' for CMake module files
[0.964s] Level 1:colcon.colcon_core.environment:checking '/home/limdegcai/GSMART/CODE/skidpad_ws/install/icp_test_tools' for CMake config files
[0.964s] Level 1:colcon.colcon_core.environment:checking '/home/limdegcai/GSMART/CODE/skidpad_ws/install/icp_test_tools/lib'
[0.964s] Level 1:colcon.colcon_core.environment:checking '/home/limdegcai/GSMART/CODE/skidpad_ws/install/icp_test_tools/bin'
[0.964s] Level 1:colcon.colcon_core.environment:checking '/home/limdegcai/GSMART/CODE/skidpad_ws/install/icp_test_tools/lib/pkgconfig/icp_test_tools.pc'
[0.964s] Level 1:colcon.colcon_core.environment:checking '/home/limdegcai/GSMART/CODE/skidpad_ws/install/icp_test_tools/lib/python3.10/site-packages'
[0.964s] Level 1:colcon.colcon_core.shell:create_environment_hook('icp_test_tools', 'pythonpath')
[0.964s] INFO:colcon.colcon_core.shell:Creating environment hook '/home/limdegcai/GSMART/CODE/skidpad_ws/install/icp_test_tools/share/icp_test_tools/hook/pythonpath.ps1'
[0.965s] INFO:colcon.colcon_core.shell:Creating environment descriptor '/home/limdegcai/GSMART/CODE/skidpad_ws/install/icp_test_tools/share/icp_test_tools/hook/pythonpath.dsv'
[0.965s] INFO:colcon.colcon_core.shell:Creating environment hook '/home/limdegcai/GSMART/CODE/skidpad_ws/install/icp_test_tools/share/icp_test_tools/hook/pythonpath.sh'
[0.965s] Level 1:colcon.colcon_core.environment:checking '/home/limdegcai/GSMART/CODE/skidpad_ws/install/icp_test_tools/bin'
[0.965s] Level 1:colcon.colcon_core.environment:create_environment_scripts_only(icp_test_tools)
[0.966s] INFO:colcon.colcon_core.shell:Creating package script '/home/limdegcai/GSMART/CODE/skidpad_ws/install/icp_test_tools/share/icp_test_tools/package.ps1'
[0.966s] INFO:colcon.colcon_core.shell:Creating package descriptor '/home/limdegcai/GSMART/CODE/skidpad_ws/install/icp_test_tools/share/icp_test_tools/package.dsv'
[0.966s] INFO:colcon.colcon_core.shell:Creating package script '/home/limdegcai/GSMART/CODE/skidpad_ws/install/icp_test_tools/share/icp_test_tools/package.sh'
[0.966s] INFO:colcon.colcon_core.shell:Creating package script '/home/limdegcai/GSMART/CODE/skidpad_ws/install/icp_test_tools/share/icp_test_tools/package.bash'
[0.967s] INFO:colcon.colcon_core.shell:Creating package script '/home/limdegcai/GSMART/CODE/skidpad_ws/install/icp_test_tools/share/icp_test_tools/package.zsh'
[0.967s] Level 1:colcon.colcon_core.environment:create_file_with_runtime_dependencies(/home/limdegcai/GSMART/CODE/skidpad_ws/install/icp_test_tools/share/colcon-core/packages/icp_test_tools)
[1.056s] DEBUG:colcon.colcon_core.event_handler.log_command:Invoking command in '/home/limdegcai/GSMART/CODE/skidpad_ws/build/fsds_bridge': CMAKE_PREFIX_PATH=/home/limdegcai/GSMART/CODE/skidpad_ws/install/skidpad_msgs:/home/limdegcai/GSMART/CODE/skidpad_ws/install/skidpad_bringup:/home/limdegcai/GSMART/CODE/skidpad_ws/install/skidpad_planner:/home/limdegcai/GSMART/CODE/skidpad_ws/install/skidpad_icp PYTHONPATH=/home/limdegcai/GSMART/CODE/skidpad_ws/build/fsds_bridge/prefix_override:/usr/lib/python3/dist-packages/colcon_core/task/python/colcon_distutils_commands:/home/limdegcai/GSMART/CODE/skidpad_ws/install/fsds_bridge/lib/python3.10/site-packages:${PYTHONPATH} /usr/bin/python3 -W ignore:setup.py install is deprecated -W ignore:easy_install command is deprecated setup.py develop --editable --build-directory /home/limdegcai/GSMART/CODE/skidpad_ws/build/fsds_bridge/build --no-deps symlink_data
[1.085s] DEBUG:colcon.colcon_core.event_handler.log_command:Invoking command in '/home/limdegcai/GSMART/CODE/skidpad_ws/build/skidpad_control': CMAKE_PREFIX_PATH=/home/limdegcai/GSMART/CODE/skidpad_ws/install/skidpad_msgs:/home/limdegcai/GSMART/CODE/skidpad_ws/install/skidpad_bringup:/home/limdegcai/GSMART/CODE/skidpad_ws/install/skidpad_planner:/home/limdegcai/GSMART/CODE/skidpad_ws/install/skidpad_icp PYTHONPATH=/home/limdegcai/GSMART/CODE/skidpad_ws/build/skidpad_control/prefix_override:/usr/lib/python3/dist-packages/colcon_core/task/python/colcon_distutils_commands:/home/limdegcai/GSMART/CODE/skidpad_ws/install/skidpad_control/lib/python3.10/site-packages:${PYTHONPATH} /usr/bin/python3 -W ignore:setup.py install is deprecated -W ignore:easy_install command is deprecated setup.py develop --editable --build-directory /home/limdegcai/GSMART/CODE/skidpad_ws/build/skidpad_control/build --no-deps symlink_data
[1.312s] Level 1:colcon.colcon_core.shell:create_environment_hook('fsds_bridge', 'pythonpath_develop')
[1.312s] INFO:colcon.colcon_core.shell:Creating environment hook '/home/limdegcai/GSMART/CODE/skidpad_ws/build/fsds_bridge/share/fsds_bridge/hook/pythonpath_develop.ps1'
[1.313s] DEBUG:colcon.colcon_core.event_handler.log_command:Invoked command in '/home/limdegcai/GSMART/CODE/skidpad_ws/build/fsds_bridge' returned '0': CMAKE_PREFIX_PATH=/home/limdegcai/GSMART/CODE/skidpad_ws/install/skidpad_msgs:/home/limdegcai/GSMART/CODE/skidpad_ws/install/skidpad_bringup:/home/limdegcai/GSMART/CODE/skidpad_ws/install/skidpad_planner:/home/limdegcai/GSMART/CODE/skidpad_ws/install/skidpad_icp PYTHONPATH=/home/limdegcai/GSMART/CODE/skidpad_ws/build/fsds_bridge/prefix_override:/usr/lib/python3/dist-packages/colcon_core/task/python/colcon_distutils_commands:/home/limdegcai/GSMART/CODE/skidpad_ws/install/fsds_bridge/lib/python3.10/site-packages:${PYTHONPATH} /usr/bin/python3 -W ignore:setup.py install is deprecated -W ignore:easy_install command is deprecated setup.py develop --editable --build-directory /home/limdegcai/GSMART/CODE/skidpad_ws/build/fsds_bridge/build --no-deps symlink_data
[1.313s] INFO:colcon.colcon_core.shell:Creating environment descriptor '/home/limdegcai/GSMART/CODE/skidpad_ws/build/fsds_bridge/share/fsds_bridge/hook/pythonpath_develop.dsv'
[1.313s] INFO:colcon.colcon_core.shell:Creating environment hook '/home/limdegcai/GSMART/CODE/skidpad_ws/build/fsds_bridge/share/fsds_bridge/hook/pythonpath_develop.sh'
[1.314s] Level 1:colcon.colcon_core.environment:checking '/home/limdegcai/GSMART/CODE/skidpad_ws/install/fsds_bridge' for CMake module files
[1.314s] Level 1:colcon.colcon_core.environment:checking '/home/limdegcai/GSMART/CODE/skidpad_ws/install/fsds_bridge' for CMake config files
[1.315s] Level 1:colcon.colcon_core.environment:checking '/home/limdegcai/GSMART/CODE/skidpad_ws/install/fsds_bridge/lib'
[1.315s] Level 1:colcon.colcon_core.environment:checking '/home/limdegcai/GSMART/CODE/skidpad_ws/install/fsds_bridge/bin'
[1.315s] Level 1:colcon.colcon_core.environment:checking '/home/limdegcai/GSMART/CODE/skidpad_ws/install/fsds_bridge/lib/pkgconfig/fsds_bridge.pc'
[1.316s] Level 1:colcon.colcon_core.environment:checking '/home/limdegcai/GSMART/CODE/skidpad_ws/install/fsds_bridge/lib/python3.10/site-packages'
[1.316s] Level 1:colcon.colcon_core.shell:create_environment_hook('fsds_bridge', 'pythonpath')
[1.316s] INFO:colcon.colcon_core.shell:Creating environment hook '/home/limdegcai/GSMART/CODE/skidpad_ws/install/fsds_bridge/share/fsds_bridge/hook/pythonpath.ps1'
[1.316s] INFO:colcon.colcon_core.shell:Creating environment descriptor '/home/limdegcai/GSMART/CODE/skidpad_ws/install/fsds_bridge/share/fsds_bridge/hook/pythonpath.dsv'
[1.317s] INFO:colcon.colcon_core.shell:Creating environment hook '/home/limdegcai/GSMART/CODE/skidpad_ws/install/fsds_bridge/share/fsds_bridge/hook/pythonpath.sh'
[1.317s] Level 1:colcon.colcon_core.environment:checking '/home/limdegcai/GSMART/CODE/skidpad_ws/install/fsds_bridge/bin'
[1.317s] Level 1:colcon.colcon_core.environment:create_environment_scripts_only(fsds_bridge)
[1.318s] INFO:colcon.colcon_core.shell:Creating package script '/home/limdegcai/GSMART/CODE/skidpad_ws/install/fsds_bridge/share/fsds_bridge/package.ps1'
[1.319s] INFO:colcon.colcon_core.shell:Creating package descriptor '/home/limdegcai/GSMART/CODE/skidpad_ws/install/fsds_bridge/share/fsds_bridge/package.dsv'
[1.320s] INFO:colcon.colcon_core.shell:Creating package script '/home/limdegcai/GSMART/CODE/skidpad_ws/install/fsds_bridge/share/fsds_bridge/package.sh'
[1.320s] INFO:colcon.colcon_core.shell:Creating package script '/home/limdegcai/GSMART/CODE/skidpad_ws/install/fsds_bridge/share/fsds_bridge/package.bash'
[1.320s] INFO:colcon.colcon_core.shell:Creating package script '/home/limdegcai/GSMART/CODE/skidpad_ws/install/fsds_bridge/share/fsds_bridge/package.zsh'
[1.321s] Level 1:colcon.colcon_core.environment:create_file_with_runtime_dependencies(/home/limdegcai/GSMART/CODE/skidpad_ws/install/fsds_bridge/share/colcon-core/packages/fsds_bridge)
[1.338s] Level 1:colcon.colcon_core.shell:create_environment_hook('skidpad_control', 'pythonpath_develop')
[1.338s] INFO:colcon.colcon_core.shell:Creating environment hook '/home/limdegcai/GSMART/CODE/skidpad_ws/build/skidpad_control/share/skidpad_control/hook/pythonpath_develop.ps1'
[1.338s] DEBUG:colcon.colcon_core.event_handler.log_command:Invoked command in '/home/limdegcai/GSMART/CODE/skidpad_ws/build/skidpad_control' returned '0': CMAKE_PREFIX_PATH=/home/limdegcai/GSMART/CODE/skidpad_ws/install/skidpad_msgs:/home/limdegcai/GSMART/CODE/skidpad_ws/install/skidpad_bringup:/home/limdegcai/GSMART/CODE/skidpad_ws/install/skidpad_planner:/home/limdegcai/GSMART/CODE/skidpad_ws/install/skidpad_icp PYTHONPATH=/home/limdegcai/GSMART/CODE/skidpad_ws/build/skidpad_control/prefix_override:/usr/lib/python3/dist-packages/colcon_core/task/python/colcon_distutils_commands:/home/limdegcai/GSMART/CODE/skidpad_ws/install/skidpad_control/lib/python3.10/site-packages:${PYTHONPATH} /usr/bin/python3 -W ignore:setup.py install is deprecated -W ignore:easy_install command is deprecated setup.py develop --editable --build-directory /home/limdegcai/GSMART/CODE/skidpad_ws/build/skidpad_control/build --no-deps symlink_data
[1.339s] INFO:colcon.colcon_core.shell:Creating environment descriptor '/home/limdegcai/GSMART/CODE/skidpad_ws/build/skidpad_control/share/skidpad_control/hook/pythonpath_develop.dsv'
[1.339s] INFO:colcon.colcon_core.shell:Creating environment hook '/home/limdegcai/GSMART/CODE/skidpad_ws/build/skidpad_control/share/skidpad_control/hook/pythonpath_develop.sh'
[1.339s] Level 1:colcon.colcon_core.environment:checking '/home/limdegcai/GSMART/CODE/skidpad_ws/install/skidpad_control' for CMake module files
[1.340s] Level 1:colcon.colcon_core.environment:checking '/home/limdegcai/GSMART/CODE/skidpad_ws/install/skidpad_control' for CMake config files
[1.340s] Level 1:colcon.colcon_core.environment:checking '/home/limdegcai/GSMART/CODE/skidpad_ws/install/skidpad_control/lib'
[1.340s] Level 1:colcon.colcon_core.environment:checking '/home/limdegcai/GSMART/CODE/skidpad_ws/install/skidpad_control/bin'
[1.340s] Level 1:colcon.colcon_core.environment:checking '/home/limdegcai/GSMART/CODE/skidpad_ws/install/skidpad_control/lib/pkgconfig/skidpad_control.pc'
[1.340s] Level 1:colcon.colcon_core.environment:checking '/home/limdegcai/GSMART/CODE/skidpad_ws/install/skidpad_control/lib/python3.10/site-packages'
[1.340s] Level 1:colcon.colcon_core.shell:create_environment_hook('skidpad_control', 'pythonpath')
[1.340s] INFO:colcon.colcon_core.shell:Creating environment hook '/home/limdegcai/GSMART/CODE/skidpad_ws/install/skidpad_control/share/skidpad_control/hook/pythonpath.ps1'
[1.340s] INFO:colcon.colcon_core.shell:Creating environment descriptor '/home/limdegcai/GSMART/CODE/skidpad_ws/install/skidpad_control/share/skidpad_control/hook/pythonpath.dsv'
[1.341s] INFO:colcon.colcon_core.shell:Creating environment hook '/home/limdegcai/GSMART/CODE/skidpad_ws/install/skidpad_control/share/skidpad_control/hook/pythonpath.sh'
[1.341s] Level 1:colcon.colcon_core.environment:checking '/home/limdegcai/GSMART/CODE/skidpad_ws/install/skidpad_control/bin'
[1.341s] Level 1:colcon.colcon_core.environment:create_environment_scripts_only(skidpad_control)
[1.341s] INFO:colcon.colcon_core.shell:Creating package script '/home/limdegcai/GSMART/CODE/skidpad_ws/install/skidpad_control/share/skidpad_control/package.ps1'
[1.342s] INFO:colcon.colcon_core.shell:Creating package descriptor '/home/limdegcai/GSMART/CODE/skidpad_ws/install/skidpad_control/share/skidpad_control/package.dsv'
[1.342s] INFO:colcon.colcon_core.shell:Creating package script '/home/limdegcai/GSMART/CODE/skidpad_ws/install/skidpad_control/share/skidpad_control/package.sh'
[1.342s] INFO:colcon.colcon_core.shell:Creating package script '/home/limdegcai/GSMART/CODE/skidpad_ws/install/skidpad_control/share/skidpad_control/package.bash'
[1.342s] INFO:colcon.colcon_core.shell:Creating package script '/home/limdegcai/GSMART/CODE/skidpad_ws/install/skidpad_control/share/skidpad_control/package.zsh'
[1.343s] Level 1:colcon.colcon_core.environment:create_file_with_runtime_dependencies(/home/limdegcai/GSMART/CODE/skidpad_ws/install/skidpad_control/share/colcon-core/packages/skidpad_control)
[1.343s] INFO:colcon.colcon_ros.task.ament_cmake.build:Building ROS package in '/home/limdegcai/GSMART/CODE/skidpad_ws/src/skidpad_bringup' with build type 'ament_cmake'
[1.343s] INFO:colcon.colcon_cmake.task.cmake.build:Building CMake package in '/home/limdegcai/GSMART/CODE/skidpad_ws/src/skidpad_bringup'
[1.343s] INFO:colcon.colcon_core.shell:Skip shell extension 'powershell' for command environment: Not usable outside of PowerShell
[1.343s] DEBUG:colcon.colcon_core.shell:Skip shell extension 'dsv' for command environment
[1.354s] DEBUG:colcon.colcon_core.event_handler.log_command:Invoking command in '/home/limdegcai/GSMART/CODE/skidpad_ws/build/skidpad_bringup': AMENT_PREFIX_PATH=/home/limdegcai/GSMART/CODE/skidpad_ws/install/skidpad_control:/home/limdegcai/GSMART/CODE/skidpad_ws/install/skidpad_bringup:/home/limdegcai/GSMART/CODE/skidpad_ws/install/skidpad_planner:/home/limdegcai/GSMART/CODE/skidpad_ws/install/fsds_bridge:/home/limdegcai/GSMART/CODE/skidpad_ws/install/skidpad_msgs:/home/limdegcai/GSMART/CODE/skidpad_ws/install/skidpad_icp:/home/limdegcai/GSMART/CODE/skidpad_ws/install/icp_test_tools:/opt/ros/humble CMAKE_PREFIX_PATH=/home/limdegcai/GSMART/CODE/skidpad_ws/install/skidpad_planner:/home/limdegcai/GSMART/CODE/skidpad_ws/install/skidpad_msgs:/home/limdegcai/GSMART/CODE/skidpad_ws/install/skidpad_icp:/home/limdegcai/GSMART/CODE/skidpad_ws/install/skidpad_bringup:/home/limdegcai/GSMART/CODE/skidpad_ws/install/skidpad_control:/home/limdegcai/GSMART/CODE/skidpad_ws/install/fsds_bridge:/home/limdegcai/GSMART/CODE/skidpad_ws/install/icp_test_tools:/opt/ros/humble /usr/bin/cmake --build /home/limdegcai/GSMART/CODE/skidpad_ws/build/skidpad_bringup -- -j32 -l32
[1.379s] DEBUG:colcon.colcon_core.event_handler.log_command:Invoked command in '/home/limdegcai/GSMART/CODE/skidpad_ws/build/skidpad_bringup' returned '0': AMENT_PREFIX_PATH=/home/limdegcai/GSMART/CODE/skidpad_ws/install/skidpad_control:/home/limdegcai/GSMART/CODE/skidpad_ws/install/skidpad_bringup:/home/limdegcai/GSMART/CODE/skidpad_ws/install/skidpad_planner:/home/limdegcai/GSMART/CODE/skidpad_ws/install/fsds_bridge:/home/limdegcai/GSMART/CODE/skidpad_ws/install/skidpad_msgs:/home/limdegcai/GSMART/CODE/skidpad_ws/install/skidpad_icp:/home/limdegcai/GSMART/CODE/skidpad_ws/install/icp_test_tools:/opt/ros/humble CMAKE_PREFIX_PATH=/home/limdegcai/GSMART/CODE/skidpad_ws/install/skidpad_planner:/home/limdegcai/GSMART/CODE/skidpad_ws/install/skidpad_msgs:/home/limdegcai/GSMART/CODE/skidpad_ws/install/skidpad_icp:/home/limdegcai/GSMART/CODE/skidpad_ws/install/skidpad_bringup:/home/limdegcai/GSMART/CODE/skidpad_ws/install/skidpad_control:/home/limdegcai/GSMART/CODE/skidpad_ws/install/fsds_bridge:/home/limdegcai/GSMART/CODE/skidpad_ws/install/icp_test_tools:/opt/ros/humble /usr/bin/cmake --build /home/limdegcai/GSMART/CODE/skidpad_ws/build/skidpad_bringup -- -j32 -l32
[1.380s] DEBUG:colcon.colcon_core.event_handler.log_command:Invoking command in '/home/limdegcai/GSMART/CODE/skidpad_ws/build/skidpad_bringup': AMENT_PREFIX_PATH=/home/limdegcai/GSMART/CODE/skidpad_ws/install/skidpad_control:/home/limdegcai/GSMART/CODE/skidpad_ws/install/skidpad_bringup:/home/limdegcai/GSMART/CODE/skidpad_ws/install/skidpad_planner:/home/limdegcai/GSMART/CODE/skidpad_ws/install/fsds_bridge:/home/limdegcai/GSMART/CODE/skidpad_ws/install/skidpad_msgs:/home/limdegcai/GSMART/CODE/skidpad_ws/install/skidpad_icp:/home/limdegcai/GSMART/CODE/skidpad_ws/install/icp_test_tools:/opt/ros/humble CMAKE_PREFIX_PATH=/home/limdegcai/GSMART/CODE/skidpad_ws/install/skidpad_planner:/home/limdegcai/GSMART/CODE/skidpad_ws/install/skidpad_msgs:/home/limdegcai/GSMART/CODE/skidpad_ws/install/skidpad_icp:/home/limdegcai/GSMART/CODE/skidpad_ws/install/skidpad_bringup:/home/limdegcai/GSMART/CODE/skidpad_ws/install/skidpad_control:/home/limdegcai/GSMART/CODE/skidpad_ws/install/fsds_bridge:/home/limdegcai/GSMART/CODE/skidpad_ws/install/icp_test_tools:/opt/ros/humble /usr/bin/cmake --install /home/limdegcai/GSMART/CODE/skidpad_ws/build/skidpad_bringup
[1.393s] Level 1:colcon.colcon_core.environment:create_environment_scripts_only(skidpad_bringup)
[1.393s] Level 1:colcon.colcon_core.environment:checking '/home/limdegcai/GSMART/CODE/skidpad_ws/install/skidpad_bringup' for CMake module files
[1.394s] DEBUG:colcon.colcon_core.event_handler.log_command:Invoked command in '/home/limdegcai/GSMART/CODE/skidpad_ws/build/skidpad_bringup' returned '0': AMENT_PREFIX_PATH=/home/limdegcai/GSMART/CODE/skidpad_ws/install/skidpad_control:/home/limdegcai/GSMART/CODE/skidpad_ws/install/skidpad_bringup:/home/limdegcai/GSMART/CODE/skidpad_ws/install/skidpad_planner:/home/limdegcai/GSMART/CODE/skidpad_ws/install/fsds_bridge:/home/limdegcai/GSMART/CODE/skidpad_ws/install/skidpad_msgs:/home/limdegcai/GSMART/CODE/skidpad_ws/install/skidpad_icp:/home/limdegcai/GSMART/CODE/skidpad_ws/install/icp_test_tools:/opt/ros/humble CMAKE_PREFIX_PATH=/home/limdegcai/GSMART/CODE/skidpad_ws/install/skidpad_planner:/home/limdegcai/GSMART/CODE/skidpad_ws/install/skidpad_msgs:/home/limdegcai/GSMART/CODE/skidpad_ws/install/skidpad_icp:/home/limdegcai/GSMART/CODE/skidpad_ws/install/skidpad_bringup:/home/limdegcai/GSMART/CODE/skidpad_ws/install/skidpad_control:/home/limdegcai/GSMART/CODE/skidpad_ws/install/fsds_bridge:/home/limdegcai/GSMART/CODE/skidpad_ws/install/icp_test_tools:/opt/ros/humble /usr/bin/cmake --install /home/limdegcai/GSMART/CODE/skidpad_ws/build/skidpad_bringup
[1.394s] Level 1:colcon.colcon_core.environment:checking '/home/limdegcai/GSMART/CODE/skidpad_ws/install/skidpad_bringup' for CMake config files
[1.394s] Level 1:colcon.colcon_core.shell:create_environment_hook('skidpad_bringup', 'cmake_prefix_path')
[1.394s] INFO:colcon.colcon_core.shell:Creating environment hook '/home/limdegcai/GSMART/CODE/skidpad_ws/install/skidpad_bringup/share/skidpad_bringup/hook/cmake_prefix_path.ps1'
[1.395s] INFO:colcon.colcon_core.shell:Creating environment descriptor '/home/limdegcai/GSMART/CODE/skidpad_ws/install/skidpad_bringup/share/skidpad_bringup/hook/cmake_prefix_path.dsv'
[1.395s] INFO:colcon.colcon_core.shell:Creating environment hook '/home/limdegcai/GSMART/CODE/skidpad_ws/install/skidpad_bringup/share/skidpad_bringup/hook/cmake_prefix_path.sh'
[1.395s] Level 1:colcon.colcon_core.environment:checking '/home/limdegcai/GSMART/CODE/skidpad_ws/install/skidpad_bringup/bin'
[1.395s] Level 1:colcon.colcon_core.environment:checking '/home/limdegcai/GSMART/CODE/skidpad_ws/install/skidpad_bringup/lib/pkgconfig/skidpad_bringup.pc'
[1.395s] Level 1:colcon.colcon_core.environment:checking '/home/limdegcai/GSMART/CODE/skidpad_ws/install/skidpad_bringup/lib/python3.10/site-packages'
[1.396s] Level 1:colcon.colcon_core.environment:checking '/home/limdegcai/GSMART/CODE/skidpad_ws/install/skidpad_bringup/bin'
[1.396s] INFO:colcon.colcon_core.shell:Creating package script '/home/limdegcai/GSMART/CODE/skidpad_ws/install/skidpad_bringup/share/skidpad_bringup/package.ps1'
[1.396s] INFO:colcon.colcon_core.shell:Creating package descriptor '/home/limdegcai/GSMART/CODE/skidpad_ws/install/skidpad_bringup/share/skidpad_bringup/package.dsv'
[1.396s] INFO:colcon.colcon_core.shell:Creating package script '/home/limdegcai/GSMART/CODE/skidpad_ws/install/skidpad_bringup/share/skidpad_bringup/package.sh'
[1.397s] INFO:colcon.colcon_core.shell:Creating package script '/home/limdegcai/GSMART/CODE/skidpad_ws/install/skidpad_bringup/share/skidpad_bringup/package.bash'
[1.397s] INFO:colcon.colcon_core.shell:Creating package script '/home/limdegcai/GSMART/CODE/skidpad_ws/install/skidpad_bringup/share/skidpad_bringup/package.zsh'
[1.397s] Level 1:colcon.colcon_core.environment:create_file_with_runtime_dependencies(/home/limdegcai/GSMART/CODE/skidpad_ws/install/skidpad_bringup/share/colcon-core/packages/skidpad_bringup)
[1.397s] Level 1:colcon.colcon_core.environment:create_environment_scripts_only(skidpad_bringup)
[1.398s] Level 1:colcon.colcon_core.environment:checking '/home/limdegcai/GSMART/CODE/skidpad_ws/install/skidpad_bringup' for CMake module files
[1.398s] Level 1:colcon.colcon_core.environment:checking '/home/limdegcai/GSMART/CODE/skidpad_ws/install/skidpad_bringup' for CMake config files
[1.398s] Level 1:colcon.colcon_core.shell:create_environment_hook('skidpad_bringup', 'cmake_prefix_path')
[1.398s] INFO:colcon.colcon_core.shell:Creating environment hook '/home/limdegcai/GSMART/CODE/skidpad_ws/install/skidpad_bringup/share/skidpad_bringup/hook/cmake_prefix_path.ps1'
[1.399s] INFO:colcon.colcon_core.shell:Creating environment descriptor '/home/limdegcai/GSMART/CODE/skidpad_ws/install/skidpad_bringup/share/skidpad_bringup/hook/cmake_prefix_path.dsv'
[1.399s] INFO:colcon.colcon_core.shell:Creating environment hook '/home/limdegcai/GSMART/CODE/skidpad_ws/install/skidpad_bringup/share/skidpad_bringup/hook/cmake_prefix_path.sh'
[1.399s] Level 1:colcon.colcon_core.environment:checking '/home/limdegcai/GSMART/CODE/skidpad_ws/install/skidpad_bringup/bin'
[1.399s] Level 1:colcon.colcon_core.environment:checking '/home/limdegcai/GSMART/CODE/skidpad_ws/install/skidpad_bringup/lib/pkgconfig/skidpad_bringup.pc'
[1.399s] Level 1:colcon.colcon_core.environment:checking '/home/limdegcai/GSMART/CODE/skidpad_ws/install/skidpad_bringup/lib/python3.10/site-packages'
[1.400s] Level 1:colcon.colcon_core.environment:checking '/home/limdegcai/GSMART/CODE/skidpad_ws/install/skidpad_bringup/bin'
[1.400s] INFO:colcon.colcon_core.shell:Creating package script '/home/limdegcai/GSMART/CODE/skidpad_ws/install/skidpad_bringup/share/skidpad_bringup/package.ps1'
[1.400s] INFO:colcon.colcon_core.shell:Creating package descriptor '/home/limdegcai/GSMART/CODE/skidpad_ws/install/skidpad_bringup/share/skidpad_bringup/package.dsv'
[1.400s] INFO:colcon.colcon_core.shell:Creating package script '/home/limdegcai/GSMART/CODE/skidpad_ws/install/skidpad_bringup/share/skidpad_bringup/package.sh'
[1.401s] INFO:colcon.colcon_core.shell:Creating package script '/home/limdegcai/GSMART/CODE/skidpad_ws/install/skidpad_bringup/share/skidpad_bringup/package.bash'
[1.401s] INFO:colcon.colcon_core.shell:Creating package script '/home/limdegcai/GSMART/CODE/skidpad_ws/install/skidpad_bringup/share/skidpad_bringup/package.zsh'
[1.401s] Level 1:colcon.colcon_core.environment:create_file_with_runtime_dependencies(/home/limdegcai/GSMART/CODE/skidpad_ws/install/skidpad_bringup/share/colcon-core/packages/skidpad_bringup)
[1.401s] DEBUG:colcon.colcon_parallel_executor.executor.parallel:closing loop
[1.401s] DEBUG:colcon.colcon_parallel_executor.executor.parallel:loop closed
[1.402s] DEBUG:colcon.colcon_parallel_executor.executor.parallel:run_until_complete finished with '0'
[1.402s] DEBUG:colcon.colcon_core.event_reactor:joining thread
[1.405s] INFO:colcon.colcon_core.plugin_system:Skipping extension 'colcon_notification.desktop_notification.terminal_notifier': Not used on non-Darwin systems
[1.405s] INFO:colcon.colcon_core.plugin_system:Skipping extension 'colcon_notification.desktop_notification.win32': Not used on non-Windows systems
[1.405s] INFO:colcon.colcon_notification.desktop_notification:Sending desktop notification using 'notify2'
[1.413s] DEBUG:colcon.colcon_core.event_reactor:joined thread
[1.413s] INFO:colcon.colcon_core.shell:Creating prefix script '/home/limdegcai/GSMART/CODE/skidpad_ws/install/local_setup.ps1'
[1.414s] INFO:colcon.colcon_core.shell:Creating prefix util module '/home/limdegcai/GSMART/CODE/skidpad_ws/install/_local_setup_util_ps1.py'
[1.415s] INFO:colcon.colcon_core.shell:Creating prefix chain script '/home/limdegcai/GSMART/CODE/skidpad_ws/install/setup.ps1'
[1.416s] INFO:colcon.colcon_core.shell:Creating prefix script '/home/limdegcai/GSMART/CODE/skidpad_ws/install/local_setup.sh'
[1.416s] INFO:colcon.colcon_core.shell:Creating prefix util module '/home/limdegcai/GSMART/CODE/skidpad_ws/install/_local_setup_util_sh.py'
[1.416s] INFO:colcon.colcon_core.shell:Creating prefix chain script '/home/limdegcai/GSMART/CODE/skidpad_ws/install/setup.sh'
[1.417s] INFO:colcon.colcon_core.shell:Creating prefix script '/home/limdegcai/GSMART/CODE/skidpad_ws/install/local_setup.bash'
[1.417s] INFO:colcon.colcon_core.shell:Creating prefix chain script '/home/limdegcai/GSMART/CODE/skidpad_ws/install/setup.bash'
[1.418s] INFO:colcon.colcon_core.shell:Creating prefix script '/home/limdegcai/GSMART/CODE/skidpad_ws/install/local_setup.zsh'
[1.418s] INFO:colcon.colcon_core.shell:Creating prefix chain script '/home/limdegcai/GSMART/CODE/skidpad_ws/install/setup.zsh'
