[0.013s] Invoking command in '/home/xue/25_Lidar/lidar_cone_detector/build/lidar_cone_detector': CMAKE_PREFIX_PATH=/opt/ros/humble /usr/bin/cmake --build /home/xue/25_Lidar/lidar_cone_detector/build/lidar_cone_detector -- -j32 -l32
[0.135s] [35m[1mConsolidate compiler generated dependencies of target lidar_cone_detector[0m
[0.196s] [ 50%] [32mBuilding CXX object CMakeFiles/lidar_cone_detector.dir/src/lidar_cone_detector_3.19.cpp.o[0m
[22.998s] [100%] [32m[1mLinking CXX executable lidar_cone_detector[0m
[26.589s] [100%] Built target lidar_cone_detector
[26.616s] Invoked command in '/home/xue/25_Lidar/lidar_cone_detector/build/lidar_cone_detector' returned '0': CMAKE_PREFIX_PATH=/opt/ros/humble /usr/bin/cmake --build /home/xue/25_Lidar/lidar_cone_detector/build/lidar_cone_detector -- -j32 -l32
[26.645s] Invoking command in '/home/xue/25_Lidar/lidar_cone_detector/build/lidar_cone_detector': CMAKE_PREFIX_PATH=/opt/ros/humble /usr/bin/cmake --install /home/xue/25_Lidar/lidar_cone_detector/build/lidar_cone_detector
[26.655s] -- Install configuration: "Release"
[26.656s] -- Installing: /home/xue/25_Lidar/lidar_cone_detector/install/lidar_cone_detector/lib/lidar_cone_detector/lidar_cone_detector
[26.658s] -- Set runtime path of "/home/xue/25_Lidar/lidar_cone_detector/install/lidar_cone_detector/lib/lidar_cone_detector/lidar_cone_detector" to ""
[26.658s] -- Up-to-date: /home/xue/25_Lidar/lidar_cone_detector/install/lidar_cone_detector/share/ament_index/resource_index/package_run_dependencies/lidar_cone_detector
[26.658s] -- Up-to-date: /home/xue/25_Lidar/lidar_cone_detector/install/lidar_cone_detector/share/ament_index/resource_index/parent_prefix_path/lidar_cone_detector
[26.658s] -- Up-to-date: /home/xue/25_Lidar/lidar_cone_detector/install/lidar_cone_detector/share/lidar_cone_detector/environment/ament_prefix_path.sh
[26.658s] -- Up-to-date: /home/xue/25_Lidar/lidar_cone_detector/install/lidar_cone_detector/share/lidar_cone_detector/environment/ament_prefix_path.dsv
[26.658s] -- Up-to-date: /home/xue/25_Lidar/lidar_cone_detector/install/lidar_cone_detector/share/lidar_cone_detector/environment/path.sh
[26.658s] -- Up-to-date: /home/xue/25_Lidar/lidar_cone_detector/install/lidar_cone_detector/share/lidar_cone_detector/environment/path.dsv
[26.658s] -- Up-to-date: /home/xue/25_Lidar/lidar_cone_detector/install/lidar_cone_detector/share/lidar_cone_detector/local_setup.bash
[26.658s] -- Up-to-date: /home/xue/25_Lidar/lidar_cone_detector/install/lidar_cone_detector/share/lidar_cone_detector/local_setup.sh
[26.658s] -- Up-to-date: /home/xue/25_Lidar/lidar_cone_detector/install/lidar_cone_detector/share/lidar_cone_detector/local_setup.zsh
[26.658s] -- Up-to-date: /home/xue/25_Lidar/lidar_cone_detector/install/lidar_cone_detector/share/lidar_cone_detector/local_setup.dsv
[26.659s] -- Installing: /home/xue/25_Lidar/lidar_cone_detector/install/lidar_cone_detector/share/lidar_cone_detector/package.dsv
[26.659s] -- Up-to-date: /home/xue/25_Lidar/lidar_cone_detector/install/lidar_cone_detector/share/ament_index/resource_index/packages/lidar_cone_detector
[26.659s] -- Up-to-date: /home/xue/25_Lidar/lidar_cone_detector/install/lidar_cone_detector/share/lidar_cone_detector/cmake/ament_cmake_export_dependencies-extras.cmake
[26.659s] -- Up-to-date: /home/xue/25_Lidar/lidar_cone_detector/install/lidar_cone_detector/share/lidar_cone_detector/cmake/lidar_cone_detectorConfig.cmake
[26.659s] -- Up-to-date: /home/xue/25_Lidar/lidar_cone_detector/install/lidar_cone_detector/share/lidar_cone_detector/cmake/lidar_cone_detectorConfig-version.cmake
[26.659s] -- Up-to-date: /home/xue/25_Lidar/lidar_cone_detector/install/lidar_cone_detector/share/lidar_cone_detector/package.xml
[26.661s] Invoked command in '/home/xue/25_Lidar/lidar_cone_detector/build/lidar_cone_detector' returned '0': CMAKE_PREFIX_PATH=/opt/ros/humble /usr/bin/cmake --install /home/xue/25_Lidar/lidar_cone_detector/build/lidar_cone_detector
