running egg_info
creating ../../build/yolo_ros/yolo_ros.egg-info
writing ../../build/yolo_ros/yolo_ros.egg-info/PKG-INFO
writing dependency_links to ../../build/yolo_ros/yolo_ros.egg-info/dependency_links.txt
writing entry points to ../../build/yolo_ros/yolo_ros.egg-info/entry_points.txt
writing requirements to ../../build/yolo_ros/yolo_ros.egg-info/requires.txt
writing top-level names to ../../build/yolo_ros/yolo_ros.egg-info/top_level.txt
writing manifest file '../../build/yolo_ros/yolo_ros.egg-info/SOURCES.txt'
reading manifest file '../../build/yolo_ros/yolo_ros.egg-info/SOURCES.txt'
adding license file 'LICENSE'
writing manifest file '../../build/yolo_ros/yolo_ros.egg-info/SOURCES.txt'
running build
running build_py
creating /home/x/Documents/at20260415workspace/workspace/camera/build/yolo_ros/build
creating /home/x/Documents/at20260415workspace/workspace/camera/build/yolo_ros/build/lib
creating /home/x/Documents/at20260415workspace/workspace/camera/build/yolo_ros/build/lib/yolo_ros
copying yolo_ros/__init__.py -> /home/x/Documents/at20260415workspace/workspace/camera/build/yolo_ros/build/lib/yolo_ros
copying yolo_ros/tracking_node1.py -> /home/x/Documents/at20260415workspace/workspace/camera/build/yolo_ros/build/lib/yolo_ros
copying yolo_ros/detect_3d_node2.py -> /home/x/Documents/at20260415workspace/workspace/camera/build/yolo_ros/build/lib/yolo_ros
copying yolo_ros/yolo_node1.py -> /home/x/Documents/at20260415workspace/workspace/camera/build/yolo_ros/build/lib/yolo_ros
copying yolo_ros/yolo_node2.py -> /home/x/Documents/at20260415workspace/workspace/camera/build/yolo_ros/build/lib/yolo_ros
copying yolo_ros/debug_node1.py -> /home/x/Documents/at20260415workspace/workspace/camera/build/yolo_ros/build/lib/yolo_ros
copying yolo_ros/debug_node2.py -> /home/x/Documents/at20260415workspace/workspace/camera/build/yolo_ros/build/lib/yolo_ros
copying yolo_ros/detect_3d_node1.py -> /home/x/Documents/at20260415workspace/workspace/camera/build/yolo_ros/build/lib/yolo_ros
copying yolo_ros/tracking_node2.py -> /home/x/Documents/at20260415workspace/workspace/camera/build/yolo_ros/build/lib/yolo_ros
running install
running install_lib
creating /home/x/Documents/at20260415workspace/workspace/camera/install/yolo_ros/lib/python3.10/site-packages/yolo_ros
copying /home/x/Documents/at20260415workspace/workspace/camera/build/yolo_ros/build/lib/yolo_ros/__init__.py -> /home/x/Documents/at20260415workspace/workspace/camera/install/yolo_ros/lib/python3.10/site-packages/yolo_ros
copying /home/x/Documents/at20260415workspace/workspace/camera/build/yolo_ros/build/lib/yolo_ros/tracking_node1.py -> /home/x/Documents/at20260415workspace/workspace/camera/install/yolo_ros/lib/python3.10/site-packages/yolo_ros
copying /home/x/Documents/at20260415workspace/workspace/camera/build/yolo_ros/build/lib/yolo_ros/detect_3d_node2.py -> /home/x/Documents/at20260415workspace/workspace/camera/install/yolo_ros/lib/python3.10/site-packages/yolo_ros
copying /home/x/Documents/at20260415workspace/workspace/camera/build/yolo_ros/build/lib/yolo_ros/yolo_node1.py -> /home/x/Documents/at20260415workspace/workspace/camera/install/yolo_ros/lib/python3.10/site-packages/yolo_ros
copying /home/x/Documents/at20260415workspace/workspace/camera/build/yolo_ros/build/lib/yolo_ros/yolo_node2.py -> /home/x/Documents/at20260415workspace/workspace/camera/install/yolo_ros/lib/python3.10/site-packages/yolo_ros
copying /home/x/Documents/at20260415workspace/workspace/camera/build/yolo_ros/build/lib/yolo_ros/debug_node1.py -> /home/x/Documents/at20260415workspace/workspace/camera/install/yolo_ros/lib/python3.10/site-packages/yolo_ros
copying /home/x/Documents/at20260415workspace/workspace/camera/build/yolo_ros/build/lib/yolo_ros/debug_node2.py -> /home/x/Documents/at20260415workspace/workspace/camera/install/yolo_ros/lib/python3.10/site-packages/yolo_ros
copying /home/x/Documents/at20260415workspace/workspace/camera/build/yolo_ros/build/lib/yolo_ros/detect_3d_node1.py -> /home/x/Documents/at20260415workspace/workspace/camera/install/yolo_ros/lib/python3.10/site-packages/yolo_ros
copying /home/x/Documents/at20260415workspace/workspace/camera/build/yolo_ros/build/lib/yolo_ros/tracking_node2.py -> /home/x/Documents/at20260415workspace/workspace/camera/install/yolo_ros/lib/python3.10/site-packages/yolo_ros
byte-compiling /home/x/Documents/at20260415workspace/workspace/camera/install/yolo_ros/lib/python3.10/site-packages/yolo_ros/__init__.py to __init__.cpython-310.pyc
byte-compiling /home/x/Documents/at20260415workspace/workspace/camera/install/yolo_ros/lib/python3.10/site-packages/yolo_ros/tracking_node1.py to tracking_node1.cpython-310.pyc
byte-compiling /home/x/Documents/at20260415workspace/workspace/camera/install/yolo_ros/lib/python3.10/site-packages/yolo_ros/detect_3d_node2.py to detect_3d_node2.cpython-310.pyc
byte-compiling /home/x/Documents/at20260415workspace/workspace/camera/install/yolo_ros/lib/python3.10/site-packages/yolo_ros/yolo_node1.py to yolo_node1.cpython-310.pyc
byte-compiling /home/x/Documents/at20260415workspace/workspace/camera/install/yolo_ros/lib/python3.10/site-packages/yolo_ros/yolo_node2.py to yolo_node2.cpython-310.pyc
byte-compiling /home/x/Documents/at20260415workspace/workspace/camera/install/yolo_ros/lib/python3.10/site-packages/yolo_ros/debug_node1.py to debug_node1.cpython-310.pyc
byte-compiling /home/x/Documents/at20260415workspace/workspace/camera/install/yolo_ros/lib/python3.10/site-packages/yolo_ros/debug_node2.py to debug_node2.cpython-310.pyc
byte-compiling /home/x/Documents/at20260415workspace/workspace/camera/install/yolo_ros/lib/python3.10/site-packages/yolo_ros/detect_3d_node1.py to detect_3d_node1.cpython-310.pyc
byte-compiling /home/x/Documents/at20260415workspace/workspace/camera/install/yolo_ros/lib/python3.10/site-packages/yolo_ros/tracking_node2.py to tracking_node2.cpython-310.pyc
running install_data
creating /home/x/Documents/at20260415workspace/workspace/camera/install/yolo_ros/share/ament_index
creating /home/x/Documents/at20260415workspace/workspace/camera/install/yolo_ros/share/ament_index/resource_index
creating /home/x/Documents/at20260415workspace/workspace/camera/install/yolo_ros/share/ament_index/resource_index/packages
copying resource/yolo_ros -> /home/x/Documents/at20260415workspace/workspace/camera/install/yolo_ros/share/ament_index/resource_index/packages
copying package.xml -> /home/x/Documents/at20260415workspace/workspace/camera/install/yolo_ros/share/yolo_ros
running install_egg_info
Copying ../../build/yolo_ros/yolo_ros.egg-info to /home/x/Documents/at20260415workspace/workspace/camera/install/yolo_ros/lib/python3.10/site-packages/yolo_ros-0.0.0-py3.10.egg-info
running install_scripts
Installing debug_node1 script to /home/x/Documents/at20260415workspace/workspace/camera/install/yolo_ros/lib/yolo_ros
Installing debug_node2 script to /home/x/Documents/at20260415workspace/workspace/camera/install/yolo_ros/lib/yolo_ros
Installing detect_3d_node1 script to /home/x/Documents/at20260415workspace/workspace/camera/install/yolo_ros/lib/yolo_ros
Installing detect_3d_node2 script to /home/x/Documents/at20260415workspace/workspace/camera/install/yolo_ros/lib/yolo_ros
Installing tracking_node1 script to /home/x/Documents/at20260415workspace/workspace/camera/install/yolo_ros/lib/yolo_ros
Installing tracking_node2 script to /home/x/Documents/at20260415workspace/workspace/camera/install/yolo_ros/lib/yolo_ros
Installing yolo_node1 script to /home/x/Documents/at20260415workspace/workspace/camera/install/yolo_ros/lib/yolo_ros
Installing yolo_node2 script to /home/x/Documents/at20260415workspace/workspace/camera/install/yolo_ros/lib/yolo_ros
writing list of installed files to '/home/x/Documents/at20260415workspace/workspace/camera/build/yolo_ros/install.log'
