[0.009s] Invoking command in '/home/limdegcai/GSMART/CODE/result/skidpad_detector/build/skidpad_detector': CMAKE_PREFIX_PATH=/opt/ros/humble /usr/bin/cmake --build /home/limdegcai/GSMART/CODE/result/skidpad_detector/build/skidpad_detector -- -j32 -l32
[0.032s] -- Found ament_cmake: 1.3.12 (/opt/ros/humble/share/ament_cmake/cmake)
[0.124s] -- Found rclcpp: 16.0.16 (/opt/ros/humble/share/rclcpp/cmake)
[0.144s] -- Found rosidl_generator_c: 3.1.7 (/opt/ros/humble/share/rosidl_generator_c/cmake)
[0.146s] -- Found rosidl_adapter: 3.1.7 (/opt/ros/humble/share/rosidl_adapter/cmake)
[0.150s] -- Found rosidl_generator_cpp: 3.1.7 (/opt/ros/humble/share/rosidl_generator_cpp/cmake)
[0.157s] -- Using all available rosidl_typesupport_c: rosidl_typesupport_fastrtps_c;rosidl_typesupport_introspection_c
[0.166s] -- Using all available rosidl_typesupport_cpp: rosidl_typesupport_fastrtps_cpp;rosidl_typesupport_introspection_cpp
[0.188s] -- Found rmw_implementation_cmake: 6.1.2 (/opt/ros/humble/share/rmw_implementation_cmake/cmake)
[0.189s] -- Found rmw_fastrtps_cpp: 6.2.9 (/opt/ros/humble/share/rmw_fastrtps_cpp/cmake)
[0.272s] -- Using RMW implementation 'rmw_fastrtps_cpp' as default
[0.306s] -- Found sensor_msgs: 4.9.0 (/opt/ros/humble/share/sensor_msgs/cmake)
[0.330s] -- Found nav_msgs: 4.9.0 (/opt/ros/humble/share/nav_msgs/cmake)
[0.341s] -- Found pcl_ros: 2.4.5 (/opt/ros/humble/share/pcl_ros/cmake)
[0.371s] -- Eigen found (include: /usr/include/eigen3, version: 3.4.0)
[0.394s] -- FLANN found (include: /usr/include, lib: /usr/lib/x86_64-linux-gnu/libflann_cpp.so)
[0.580s] -- OpenNI found (version: 1.5.4.0, include: /usr/include/ni, lib: /usr/lib/libOpenNI.so;libusb::libusb)
[0.584s] -- OpenNI2 found (version: 2.2.0.33, include: /usr/include/openni2, lib: /usr/lib/x86_64-linux-gnu/libOpenNI2.so;libusb::libusb)
[0.680s] -- Eigen found (include: /usr/include/eigen3, version: 3.4.0)
[0.685s] -- OpenNI found (version: 1.5.4.0, include: /usr/include/ni, lib: /usr/lib/libOpenNI.so;libusb::libusb)
[0.688s] -- OpenNI2 found (version: 2.2.0.33, include: /usr/include/openni2, lib: /usr/lib/x86_64-linux-gnu/libOpenNI2.so;libusb::libusb)
[0.773s] -- Found Qhull version 8.0.2
[0.863s] -- OpenNI found (version: 1.5.4.0, include: /usr/include/ni, lib: /usr/lib/libOpenNI.so;libusb::libusb)
[0.965s] -- Found eigen3_cmake_module: 0.1.1 (/opt/ros/humble/share/eigen3_cmake_module/cmake)
[0.965s] -- Ensuring Eigen3 include directory is part of orocos-kdl CMake target
[1.007s] [33mCMake Warning (dev) at CMakeLists.txt:16 (find_package):
[1.007s]   Policy CMP0074 is not set: find_package uses <PackageName>_ROOT variables.
[1.007s]   Run "cmake --help-policy CMP0074" for policy details.  Use the cmake_policy
[1.007s]   command to set the policy and suppress this warning.
[1.007s] 
[1.007s]   CMake variable PCL_ROOT is set to:
[1.007s] 
[1.007s]     /usr
[1.007s] 
[1.007s]   For compatibility, CMake is ignoring the variable.
[1.007s] This warning is for project developers.  Use -Wno-dev to suppress it.
[1.007s] [0m
[1.018s] -- Found ament_lint_auto: 0.12.14 (/opt/ros/humble/share/ament_lint_auto/cmake)
[1.057s] -- Added test 'copyright' to check source files copyright and LICENSE
[1.067s] -- Added test 'cppcheck' to perform static code analysis on C / C++ code
[1.067s] -- Configured cppcheck include dirs: /home/limdegcai/GSMART/CODE/result/skidpad_detector/include
[1.067s] -- Configured cppcheck exclude dirs and/or files: 
[1.077s] -- Added test 'cpplint' to check C / C++ code against the Google style
[1.077s] -- Configured cpplint exclude dirs and/or files: 
[1.078s] -- Added test 'flake8' to check Python code syntax and style conventions
[1.081s] -- Added test 'lint_cmake' to check CMake code style
[1.082s] -- Added test 'pep257' to check Python code against some of the docstring style conventions in PEP 257
[1.091s] -- Added test 'uncrustify' to check C / C++ code style
[1.091s] -- Configured uncrustify additional arguments: 
[1.093s] -- Added test 'xmllint' to check XML markup files
[1.093s] -- Configuring done
[1.251s] -- Generating done
[1.266s] -- Build files have been written to: /home/limdegcai/GSMART/CODE/result/skidpad_detector/build/skidpad_detector
[1.298s] [35m[1mConsolidate compiler generated dependencies of target skidpad_detector_node[0m
[1.336s] [ 50%] [32mBuilding CXX object CMakeFiles/skidpad_detector_node.dir/src/skidpad_detector_handle.cpp.o[0m
[1.336s] [ 50%] [32mBuilding CXX object CMakeFiles/skidpad_detector_node.dir/src/skidpad_detector.cpp.o[0m
[1.338s] [ 75%] [32mBuilding CXX object CMakeFiles/skidpad_detector_node.dir/src/main.cpp.o[0m
[8.732s] [100%] [32m[1mLinking CXX executable skidpad_detector_node[0m
[12.157s] [100%] Built target skidpad_detector_node
[12.166s] Invoked command in '/home/limdegcai/GSMART/CODE/result/skidpad_detector/build/skidpad_detector' returned '0': CMAKE_PREFIX_PATH=/opt/ros/humble /usr/bin/cmake --build /home/limdegcai/GSMART/CODE/result/skidpad_detector/build/skidpad_detector -- -j32 -l32
[12.172s] Invoking command in '/home/limdegcai/GSMART/CODE/result/skidpad_detector/build/skidpad_detector': CMAKE_PREFIX_PATH=/opt/ros/humble /usr/bin/cmake --install /home/limdegcai/GSMART/CODE/result/skidpad_detector/build/skidpad_detector
[12.177s] -- Install configuration: ""
[12.177s] -- Installing: /home/limdegcai/GSMART/CODE/result/skidpad_detector/install/skidpad_detector/lib/skidpad_detector/skidpad_detector_node
[12.182s] -- Set runtime path of "/home/limdegcai/GSMART/CODE/result/skidpad_detector/install/skidpad_detector/lib/skidpad_detector/skidpad_detector_node" to ""
[12.182s] -- Up-to-date: /home/limdegcai/GSMART/CODE/result/skidpad_detector/install/skidpad_detector/share/skidpad_detector/launch
[12.182s] -- Installing: /home/limdegcai/GSMART/CODE/result/skidpad_detector/install/skidpad_detector/share/skidpad_detector/launch/skidpad_detector.launch.py
[12.182s] -- Up-to-date: /home/limdegcai/GSMART/CODE/result/skidpad_detector/install/skidpad_detector/share/skidpad_detector/config
[12.182s] -- Installing: /home/limdegcai/GSMART/CODE/result/skidpad_detector/install/skidpad_detector/share/skidpad_detector/config/skidpad_detector.yaml
[12.182s] -- Up-to-date: /home/limdegcai/GSMART/CODE/result/skidpad_detector/install/skidpad_detector/share/skidpad_detector/config/skidpad.pcd
[12.182s] -- Up-to-date: /home/limdegcai/GSMART/CODE/result/skidpad_detector/install/skidpad_detector/share/skidpad_detector/config/path_x.txt
[12.182s] -- Up-to-date: /home/limdegcai/GSMART/CODE/result/skidpad_detector/install/skidpad_detector/share/skidpad_detector/config/path_y.txt
[12.182s] -- Up-to-date: /home/limdegcai/GSMART/CODE/result/skidpad_detector/install/skidpad_detector/share/ament_index/resource_index/package_run_dependencies/skidpad_detector
[12.183s] -- Up-to-date: /home/limdegcai/GSMART/CODE/result/skidpad_detector/install/skidpad_detector/share/ament_index/resource_index/parent_prefix_path/skidpad_detector
[12.183s] -- Up-to-date: /home/limdegcai/GSMART/CODE/result/skidpad_detector/install/skidpad_detector/share/skidpad_detector/environment/ament_prefix_path.sh
[12.183s] -- Installing: /home/limdegcai/GSMART/CODE/result/skidpad_detector/install/skidpad_detector/share/skidpad_detector/environment/ament_prefix_path.dsv
[12.183s] -- Up-to-date: /home/limdegcai/GSMART/CODE/result/skidpad_detector/install/skidpad_detector/share/skidpad_detector/environment/path.sh
[12.183s] -- Installing: /home/limdegcai/GSMART/CODE/result/skidpad_detector/install/skidpad_detector/share/skidpad_detector/environment/path.dsv
[12.183s] -- Up-to-date: /home/limdegcai/GSMART/CODE/result/skidpad_detector/install/skidpad_detector/share/skidpad_detector/local_setup.bash
[12.183s] -- Up-to-date: /home/limdegcai/GSMART/CODE/result/skidpad_detector/install/skidpad_detector/share/skidpad_detector/local_setup.sh
[12.183s] -- Up-to-date: /home/limdegcai/GSMART/CODE/result/skidpad_detector/install/skidpad_detector/share/skidpad_detector/local_setup.zsh
[12.183s] -- Installing: /home/limdegcai/GSMART/CODE/result/skidpad_detector/install/skidpad_detector/share/skidpad_detector/local_setup.dsv
[12.183s] -- Installing: /home/limdegcai/GSMART/CODE/result/skidpad_detector/install/skidpad_detector/share/skidpad_detector/package.dsv
[12.183s] -- Up-to-date: /home/limdegcai/GSMART/CODE/result/skidpad_detector/install/skidpad_detector/share/ament_index/resource_index/packages/skidpad_detector
[12.183s] -- Up-to-date: /home/limdegcai/GSMART/CODE/result/skidpad_detector/install/skidpad_detector/share/skidpad_detector/cmake/skidpad_detectorConfig.cmake
[12.183s] -- Up-to-date: /home/limdegcai/GSMART/CODE/result/skidpad_detector/install/skidpad_detector/share/skidpad_detector/cmake/skidpad_detectorConfig-version.cmake
[12.183s] -- Up-to-date: /home/limdegcai/GSMART/CODE/result/skidpad_detector/install/skidpad_detector/share/skidpad_detector/package.xml
[12.185s] Invoked command in '/home/limdegcai/GSMART/CODE/result/skidpad_detector/build/skidpad_detector' returned '0': CMAKE_PREFIX_PATH=/opt/ros/humble /usr/bin/cmake --install /home/limdegcai/GSMART/CODE/result/skidpad_detector/build/skidpad_detector
