[0.930s] Invoking command in '/home/x/Documents/at20260415workspace/workspace/camera/src/camera_node': AMENT_PREFIX_PATH=/home/x/Documents/at20260415workspace/workspace/camera/install/camera_msg:${AMENT_PREFIX_PATH} CMAKE_PREFIX_PATH=/home/x/Documents/at20260415workspace/workspace/camera/install/camera_msg LD_LIBRARY_PATH=/home/x/Documents/at20260415workspace/workspace/camera/install/camera_msg/lib:${LD_LIBRARY_PATH} PYTHONPATH=/home/x/Documents/at20260415workspace/workspace/camera/build/camera_node/prefix_override:/usr/lib/python3/dist-packages/colcon_core/task/python/colcon_distutils_commands:/home/x/Documents/at20260415workspace/workspace/camera/install/camera_node/lib/python3.10/site-packages:/home/x/Documents/at20260415workspace/workspace/camera/install/camera_msg/local/lib/python3.10/dist-packages:${PYTHONPATH} /usr/bin/python3 -W ignore:setup.py install is deprecated -W ignore:easy_install command is deprecated setup.py egg_info --egg-base ../../build/camera_node build --build-base /home/x/Documents/at20260415workspace/workspace/camera/build/camera_node/build install --record /home/x/Documents/at20260415workspace/workspace/camera/build/camera_node/install.log --single-version-externally-managed install_data
[1.203s] running egg_info
[1.203s] creating ../../build/camera_node/camera_node.egg-info
[1.203s] writing ../../build/camera_node/camera_node.egg-info/PKG-INFO
[1.203s] writing dependency_links to ../../build/camera_node/camera_node.egg-info/dependency_links.txt
[1.203s] writing entry points to ../../build/camera_node/camera_node.egg-info/entry_points.txt
[1.203s] writing requirements to ../../build/camera_node/camera_node.egg-info/requires.txt
[1.204s] writing top-level names to ../../build/camera_node/camera_node.egg-info/top_level.txt
[1.204s] writing manifest file '../../build/camera_node/camera_node.egg-info/SOURCES.txt'
[1.206s] reading manifest file '../../build/camera_node/camera_node.egg-info/SOURCES.txt'
[1.211s] writing manifest file '../../build/camera_node/camera_node.egg-info/SOURCES.txt'
[1.212s] running build
[1.212s] running build_py
[1.212s] creating /home/x/Documents/at20260415workspace/workspace/camera/build/camera_node/build
[1.212s] creating /home/x/Documents/at20260415workspace/workspace/camera/build/camera_node/build/lib
[1.212s] creating /home/x/Documents/at20260415workspace/workspace/camera/build/camera_node/build/lib/camera_node
[1.212s] copying camera_node/__init__.py -> /home/x/Documents/at20260415workspace/workspace/camera/build/camera_node/build/lib/camera_node
[1.213s] copying camera_node/camera_node_yolo_1.py -> /home/x/Documents/at20260415workspace/workspace/camera/build/camera_node/build/lib/camera_node
[1.213s] copying camera_node/camera_node_2_pro.py -> /home/x/Documents/at20260415workspace/workspace/camera/build/camera_node/build/lib/camera_node
[1.213s] copying camera_node/camera_node_1_pro.py -> /home/x/Documents/at20260415workspace/workspace/camera/build/camera_node/build/lib/camera_node
[1.213s] copying camera_node/camera_node_2_raw.py -> /home/x/Documents/at20260415workspace/workspace/camera/build/camera_node/build/lib/camera_node
[1.213s] copying camera_node/camera_node_2.py -> /home/x/Documents/at20260415workspace/workspace/camera/build/camera_node/build/lib/camera_node
[1.213s] copying camera_node/camera_info_1.py -> /home/x/Documents/at20260415workspace/workspace/camera/build/camera_node/build/lib/camera_node
[1.213s] copying camera_node/camera_info_2.py -> /home/x/Documents/at20260415workspace/workspace/camera/build/camera_node/build/lib/camera_node
[1.213s] copying camera_node/camera_node_1_raw.py -> /home/x/Documents/at20260415workspace/workspace/camera/build/camera_node/build/lib/camera_node
[1.213s] copying camera_node/camera_node_yolo_2.py -> /home/x/Documents/at20260415workspace/workspace/camera/build/camera_node/build/lib/camera_node
[1.214s] copying camera_node/camera_node_1.py -> /home/x/Documents/at20260415workspace/workspace/camera/build/camera_node/build/lib/camera_node
[1.214s] running install
[1.214s] running install_lib
[1.214s] creating /home/x/Documents/at20260415workspace/workspace/camera/install/camera_node/lib/python3.10/site-packages/camera_node
[1.214s] copying /home/x/Documents/at20260415workspace/workspace/camera/build/camera_node/build/lib/camera_node/__init__.py -> /home/x/Documents/at20260415workspace/workspace/camera/install/camera_node/lib/python3.10/site-packages/camera_node
[1.214s] copying /home/x/Documents/at20260415workspace/workspace/camera/build/camera_node/build/lib/camera_node/camera_node_yolo_1.py -> /home/x/Documents/at20260415workspace/workspace/camera/install/camera_node/lib/python3.10/site-packages/camera_node
[1.217s] copying /home/x/Documents/at20260415workspace/workspace/camera/build/camera_node/build/lib/camera_node/camera_node_2_pro.py -> /home/x/Documents/at20260415workspace/workspace/camera/install/camera_node/lib/python3.10/site-packages/camera_node
[1.218s] copying /home/x/Documents/at20260415workspace/workspace/camera/build/camera_node/build/lib/camera_node/camera_node_1_pro.py -> /home/x/Documents/at20260415workspace/workspace/camera/install/camera_node/lib/python3.10/site-packages/camera_node
[1.218s] copying /home/x/Documents/at20260415workspace/workspace/camera/build/camera_node/build/lib/camera_node/camera_node_2_raw.py -> /home/x/Documents/at20260415workspace/workspace/camera/install/camera_node/lib/python3.10/site-packages/camera_node
[1.218s] copying /home/x/Documents/at20260415workspace/workspace/camera/build/camera_node/build/lib/camera_node/camera_node_2.py -> /home/x/Documents/at20260415workspace/workspace/camera/install/camera_node/lib/python3.10/site-packages/camera_node
[1.218s] copying /home/x/Documents/at20260415workspace/workspace/camera/build/camera_node/build/lib/camera_node/camera_info_1.py -> /home/x/Documents/at20260415workspace/workspace/camera/install/camera_node/lib/python3.10/site-packages/camera_node
[1.218s] copying /home/x/Documents/at20260415workspace/workspace/camera/build/camera_node/build/lib/camera_node/camera_info_2.py -> /home/x/Documents/at20260415workspace/workspace/camera/install/camera_node/lib/python3.10/site-packages/camera_node
[1.218s] copying /home/x/Documents/at20260415workspace/workspace/camera/build/camera_node/build/lib/camera_node/camera_node_1_raw.py -> /home/x/Documents/at20260415workspace/workspace/camera/install/camera_node/lib/python3.10/site-packages/camera_node
[1.218s] copying /home/x/Documents/at20260415workspace/workspace/camera/build/camera_node/build/lib/camera_node/camera_node_yolo_2.py -> /home/x/Documents/at20260415workspace/workspace/camera/install/camera_node/lib/python3.10/site-packages/camera_node
[1.218s] copying /home/x/Documents/at20260415workspace/workspace/camera/build/camera_node/build/lib/camera_node/camera_node_1.py -> /home/x/Documents/at20260415workspace/workspace/camera/install/camera_node/lib/python3.10/site-packages/camera_node
[1.219s] byte-compiling /home/x/Documents/at20260415workspace/workspace/camera/install/camera_node/lib/python3.10/site-packages/camera_node/__init__.py to __init__.cpython-310.pyc
[1.219s] byte-compiling /home/x/Documents/at20260415workspace/workspace/camera/install/camera_node/lib/python3.10/site-packages/camera_node/camera_node_yolo_1.py to camera_node_yolo_1.cpython-310.pyc
[1.219s] byte-compiling /home/x/Documents/at20260415workspace/workspace/camera/install/camera_node/lib/python3.10/site-packages/camera_node/camera_node_2_pro.py to camera_node_2_pro.cpython-310.pyc
[1.219s] byte-compiling /home/x/Documents/at20260415workspace/workspace/camera/install/camera_node/lib/python3.10/site-packages/camera_node/camera_node_1_pro.py to camera_node_1_pro.cpython-310.pyc
[1.219s] byte-compiling /home/x/Documents/at20260415workspace/workspace/camera/install/camera_node/lib/python3.10/site-packages/camera_node/camera_node_2_raw.py to camera_node_2_raw.cpython-310.pyc
[1.219s] byte-compiling /home/x/Documents/at20260415workspace/workspace/camera/install/camera_node/lib/python3.10/site-packages/camera_node/camera_node_2.py to camera_node_2.cpython-310.pyc
[1.219s] byte-compiling /home/x/Documents/at20260415workspace/workspace/camera/install/camera_node/lib/python3.10/site-packages/camera_node/camera_info_1.py to camera_info_1.cpython-310.pyc
[1.219s] byte-compiling /home/x/Documents/at20260415workspace/workspace/camera/install/camera_node/lib/python3.10/site-packages/camera_node/camera_info_2.py to camera_info_2.cpython-310.pyc
[1.219s] byte-compiling /home/x/Documents/at20260415workspace/workspace/camera/install/camera_node/lib/python3.10/site-packages/camera_node/camera_node_1_raw.py to camera_node_1_raw.cpython-310.pyc
[1.220s] byte-compiling /home/x/Documents/at20260415workspace/workspace/camera/install/camera_node/lib/python3.10/site-packages/camera_node/camera_node_yolo_2.py to camera_node_yolo_2.cpython-310.pyc
[1.220s] byte-compiling /home/x/Documents/at20260415workspace/workspace/camera/install/camera_node/lib/python3.10/site-packages/camera_node/camera_node_1.py to camera_node_1.cpython-310.pyc
[1.221s] running install_data
[1.221s] creating /home/x/Documents/at20260415workspace/workspace/camera/install/camera_node/share/ament_index
[1.221s] creating /home/x/Documents/at20260415workspace/workspace/camera/install/camera_node/share/ament_index/resource_index
[1.221s] creating /home/x/Documents/at20260415workspace/workspace/camera/install/camera_node/share/ament_index/resource_index/packages
[1.221s] copying resource/camera_node -> /home/x/Documents/at20260415workspace/workspace/camera/install/camera_node/share/ament_index/resource_index/packages
[1.222s] copying package.xml -> /home/x/Documents/at20260415workspace/workspace/camera/install/camera_node/share/camera_node
[1.222s] running install_egg_info
[1.225s] Copying ../../build/camera_node/camera_node.egg-info to /home/x/Documents/at20260415workspace/workspace/camera/install/camera_node/lib/python3.10/site-packages/camera_node-0.0.0-py3.10.egg-info
[1.226s] running install_scripts
[1.254s] Installing camera_info_1 script to /home/x/Documents/at20260415workspace/workspace/camera/install/camera_node/lib/camera_node
[1.254s] Installing camera_info_2 script to /home/x/Documents/at20260415workspace/workspace/camera/install/camera_node/lib/camera_node
[1.254s] Installing camera_node_1 script to /home/x/Documents/at20260415workspace/workspace/camera/install/camera_node/lib/camera_node
[1.254s] Installing camera_node_1_pro script to /home/x/Documents/at20260415workspace/workspace/camera/install/camera_node/lib/camera_node
[1.254s] Installing camera_node_1_raw script to /home/x/Documents/at20260415workspace/workspace/camera/install/camera_node/lib/camera_node
[1.254s] Installing camera_node_2 script to /home/x/Documents/at20260415workspace/workspace/camera/install/camera_node/lib/camera_node
[1.254s] Installing camera_node_2_pro script to /home/x/Documents/at20260415workspace/workspace/camera/install/camera_node/lib/camera_node
[1.254s] Installing camera_node_2_raw script to /home/x/Documents/at20260415workspace/workspace/camera/install/camera_node/lib/camera_node
[1.255s] Installing camera_node_yolo_1 script to /home/x/Documents/at20260415workspace/workspace/camera/install/camera_node/lib/camera_node
[1.255s] Installing camera_node_yolo_2 script to /home/x/Documents/at20260415workspace/workspace/camera/install/camera_node/lib/camera_node
[1.255s] writing list of installed files to '/home/x/Documents/at20260415workspace/workspace/camera/build/camera_node/install.log'
[1.322s] Invoked command in '/home/x/Documents/at20260415workspace/workspace/camera/src/camera_node' returned '0': AMENT_PREFIX_PATH=/home/x/Documents/at20260415workspace/workspace/camera/install/camera_msg:${AMENT_PREFIX_PATH} CMAKE_PREFIX_PATH=/home/x/Documents/at20260415workspace/workspace/camera/install/camera_msg LD_LIBRARY_PATH=/home/x/Documents/at20260415workspace/workspace/camera/install/camera_msg/lib:${LD_LIBRARY_PATH} PYTHONPATH=/home/x/Documents/at20260415workspace/workspace/camera/build/camera_node/prefix_override:/usr/lib/python3/dist-packages/colcon_core/task/python/colcon_distutils_commands:/home/x/Documents/at20260415workspace/workspace/camera/install/camera_node/lib/python3.10/site-packages:/home/x/Documents/at20260415workspace/workspace/camera/install/camera_msg/local/lib/python3.10/dist-packages:${PYTHONPATH} /usr/bin/python3 -W ignore:setup.py install is deprecated -W ignore:easy_install command is deprecated setup.py egg_info --egg-base ../../build/camera_node build --build-base /home/x/Documents/at20260415workspace/workspace/camera/build/camera_node/build install --record /home/x/Documents/at20260415workspace/workspace/camera/build/camera_node/install.log --single-version-externally-managed install_data
