[0.005s] Invoking command in '/home/x/Documents/at20260415workspace/workspace/camera/build/camera_msg': CMAKE_PREFIX_PATH=/opt/ros/humble /usr/bin/cmake /home/x/Documents/at20260415workspace/workspace/camera/src/camera_msg -DCMAKE_INSTALL_PREFIX=/home/x/Documents/at20260415workspace/workspace/camera/install/camera_msg
[0.096s] -- The C compiler identification is GNU 11.4.0
[0.164s] -- The CXX compiler identification is GNU 11.4.0
[0.173s] -- Detecting C compiler ABI info
[0.226s] -- Detecting C compiler ABI info - done
[0.232s] -- Check for working C compiler: /usr/bin/cc - skipped
[0.232s] -- Detecting C compile features
[0.233s] -- Detecting C compile features - done
[0.236s] -- Detecting CXX compiler ABI info
[0.290s] -- Detecting CXX compiler ABI info - done
[0.294s] -- Check for working CXX compiler: /usr/bin/c++ - skipped
[0.295s] -- Detecting CXX compile features
[0.295s] -- Detecting CXX compile features - done
[0.299s] -- Found ament_cmake: 1.3.12 (/opt/ros/humble/share/ament_cmake/cmake)
[0.390s] -- Found Python3: /usr/bin/python3 (found version "3.10.12") found components: Interpreter 
[0.455s] -- Found builtin_interfaces: 1.2.2 (/opt/ros/humble/share/builtin_interfaces/cmake)
[0.478s] -- Found rosidl_generator_c: 3.1.8 (/opt/ros/humble/share/rosidl_generator_c/cmake)
[0.480s] -- Found rosidl_adapter: 3.1.8 (/opt/ros/humble/share/rosidl_adapter/cmake)
[0.485s] -- Found rosidl_generator_cpp: 3.1.8 (/opt/ros/humble/share/rosidl_generator_cpp/cmake)
[0.492s] -- Using all available rosidl_typesupport_c: rosidl_typesupport_fastrtps_c;rosidl_typesupport_introspection_c
[0.500s] -- Using all available rosidl_typesupport_cpp: rosidl_typesupport_fastrtps_cpp;rosidl_typesupport_introspection_cpp
[0.509s] -- Found rosidl_default_generators: 1.2.0 (/opt/ros/humble/share/rosidl_default_generators/cmake)
[0.514s] -- Found std_msgs: 4.9.0 (/opt/ros/humble/share/std_msgs/cmake)
[0.695s] -- Found ament_cmake_ros: 0.10.0 (/opt/ros/humble/share/ament_cmake_ros/cmake)
[0.927s] -- Using all available rosidl_typesupport_c: rosidl_typesupport_fastrtps_c;rosidl_typesupport_introspection_c
[1.019s] -- Using all available rosidl_typesupport_cpp: rosidl_typesupport_fastrtps_cpp;rosidl_typesupport_introspection_cpp
[1.037s] -- Found PythonInterp: /usr/bin/python3 (found suitable version "3.10.12", minimum required is "3.6") 
[1.038s] -- Found python_cmake_module: 0.10.0 (/opt/ros/humble/share/python_cmake_module/cmake)
[1.056s] -- Found PythonLibs: /usr/lib/x86_64-linux-gnu/libpython3.10.so (found suitable version "3.10.12", minimum required is "3.5") 
[1.056s] -- Using PYTHON_EXECUTABLE: /usr/bin/python3
[1.056s] -- Using PYTHON_INCLUDE_DIRS: /usr/include/python3.10
[1.056s] -- Using PYTHON_LIBRARIES: /usr/lib/x86_64-linux-gnu/libpython3.10.so
[1.075s] -- Found PythonExtra: .so  
[1.104s] -- Found ament_lint_auto: 0.12.14 (/opt/ros/humble/share/ament_lint_auto/cmake)
[1.118s] -- Added test 'copyright' to check source files copyright and LICENSE
[1.119s] -- Added test 'lint_cmake' to check CMake code style
[1.120s] -- Added test 'xmllint' to check XML markup files
[1.121s] -- Configuring done
[1.140s] -- Generating done
[1.146s] -- Build files have been written to: /home/x/Documents/at20260415workspace/workspace/camera/build/camera_msg
[1.150s] Invoked command in '/home/x/Documents/at20260415workspace/workspace/camera/build/camera_msg' returned '0': CMAKE_PREFIX_PATH=/opt/ros/humble /usr/bin/cmake /home/x/Documents/at20260415workspace/workspace/camera/src/camera_msg -DCMAKE_INSTALL_PREFIX=/home/x/Documents/at20260415workspace/workspace/camera/install/camera_msg
[1.151s] Invoking command in '/home/x/Documents/at20260415workspace/workspace/camera/build/camera_msg': CMAKE_PREFIX_PATH=/opt/ros/humble /usr/bin/cmake --build /home/x/Documents/at20260415workspace/workspace/camera/build/camera_msg -- -j20 -l20
[1.177s] [  2%] [34m[1mGenerating C code for ROS interfaces[0m
[1.179s] [  5%] [34m[1mGenerating C++ code for ROS interfaces[0m
[1.184s] [  5%] Built target ament_cmake_python_copy_camera_msg
[1.333s] running egg_info
[1.333s] creating camera_msg.egg-info
[1.333s] writing camera_msg.egg-info/PKG-INFO
[1.333s] writing dependency_links to camera_msg.egg-info/dependency_links.txt
[1.333s] writing top-level names to camera_msg.egg-info/top_level.txt
[1.333s] writing manifest file 'camera_msg.egg-info/SOURCES.txt'
[1.335s] reading manifest file 'camera_msg.egg-info/SOURCES.txt'
[1.335s] writing manifest file 'camera_msg.egg-info/SOURCES.txt'
[1.359s] [  5%] Built target ament_cmake_python_build_camera_msg_egg
[1.360s] [  5%] Built target camera_msg__cpp
[1.366s] [ 10%] [34m[1mGenerating C++ introspection for ROS interfaces[0m
[1.366s] [ 10%] [34m[1mGenerating C++ type support for eProsima Fast-RTPS[0m
[1.368s] [ 12%] [34m[1mGenerating C++ type support dispatch for ROS interfaces[0m
[1.371s] [ 17%] [32mBuilding C object CMakeFiles/camera_msg__rosidl_generator_c.dir/rosidl_generator_c/camera_msg/msg/detail/yolo_msg__functions.c.o[0m
[1.372s] [ 17%] [32mBuilding C object CMakeFiles/camera_msg__rosidl_generator_c.dir/rosidl_generator_c/camera_msg/msg/detail/yolo_msg_array__functions.c.o[0m
[1.415s] [ 20%] [32m[1mLinking C shared library libcamera_msg__rosidl_generator_c.so[0m
[1.450s] [ 20%] Built target camera_msg__rosidl_generator_c
[1.456s] [ 23%] [34m[1mGenerating C type support for eProsima Fast-RTPS[0m
[1.457s] [ 25%] [34m[1mGenerating C introspection for ROS interfaces[0m
[1.460s] [ 28%] [34m[1mGenerating C type support dispatch for ROS interfaces[0m
[1.532s] [ 33%] [32mBuilding CXX object CMakeFiles/camera_msg__rosidl_typesupport_cpp.dir/rosidl_typesupport_cpp/camera_msg/msg/yolo_msg__type_support.cpp.o[0m
[1.532s] [ 33%] [32mBuilding CXX object CMakeFiles/camera_msg__rosidl_typesupport_cpp.dir/rosidl_typesupport_cpp/camera_msg/msg/yolo_msg_array__type_support.cpp.o[0m
[1.535s] [ 35%] [32mBuilding CXX object CMakeFiles/camera_msg__rosidl_typesupport_introspection_cpp.dir/rosidl_typesupport_introspection_cpp/camera_msg/msg/detail/yolo_msg_array__type_support.cpp.o[0m
[1.535s] [ 38%] [32mBuilding CXX object CMakeFiles/camera_msg__rosidl_typesupport_introspection_cpp.dir/rosidl_typesupport_introspection_cpp/camera_msg/msg/detail/yolo_msg__type_support.cpp.o[0m
[1.567s] [ 43%] [32mBuilding CXX object CMakeFiles/camera_msg__rosidl_typesupport_fastrtps_cpp.dir/rosidl_typesupport_fastrtps_cpp/camera_msg/msg/detail/dds_fastrtps/yolo_msg_array__type_support.cpp.o[0m
[1.567s] [ 43%] [32mBuilding CXX object CMakeFiles/camera_msg__rosidl_typesupport_fastrtps_cpp.dir/rosidl_typesupport_fastrtps_cpp/camera_msg/msg/detail/dds_fastrtps/yolo_msg__type_support.cpp.o[0m
[1.643s] [ 46%] [32mBuilding CXX object CMakeFiles/camera_msg__rosidl_typesupport_fastrtps_c.dir/rosidl_typesupport_fastrtps_c/camera_msg/msg/detail/yolo_msg__type_support_c.cpp.o[0m
[1.645s] [ 48%] [32mBuilding CXX object CMakeFiles/camera_msg__rosidl_typesupport_fastrtps_c.dir/rosidl_typesupport_fastrtps_c/camera_msg/msg/detail/yolo_msg_array__type_support_c.cpp.o[0m
[1.676s] [ 51%] [32mBuilding C object CMakeFiles/camera_msg__rosidl_typesupport_introspection_c.dir/rosidl_typesupport_introspection_c/camera_msg/msg/detail/yolo_msg_array__type_support.c.o[0m
[1.677s] [ 53%] [32mBuilding C object CMakeFiles/camera_msg__rosidl_typesupport_introspection_c.dir/rosidl_typesupport_introspection_c/camera_msg/msg/detail/yolo_msg__type_support.c.o[0m
[1.716s] [ 56%] [32m[1mLinking C shared library libcamera_msg__rosidl_typesupport_introspection_c.so[0m
[1.728s] [ 58%] [32mBuilding CXX object CMakeFiles/camera_msg__rosidl_typesupport_c.dir/rosidl_typesupport_c/camera_msg/msg/yolo_msg_array__type_support.cpp.o[0m
[1.729s] [ 61%] [32mBuilding CXX object CMakeFiles/camera_msg__rosidl_typesupport_c.dir/rosidl_typesupport_c/camera_msg/msg/yolo_msg__type_support.cpp.o[0m
[1.739s] [ 61%] Built target camera_msg__rosidl_typesupport_introspection_c
[1.749s] [ 64%] [32m[1mLinking CXX shared library libcamera_msg__rosidl_typesupport_c.so[0m
[1.780s] [ 64%] Built target camera_msg__rosidl_typesupport_c
[1.836s] [ 66%] [32m[1mLinking CXX shared library libcamera_msg__rosidl_typesupport_introspection_cpp.so[0m
[1.842s] [ 69%] [32m[1mLinking CXX shared library libcamera_msg__rosidl_typesupport_cpp.so[0m
[1.870s] [ 69%] Built target camera_msg__rosidl_typesupport_cpp
[1.889s] [ 71%] [32m[1mLinking CXX shared library libcamera_msg__rosidl_typesupport_fastrtps_cpp.so[0m
[1.892s] [ 71%] Built target camera_msg__rosidl_typesupport_introspection_cpp
[1.908s] [ 74%] [32m[1mLinking CXX shared library libcamera_msg__rosidl_typesupport_fastrtps_c.so[0m
[1.940s] [ 74%] Built target camera_msg__rosidl_typesupport_fastrtps_cpp
[1.987s] [ 74%] Built target camera_msg__rosidl_typesupport_fastrtps_c
[2.005s] [ 74%] Built target camera_msg
[2.022s] [ 76%] [34m[1mGenerating Python code for ROS interfaces[0m
[2.254s] [ 76%] Built target camera_msg__py
[2.269s] [ 79%] [32mBuilding C object CMakeFiles/camera_msg__rosidl_generator_py.dir/rosidl_generator_py/camera_msg/msg/_yolo_msg_array_s.c.o[0m
[2.270s] [ 82%] [32mBuilding C object CMakeFiles/camera_msg__rosidl_generator_py.dir/rosidl_generator_py/camera_msg/msg/_yolo_msg_s.c.o[0m
[2.381s] [ 84%] [32m[1mLinking C shared library rosidl_generator_py/camera_msg/libcamera_msg__rosidl_generator_py.so[0m
[2.420s] [ 84%] Built target camera_msg__rosidl_generator_py
[2.432s] [ 87%] [32mBuilding C object CMakeFiles/camera_msg__rosidl_typesupport_c__pyext.dir/rosidl_generator_py/camera_msg/_camera_msg_s.ep.rosidl_typesupport_c.c.o[0m
[2.435s] [ 92%] [32mBuilding C object CMakeFiles/camera_msg__rosidl_typesupport_fastrtps_c__pyext.dir/rosidl_generator_py/camera_msg/_camera_msg_s.ep.rosidl_typesupport_fastrtps_c.c.o[0m
[2.435s] [ 92%] [32mBuilding C object CMakeFiles/camera_msg__rosidl_typesupport_introspection_c__pyext.dir/rosidl_generator_py/camera_msg/_camera_msg_s.ep.rosidl_typesupport_introspection_c.c.o[0m
[2.497s] [ 94%] [32m[1mLinking C shared library rosidl_generator_py/camera_msg/camera_msg_s__rosidl_typesupport_fastrtps_c.cpython-310-x86_64-linux-gnu.so[0m
[2.497s] [ 97%] [32m[1mLinking C shared library rosidl_generator_py/camera_msg/camera_msg_s__rosidl_typesupport_introspection_c.cpython-310-x86_64-linux-gnu.so[0m
[2.500s] [100%] [32m[1mLinking C shared library rosidl_generator_py/camera_msg/camera_msg_s__rosidl_typesupport_c.cpython-310-x86_64-linux-gnu.so[0m
[2.522s] [100%] Built target camera_msg__rosidl_typesupport_introspection_c__pyext
[2.527s] [100%] Built target camera_msg__rosidl_typesupport_fastrtps_c__pyext
[2.529s] [100%] Built target camera_msg__rosidl_typesupport_c__pyext
[2.537s] Invoked command in '/home/x/Documents/at20260415workspace/workspace/camera/build/camera_msg' returned '0': CMAKE_PREFIX_PATH=/opt/ros/humble /usr/bin/cmake --build /home/x/Documents/at20260415workspace/workspace/camera/build/camera_msg -- -j20 -l20
[2.544s] Invoking command in '/home/x/Documents/at20260415workspace/workspace/camera/build/camera_msg': CMAKE_PREFIX_PATH=/opt/ros/humble /usr/bin/cmake --install /home/x/Documents/at20260415workspace/workspace/camera/build/camera_msg
[2.548s] -- Install configuration: ""
[2.549s] -- Installing: /home/x/Documents/at20260415workspace/workspace/camera/install/camera_msg/share/ament_index/resource_index/rosidl_interfaces/camera_msg
[2.549s] -- Installing: /home/x/Documents/at20260415workspace/workspace/camera/install/camera_msg/include/camera_msg/camera_msg
[2.549s] -- Installing: /home/x/Documents/at20260415workspace/workspace/camera/install/camera_msg/include/camera_msg/camera_msg/msg
[2.549s] -- Installing: /home/x/Documents/at20260415workspace/workspace/camera/install/camera_msg/include/camera_msg/camera_msg/msg/rosidl_generator_c__visibility_control.h
[2.549s] -- Installing: /home/x/Documents/at20260415workspace/workspace/camera/install/camera_msg/include/camera_msg/camera_msg/msg/yolo_msg_array.h
[2.549s] -- Installing: /home/x/Documents/at20260415workspace/workspace/camera/install/camera_msg/include/camera_msg/camera_msg/msg/yolo_msg.h
[2.549s] -- Installing: /home/x/Documents/at20260415workspace/workspace/camera/install/camera_msg/include/camera_msg/camera_msg/msg/detail
[2.549s] -- Installing: /home/x/Documents/at20260415workspace/workspace/camera/install/camera_msg/include/camera_msg/camera_msg/msg/detail/yolo_msg__type_support.h
[2.549s] -- Installing: /home/x/Documents/at20260415workspace/workspace/camera/install/camera_msg/include/camera_msg/camera_msg/msg/detail/yolo_msg_array__functions.h
[2.549s] -- Installing: /home/x/Documents/at20260415workspace/workspace/camera/install/camera_msg/include/camera_msg/camera_msg/msg/detail/yolo_msg_array__functions.c
[2.549s] -- Installing: /home/x/Documents/at20260415workspace/workspace/camera/install/camera_msg/include/camera_msg/camera_msg/msg/detail/yolo_msg__functions.c
[2.549s] -- Installing: /home/x/Documents/at20260415workspace/workspace/camera/install/camera_msg/include/camera_msg/camera_msg/msg/detail/yolo_msg_array__type_support.h
[2.549s] -- Installing: /home/x/Documents/at20260415workspace/workspace/camera/install/camera_msg/include/camera_msg/camera_msg/msg/detail/yolo_msg__functions.h
[2.550s] -- Installing: /home/x/Documents/at20260415workspace/workspace/camera/install/camera_msg/include/camera_msg/camera_msg/msg/detail/yolo_msg_array__struct.h
[2.550s] -- Installing: /home/x/Documents/at20260415workspace/workspace/camera/install/camera_msg/include/camera_msg/camera_msg/msg/detail/yolo_msg__struct.h
[2.550s] -- Installing: /home/x/Documents/at20260415workspace/workspace/camera/install/camera_msg/share/camera_msg/environment/library_path.sh
[2.550s] -- Installing: /home/x/Documents/at20260415workspace/workspace/camera/install/camera_msg/share/camera_msg/environment/library_path.dsv
[2.550s] -- Installing: /home/x/Documents/at20260415workspace/workspace/camera/install/camera_msg/lib/libcamera_msg__rosidl_generator_c.so
[2.550s] -- Set runtime path of "/home/x/Documents/at20260415workspace/workspace/camera/install/camera_msg/lib/libcamera_msg__rosidl_generator_c.so" to ""
[2.550s] -- Up-to-date: /home/x/Documents/at20260415workspace/workspace/camera/install/camera_msg/include/camera_msg/camera_msg
[2.550s] -- Up-to-date: /home/x/Documents/at20260415workspace/workspace/camera/install/camera_msg/include/camera_msg/camera_msg/msg
[2.550s] -- Installing: /home/x/Documents/at20260415workspace/workspace/camera/install/camera_msg/include/camera_msg/camera_msg/msg/rosidl_typesupport_fastrtps_c__visibility_control.h
[2.550s] -- Up-to-date: /home/x/Documents/at20260415workspace/workspace/camera/install/camera_msg/include/camera_msg/camera_msg/msg/detail
[2.550s] -- Installing: /home/x/Documents/at20260415workspace/workspace/camera/install/camera_msg/include/camera_msg/camera_msg/msg/detail/yolo_msg_array__rosidl_typesupport_fastrtps_c.h
[2.550s] -- Installing: /home/x/Documents/at20260415workspace/workspace/camera/install/camera_msg/include/camera_msg/camera_msg/msg/detail/yolo_msg__rosidl_typesupport_fastrtps_c.h
[2.550s] -- Installing: /home/x/Documents/at20260415workspace/workspace/camera/install/camera_msg/lib/libcamera_msg__rosidl_typesupport_fastrtps_c.so
[2.550s] -- Set runtime path of "/home/x/Documents/at20260415workspace/workspace/camera/install/camera_msg/lib/libcamera_msg__rosidl_typesupport_fastrtps_c.so" to ""
[2.550s] -- Up-to-date: /home/x/Documents/at20260415workspace/workspace/camera/install/camera_msg/include/camera_msg/camera_msg
[2.550s] -- Up-to-date: /home/x/Documents/at20260415workspace/workspace/camera/install/camera_msg/include/camera_msg/camera_msg/msg
[2.550s] -- Installing: /home/x/Documents/at20260415workspace/workspace/camera/install/camera_msg/include/camera_msg/camera_msg/msg/yolo_msg_array.hpp
[2.550s] -- Up-to-date: /home/x/Documents/at20260415workspace/workspace/camera/install/camera_msg/include/camera_msg/camera_msg/msg/detail
[2.550s] -- Installing: /home/x/Documents/at20260415workspace/workspace/camera/install/camera_msg/include/camera_msg/camera_msg/msg/detail/yolo_msg__type_support.hpp
[2.550s] -- Installing: /home/x/Documents/at20260415workspace/workspace/camera/install/camera_msg/include/camera_msg/camera_msg/msg/detail/yolo_msg__builder.hpp
[2.550s] -- Installing: /home/x/Documents/at20260415workspace/workspace/camera/install/camera_msg/include/camera_msg/camera_msg/msg/detail/yolo_msg_array__traits.hpp
[2.550s] -- Installing: /home/x/Documents/at20260415workspace/workspace/camera/install/camera_msg/include/camera_msg/camera_msg/msg/detail/yolo_msg_array__type_support.hpp
[2.550s] -- Installing: /home/x/Documents/at20260415workspace/workspace/camera/install/camera_msg/include/camera_msg/camera_msg/msg/detail/yolo_msg_array__builder.hpp
[2.550s] -- Installing: /home/x/Documents/at20260415workspace/workspace/camera/install/camera_msg/include/camera_msg/camera_msg/msg/detail/yolo_msg__traits.hpp
[2.550s] -- Installing: /home/x/Documents/at20260415workspace/workspace/camera/install/camera_msg/include/camera_msg/camera_msg/msg/detail/yolo_msg__struct.hpp
[2.550s] -- Installing: /home/x/Documents/at20260415workspace/workspace/camera/install/camera_msg/include/camera_msg/camera_msg/msg/detail/yolo_msg_array__struct.hpp
[2.550s] -- Installing: /home/x/Documents/at20260415workspace/workspace/camera/install/camera_msg/include/camera_msg/camera_msg/msg/rosidl_generator_cpp__visibility_control.hpp
[2.550s] -- Installing: /home/x/Documents/at20260415workspace/workspace/camera/install/camera_msg/include/camera_msg/camera_msg/msg/yolo_msg.hpp
[2.551s] -- Up-to-date: /home/x/Documents/at20260415workspace/workspace/camera/install/camera_msg/include/camera_msg/camera_msg
[2.551s] -- Up-to-date: /home/x/Documents/at20260415workspace/workspace/camera/install/camera_msg/include/camera_msg/camera_msg/msg
[2.551s] -- Installing: /home/x/Documents/at20260415workspace/workspace/camera/install/camera_msg/include/camera_msg/camera_msg/msg/rosidl_typesupport_fastrtps_cpp__visibility_control.h
[2.551s] -- Up-to-date: /home/x/Documents/at20260415workspace/workspace/camera/install/camera_msg/include/camera_msg/camera_msg/msg/detail
[2.551s] -- Installing: /home/x/Documents/at20260415workspace/workspace/camera/install/camera_msg/include/camera_msg/camera_msg/msg/detail/yolo_msg_array__rosidl_typesupport_fastrtps_cpp.hpp
[2.551s] -- Installing: /home/x/Documents/at20260415workspace/workspace/camera/install/camera_msg/include/camera_msg/camera_msg/msg/detail/yolo_msg__rosidl_typesupport_fastrtps_cpp.hpp
[2.551s] -- Installing: /home/x/Documents/at20260415workspace/workspace/camera/install/camera_msg/include/camera_msg/camera_msg/msg/detail/dds_fastrtps
[2.551s] -- Installing: /home/x/Documents/at20260415workspace/workspace/camera/install/camera_msg/lib/libcamera_msg__rosidl_typesupport_fastrtps_cpp.so
[2.551s] -- Set runtime path of "/home/x/Documents/at20260415workspace/workspace/camera/install/camera_msg/lib/libcamera_msg__rosidl_typesupport_fastrtps_cpp.so" to ""
[2.551s] -- Up-to-date: /home/x/Documents/at20260415workspace/workspace/camera/install/camera_msg/include/camera_msg/camera_msg
[2.551s] -- Up-to-date: /home/x/Documents/at20260415workspace/workspace/camera/install/camera_msg/include/camera_msg/camera_msg/msg
[2.551s] -- Installing: /home/x/Documents/at20260415workspace/workspace/camera/install/camera_msg/include/camera_msg/camera_msg/msg/rosidl_typesupport_introspection_c__visibility_control.h
[2.551s] -- Up-to-date: /home/x/Documents/at20260415workspace/workspace/camera/install/camera_msg/include/camera_msg/camera_msg/msg/detail
[2.551s] -- Installing: /home/x/Documents/at20260415workspace/workspace/camera/install/camera_msg/include/camera_msg/camera_msg/msg/detail/yolo_msg_array__type_support.c
[2.551s] -- Installing: /home/x/Documents/at20260415workspace/workspace/camera/install/camera_msg/include/camera_msg/camera_msg/msg/detail/yolo_msg__type_support.c
[2.551s] -- Installing: /home/x/Documents/at20260415workspace/workspace/camera/install/camera_msg/include/camera_msg/camera_msg/msg/detail/yolo_msg_array__rosidl_typesupport_introspection_c.h
[2.551s] -- Installing: /home/x/Documents/at20260415workspace/workspace/camera/install/camera_msg/include/camera_msg/camera_msg/msg/detail/yolo_msg__rosidl_typesupport_introspection_c.h
[2.551s] -- Installing: /home/x/Documents/at20260415workspace/workspace/camera/install/camera_msg/lib/libcamera_msg__rosidl_typesupport_introspection_c.so
[2.551s] -- Set runtime path of "/home/x/Documents/at20260415workspace/workspace/camera/install/camera_msg/lib/libcamera_msg__rosidl_typesupport_introspection_c.so" to ""
[2.551s] -- Installing: /home/x/Documents/at20260415workspace/workspace/camera/install/camera_msg/lib/libcamera_msg__rosidl_typesupport_c.so
[2.551s] -- Set runtime path of "/home/x/Documents/at20260415workspace/workspace/camera/install/camera_msg/lib/libcamera_msg__rosidl_typesupport_c.so" to ""
[2.551s] -- Up-to-date: /home/x/Documents/at20260415workspace/workspace/camera/install/camera_msg/include/camera_msg/camera_msg
[2.551s] -- Up-to-date: /home/x/Documents/at20260415workspace/workspace/camera/install/camera_msg/include/camera_msg/camera_msg/msg
[2.551s] -- Up-to-date: /home/x/Documents/at20260415workspace/workspace/camera/install/camera_msg/include/camera_msg/camera_msg/msg/detail
[2.552s] -- Installing: /home/x/Documents/at20260415workspace/workspace/camera/install/camera_msg/include/camera_msg/camera_msg/msg/detail/yolo_msg_array__type_support.cpp
[2.552s] -- Installing: /home/x/Documents/at20260415workspace/workspace/camera/install/camera_msg/include/camera_msg/camera_msg/msg/detail/yolo_msg__rosidl_typesupport_introspection_cpp.hpp
[2.552s] -- Installing: /home/x/Documents/at20260415workspace/workspace/camera/install/camera_msg/include/camera_msg/camera_msg/msg/detail/yolo_msg__type_support.cpp
[2.552s] -- Installing: /home/x/Documents/at20260415workspace/workspace/camera/install/camera_msg/include/camera_msg/camera_msg/msg/detail/yolo_msg_array__rosidl_typesupport_introspection_cpp.hpp
[2.552s] -- Installing: /home/x/Documents/at20260415workspace/workspace/camera/install/camera_msg/lib/libcamera_msg__rosidl_typesupport_introspection_cpp.so
[2.552s] -- Set runtime path of "/home/x/Documents/at20260415workspace/workspace/camera/install/camera_msg/lib/libcamera_msg__rosidl_typesupport_introspection_cpp.so" to ""
[2.552s] -- Installing: /home/x/Documents/at20260415workspace/workspace/camera/install/camera_msg/lib/libcamera_msg__rosidl_typesupport_cpp.so
[2.552s] -- Set runtime path of "/home/x/Documents/at20260415workspace/workspace/camera/install/camera_msg/lib/libcamera_msg__rosidl_typesupport_cpp.so" to ""
[2.552s] -- Installing: /home/x/Documents/at20260415workspace/workspace/camera/install/camera_msg/share/camera_msg/environment/pythonpath.sh
[2.552s] -- Installing: /home/x/Documents/at20260415workspace/workspace/camera/install/camera_msg/share/camera_msg/environment/pythonpath.dsv
[2.552s] -- Installing: /home/x/Documents/at20260415workspace/workspace/camera/install/camera_msg/local/lib/python3.10/dist-packages/camera_msg-0.0.0-py3.10.egg-info
[2.552s] -- Installing: /home/x/Documents/at20260415workspace/workspace/camera/install/camera_msg/local/lib/python3.10/dist-packages/camera_msg-0.0.0-py3.10.egg-info/top_level.txt
[2.552s] -- Installing: /home/x/Documents/at20260415workspace/workspace/camera/install/camera_msg/local/lib/python3.10/dist-packages/camera_msg-0.0.0-py3.10.egg-info/dependency_links.txt
[2.552s] -- Installing: /home/x/Documents/at20260415workspace/workspace/camera/install/camera_msg/local/lib/python3.10/dist-packages/camera_msg-0.0.0-py3.10.egg-info/SOURCES.txt
[2.553s] -- Installing: /home/x/Documents/at20260415workspace/workspace/camera/install/camera_msg/local/lib/python3.10/dist-packages/camera_msg-0.0.0-py3.10.egg-info/PKG-INFO
[2.553s] -- Installing: /home/x/Documents/at20260415workspace/workspace/camera/install/camera_msg/local/lib/python3.10/dist-packages/camera_msg
[2.553s] -- Installing: /home/x/Documents/at20260415workspace/workspace/camera/install/camera_msg/local/lib/python3.10/dist-packages/camera_msg/__init__.py
[2.554s] -- Installing: /home/x/Documents/at20260415workspace/workspace/camera/install/camera_msg/local/lib/python3.10/dist-packages/camera_msg/_camera_msg_s.ep.rosidl_typesupport_introspection_c.c
[2.554s] -- Installing: /home/x/Documents/at20260415workspace/workspace/camera/install/camera_msg/local/lib/python3.10/dist-packages/camera_msg/libcamera_msg__rosidl_generator_py.so
[2.554s] -- Installing: /home/x/Documents/at20260415workspace/workspace/camera/install/camera_msg/local/lib/python3.10/dist-packages/camera_msg/camera_msg_s__rosidl_typesupport_c.cpython-310-x86_64-linux-gnu.so
[2.554s] -- Installing: /home/x/Documents/at20260415workspace/workspace/camera/install/camera_msg/local/lib/python3.10/dist-packages/camera_msg/camera_msg_s__rosidl_typesupport_introspection_c.cpython-310-x86_64-linux-gnu.so
[2.554s] -- Installing: /home/x/Documents/at20260415workspace/workspace/camera/install/camera_msg/local/lib/python3.10/dist-packages/camera_msg/msg
[2.554s] -- Installing: /home/x/Documents/at20260415workspace/workspace/camera/install/camera_msg/local/lib/python3.10/dist-packages/camera_msg/msg/__init__.py
[2.554s] -- Installing: /home/x/Documents/at20260415workspace/workspace/camera/install/camera_msg/local/lib/python3.10/dist-packages/camera_msg/msg/_yolo_msg_s.c
[2.554s] -- Installing: /home/x/Documents/at20260415workspace/workspace/camera/install/camera_msg/local/lib/python3.10/dist-packages/camera_msg/msg/_yolo_msg_array.py
[2.554s] -- Installing: /home/x/Documents/at20260415workspace/workspace/camera/install/camera_msg/local/lib/python3.10/dist-packages/camera_msg/msg/_yolo_msg_array_s.c
[2.554s] -- Installing: /home/x/Documents/at20260415workspace/workspace/camera/install/camera_msg/local/lib/python3.10/dist-packages/camera_msg/msg/_yolo_msg.py
[2.554s] -- Installing: /home/x/Documents/at20260415workspace/workspace/camera/install/camera_msg/local/lib/python3.10/dist-packages/camera_msg/camera_msg_s__rosidl_typesupport_fastrtps_c.cpython-310-x86_64-linux-gnu.so
[2.554s] -- Installing: /home/x/Documents/at20260415workspace/workspace/camera/install/camera_msg/local/lib/python3.10/dist-packages/camera_msg/_camera_msg_s.ep.rosidl_typesupport_c.c
[2.554s] -- Installing: /home/x/Documents/at20260415workspace/workspace/camera/install/camera_msg/local/lib/python3.10/dist-packages/camera_msg/_camera_msg_s.ep.rosidl_typesupport_fastrtps_c.c
[2.583s] Listing '/home/x/Documents/at20260415workspace/workspace/camera/install/camera_msg/local/lib/python3.10/dist-packages/camera_msg'...
[2.584s] Compiling '/home/x/Documents/at20260415workspace/workspace/camera/install/camera_msg/local/lib/python3.10/dist-packages/camera_msg/__init__.py'...
[2.584s] Listing '/home/x/Documents/at20260415workspace/workspace/camera/install/camera_msg/local/lib/python3.10/dist-packages/camera_msg/msg'...
[2.584s] Compiling '/home/x/Documents/at20260415workspace/workspace/camera/install/camera_msg/local/lib/python3.10/dist-packages/camera_msg/msg/__init__.py'...
[2.584s] Compiling '/home/x/Documents/at20260415workspace/workspace/camera/install/camera_msg/local/lib/python3.10/dist-packages/camera_msg/msg/_yolo_msg.py'...
[2.584s] Compiling '/home/x/Documents/at20260415workspace/workspace/camera/install/camera_msg/local/lib/python3.10/dist-packages/camera_msg/msg/_yolo_msg_array.py'...
[2.588s] -- Installing: /home/x/Documents/at20260415workspace/workspace/camera/install/camera_msg/local/lib/python3.10/dist-packages/camera_msg/camera_msg_s__rosidl_typesupport_fastrtps_c.cpython-310-x86_64-linux-gnu.so
[2.588s] -- Set runtime path of "/home/x/Documents/at20260415workspace/workspace/camera/install/camera_msg/local/lib/python3.10/dist-packages/camera_msg/camera_msg_s__rosidl_typesupport_fastrtps_c.cpython-310-x86_64-linux-gnu.so" to ""
[2.588s] -- Installing: /home/x/Documents/at20260415workspace/workspace/camera/install/camera_msg/local/lib/python3.10/dist-packages/camera_msg/camera_msg_s__rosidl_typesupport_introspection_c.cpython-310-x86_64-linux-gnu.so
[2.588s] -- Set runtime path of "/home/x/Documents/at20260415workspace/workspace/camera/install/camera_msg/local/lib/python3.10/dist-packages/camera_msg/camera_msg_s__rosidl_typesupport_introspection_c.cpython-310-x86_64-linux-gnu.so" to ""
[2.588s] -- Installing: /home/x/Documents/at20260415workspace/workspace/camera/install/camera_msg/local/lib/python3.10/dist-packages/camera_msg/camera_msg_s__rosidl_typesupport_c.cpython-310-x86_64-linux-gnu.so
[2.588s] -- Set runtime path of "/home/x/Documents/at20260415workspace/workspace/camera/install/camera_msg/local/lib/python3.10/dist-packages/camera_msg/camera_msg_s__rosidl_typesupport_c.cpython-310-x86_64-linux-gnu.so" to ""
[2.588s] -- Installing: /home/x/Documents/at20260415workspace/workspace/camera/install/camera_msg/lib/libcamera_msg__rosidl_generator_py.so
[2.589s] -- Set runtime path of "/home/x/Documents/at20260415workspace/workspace/camera/install/camera_msg/lib/libcamera_msg__rosidl_generator_py.so" to ""
[2.589s] -- Installing: /home/x/Documents/at20260415workspace/workspace/camera/install/camera_msg/share/camera_msg/msg/YoloMsg.idl
[2.589s] -- Installing: /home/x/Documents/at20260415workspace/workspace/camera/install/camera_msg/share/camera_msg/msg/YoloMsgArray.idl
[2.589s] -- Installing: /home/x/Documents/at20260415workspace/workspace/camera/install/camera_msg/share/camera_msg/msg/YoloMsg.msg
[2.589s] -- Installing: /home/x/Documents/at20260415workspace/workspace/camera/install/camera_msg/share/camera_msg/msg/YoloMsgArray.msg
[2.589s] -- Installing: /home/x/Documents/at20260415workspace/workspace/camera/install/camera_msg/share/ament_index/resource_index/package_run_dependencies/camera_msg
[2.589s] -- Installing: /home/x/Documents/at20260415workspace/workspace/camera/install/camera_msg/share/ament_index/resource_index/parent_prefix_path/camera_msg
[2.589s] -- Installing: /home/x/Documents/at20260415workspace/workspace/camera/install/camera_msg/share/camera_msg/environment/ament_prefix_path.sh
[2.589s] -- Installing: /home/x/Documents/at20260415workspace/workspace/camera/install/camera_msg/share/camera_msg/environment/ament_prefix_path.dsv
[2.589s] -- Installing: /home/x/Documents/at20260415workspace/workspace/camera/install/camera_msg/share/camera_msg/environment/path.sh
[2.589s] -- Installing: /home/x/Documents/at20260415workspace/workspace/camera/install/camera_msg/share/camera_msg/environment/path.dsv
[2.589s] -- Installing: /home/x/Documents/at20260415workspace/workspace/camera/install/camera_msg/share/camera_msg/local_setup.bash
[2.589s] -- Installing: /home/x/Documents/at20260415workspace/workspace/camera/install/camera_msg/share/camera_msg/local_setup.sh
[2.589s] -- Installing: /home/x/Documents/at20260415workspace/workspace/camera/install/camera_msg/share/camera_msg/local_setup.zsh
[2.589s] -- Installing: /home/x/Documents/at20260415workspace/workspace/camera/install/camera_msg/share/camera_msg/local_setup.dsv
[2.589s] -- Installing: /home/x/Documents/at20260415workspace/workspace/camera/install/camera_msg/share/camera_msg/package.dsv
[2.590s] -- Installing: /home/x/Documents/at20260415workspace/workspace/camera/install/camera_msg/share/ament_index/resource_index/packages/camera_msg
[2.590s] -- Installing: /home/x/Documents/at20260415workspace/workspace/camera/install/camera_msg/share/camera_msg/cmake/export_camera_msg__rosidl_generator_cExport.cmake
[2.590s] -- Installing: /home/x/Documents/at20260415workspace/workspace/camera/install/camera_msg/share/camera_msg/cmake/export_camera_msg__rosidl_generator_cExport-noconfig.cmake
[2.590s] -- Installing: /home/x/Documents/at20260415workspace/workspace/camera/install/camera_msg/share/camera_msg/cmake/export_camera_msg__rosidl_typesupport_fastrtps_cExport.cmake
[2.590s] -- Installing: /home/x/Documents/at20260415workspace/workspace/camera/install/camera_msg/share/camera_msg/cmake/export_camera_msg__rosidl_typesupport_fastrtps_cExport-noconfig.cmake
[2.590s] -- Installing: /home/x/Documents/at20260415workspace/workspace/camera/install/camera_msg/share/camera_msg/cmake/export_camera_msg__rosidl_generator_cppExport.cmake
[2.590s] -- Installing: /home/x/Documents/at20260415workspace/workspace/camera/install/camera_msg/share/camera_msg/cmake/export_camera_msg__rosidl_typesupport_fastrtps_cppExport.cmake
[2.590s] -- Installing: /home/x/Documents/at20260415workspace/workspace/camera/install/camera_msg/share/camera_msg/cmake/export_camera_msg__rosidl_typesupport_fastrtps_cppExport-noconfig.cmake
[2.590s] -- Installing: /home/x/Documents/at20260415workspace/workspace/camera/install/camera_msg/share/camera_msg/cmake/camera_msg__rosidl_typesupport_introspection_cExport.cmake
[2.590s] -- Installing: /home/x/Documents/at20260415workspace/workspace/camera/install/camera_msg/share/camera_msg/cmake/camera_msg__rosidl_typesupport_introspection_cExport-noconfig.cmake
[2.590s] -- Installing: /home/x/Documents/at20260415workspace/workspace/camera/install/camera_msg/share/camera_msg/cmake/camera_msg__rosidl_typesupport_cExport.cmake
[2.590s] -- Installing: /home/x/Documents/at20260415workspace/workspace/camera/install/camera_msg/share/camera_msg/cmake/camera_msg__rosidl_typesupport_cExport-noconfig.cmake
[2.590s] -- Installing: /home/x/Documents/at20260415workspace/workspace/camera/install/camera_msg/share/camera_msg/cmake/camera_msg__rosidl_typesupport_introspection_cppExport.cmake
[2.590s] -- Installing: /home/x/Documents/at20260415workspace/workspace/camera/install/camera_msg/share/camera_msg/cmake/camera_msg__rosidl_typesupport_introspection_cppExport-noconfig.cmake
[2.590s] -- Installing: /home/x/Documents/at20260415workspace/workspace/camera/install/camera_msg/share/camera_msg/cmake/camera_msg__rosidl_typesupport_cppExport.cmake
[2.590s] -- Installing: /home/x/Documents/at20260415workspace/workspace/camera/install/camera_msg/share/camera_msg/cmake/camera_msg__rosidl_typesupport_cppExport-noconfig.cmake
[2.590s] -- Installing: /home/x/Documents/at20260415workspace/workspace/camera/install/camera_msg/share/camera_msg/cmake/export_camera_msg__rosidl_generator_pyExport.cmake
[2.591s] -- Installing: /home/x/Documents/at20260415workspace/workspace/camera/install/camera_msg/share/camera_msg/cmake/export_camera_msg__rosidl_generator_pyExport-noconfig.cmake
[2.591s] -- Installing: /home/x/Documents/at20260415workspace/workspace/camera/install/camera_msg/share/camera_msg/cmake/rosidl_cmake-extras.cmake
[2.591s] -- Installing: /home/x/Documents/at20260415workspace/workspace/camera/install/camera_msg/share/camera_msg/cmake/ament_cmake_export_dependencies-extras.cmake
[2.591s] -- Installing: /home/x/Documents/at20260415workspace/workspace/camera/install/camera_msg/share/camera_msg/cmake/ament_cmake_export_include_directories-extras.cmake
[2.591s] -- Installing: /home/x/Documents/at20260415workspace/workspace/camera/install/camera_msg/share/camera_msg/cmake/ament_cmake_export_libraries-extras.cmake
[2.591s] -- Installing: /home/x/Documents/at20260415workspace/workspace/camera/install/camera_msg/share/camera_msg/cmake/ament_cmake_export_targets-extras.cmake
[2.591s] -- Installing: /home/x/Documents/at20260415workspace/workspace/camera/install/camera_msg/share/camera_msg/cmake/rosidl_cmake_export_typesupport_targets-extras.cmake
[2.591s] -- Installing: /home/x/Documents/at20260415workspace/workspace/camera/install/camera_msg/share/camera_msg/cmake/rosidl_cmake_export_typesupport_libraries-extras.cmake
[2.591s] -- Installing: /home/x/Documents/at20260415workspace/workspace/camera/install/camera_msg/share/camera_msg/cmake/camera_msgConfig.cmake
[2.591s] -- Installing: /home/x/Documents/at20260415workspace/workspace/camera/install/camera_msg/share/camera_msg/cmake/camera_msgConfig-version.cmake
[2.592s] -- Installing: /home/x/Documents/at20260415workspace/workspace/camera/install/camera_msg/share/camera_msg/package.xml
[2.593s] Invoked command in '/home/x/Documents/at20260415workspace/workspace/camera/build/camera_msg' returned '0': CMAKE_PREFIX_PATH=/opt/ros/humble /usr/bin/cmake --install /home/x/Documents/at20260415workspace/workspace/camera/build/camera_msg
