[0.007s] Invoking command in '/home/x/Documents/at20260415workspace/workspace/camera/build/yolo_bringup': AMENT_PREFIX_PATH=/home/x/Documents/at20260415workspace/workspace/camera/install/yolo_ros:/home/x/Documents/at20260415workspace/workspace/camera/install/yolo_msgs:${AMENT_PREFIX_PATH} CMAKE_PREFIX_PATH=/home/x/Documents/at20260415workspace/workspace/camera/install/yolo_msgs:/opt/ros/humble LD_LIBRARY_PATH=/home/x/Documents/at20260415workspace/workspace/camera/install/yolo_msgs/lib:${LD_LIBRARY_PATH} PYTHONPATH=/home/x/Documents/at20260415workspace/workspace/camera/install/yolo_ros/lib/python3.10/site-packages:/home/x/Documents/at20260415workspace/workspace/camera/install/yolo_msgs/local/lib/python3.10/dist-packages:${PYTHONPATH} /usr/bin/cmake /home/x/Documents/at20260415workspace/workspace/camera/src/yolo_bringup -DCMAKE_INSTALL_PREFIX=/home/x/Documents/at20260415workspace/workspace/camera/install/yolo_bringup
[0.043s] -- The C compiler identification is GNU 11.4.0
[0.077s] -- The CXX compiler identification is GNU 11.4.0
[0.081s] -- Detecting C compiler ABI info
[0.148s] -- Detecting C compiler ABI info - done
[0.152s] -- Check for working C compiler: /usr/bin/cc - skipped
[0.152s] -- Detecting C compile features
[0.152s] -- Detecting C compile features - done
[0.154s] -- Detecting CXX compiler ABI info
[0.207s] -- Detecting CXX compiler ABI info - done
[0.211s] -- Check for working CXX compiler: /usr/bin/c++ - skipped
[0.211s] -- Detecting CXX compile features
[0.212s] -- Detecting CXX compile features - done
[0.213s] -- Found ament_cmake: 1.3.12 (/opt/ros/humble/share/ament_cmake/cmake)
[0.331s] -- Found Python3: /usr/bin/python3 (found version "3.10.12") found components: Interpreter 
[0.429s] -- Configuring done
[0.430s] -- Generating done
[0.432s] -- Build files have been written to: /home/x/Documents/at20260415workspace/workspace/camera/build/yolo_bringup
[0.435s] Invoked command in '/home/x/Documents/at20260415workspace/workspace/camera/build/yolo_bringup' returned '0': AMENT_PREFIX_PATH=/home/x/Documents/at20260415workspace/workspace/camera/install/yolo_ros:/home/x/Documents/at20260415workspace/workspace/camera/install/yolo_msgs:${AMENT_PREFIX_PATH} CMAKE_PREFIX_PATH=/home/x/Documents/at20260415workspace/workspace/camera/install/yolo_msgs:/opt/ros/humble LD_LIBRARY_PATH=/home/x/Documents/at20260415workspace/workspace/camera/install/yolo_msgs/lib:${LD_LIBRARY_PATH} PYTHONPATH=/home/x/Documents/at20260415workspace/workspace/camera/install/yolo_ros/lib/python3.10/site-packages:/home/x/Documents/at20260415workspace/workspace/camera/install/yolo_msgs/local/lib/python3.10/dist-packages:${PYTHONPATH} /usr/bin/cmake /home/x/Documents/at20260415workspace/workspace/camera/src/yolo_bringup -DCMAKE_INSTALL_PREFIX=/home/x/Documents/at20260415workspace/workspace/camera/install/yolo_bringup
[0.436s] Invoking command in '/home/x/Documents/at20260415workspace/workspace/camera/build/yolo_bringup': AMENT_PREFIX_PATH=/home/x/Documents/at20260415workspace/workspace/camera/install/yolo_ros:/home/x/Documents/at20260415workspace/workspace/camera/install/yolo_msgs:${AMENT_PREFIX_PATH} CMAKE_PREFIX_PATH=/home/x/Documents/at20260415workspace/workspace/camera/install/yolo_msgs:/opt/ros/humble LD_LIBRARY_PATH=/home/x/Documents/at20260415workspace/workspace/camera/install/yolo_msgs/lib:${LD_LIBRARY_PATH} PYTHONPATH=/home/x/Documents/at20260415workspace/workspace/camera/install/yolo_ros/lib/python3.10/site-packages:/home/x/Documents/at20260415workspace/workspace/camera/install/yolo_msgs/local/lib/python3.10/dist-packages:${PYTHONPATH} /usr/bin/cmake --build /home/x/Documents/at20260415workspace/workspace/camera/build/yolo_bringup -- -j20 -l20
[0.468s] Invoked command in '/home/x/Documents/at20260415workspace/workspace/camera/build/yolo_bringup' returned '0': AMENT_PREFIX_PATH=/home/x/Documents/at20260415workspace/workspace/camera/install/yolo_ros:/home/x/Documents/at20260415workspace/workspace/camera/install/yolo_msgs:${AMENT_PREFIX_PATH} CMAKE_PREFIX_PATH=/home/x/Documents/at20260415workspace/workspace/camera/install/yolo_msgs:/opt/ros/humble LD_LIBRARY_PATH=/home/x/Documents/at20260415workspace/workspace/camera/install/yolo_msgs/lib:${LD_LIBRARY_PATH} PYTHONPATH=/home/x/Documents/at20260415workspace/workspace/camera/install/yolo_ros/lib/python3.10/site-packages:/home/x/Documents/at20260415workspace/workspace/camera/install/yolo_msgs/local/lib/python3.10/dist-packages:${PYTHONPATH} /usr/bin/cmake --build /home/x/Documents/at20260415workspace/workspace/camera/build/yolo_bringup -- -j20 -l20
[0.469s] Invoking command in '/home/x/Documents/at20260415workspace/workspace/camera/build/yolo_bringup': AMENT_PREFIX_PATH=/home/x/Documents/at20260415workspace/workspace/camera/install/yolo_ros:/home/x/Documents/at20260415workspace/workspace/camera/install/yolo_msgs:${AMENT_PREFIX_PATH} CMAKE_PREFIX_PATH=/home/x/Documents/at20260415workspace/workspace/camera/install/yolo_msgs:/opt/ros/humble LD_LIBRARY_PATH=/home/x/Documents/at20260415workspace/workspace/camera/install/yolo_msgs/lib:${LD_LIBRARY_PATH} PYTHONPATH=/home/x/Documents/at20260415workspace/workspace/camera/install/yolo_ros/lib/python3.10/site-packages:/home/x/Documents/at20260415workspace/workspace/camera/install/yolo_msgs/local/lib/python3.10/dist-packages:${PYTHONPATH} /usr/bin/cmake --install /home/x/Documents/at20260415workspace/workspace/camera/build/yolo_bringup
[0.473s] -- Install configuration: ""
[0.473s] -- Installing: /home/x/Documents/at20260415workspace/workspace/camera/install/yolo_bringup/share/yolo_bringup//launch
[0.473s] -- Installing: /home/x/Documents/at20260415workspace/workspace/camera/install/yolo_bringup/share/yolo_bringup//launch/.vscode
[0.473s] -- Installing: /home/x/Documents/at20260415workspace/workspace/camera/install/yolo_bringup/share/yolo_bringup//launch/.vscode/settings.json
[0.475s] -- Installing: /home/x/Documents/at20260415workspace/workspace/camera/install/yolo_bringup/share/yolo_bringup//launch/.vscode/c_cpp_properties.json
[0.475s] -- Installing: /home/x/Documents/at20260415workspace/workspace/camera/install/yolo_bringup/share/yolo_bringup//launch/yolo.launch.py
[0.475s] -- Installing: /home/x/Documents/at20260415workspace/workspace/camera/install/yolo_bringup/share/ament_index/resource_index/package_run_dependencies/yolo_bringup
[0.475s] -- Installing: /home/x/Documents/at20260415workspace/workspace/camera/install/yolo_bringup/share/ament_index/resource_index/parent_prefix_path/yolo_bringup
[0.475s] -- Installing: /home/x/Documents/at20260415workspace/workspace/camera/install/yolo_bringup/share/yolo_bringup/environment/ament_prefix_path.sh
[0.475s] -- Installing: /home/x/Documents/at20260415workspace/workspace/camera/install/yolo_bringup/share/yolo_bringup/environment/ament_prefix_path.dsv
[0.475s] -- Installing: /home/x/Documents/at20260415workspace/workspace/camera/install/yolo_bringup/share/yolo_bringup/environment/path.sh
[0.475s] -- Installing: /home/x/Documents/at20260415workspace/workspace/camera/install/yolo_bringup/share/yolo_bringup/environment/path.dsv
[0.475s] -- Installing: /home/x/Documents/at20260415workspace/workspace/camera/install/yolo_bringup/share/yolo_bringup/local_setup.bash
[0.475s] -- Installing: /home/x/Documents/at20260415workspace/workspace/camera/install/yolo_bringup/share/yolo_bringup/local_setup.sh
[0.475s] -- Installing: /home/x/Documents/at20260415workspace/workspace/camera/install/yolo_bringup/share/yolo_bringup/local_setup.zsh
[0.475s] -- Installing: /home/x/Documents/at20260415workspace/workspace/camera/install/yolo_bringup/share/yolo_bringup/local_setup.dsv
[0.475s] -- Installing: /home/x/Documents/at20260415workspace/workspace/camera/install/yolo_bringup/share/yolo_bringup/package.dsv
[0.476s] -- Installing: /home/x/Documents/at20260415workspace/workspace/camera/install/yolo_bringup/share/ament_index/resource_index/packages/yolo_bringup
[0.476s] -- Installing: /home/x/Documents/at20260415workspace/workspace/camera/install/yolo_bringup/share/yolo_bringup/cmake/yolo_bringupConfig.cmake
[0.476s] -- Installing: /home/x/Documents/at20260415workspace/workspace/camera/install/yolo_bringup/share/yolo_bringup/cmake/yolo_bringupConfig-version.cmake
[0.476s] -- Installing: /home/x/Documents/at20260415workspace/workspace/camera/install/yolo_bringup/share/yolo_bringup/package.xml
[0.478s] Invoked command in '/home/x/Documents/at20260415workspace/workspace/camera/build/yolo_bringup' returned '0': AMENT_PREFIX_PATH=/home/x/Documents/at20260415workspace/workspace/camera/install/yolo_ros:/home/x/Documents/at20260415workspace/workspace/camera/install/yolo_msgs:${AMENT_PREFIX_PATH} CMAKE_PREFIX_PATH=/home/x/Documents/at20260415workspace/workspace/camera/install/yolo_msgs:/opt/ros/humble LD_LIBRARY_PATH=/home/x/Documents/at20260415workspace/workspace/camera/install/yolo_msgs/lib:${LD_LIBRARY_PATH} PYTHONPATH=/home/x/Documents/at20260415workspace/workspace/camera/install/yolo_ros/lib/python3.10/site-packages:/home/x/Documents/at20260415workspace/workspace/camera/install/yolo_msgs/local/lib/python3.10/dist-packages:${PYTHONPATH} /usr/bin/cmake --install /home/x/Documents/at20260415workspace/workspace/camera/build/yolo_bringup
