[0.009s] Invoking command in '/home/limdegcai/GSMART/CODE/skidpad_ws/build/skidpad_bringup': AMENT_PREFIX_PATH=/home/limdegcai/GSMART/CODE/skidpad_ws/install/skidpad_control:/home/limdegcai/GSMART/CODE/skidpad_ws/install/skidpad_bringup:/home/limdegcai/GSMART/CODE/skidpad_ws/install/skidpad_planner:/home/limdegcai/GSMART/CODE/skidpad_ws/install/fsds_bridge:/home/limdegcai/GSMART/CODE/skidpad_ws/install/skidpad_msgs:/home/limdegcai/GSMART/CODE/skidpad_ws/install/skidpad_icp:/home/limdegcai/GSMART/CODE/skidpad_ws/install/icp_test_tools:/opt/ros/humble CMAKE_PREFIX_PATH=/home/limdegcai/GSMART/CODE/skidpad_ws/install/skidpad_planner:/home/limdegcai/GSMART/CODE/skidpad_ws/install/skidpad_msgs:/home/limdegcai/GSMART/CODE/skidpad_ws/install/skidpad_icp:/home/limdegcai/GSMART/CODE/skidpad_ws/install/skidpad_bringup:/home/limdegcai/GSMART/CODE/skidpad_ws/install/skidpad_control:/home/limdegcai/GSMART/CODE/skidpad_ws/install/fsds_bridge:/home/limdegcai/GSMART/CODE/skidpad_ws/install/icp_test_tools:/opt/ros/humble /usr/bin/cmake /home/limdegcai/GSMART/CODE/skidpad_ws/src/skidpad_bringup -DAMENT_CMAKE_SYMLINK_INSTALL=1 -DCMAKE_INSTALL_PREFIX=/home/limdegcai/GSMART/CODE/skidpad_ws/install/skidpad_bringup
[0.043s] -- The C compiler identification is GNU 11.4.0
[0.077s] -- The CXX compiler identification is GNU 11.4.0
[0.081s] -- Detecting C compiler ABI info
[0.126s] -- Detecting C compiler ABI info - done
[0.130s] -- Check for working C compiler: /usr/bin/cc - skipped
[0.130s] -- Detecting C compile features
[0.131s] -- Detecting C compile features - done
[0.132s] -- Detecting CXX compiler ABI info
[0.185s] -- Detecting CXX compiler ABI info - done
[0.189s] -- Check for working CXX compiler: /usr/bin/c++ - skipped
[0.189s] -- Detecting CXX compile features
[0.189s] -- Detecting CXX compile features - done
[0.191s] -- Found ament_cmake: 1.3.14 (/opt/ros/humble/share/ament_cmake/cmake)
[0.288s] -- Found Python3: /usr/bin/python3 (found version "3.10.12") found components: Interpreter 
[0.324s] -- Override CMake install command with custom implementation using symlinks instead of copying resources
[0.383s] -- Configuring done
[0.385s] -- Generating done
[0.386s] -- Build files have been written to: /home/limdegcai/GSMART/CODE/skidpad_ws/build/skidpad_bringup
[0.389s] Invoked command in '/home/limdegcai/GSMART/CODE/skidpad_ws/build/skidpad_bringup' returned '0': AMENT_PREFIX_PATH=/home/limdegcai/GSMART/CODE/skidpad_ws/install/skidpad_control:/home/limdegcai/GSMART/CODE/skidpad_ws/install/skidpad_bringup:/home/limdegcai/GSMART/CODE/skidpad_ws/install/skidpad_planner:/home/limdegcai/GSMART/CODE/skidpad_ws/install/fsds_bridge:/home/limdegcai/GSMART/CODE/skidpad_ws/install/skidpad_msgs:/home/limdegcai/GSMART/CODE/skidpad_ws/install/skidpad_icp:/home/limdegcai/GSMART/CODE/skidpad_ws/install/icp_test_tools:/opt/ros/humble CMAKE_PREFIX_PATH=/home/limdegcai/GSMART/CODE/skidpad_ws/install/skidpad_planner:/home/limdegcai/GSMART/CODE/skidpad_ws/install/skidpad_msgs:/home/limdegcai/GSMART/CODE/skidpad_ws/install/skidpad_icp:/home/limdegcai/GSMART/CODE/skidpad_ws/install/skidpad_bringup:/home/limdegcai/GSMART/CODE/skidpad_ws/install/skidpad_control:/home/limdegcai/GSMART/CODE/skidpad_ws/install/fsds_bridge:/home/limdegcai/GSMART/CODE/skidpad_ws/install/icp_test_tools:/opt/ros/humble /usr/bin/cmake /home/limdegcai/GSMART/CODE/skidpad_ws/src/skidpad_bringup -DAMENT_CMAKE_SYMLINK_INSTALL=1 -DCMAKE_INSTALL_PREFIX=/home/limdegcai/GSMART/CODE/skidpad_ws/install/skidpad_bringup
[0.390s] Invoking command in '/home/limdegcai/GSMART/CODE/skidpad_ws/build/skidpad_bringup': AMENT_PREFIX_PATH=/home/limdegcai/GSMART/CODE/skidpad_ws/install/skidpad_control:/home/limdegcai/GSMART/CODE/skidpad_ws/install/skidpad_bringup:/home/limdegcai/GSMART/CODE/skidpad_ws/install/skidpad_planner:/home/limdegcai/GSMART/CODE/skidpad_ws/install/fsds_bridge:/home/limdegcai/GSMART/CODE/skidpad_ws/install/skidpad_msgs:/home/limdegcai/GSMART/CODE/skidpad_ws/install/skidpad_icp:/home/limdegcai/GSMART/CODE/skidpad_ws/install/icp_test_tools:/opt/ros/humble CMAKE_PREFIX_PATH=/home/limdegcai/GSMART/CODE/skidpad_ws/install/skidpad_planner:/home/limdegcai/GSMART/CODE/skidpad_ws/install/skidpad_msgs:/home/limdegcai/GSMART/CODE/skidpad_ws/install/skidpad_icp:/home/limdegcai/GSMART/CODE/skidpad_ws/install/skidpad_bringup:/home/limdegcai/GSMART/CODE/skidpad_ws/install/skidpad_control:/home/limdegcai/GSMART/CODE/skidpad_ws/install/fsds_bridge:/home/limdegcai/GSMART/CODE/skidpad_ws/install/icp_test_tools:/opt/ros/humble /usr/bin/cmake --build /home/limdegcai/GSMART/CODE/skidpad_ws/build/skidpad_bringup -- -j32 -l32
[0.416s] Invoked command in '/home/limdegcai/GSMART/CODE/skidpad_ws/build/skidpad_bringup' returned '0': AMENT_PREFIX_PATH=/home/limdegcai/GSMART/CODE/skidpad_ws/install/skidpad_control:/home/limdegcai/GSMART/CODE/skidpad_ws/install/skidpad_bringup:/home/limdegcai/GSMART/CODE/skidpad_ws/install/skidpad_planner:/home/limdegcai/GSMART/CODE/skidpad_ws/install/fsds_bridge:/home/limdegcai/GSMART/CODE/skidpad_ws/install/skidpad_msgs:/home/limdegcai/GSMART/CODE/skidpad_ws/install/skidpad_icp:/home/limdegcai/GSMART/CODE/skidpad_ws/install/icp_test_tools:/opt/ros/humble CMAKE_PREFIX_PATH=/home/limdegcai/GSMART/CODE/skidpad_ws/install/skidpad_planner:/home/limdegcai/GSMART/CODE/skidpad_ws/install/skidpad_msgs:/home/limdegcai/GSMART/CODE/skidpad_ws/install/skidpad_icp:/home/limdegcai/GSMART/CODE/skidpad_ws/install/skidpad_bringup:/home/limdegcai/GSMART/CODE/skidpad_ws/install/skidpad_control:/home/limdegcai/GSMART/CODE/skidpad_ws/install/fsds_bridge:/home/limdegcai/GSMART/CODE/skidpad_ws/install/icp_test_tools:/opt/ros/humble /usr/bin/cmake --build /home/limdegcai/GSMART/CODE/skidpad_ws/build/skidpad_bringup -- -j32 -l32
[0.417s] Invoking command in '/home/limdegcai/GSMART/CODE/skidpad_ws/build/skidpad_bringup': AMENT_PREFIX_PATH=/home/limdegcai/GSMART/CODE/skidpad_ws/install/skidpad_control:/home/limdegcai/GSMART/CODE/skidpad_ws/install/skidpad_bringup:/home/limdegcai/GSMART/CODE/skidpad_ws/install/skidpad_planner:/home/limdegcai/GSMART/CODE/skidpad_ws/install/fsds_bridge:/home/limdegcai/GSMART/CODE/skidpad_ws/install/skidpad_msgs:/home/limdegcai/GSMART/CODE/skidpad_ws/install/skidpad_icp:/home/limdegcai/GSMART/CODE/skidpad_ws/install/icp_test_tools:/opt/ros/humble CMAKE_PREFIX_PATH=/home/limdegcai/GSMART/CODE/skidpad_ws/install/skidpad_planner:/home/limdegcai/GSMART/CODE/skidpad_ws/install/skidpad_msgs:/home/limdegcai/GSMART/CODE/skidpad_ws/install/skidpad_icp:/home/limdegcai/GSMART/CODE/skidpad_ws/install/skidpad_bringup:/home/limdegcai/GSMART/CODE/skidpad_ws/install/skidpad_control:/home/limdegcai/GSMART/CODE/skidpad_ws/install/fsds_bridge:/home/limdegcai/GSMART/CODE/skidpad_ws/install/icp_test_tools:/opt/ros/humble /usr/bin/cmake --install /home/limdegcai/GSMART/CODE/skidpad_ws/build/skidpad_bringup
[0.422s] -- Install configuration: ""
[0.422s] -- Execute custom install script
[0.422s] -- Symlinking: /home/limdegcai/GSMART/CODE/skidpad_ws/install/skidpad_bringup/share/skidpad_bringup/launch/skidpad_bringup.launch.py
[0.429s] -- Symlinking: /home/limdegcai/GSMART/CODE/skidpad_ws/install/skidpad_bringup/share/ament_index/resource_index/package_run_dependencies/skidpad_bringup
[0.434s] -- Symlinking: /home/limdegcai/GSMART/CODE/skidpad_ws/install/skidpad_bringup/share/ament_index/resource_index/parent_prefix_path/skidpad_bringup
[0.440s] -- Symlinking: /home/limdegcai/GSMART/CODE/skidpad_ws/install/skidpad_bringup/share/skidpad_bringup/environment/ament_prefix_path.sh
[0.445s] -- Symlinking: /home/limdegcai/GSMART/CODE/skidpad_ws/install/skidpad_bringup/share/skidpad_bringup/environment/ament_prefix_path.dsv
[0.451s] -- Symlinking: /home/limdegcai/GSMART/CODE/skidpad_ws/install/skidpad_bringup/share/skidpad_bringup/environment/path.sh
[0.456s] -- Symlinking: /home/limdegcai/GSMART/CODE/skidpad_ws/install/skidpad_bringup/share/skidpad_bringup/environment/path.dsv
[0.461s] -- Symlinking: /home/limdegcai/GSMART/CODE/skidpad_ws/install/skidpad_bringup/share/skidpad_bringup/local_setup.bash
[0.466s] -- Symlinking: /home/limdegcai/GSMART/CODE/skidpad_ws/install/skidpad_bringup/share/skidpad_bringup/local_setup.sh
[0.472s] -- Symlinking: /home/limdegcai/GSMART/CODE/skidpad_ws/install/skidpad_bringup/share/skidpad_bringup/local_setup.zsh
[0.477s] -- Symlinking: /home/limdegcai/GSMART/CODE/skidpad_ws/install/skidpad_bringup/share/skidpad_bringup/local_setup.dsv
[0.482s] -- Symlinking: /home/limdegcai/GSMART/CODE/skidpad_ws/install/skidpad_bringup/share/skidpad_bringup/package.dsv
[0.488s] -- Symlinking: /home/limdegcai/GSMART/CODE/skidpad_ws/install/skidpad_bringup/share/ament_index/resource_index/packages/skidpad_bringup
[0.493s] -- Symlinking: /home/limdegcai/GSMART/CODE/skidpad_ws/install/skidpad_bringup/share/skidpad_bringup/cmake/skidpad_bringupConfig.cmake
[0.498s] -- Symlinking: /home/limdegcai/GSMART/CODE/skidpad_ws/install/skidpad_bringup/share/skidpad_bringup/cmake/skidpad_bringupConfig-version.cmake
[0.503s] -- Symlinking: /home/limdegcai/GSMART/CODE/skidpad_ws/install/skidpad_bringup/share/skidpad_bringup/package.xml
[0.511s] Invoked command in '/home/limdegcai/GSMART/CODE/skidpad_ws/build/skidpad_bringup' returned '0': AMENT_PREFIX_PATH=/home/limdegcai/GSMART/CODE/skidpad_ws/install/skidpad_control:/home/limdegcai/GSMART/CODE/skidpad_ws/install/skidpad_bringup:/home/limdegcai/GSMART/CODE/skidpad_ws/install/skidpad_planner:/home/limdegcai/GSMART/CODE/skidpad_ws/install/fsds_bridge:/home/limdegcai/GSMART/CODE/skidpad_ws/install/skidpad_msgs:/home/limdegcai/GSMART/CODE/skidpad_ws/install/skidpad_icp:/home/limdegcai/GSMART/CODE/skidpad_ws/install/icp_test_tools:/opt/ros/humble CMAKE_PREFIX_PATH=/home/limdegcai/GSMART/CODE/skidpad_ws/install/skidpad_planner:/home/limdegcai/GSMART/CODE/skidpad_ws/install/skidpad_msgs:/home/limdegcai/GSMART/CODE/skidpad_ws/install/skidpad_icp:/home/limdegcai/GSMART/CODE/skidpad_ws/install/skidpad_bringup:/home/limdegcai/GSMART/CODE/skidpad_ws/install/skidpad_control:/home/limdegcai/GSMART/CODE/skidpad_ws/install/fsds_bridge:/home/limdegcai/GSMART/CODE/skidpad_ws/install/icp_test_tools:/opt/ros/humble /usr/bin/cmake --install /home/limdegcai/GSMART/CODE/skidpad_ws/build/skidpad_bringup
