[0.014s] Invoking command in '/home/limdegcai/GSMART/CODE/skidpad_ws/build/skidpad_icp': CMAKE_PREFIX_PATH=${CMAKE_PREFIX_PATH}:/home/limdegcai/GSMART/CODE/skidpad_ws/install/skidpad_control:/home/limdegcai/GSMART/CODE/skidpad_ws/install/fsds_bridge:/home/limdegcai/GSMART/CODE/skidpad_ws/install/icp_test_tools:/opt/ros/humble /usr/bin/cmake --build /home/limdegcai/GSMART/CODE/skidpad_ws/build/skidpad_icp -- -j32 -l32
[0.052s] [35m[1mConsolidate compiler generated dependencies of target skidpad_detector_node[0m
[0.088s] [100%] Built target skidpad_detector_node
[0.162s] Invoked command in '/home/limdegcai/GSMART/CODE/skidpad_ws/build/skidpad_icp' returned '0': CMAKE_PREFIX_PATH=${CMAKE_PREFIX_PATH}:/home/limdegcai/GSMART/CODE/skidpad_ws/install/skidpad_control:/home/limdegcai/GSMART/CODE/skidpad_ws/install/fsds_bridge:/home/limdegcai/GSMART/CODE/skidpad_ws/install/icp_test_tools:/opt/ros/humble /usr/bin/cmake --build /home/limdegcai/GSMART/CODE/skidpad_ws/build/skidpad_icp -- -j32 -l32
[0.168s] Invoking command in '/home/limdegcai/GSMART/CODE/skidpad_ws/build/skidpad_icp': CMAKE_PREFIX_PATH=${CMAKE_PREFIX_PATH}:/home/limdegcai/GSMART/CODE/skidpad_ws/install/skidpad_control:/home/limdegcai/GSMART/CODE/skidpad_ws/install/fsds_bridge:/home/limdegcai/GSMART/CODE/skidpad_ws/install/icp_test_tools:/opt/ros/humble /usr/bin/cmake --install /home/limdegcai/GSMART/CODE/skidpad_ws/build/skidpad_icp
[0.173s] -- Install configuration: ""
[0.173s] -- Execute custom install script
[0.173s] -- Up-to-date symlink: /home/limdegcai/GSMART/CODE/skidpad_ws/install/skidpad_icp/lib/skidpad_icp/skidpad_detector_node
[0.174s] -- Up-to-date symlink: /home/limdegcai/GSMART/CODE/skidpad_ws/install/skidpad_icp/share/skidpad_icp/launch/skidpad_detector.launch.py
[0.174s] -- Up-to-date symlink: /home/limdegcai/GSMART/CODE/skidpad_ws/install/skidpad_icp/share/skidpad_icp/config/skidpad.pcd
[0.174s] -- Up-to-date symlink: /home/limdegcai/GSMART/CODE/skidpad_ws/install/skidpad_icp/share/skidpad_icp/config/skidpad_cones_target.txt
[0.174s] -- Up-to-date symlink: /home/limdegcai/GSMART/CODE/skidpad_ws/install/skidpad_icp/share/skidpad_icp/config/skidpad_detector.yaml
[0.174s] -- Up-to-date symlink: /home/limdegcai/GSMART/CODE/skidpad_ws/install/skidpad_icp/share/ament_index/resource_index/package_run_dependencies/skidpad_icp
[0.174s] -- Up-to-date symlink: /home/limdegcai/GSMART/CODE/skidpad_ws/install/skidpad_icp/share/ament_index/resource_index/parent_prefix_path/skidpad_icp
[0.174s] -- Up-to-date symlink: /home/limdegcai/GSMART/CODE/skidpad_ws/install/skidpad_icp/share/skidpad_icp/environment/ament_prefix_path.sh
[0.174s] -- Up-to-date symlink: /home/limdegcai/GSMART/CODE/skidpad_ws/install/skidpad_icp/share/skidpad_icp/environment/ament_prefix_path.dsv
[0.174s] -- Up-to-date symlink: /home/limdegcai/GSMART/CODE/skidpad_ws/install/skidpad_icp/share/skidpad_icp/environment/path.sh
[0.175s] -- Up-to-date symlink: /home/limdegcai/GSMART/CODE/skidpad_ws/install/skidpad_icp/share/skidpad_icp/environment/path.dsv
[0.175s] -- Up-to-date symlink: /home/limdegcai/GSMART/CODE/skidpad_ws/install/skidpad_icp/share/skidpad_icp/local_setup.bash
[0.175s] -- Up-to-date symlink: /home/limdegcai/GSMART/CODE/skidpad_ws/install/skidpad_icp/share/skidpad_icp/local_setup.sh
[0.175s] -- Up-to-date symlink: /home/limdegcai/GSMART/CODE/skidpad_ws/install/skidpad_icp/share/skidpad_icp/local_setup.zsh
[0.175s] -- Up-to-date symlink: /home/limdegcai/GSMART/CODE/skidpad_ws/install/skidpad_icp/share/skidpad_icp/local_setup.dsv
[0.175s] -- Symlinking: /home/limdegcai/GSMART/CODE/skidpad_ws/install/skidpad_icp/share/skidpad_icp/package.dsv
[0.183s] -- Up-to-date symlink: /home/limdegcai/GSMART/CODE/skidpad_ws/install/skidpad_icp/share/ament_index/resource_index/packages/skidpad_icp
[0.183s] -- Up-to-date symlink: /home/limdegcai/GSMART/CODE/skidpad_ws/install/skidpad_icp/share/skidpad_icp/cmake/skidpad_icpConfig.cmake
[0.183s] -- Up-to-date symlink: /home/limdegcai/GSMART/CODE/skidpad_ws/install/skidpad_icp/share/skidpad_icp/cmake/skidpad_icpConfig-version.cmake
[0.183s] -- Up-to-date symlink: /home/limdegcai/GSMART/CODE/skidpad_ws/install/skidpad_icp/share/skidpad_icp/package.xml
[0.185s] Invoked command in '/home/limdegcai/GSMART/CODE/skidpad_ws/build/skidpad_icp' returned '0': CMAKE_PREFIX_PATH=${CMAKE_PREFIX_PATH}:/home/limdegcai/GSMART/CODE/skidpad_ws/install/skidpad_control:/home/limdegcai/GSMART/CODE/skidpad_ws/install/fsds_bridge:/home/limdegcai/GSMART/CODE/skidpad_ws/install/icp_test_tools:/opt/ros/humble /usr/bin/cmake --install /home/limdegcai/GSMART/CODE/skidpad_ws/build/skidpad_icp
