[33mCMake Warning (dev) at CMakeLists.txt:15 (find_package):
  Policy CMP0074 is not set: find_package uses <PackageName>_ROOT variables.
  Run "cmake --help-policy CMP0074" for policy details.  Use the cmake_policy
  command to set the policy and suppress this warning.

  CMake variable PCL_ROOT is set to:

    /usr

  For compatibility, CMake is ignoring the variable.
This warning is for project developers.  Use -Wno-dev to suppress it.
[0m
In file included from [01m[K/home/limdegcai/GSMART/CODE/result/skidpad_detector/src/skidpad_detector.cpp:1[m[K:
[01m[K/home/limdegcai/GSMART/CODE/result/skidpad_detector/include/skidpad_detector.hpp:43:35:[m[K [01;31m[Kerror: [m[K‘[01m[KPoint32[m[K’ is not a member of ‘[01m[Kgeometry_msgs::msg[m[K’; did you mean ‘[01m[KPoint_[m[K’?
   43 |   std::vector<geometry_msgs::msg::[01;31m[KPoint32[m[K> skidpad_map_points_;
      |                                   [01;31m[K^~~~~~~[m[K
      |                                   [32m[KPoint_[m[K
[01m[K/home/limdegcai/GSMART/CODE/result/skidpad_detector/include/skidpad_detector.hpp:43:42:[m[K [01;31m[Kerror: [m[Ktemplate argument 1 is invalid
   43 |   std::vector<geometry_msgs::msg::Point32[01;31m[K>[m[K skidpad_map_points_;
      |                                          [01;31m[K^[m[K
[01m[K/home/limdegcai/GSMART/CODE/result/skidpad_detector/include/skidpad_detector.hpp:43:42:[m[K [01;31m[Kerror: [m[Ktemplate argument 2 is invalid
In file included from [01m[K/home/limdegcai/GSMART/CODE/result/skidpad_detector/include/skidpad_detector_handle.hpp:8[m[K,
                 from [01m[K/home/limdegcai/GSMART/CODE/result/skidpad_detector/src/main.cpp:2[m[K:
[01m[K/home/limdegcai/GSMART/CODE/result/skidpad_detector/include/skidpad_detector.hpp:43:35:[m[K [01;31m[Kerror: [m[K‘[01m[KPoint32[m[K’ is not a member of ‘[01m[Kgeometry_msgs::msg[m[K’; did you mean ‘[01m[KPoint_[m[K’?
   43 |   std::vector<geometry_msgs::msg::[01;31m[KPoint32[m[K> skidpad_map_points_;
      |                                   [01;31m[K^~~~~~~[m[K
      |                                   [32m[KPoint_[m[K
[01m[K/home/limdegcai/GSMART/CODE/result/skidpad_detector/include/skidpad_detector.hpp:43:42:[m[K [01;31m[Kerror: [m[Ktemplate argument 1 is invalid
   43 |   std::vector<geometry_msgs::msg::Point32[01;31m[K>[m[K skidpad_map_points_;
      |                                          [01;31m[K^[m[K
[01m[K/home/limdegcai/GSMART/CODE/result/skidpad_detector/include/skidpad_detector.hpp:43:42:[m[K [01;31m[Kerror: [m[Ktemplate argument 2 is invalid
[01m[K/home/limdegcai/GSMART/CODE/result/skidpad_detector/src/skidpad_detector.cpp:[m[K In member function ‘[01m[Kvoid ns_skidpad_detector::SkidpadDetector::loadFiles()[m[K’:
[01m[K/home/limdegcai/GSMART/CODE/result/skidpad_detector/src/skidpad_detector.cpp:59:25:[m[K [01;31m[Kerror: [m[K‘[01m[KPoint32[m[K’ is not a member of ‘[01m[Kgeometry_msgs::msg[m[K’; did you mean ‘[01m[KPoint_[m[K’?
   59 |     geometry_msgs::msg::[01;31m[KPoint32[m[K tmp;
      |                         [01;31m[K^~~~~~~[m[K
      |                         [32m[KPoint_[m[K
In file included from [01m[K/home/limdegcai/GSMART/CODE/result/skidpad_detector/include/skidpad_detector_handle.hpp:8[m[K,
                 from [01m[K/home/limdegcai/GSMART/CODE/result/skidpad_detector/src/skidpad_detector_handle.cpp:1[m[K:
[01m[K/home/limdegcai/GSMART/CODE/result/skidpad_detector/include/skidpad_detector.hpp:43:35:[m[K [01;31m[Kerror: [m[K‘[01m[KPoint32[m[K’ is not a member of ‘[01m[Kgeometry_msgs::msg[m[K’; did you mean ‘[01m[KPoint_[m[K’?
   43 |   std::vector<geometry_msgs::msg::[01;31m[KPoint32[m[K> skidpad_map_points_;
      |                                   [01;31m[K^~~~~~~[m[K
      |                                   [32m[KPoint_[m[K
[01m[K/home/limdegcai/GSMART/CODE/result/skidpad_detector/include/skidpad_detector.hpp:43:42:[m[K [01;31m[Kerror: [m[Ktemplate argument 1 is invalid
   43 |   std::vector<geometry_msgs::msg::Point32[01;31m[K>[m[K skidpad_map_points_;
      |                                          [01;31m[K^[m[K
[01m[K/home/limdegcai/GSMART/CODE/result/skidpad_detector/include/skidpad_detector.hpp:43:42:[m[K [01;31m[Kerror: [m[Ktemplate argument 2 is invalid
[01m[K/home/limdegcai/GSMART/CODE/result/skidpad_detector/src/skidpad_detector.cpp:60:5:[m[K [01;31m[Kerror: [m[K‘[01m[Ktmp[m[K’ was not declared in this scope; did you mean ‘[01m[Ktm[m[K’?
   60 |     [01;31m[Ktmp[m[K.x = point.y + start_length_ + lidar2imu_;
      |     [01;31m[K^~~[m[K
      |     [32m[Ktm[m[K
[01m[K/home/limdegcai/GSMART/CODE/result/skidpad_detector/src/skidpad_detector.cpp:63:25:[m[K [01;31m[Kerror: [m[Krequest for member ‘[01m[Kpush_back[m[K’ in ‘[01m[K((ns_skidpad_detector::SkidpadDetector*)this)->ns_skidpad_detector::SkidpadDetector::skidpad_map_points_[m[K’, which is of non-class type ‘[01m[Kint[m[K’
   63 |     skidpad_map_points_.[01;31m[Kpush_back[m[K(tmp);
      |                         [01;31m[K^~~~~~~~~[m[K
[01m[K/home/limdegcai/GSMART/CODE/result/skidpad_detector/src/skidpad_detector.cpp:[m[K In member function ‘[01m[Kvoid ns_skidpad_detector::SkidpadDetector::runAlgorithm()[m[K’:
[01m[K/home/limdegcai/GSMART/CODE/result/skidpad_detector/src/skidpad_detector.cpp:103:29:[m[K [01;31m[Kerror: [m[K‘[01m[Kbegin[m[K’ was not declared in this scope
  103 |   for (const auto& map_pt : [01;31m[Kskidpad_map_points_[m[K) {
      |                             [01;31m[K^~~~~~~~~~~~~~~~~~~[m[K
[01m[K/home/limdegcai/GSMART/CODE/result/skidpad_detector/src/skidpad_detector.cpp:103:29:[m[K [01;36m[Knote: [m[Ksuggested alternatives:
In file included from [01m[K/usr/include/c++/11/array:41[m[K,
                 from [01m[K/usr/include/c++/11/tuple:39[m[K,
                 from [01m[K/usr/include/c++/11/bits/unique_ptr.h:37[m[K,
                 from [01m[K/usr/include/c++/11/memory:76[m[K,
                 from [01m[K/opt/ros/humble/include/rclcpp/rclcpp/rclcpp.hpp:153[m[K,
                 from [01m[K/home/limdegcai/GSMART/CODE/result/skidpad_detector/include/skidpad_detector.hpp:4[m[K,
                 from [01m[K/home/limdegcai/GSMART/CODE/result/skidpad_detector/src/skidpad_detector.cpp:1[m[K:
[01m[K/usr/include/c++/11/bits/range_access.h:108:37:[m[K [01;36m[Knote: [m[K  ‘[01m[Kstd::begin[m[K’
  108 |   template<typename _Tp> const _Tp* [01;36m[Kbegin[m[K(const valarray<_Tp>&) noexcept;
      |                                     [01;36m[K^~~~~[m[K
In file included from [01m[K/usr/include/boost/mpl/vector/aux_/begin_end.hpp:21[m[K,
                 from [01m[K/usr/include/boost/mpl/vector/vector0.hpp:31[m[K,
                 from [01m[K/usr/include/boost/mpl/vector/vector10.hpp:18[m[K,
                 from [01m[K/usr/include/boost/mpl/vector/vector20.hpp:18[m[K,
                 from [01m[K/usr/include/boost/mpl/vector.hpp:36[m[K,
                 from [01m[K/usr/include/pcl-1.12/pcl/point_struct_traits.h:43[m[K,
                 from [01m[K/usr/include/pcl-1.12/pcl/type_traits.h:40[m[K,
                 from [01m[K/usr/include/pcl-1.12/pcl/memory.h:46[m[K,
                 from [01m[K/usr/include/pcl-1.12/pcl/io/pcd_io.h:42[m[K,
                 from [01m[K/home/limdegcai/GSMART/CODE/result/skidpad_detector/include/skidpad_detector.hpp:10[m[K,
                 from [01m[K/home/limdegcai/GSMART/CODE/result/skidpad_detector/src/skidpad_detector.cpp:1[m[K:
[01m[K/usr/include/boost/mpl/begin_end_fwd.hpp:22:38:[m[K [01;36m[Knote: [m[K  ‘[01m[Kboost::mpl::begin[m[K’
   22 | template< typename Sequence > struct [01;36m[Kbegin[m[K;
      |                                      [01;36m[K^~~~~[m[K
In file included from [01m[K/usr/include/boost/foreach.hpp:81[m[K,
                 from [01m[K/usr/include/pcl-1.12/pcl/conversions.h:54[m[K,
                 from [01m[K/usr/include/pcl-1.12/pcl/io/file_io.h:40[m[K,
                 from [01m[K/usr/include/pcl-1.12/pcl/io/pcd_io.h:45[m[K,
                 from [01m[K/home/limdegcai/GSMART/CODE/result/skidpad_detector/include/skidpad_detector.hpp:10[m[K,
                 from [01m[K/home/limdegcai/GSMART/CODE/result/skidpad_detector/src/skidpad_detector.cpp:1[m[K:
[01m[K/usr/include/boost/range/begin.hpp:110:61:[m[K [01;36m[Knote: [m[K  ‘[01m[Kboost::range_adl_barrier::begin[m[K’
  110 | inline BOOST_DEDUCED_TYPENAME range_iterator<const T>::type [01;36m[Kbegin[m[K( const T& r )
      |                                                             [01;36m[K^~~~~[m[K
In file included from [01m[K/usr/include/pcl-1.12/pcl/conversions.h:54[m[K,
                 from [01m[K/usr/include/pcl-1.12/pcl/io/file_io.h:40[m[K,
                 from [01m[K/usr/include/pcl-1.12/pcl/io/pcd_io.h:45[m[K,
                 from [01m[K/home/limdegcai/GSMART/CODE/result/skidpad_detector/include/skidpad_detector.hpp:10[m[K,
                 from [01m[K/home/limdegcai/GSMART/CODE/result/skidpad_detector/src/skidpad_detector.cpp:1[m[K:
[01m[K/usr/include/boost/foreach.hpp:696:1:[m[K [01;36m[Knote: [m[K  ‘[01m[Kboost::foreach_detail_::begin[m[K’
  696 | [01;36m[Kbegin[m[K(auto_any_t col, type2type<T *, C> *, boost::mpl::true_ *) // null-terminated C-style strings
      | [01;36m[K^~~~~[m[K
In file included from [01m[K/usr/include/boost/fusion/iterator/segmented_iterator.hpp:13[m[K,
                 from [01m[K/usr/include/boost/fusion/sequence/intrinsic/detail/segmented_end.hpp:12[m[K,
                 from [01m[K/usr/include/boost/fusion/sequence/intrinsic/end.hpp:18[m[K,
                 from [01m[K/usr/include/boost/fusion/mpl/back.hpp:12[m[K,
                 from [01m[K/usr/include/boost/fusion/mpl.hpp:15[m[K,
                 from [01m[K/usr/include/boost/fusion/include/mpl.hpp:12[m[K,
                 from [01m[K/usr/include/pcl-1.12/pcl/common/impl/accumulators.hpp:44[m[K,
                 from [01m[K/usr/include/pcl-1.12/pcl/common/centroid.h:955[m[K,
                 from [01m[K/usr/include/pcl-1.12/pcl/common/transforms.h:44[m[K,
                 from [01m[K/usr/include/pcl-1.12/pcl/registration/transformation_estimation.h:43[m[K,
                 from [01m[K/usr/include/pcl-1.12/pcl/registration/registration.h:46[m[K,
                 from [01m[K/usr/include/pcl-1.12/pcl/registration/icp.h:46[m[K,
                 from [01m[K/home/limdegcai/GSMART/CODE/result/skidpad_detector/include/skidpad_detector.hpp:11[m[K,
                 from [01m[K/home/limdegcai/GSMART/CODE/result/skidpad_detector/src/skidpad_detector.cpp:1[m[K:
[01m[K/usr/include/boost/fusion/sequence/intrinsic/begin.hpp:92:5:[m[K [01;36m[Knote: [m[K  ‘[01m[Kboost::fusion::begin[m[K’
   92 |     [01;36m[Kbegin[m[K(Sequence const& seq)
      |     [01;36m[K^~~~~[m[K
In file included from [01m[K/usr/include/boost/fusion/sequence/intrinsic/value_at.hpp:16[m[K,
                 from [01m[K/usr/include/boost/fusion/mpl/at.hpp:12[m[K,
                 from [01m[K/usr/include/boost/fusion/mpl.hpp:14[m[K,
                 from [01m[K/usr/include/boost/fusion/include/mpl.hpp:12[m[K,
                 from [01m[K/usr/include/pcl-1.12/pcl/common/impl/accumulators.hpp:44[m[K,
                 from [01m[K/usr/include/pcl-1.12/pcl/common/centroid.h:955[m[K,
                 from [01m[K/usr/include/pcl-1.12/pcl/common/transforms.h:44[m[K,
                 from [01m[K/usr/include/pcl-1.12/pcl/registration/transformation_estimation.h:43[m[K,
                 from [01m[K/usr/include/pcl-1.12/pcl/registration/registration.h:46[m[K,
                 from [01m[K/usr/include/pcl-1.12/pcl/registration/icp.h:46[m[K,
                 from [01m[K/home/limdegcai/GSMART/CODE/result/skidpad_detector/include/skidpad_detector.hpp:11[m[K,
                 from [01m[K/home/limdegcai/GSMART/CODE/result/skidpad_detector/src/skidpad_detector.cpp:1[m[K:
[01m[K/usr/include/boost/fusion/sequence/intrinsic_fwd.hpp:62:16:[m[K [01;36m[Knote: [m[K  ‘[01m[Kboost::fusion::result_of::begin[m[K’
   62 |         struct [01;36m[Kbegin[m[K;
      |                [01;36m[K^~~~~[m[K
[01m[K/home/limdegcai/GSMART/CODE/result/skidpad_detector/src/skidpad_detector.cpp:103:29:[m[K [01;31m[Kerror: [m[K‘[01m[Kend[m[K’ was not declared in this scope
  103 |   for (const auto& map_pt : [01;31m[Kskidpad_map_points_[m[K) {
      |                             [01;31m[K^~~~~~~~~~~~~~~~~~~[m[K
[01m[K/home/limdegcai/GSMART/CODE/result/skidpad_detector/src/skidpad_detector.cpp:103:29:[m[K [01;36m[Knote: [m[Ksuggested alternatives:
In file included from [01m[K/usr/include/c++/11/array:41[m[K,
                 from [01m[K/usr/include/c++/11/tuple:39[m[K,
                 from [01m[K/usr/include/c++/11/bits/unique_ptr.h:37[m[K,
                 from [01m[K/usr/include/c++/11/memory:76[m[K,
                 from [01m[K/opt/ros/humble/include/rclcpp/rclcpp/rclcpp.hpp:153[m[K,
                 from [01m[K/home/limdegcai/GSMART/CODE/result/skidpad_detector/include/skidpad_detector.hpp:4[m[K,
                 from [01m[K/home/limdegcai/GSMART/CODE/result/skidpad_detector/src/skidpad_detector.cpp:1[m[K:
[01m[K/usr/include/c++/11/bits/range_access.h:110:37:[m[K [01;36m[Knote: [m[K  ‘[01m[Kstd::end[m[K’
  110 |   template<typename _Tp> const _Tp* [01;36m[Kend[m[K(const valarray<_Tp>&) noexcept;
      |                                     [01;36m[K^~~[m[K
In file included from [01m[K/usr/include/boost/mpl/vector/aux_/begin_end.hpp:21[m[K,
                 from [01m[K/usr/include/boost/mpl/vector/vector0.hpp:31[m[K,
                 from [01m[K/usr/include/boost/mpl/vector/vector10.hpp:18[m[K,
                 from [01m[K/usr/include/boost/mpl/vector/vector20.hpp:18[m[K,
                 from [01m[K/usr/include/boost/mpl/vector.hpp:36[m[K,
                 from [01m[K/usr/include/pcl-1.12/pcl/point_struct_traits.h:43[m[K,
                 from [01m[K/usr/include/pcl-1.12/pcl/type_traits.h:40[m[K,
                 from [01m[K/usr/include/pcl-1.12/pcl/memory.h:46[m[K,
                 from [01m[K/usr/include/pcl-1.12/pcl/io/pcd_io.h:42[m[K,
                 from [01m[K/home/limdegcai/GSMART/CODE/result/skidpad_detector/include/skidpad_detector.hpp:10[m[K,
                 from [01m[K/home/limdegcai/GSMART/CODE/result/skidpad_detector/src/skidpad_detector.cpp:1[m[K:
[01m[K/usr/include/boost/mpl/begin_end_fwd.hpp:23:38:[m[K [01;36m[Knote: [m[K  ‘[01m[Kboost::mpl::end[m[K’
   23 | template< typename Sequence > struct [01;36m[Kend[m[K;
      |                                      [01;36m[K^~~[m[K
In file included from [01m[K/usr/include/boost/foreach.hpp:80[m[K,
                 from [01m[K/usr/include/pcl-1.12/pcl/conversions.h:54[m[K,
                 from [01m[K/usr/include/pcl-1.12/pcl/io/file_io.h:40[m[K,
                 from [01m[K/usr/include/pcl-1.12/pcl/io/pcd_io.h:45[m[K,
                 from [01m[K/home/limdegcai/GSMART/CODE/result/skidpad_detector/include/skidpad_detector.hpp:10[m[K,
                 from [01m[K/home/limdegcai/GSMART/CODE/result/skidpad_detector/src/skidpad_detector.cpp:1[m[K:
[01m[K/usr/include/boost/range/end.hpp:104:61:[m[K [01;36m[Knote: [m[K  ‘[01m[Kboost::range_adl_barrier::end[m[K’
  104 | inline BOOST_DEDUCED_TYPENAME range_iterator<const T>::type [01;36m[Kend[m[K( const T& r )
      |                                                             [01;36m[K^~~[m[K
In file included from [01m[K/usr/include/pcl-1.12/pcl/conversions.h:54[m[K,
                 from [01m[K/usr/include/pcl-1.12/pcl/io/file_io.h:40[m[K,
                 from [01m[K/usr/include/pcl-1.12/pcl/io/pcd_io.h:45[m[K,
                 from [01m[K/home/limdegcai/GSMART/CODE/result/skidpad_detector/include/skidpad_detector.hpp:10[m[K,
                 from [01m[K/home/limdegcai/GSMART/CODE/result/skidpad_detector/src/skidpad_detector.cpp:1[m[K:
[01m[K/usr/include/boost/foreach.hpp:736:1:[m[K [01;36m[Knote: [m[K  ‘[01m[Kboost::foreach_detail_::end[m[K’
  736 | [01;36m[Kend[m[K(auto_any_t, type2type<T *, C> *, boost::mpl::true_ *) // null-terminated C-style strings
      | [01;36m[K^~~[m[K
In file included from [01m[K/usr/include/boost/fusion/mpl/back.hpp:12[m[K,
                 from [01m[K/usr/include/boost/fusion/mpl.hpp:15[m[K,
                 from [01m[K/usr/include/boost/fusion/include/mpl.hpp:12[m[K,
                 from [01m[K/usr/include/pcl-1.12/pcl/common/impl/accumulators.hpp:44[m[K,
                 from [01m[K/usr/include/pcl-1.12/pcl/common/centroid.h:955[m[K,
                 from [01m[K/usr/include/pcl-1.12/pcl/common/transforms.h:44[m[K,
                 from [01m[K/usr/include/pcl-1.12/pcl/registration/transformation_estimation.h:43[m[K,
                 from [01m[K/usr/include/pcl-1.12/pcl/registration/registration.h:46[m[K,
                 from [01m[K/usr/include/pcl-1.12/pcl/registration/icp.h:46[m[K,
                 from [01m[K/home/limdegcai/GSMART/CODE/result/skidpad_detector/include/skidpad_detector.hpp:11[m[K,
                 from [01m[K/home/limdegcai/GSMART/CODE/result/skidpad_detector/src/skidpad_detector.cpp:1[m[K:
[01m[K/usr/include/boost/fusion/sequence/intrinsic/end.hpp:92:5:[m[K [01;36m[Knote: [m[K  ‘[01m[Kboost::fusion::end[m[K’
   92 |     [01;36m[Kend[m[K(Sequence const& seq)
      |     [01;36m[K^~~[m[K
In file included from [01m[K/usr/include/eigen3/Eigen/Core:265[m[K,
                 from [01m[K/usr/include/pcl-1.12/pcl/memory.h:48[m[K,
                 from [01m[K/usr/include/pcl-1.12/pcl/io/pcd_io.h:42[m[K,
                 from [01m[K/home/limdegcai/GSMART/CODE/result/skidpad_detector/include/skidpad_detector.hpp:10[m[K,
                 from [01m[K/home/limdegcai/GSMART/CODE/result/skidpad_detector/src/skidpad_detector.cpp:1[m[K:
[01m[K/usr/include/eigen3/Eigen/src/Core/util/IndexedViewHelper.h:181:40:[m[K [01;36m[Knote: [m[K  ‘[01m[KEigen::placeholders::end[m[K’
  181 |   EIGEN_DEPRECATED static const end_t  [01;36m[Kend[m[K  = Eigen::lastp1; // PLEASE use Eigen::lastp1 instead of Eigen::placeholders::end
      |                                        [01;36m[K^~~[m[K
In file included from [01m[K/usr/include/boost/fusion/sequence/intrinsic/value_at.hpp:16[m[K,
                 from [01m[K/usr/include/boost/fusion/mpl/at.hpp:12[m[K,
                 from [01m[K/usr/include/boost/fusion/mpl.hpp:14[m[K,
                 from [01m[K/usr/include/boost/fusion/include/mpl.hpp:12[m[K,
                 from [01m[K/usr/include/pcl-1.12/pcl/common/impl/accumulators.hpp:44[m[K,
                 from [01m[K/usr/include/pcl-1.12/pcl/common/centroid.h:955[m[K,
                 from [01m[K/usr/include/pcl-1.12/pcl/common/transforms.h:44[m[K,
                 from [01m[K/usr/include/pcl-1.12/pcl/registration/transformation_estimation.h:43[m[K,
                 from [01m[K/usr/include/pcl-1.12/pcl/registration/registration.h:46[m[K,
                 from [01m[K/usr/include/pcl-1.12/pcl/registration/icp.h:46[m[K,
                 from [01m[K/home/limdegcai/GSMART/CODE/result/skidpad_detector/include/skidpad_detector.hpp:11[m[K,
                 from [01m[K/home/limdegcai/GSMART/CODE/result/skidpad_detector/src/skidpad_detector.cpp:1[m[K:
[01m[K/usr/include/boost/fusion/sequence/intrinsic_fwd.hpp:68:16:[m[K [01;36m[Knote: [m[K  ‘[01m[Kboost::fusion::result_of::end[m[K’
   68 |         struct [01;36m[Kend[m[K;
      |                [01;36m[K^~~[m[K
gmake[2]: *** [CMakeFiles/skidpad_detector_node.dir/build.make:104：CMakeFiles/skidpad_detector_node.dir/src/main.cpp.o] 错误 1
gmake[2]: *** 正在等待未完成的任务....
gmake[2]: *** [CMakeFiles/skidpad_detector_node.dir/build.make:76：CMakeFiles/skidpad_detector_node.dir/src/skidpad_detector_handle.cpp.o] 错误 1
gmake[2]: *** [CMakeFiles/skidpad_detector_node.dir/build.make:90：CMakeFiles/skidpad_detector_node.dir/src/skidpad_detector.cpp.o] 错误 1
gmake[1]: *** [CMakeFiles/Makefile2:137：CMakeFiles/skidpad_detector_node.dir/all] 错误 2
gmake: *** [Makefile:146：all] 错误 2
