-- The C compiler identification is GNU 11.4.0
-- The CXX compiler identification is GNU 11.4.0
-- Detecting C compiler ABI info
-- Detecting C compiler ABI info - done
-- Check for working C compiler: /usr/bin/cc - skipped
-- Detecting C compile features
-- Detecting C compile features - done
-- Detecting CXX compiler ABI info
-- Detecting CXX compiler ABI info - done
-- Check for working CXX compiler: /usr/bin/c++ - skipped
-- Detecting CXX compile features
-- Detecting CXX compile features - done
-- Found ament_cmake: 1.3.12 (/opt/ros/humble/share/ament_cmake/cmake)
-- Found Python3: /usr/bin/python3 (found version "3.10.12") found components: Interpreter 
-- Found rclcpp: 16.0.16 (/opt/ros/humble/share/rclcpp/cmake)
-- Found rosidl_generator_c: 3.1.7 (/opt/ros/humble/share/rosidl_generator_c/cmake)
-- Found rosidl_adapter: 3.1.7 (/opt/ros/humble/share/rosidl_adapter/cmake)
-- Found rosidl_generator_cpp: 3.1.7 (/opt/ros/humble/share/rosidl_generator_cpp/cmake)
-- Using all available rosidl_typesupport_c: rosidl_typesupport_fastrtps_c;rosidl_typesupport_introspection_c
-- Using all available rosidl_typesupport_cpp: rosidl_typesupport_fastrtps_cpp;rosidl_typesupport_introspection_cpp
-- Found rmw_implementation_cmake: 6.1.2 (/opt/ros/humble/share/rmw_implementation_cmake/cmake)
-- Found rmw_fastrtps_cpp: 6.2.9 (/opt/ros/humble/share/rmw_fastrtps_cpp/cmake)
-- Found OpenSSL: /usr/lib/x86_64-linux-gnu/libcrypto.so (found version "3.0.2")  
-- Found FastRTPS: /opt/ros/humble/include  
-- Using RMW implementation 'rmw_fastrtps_cpp' as default
-- Looking for pthread.h
-- Looking for pthread.h - found
-- Performing Test CMAKE_HAVE_LIBC_PTHREAD
-- Performing Test CMAKE_HAVE_LIBC_PTHREAD - Success
-- Found Threads: TRUE  
-- Found sensor_msgs: 4.9.0 (/opt/ros/humble/share/sensor_msgs/cmake)
-- Found nav_msgs: 4.9.0 (/opt/ros/humble/share/nav_msgs/cmake)
-- Found pcl_ros: 2.4.5 (/opt/ros/humble/share/pcl_ros/cmake)
-- Checking for module 'eigen3'
--   Found eigen3, version 3.4.0
-- Found Eigen: /usr/include/eigen3 (Required is at least version "3.1") 
-- Eigen found (include: /usr/include/eigen3, version: 3.4.0)
-- Checking for module 'flann'
--   Found flann, version 1.9.1
-- Found FLANN: /usr/lib/x86_64-linux-gnu/libflann_cpp.so  
-- FLANN found (include: /usr/include, lib: /usr/lib/x86_64-linux-gnu/libflann_cpp.so)
-- Checking for module 'libusb-1.0'
--   Found libusb-1.0, version 1.0.25
-- Found libusb: /usr/lib/x86_64-linux-gnu/libusb-1.0.so  
-- OpenNI found (version: 1.5.4.0, include: /usr/include/ni, lib: /usr/lib/libOpenNI.so;libusb::libusb)
-- OpenNI2 found (version: 2.2.0.33, include: /usr/include/openni2, lib: /usr/lib/x86_64-linux-gnu/libOpenNI2.so;libusb::libusb)
-- Eigen found (include: /usr/include/eigen3, version: 3.4.0)
-- OpenNI found (version: 1.5.4.0, include: /usr/include/ni, lib: /usr/lib/libOpenNI.so;libusb::libusb)
-- OpenNI2 found (version: 2.2.0.33, include: /usr/include/openni2, lib: /usr/lib/x86_64-linux-gnu/libOpenNI2.so;libusb::libusb)
-- Found Qhull version 8.0.2
-- OpenNI found (version: 1.5.4.0, include: /usr/include/ni, lib: /usr/lib/libOpenNI.so;libusb::libusb)
-- Found PCL_COMMON: /usr/lib/x86_64-linux-gnu/libpcl_common.so  
-- Found PCL_KDTREE: /usr/lib/x86_64-linux-gnu/libpcl_kdtree.so  
-- Found PCL_OCTREE: /usr/lib/x86_64-linux-gnu/libpcl_octree.so  
-- Found PCL_SEARCH: /usr/lib/x86_64-linux-gnu/libpcl_search.so  
-- Found PCL_SAMPLE_CONSENSUS: /usr/lib/x86_64-linux-gnu/libpcl_sample_consensus.so  
-- Found PCL_FILTERS: /usr/lib/x86_64-linux-gnu/libpcl_filters.so  
-- Found PCL_2D: /usr/include/pcl-1.12  
-- Found PCL_GEOMETRY: /usr/include/pcl-1.12  
-- Found PCL_IO: /usr/lib/x86_64-linux-gnu/libpcl_io.so  
-- Found PCL_FEATURES: /usr/lib/x86_64-linux-gnu/libpcl_features.so  
-- Found PCL_ML: /usr/lib/x86_64-linux-gnu/libpcl_ml.so  
-- Found PCL_SEGMENTATION: /usr/lib/x86_64-linux-gnu/libpcl_segmentation.so  
-- Found PCL_VISUALIZATION: /usr/lib/x86_64-linux-gnu/libpcl_visualization.so  
-- Found PCL_SURFACE: /usr/lib/x86_64-linux-gnu/libpcl_surface.so  
-- Found PCL_REGISTRATION: /usr/lib/x86_64-linux-gnu/libpcl_registration.so  
-- Found PCL_KEYPOINTS: /usr/lib/x86_64-linux-gnu/libpcl_keypoints.so  
-- Found PCL_TRACKING: /usr/lib/x86_64-linux-gnu/libpcl_tracking.so  
-- Found PCL_RECOGNITION: /usr/lib/x86_64-linux-gnu/libpcl_recognition.so  
-- Found PCL_STEREO: /usr/lib/x86_64-linux-gnu/libpcl_stereo.so  
-- Found PCL_APPS: /usr/lib/x86_64-linux-gnu/libpcl_apps.so  
-- Found PCL_IN_HAND_SCANNER: /usr/include/pcl-1.12  
-- Found PCL_MODELER: /usr/include/pcl-1.12  
-- Found PCL_POINT_CLOUD_EDITOR: /usr/include/pcl-1.12  
-- Found PCL_OUTOFCORE: /usr/lib/x86_64-linux-gnu/libpcl_outofcore.so  
-- Found PCL_PEOPLE: /usr/lib/x86_64-linux-gnu/libpcl_people.so  
-- Found eigen3_cmake_module: 0.1.1 (/opt/ros/humble/share/eigen3_cmake_module/cmake)
-- Found Eigen3: TRUE (found version "3.4.0") 
-- Ensuring Eigen3 include directory is part of orocos-kdl CMake target
[33mCMake Warning (dev) at CMakeLists.txt:15 (find_package):
  Policy CMP0074 is not set: find_package uses <PackageName>_ROOT variables.
  Run "cmake --help-policy CMP0074" for policy details.  Use the cmake_policy
  command to set the policy and suppress this warning.

  CMake variable PCL_ROOT is set to:

    /usr

  For compatibility, CMake is ignoring the variable.
This warning is for project developers.  Use -Wno-dev to suppress it.
[0m
-- Found ament_lint_auto: 0.12.14 (/opt/ros/humble/share/ament_lint_auto/cmake)
-- Added test 'copyright' to check source files copyright and LICENSE
-- Added test 'cppcheck' to perform static code analysis on C / C++ code
-- Configured cppcheck include dirs: /home/limdegcai/GSMART/CODE/result/skidpad_detector/include
-- Configured cppcheck exclude dirs and/or files: 
-- Added test 'cpplint' to check C / C++ code against the Google style
-- Configured cpplint exclude dirs and/or files: 
-- Added test 'flake8' to check Python code syntax and style conventions
-- Added test 'lint_cmake' to check CMake code style
-- Added test 'pep257' to check Python code against some of the docstring style conventions in PEP 257
-- Added test 'uncrustify' to check C / C++ code style
-- Configured uncrustify additional arguments: 
-- Added test 'xmllint' to check XML markup files
-- Configuring done
-- Generating done
-- Build files have been written to: /home/limdegcai/GSMART/CODE/result/skidpad_detector/build/skidpad_detector
[ 75%] [32mBuilding CXX object CMakeFiles/skidpad_detector_node.dir/src/main.cpp.o[0m
[ 75%] [32mBuilding CXX object CMakeFiles/skidpad_detector_node.dir/src/skidpad_detector.cpp.o[0m
[ 75%] [32mBuilding CXX object CMakeFiles/skidpad_detector_node.dir/src/skidpad_detector_handle.cpp.o[0m
In file included from [01m[K/home/limdegcai/GSMART/CODE/result/skidpad_detector/src/skidpad_detector.cpp:1[m[K:
[01m[K/home/limdegcai/GSMART/CODE/result/skidpad_detector/include/skidpad_detector.hpp:43:35:[m[K [01;31m[Kerror: [m[K‘[01m[KPoint32[m[K’ is not a member of ‘[01m[Kgeometry_msgs::msg[m[K’; did you mean ‘[01m[KPoint_[m[K’?
   43 |   std::vector<geometry_msgs::msg::[01;31m[KPoint32[m[K> skidpad_map_points_;
      |                                   [01;31m[K^~~~~~~[m[K
      |                                   [32m[KPoint_[m[K
[01m[K/home/limdegcai/GSMART/CODE/result/skidpad_detector/include/skidpad_detector.hpp:43:42:[m[K [01;31m[Kerror: [m[Ktemplate argument 1 is invalid
   43 |   std::vector<geometry_msgs::msg::Point32[01;31m[K>[m[K skidpad_map_points_;
      |                                          [01;31m[K^[m[K
[01m[K/home/limdegcai/GSMART/CODE/result/skidpad_detector/include/skidpad_detector.hpp:43:42:[m[K [01;31m[Kerror: [m[Ktemplate argument 2 is invalid
In file included from [01m[K/home/limdegcai/GSMART/CODE/result/skidpad_detector/include/skidpad_detector_handle.hpp:8[m[K,
                 from [01m[K/home/limdegcai/GSMART/CODE/result/skidpad_detector/src/main.cpp:2[m[K:
[01m[K/home/limdegcai/GSMART/CODE/result/skidpad_detector/include/skidpad_detector.hpp:43:35:[m[K [01;31m[Kerror: [m[K‘[01m[KPoint32[m[K’ is not a member of ‘[01m[Kgeometry_msgs::msg[m[K’; did you mean ‘[01m[KPoint_[m[K’?
   43 |   std::vector<geometry_msgs::msg::[01;31m[KPoint32[m[K> skidpad_map_points_;
      |                                   [01;31m[K^~~~~~~[m[K
      |                                   [32m[KPoint_[m[K
[01m[K/home/limdegcai/GSMART/CODE/result/skidpad_detector/include/skidpad_detector.hpp:43:42:[m[K [01;31m[Kerror: [m[Ktemplate argument 1 is invalid
   43 |   std::vector<geometry_msgs::msg::Point32[01;31m[K>[m[K skidpad_map_points_;
      |                                          [01;31m[K^[m[K
[01m[K/home/limdegcai/GSMART/CODE/result/skidpad_detector/include/skidpad_detector.hpp:43:42:[m[K [01;31m[Kerror: [m[Ktemplate argument 2 is invalid
[01m[K/home/limdegcai/GSMART/CODE/result/skidpad_detector/src/skidpad_detector.cpp:[m[K In member function ‘[01m[Kvoid ns_skidpad_detector::SkidpadDetector::loadFiles()[m[K’:
[01m[K/home/limdegcai/GSMART/CODE/result/skidpad_detector/src/skidpad_detector.cpp:59:25:[m[K [01;31m[Kerror: [m[K‘[01m[KPoint32[m[K’ is not a member of ‘[01m[Kgeometry_msgs::msg[m[K’; did you mean ‘[01m[KPoint_[m[K’?
   59 |     geometry_msgs::msg::[01;31m[KPoint32[m[K tmp;
      |                         [01;31m[K^~~~~~~[m[K
      |                         [32m[KPoint_[m[K
In file included from [01m[K/home/limdegcai/GSMART/CODE/result/skidpad_detector/include/skidpad_detector_handle.hpp:8[m[K,
                 from [01m[K/home/limdegcai/GSMART/CODE/result/skidpad_detector/src/skidpad_detector_handle.cpp:1[m[K:
[01m[K/home/limdegcai/GSMART/CODE/result/skidpad_detector/include/skidpad_detector.hpp:43:35:[m[K [01;31m[Kerror: [m[K‘[01m[KPoint32[m[K’ is not a member of ‘[01m[Kgeometry_msgs::msg[m[K’; did you mean ‘[01m[KPoint_[m[K’?
   43 |   std::vector<geometry_msgs::msg::[01;31m[KPoint32[m[K> skidpad_map_points_;
      |                                   [01;31m[K^~~~~~~[m[K
      |                                   [32m[KPoint_[m[K
[01m[K/home/limdegcai/GSMART/CODE/result/skidpad_detector/include/skidpad_detector.hpp:43:42:[m[K [01;31m[Kerror: [m[Ktemplate argument 1 is invalid
   43 |   std::vector<geometry_msgs::msg::Point32[01;31m[K>[m[K skidpad_map_points_;
      |                                          [01;31m[K^[m[K
[01m[K/home/limdegcai/GSMART/CODE/result/skidpad_detector/include/skidpad_detector.hpp:43:42:[m[K [01;31m[Kerror: [m[Ktemplate argument 2 is invalid
[01m[K/home/limdegcai/GSMART/CODE/result/skidpad_detector/src/skidpad_detector.cpp:60:5:[m[K [01;31m[Kerror: [m[K‘[01m[Ktmp[m[K’ was not declared in this scope; did you mean ‘[01m[Ktm[m[K’?
   60 |     [01;31m[Ktmp[m[K.x = point.y + start_length_ + lidar2imu_;
      |     [01;31m[K^~~[m[K
      |     [32m[Ktm[m[K
[01m[K/home/limdegcai/GSMART/CODE/result/skidpad_detector/src/skidpad_detector.cpp:63:25:[m[K [01;31m[Kerror: [m[Krequest for member ‘[01m[Kpush_back[m[K’ in ‘[01m[K((ns_skidpad_detector::SkidpadDetector*)this)->ns_skidpad_detector::SkidpadDetector::skidpad_map_points_[m[K’, which is of non-class type ‘[01m[Kint[m[K’
   63 |     skidpad_map_points_.[01;31m[Kpush_back[m[K(tmp);
      |                         [01;31m[K^~~~~~~~~[m[K
[01m[K/home/limdegcai/GSMART/CODE/result/skidpad_detector/src/skidpad_detector.cpp:[m[K In member function ‘[01m[Kvoid ns_skidpad_detector::SkidpadDetector::runAlgorithm()[m[K’:
[01m[K/home/limdegcai/GSMART/CODE/result/skidpad_detector/src/skidpad_detector.cpp:103:29:[m[K [01;31m[Kerror: [m[K‘[01m[Kbegin[m[K’ was not declared in this scope
  103 |   for (const auto& map_pt : [01;31m[Kskidpad_map_points_[m[K) {
      |                             [01;31m[K^~~~~~~~~~~~~~~~~~~[m[K
[01m[K/home/limdegcai/GSMART/CODE/result/skidpad_detector/src/skidpad_detector.cpp:103:29:[m[K [01;36m[Knote: [m[Ksuggested alternatives:
In file included from [01m[K/usr/include/c++/11/array:41[m[K,
                 from [01m[K/usr/include/c++/11/tuple:39[m[K,
                 from [01m[K/usr/include/c++/11/bits/unique_ptr.h:37[m[K,
                 from [01m[K/usr/include/c++/11/memory:76[m[K,
                 from [01m[K/opt/ros/humble/include/rclcpp/rclcpp/rclcpp.hpp:153[m[K,
                 from [01m[K/home/limdegcai/GSMART/CODE/result/skidpad_detector/include/skidpad_detector.hpp:4[m[K,
                 from [01m[K/home/limdegcai/GSMART/CODE/result/skidpad_detector/src/skidpad_detector.cpp:1[m[K:
[01m[K/usr/include/c++/11/bits/range_access.h:108:37:[m[K [01;36m[Knote: [m[K  ‘[01m[Kstd::begin[m[K’
  108 |   template<typename _Tp> const _Tp* [01;36m[Kbegin[m[K(const valarray<_Tp>&) noexcept;
      |                                     [01;36m[K^~~~~[m[K
In file included from [01m[K/usr/include/boost/mpl/vector/aux_/begin_end.hpp:21[m[K,
                 from [01m[K/usr/include/boost/mpl/vector/vector0.hpp:31[m[K,
                 from [01m[K/usr/include/boost/mpl/vector/vector10.hpp:18[m[K,
                 from [01m[K/usr/include/boost/mpl/vector/vector20.hpp:18[m[K,
                 from [01m[K/usr/include/boost/mpl/vector.hpp:36[m[K,
                 from [01m[K/usr/include/pcl-1.12/pcl/point_struct_traits.h:43[m[K,
                 from [01m[K/usr/include/pcl-1.12/pcl/type_traits.h:40[m[K,
                 from [01m[K/usr/include/pcl-1.12/pcl/memory.h:46[m[K,
                 from [01m[K/usr/include/pcl-1.12/pcl/io/pcd_io.h:42[m[K,
                 from [01m[K/home/limdegcai/GSMART/CODE/result/skidpad_detector/include/skidpad_detector.hpp:10[m[K,
                 from [01m[K/home/limdegcai/GSMART/CODE/result/skidpad_detector/src/skidpad_detector.cpp:1[m[K:
[01m[K/usr/include/boost/mpl/begin_end_fwd.hpp:22:38:[m[K [01;36m[Knote: [m[K  ‘[01m[Kboost::mpl::begin[m[K’
   22 | template< typename Sequence > struct [01;36m[Kbegin[m[K;
      |                                      [01;36m[K^~~~~[m[K
In file included from [01m[K/usr/include/boost/foreach.hpp:81[m[K,
                 from [01m[K/usr/include/pcl-1.12/pcl/conversions.h:54[m[K,
                 from [01m[K/usr/include/pcl-1.12/pcl/io/file_io.h:40[m[K,
                 from [01m[K/usr/include/pcl-1.12/pcl/io/pcd_io.h:45[m[K,
                 from [01m[K/home/limdegcai/GSMART/CODE/result/skidpad_detector/include/skidpad_detector.hpp:10[m[K,
                 from [01m[K/home/limdegcai/GSMART/CODE/result/skidpad_detector/src/skidpad_detector.cpp:1[m[K:
[01m[K/usr/include/boost/range/begin.hpp:110:61:[m[K [01;36m[Knote: [m[K  ‘[01m[Kboost::range_adl_barrier::begin[m[K’
  110 | inline BOOST_DEDUCED_TYPENAME range_iterator<const T>::type [01;36m[Kbegin[m[K( const T& r )
      |                                                             [01;36m[K^~~~~[m[K
In file included from [01m[K/usr/include/pcl-1.12/pcl/conversions.h:54[m[K,
                 from [01m[K/usr/include/pcl-1.12/pcl/io/file_io.h:40[m[K,
                 from [01m[K/usr/include/pcl-1.12/pcl/io/pcd_io.h:45[m[K,
                 from [01m[K/home/limdegcai/GSMART/CODE/result/skidpad_detector/include/skidpad_detector.hpp:10[m[K,
                 from [01m[K/home/limdegcai/GSMART/CODE/result/skidpad_detector/src/skidpad_detector.cpp:1[m[K:
[01m[K/usr/include/boost/foreach.hpp:696:1:[m[K [01;36m[Knote: [m[K  ‘[01m[Kboost::foreach_detail_::begin[m[K’
  696 | [01;36m[Kbegin[m[K(auto_any_t col, type2type<T *, C> *, boost::mpl::true_ *) // null-terminated C-style strings
      | [01;36m[K^~~~~[m[K
In file included from [01m[K/usr/include/boost/fusion/iterator/segmented_iterator.hpp:13[m[K,
                 from [01m[K/usr/include/boost/fusion/sequence/intrinsic/detail/segmented_end.hpp:12[m[K,
                 from [01m[K/usr/include/boost/fusion/sequence/intrinsic/end.hpp:18[m[K,
                 from [01m[K/usr/include/boost/fusion/mpl/back.hpp:12[m[K,
                 from [01m[K/usr/include/boost/fusion/mpl.hpp:15[m[K,
                 from [01m[K/usr/include/boost/fusion/include/mpl.hpp:12[m[K,
                 from [01m[K/usr/include/pcl-1.12/pcl/common/impl/accumulators.hpp:44[m[K,
                 from [01m[K/usr/include/pcl-1.12/pcl/common/centroid.h:955[m[K,
                 from [01m[K/usr/include/pcl-1.12/pcl/common/transforms.h:44[m[K,
                 from [01m[K/usr/include/pcl-1.12/pcl/registration/transformation_estimation.h:43[m[K,
                 from [01m[K/usr/include/pcl-1.12/pcl/registration/registration.h:46[m[K,
                 from [01m[K/usr/include/pcl-1.12/pcl/registration/icp.h:46[m[K,
                 from [01m[K/home/limdegcai/GSMART/CODE/result/skidpad_detector/include/skidpad_detector.hpp:11[m[K,
                 from [01m[K/home/limdegcai/GSMART/CODE/result/skidpad_detector/src/skidpad_detector.cpp:1[m[K:
[01m[K/usr/include/boost/fusion/sequence/intrinsic/begin.hpp:92:5:[m[K [01;36m[Knote: [m[K  ‘[01m[Kboost::fusion::begin[m[K’
   92 |     [01;36m[Kbegin[m[K(Sequence const& seq)
      |     [01;36m[K^~~~~[m[K
In file included from [01m[K/usr/include/boost/fusion/sequence/intrinsic/value_at.hpp:16[m[K,
                 from [01m[K/usr/include/boost/fusion/mpl/at.hpp:12[m[K,
                 from [01m[K/usr/include/boost/fusion/mpl.hpp:14[m[K,
                 from [01m[K/usr/include/boost/fusion/include/mpl.hpp:12[m[K,
                 from [01m[K/usr/include/pcl-1.12/pcl/common/impl/accumulators.hpp:44[m[K,
                 from [01m[K/usr/include/pcl-1.12/pcl/common/centroid.h:955[m[K,
                 from [01m[K/usr/include/pcl-1.12/pcl/common/transforms.h:44[m[K,
                 from [01m[K/usr/include/pcl-1.12/pcl/registration/transformation_estimation.h:43[m[K,
                 from [01m[K/usr/include/pcl-1.12/pcl/registration/registration.h:46[m[K,
                 from [01m[K/usr/include/pcl-1.12/pcl/registration/icp.h:46[m[K,
                 from [01m[K/home/limdegcai/GSMART/CODE/result/skidpad_detector/include/skidpad_detector.hpp:11[m[K,
                 from [01m[K/home/limdegcai/GSMART/CODE/result/skidpad_detector/src/skidpad_detector.cpp:1[m[K:
[01m[K/usr/include/boost/fusion/sequence/intrinsic_fwd.hpp:62:16:[m[K [01;36m[Knote: [m[K  ‘[01m[Kboost::fusion::result_of::begin[m[K’
   62 |         struct [01;36m[Kbegin[m[K;
      |                [01;36m[K^~~~~[m[K
[01m[K/home/limdegcai/GSMART/CODE/result/skidpad_detector/src/skidpad_detector.cpp:103:29:[m[K [01;31m[Kerror: [m[K‘[01m[Kend[m[K’ was not declared in this scope
  103 |   for (const auto& map_pt : [01;31m[Kskidpad_map_points_[m[K) {
      |                             [01;31m[K^~~~~~~~~~~~~~~~~~~[m[K
[01m[K/home/limdegcai/GSMART/CODE/result/skidpad_detector/src/skidpad_detector.cpp:103:29:[m[K [01;36m[Knote: [m[Ksuggested alternatives:
In file included from [01m[K/usr/include/c++/11/array:41[m[K,
                 from [01m[K/usr/include/c++/11/tuple:39[m[K,
                 from [01m[K/usr/include/c++/11/bits/unique_ptr.h:37[m[K,
                 from [01m[K/usr/include/c++/11/memory:76[m[K,
                 from [01m[K/opt/ros/humble/include/rclcpp/rclcpp/rclcpp.hpp:153[m[K,
                 from [01m[K/home/limdegcai/GSMART/CODE/result/skidpad_detector/include/skidpad_detector.hpp:4[m[K,
                 from [01m[K/home/limdegcai/GSMART/CODE/result/skidpad_detector/src/skidpad_detector.cpp:1[m[K:
[01m[K/usr/include/c++/11/bits/range_access.h:110:37:[m[K [01;36m[Knote: [m[K  ‘[01m[Kstd::end[m[K’
  110 |   template<typename _Tp> const _Tp* [01;36m[Kend[m[K(const valarray<_Tp>&) noexcept;
      |                                     [01;36m[K^~~[m[K
In file included from [01m[K/usr/include/boost/mpl/vector/aux_/begin_end.hpp:21[m[K,
                 from [01m[K/usr/include/boost/mpl/vector/vector0.hpp:31[m[K,
                 from [01m[K/usr/include/boost/mpl/vector/vector10.hpp:18[m[K,
                 from [01m[K/usr/include/boost/mpl/vector/vector20.hpp:18[m[K,
                 from [01m[K/usr/include/boost/mpl/vector.hpp:36[m[K,
                 from [01m[K/usr/include/pcl-1.12/pcl/point_struct_traits.h:43[m[K,
                 from [01m[K/usr/include/pcl-1.12/pcl/type_traits.h:40[m[K,
                 from [01m[K/usr/include/pcl-1.12/pcl/memory.h:46[m[K,
                 from [01m[K/usr/include/pcl-1.12/pcl/io/pcd_io.h:42[m[K,
                 from [01m[K/home/limdegcai/GSMART/CODE/result/skidpad_detector/include/skidpad_detector.hpp:10[m[K,
                 from [01m[K/home/limdegcai/GSMART/CODE/result/skidpad_detector/src/skidpad_detector.cpp:1[m[K:
[01m[K/usr/include/boost/mpl/begin_end_fwd.hpp:23:38:[m[K [01;36m[Knote: [m[K  ‘[01m[Kboost::mpl::end[m[K’
   23 | template< typename Sequence > struct [01;36m[Kend[m[K;
      |                                      [01;36m[K^~~[m[K
In file included from [01m[K/usr/include/boost/foreach.hpp:80[m[K,
                 from [01m[K/usr/include/pcl-1.12/pcl/conversions.h:54[m[K,
                 from [01m[K/usr/include/pcl-1.12/pcl/io/file_io.h:40[m[K,
                 from [01m[K/usr/include/pcl-1.12/pcl/io/pcd_io.h:45[m[K,
                 from [01m[K/home/limdegcai/GSMART/CODE/result/skidpad_detector/include/skidpad_detector.hpp:10[m[K,
                 from [01m[K/home/limdegcai/GSMART/CODE/result/skidpad_detector/src/skidpad_detector.cpp:1[m[K:
[01m[K/usr/include/boost/range/end.hpp:104:61:[m[K [01;36m[Knote: [m[K  ‘[01m[Kboost::range_adl_barrier::end[m[K’
  104 | inline BOOST_DEDUCED_TYPENAME range_iterator<const T>::type [01;36m[Kend[m[K( const T& r )
      |                                                             [01;36m[K^~~[m[K
In file included from [01m[K/usr/include/pcl-1.12/pcl/conversions.h:54[m[K,
                 from [01m[K/usr/include/pcl-1.12/pcl/io/file_io.h:40[m[K,
                 from [01m[K/usr/include/pcl-1.12/pcl/io/pcd_io.h:45[m[K,
                 from [01m[K/home/limdegcai/GSMART/CODE/result/skidpad_detector/include/skidpad_detector.hpp:10[m[K,
                 from [01m[K/home/limdegcai/GSMART/CODE/result/skidpad_detector/src/skidpad_detector.cpp:1[m[K:
[01m[K/usr/include/boost/foreach.hpp:736:1:[m[K [01;36m[Knote: [m[K  ‘[01m[Kboost::foreach_detail_::end[m[K’
  736 | [01;36m[Kend[m[K(auto_any_t, type2type<T *, C> *, boost::mpl::true_ *) // null-terminated C-style strings
      | [01;36m[K^~~[m[K
In file included from [01m[K/usr/include/boost/fusion/mpl/back.hpp:12[m[K,
                 from [01m[K/usr/include/boost/fusion/mpl.hpp:15[m[K,
                 from [01m[K/usr/include/boost/fusion/include/mpl.hpp:12[m[K,
                 from [01m[K/usr/include/pcl-1.12/pcl/common/impl/accumulators.hpp:44[m[K,
                 from [01m[K/usr/include/pcl-1.12/pcl/common/centroid.h:955[m[K,
                 from [01m[K/usr/include/pcl-1.12/pcl/common/transforms.h:44[m[K,
                 from [01m[K/usr/include/pcl-1.12/pcl/registration/transformation_estimation.h:43[m[K,
                 from [01m[K/usr/include/pcl-1.12/pcl/registration/registration.h:46[m[K,
                 from [01m[K/usr/include/pcl-1.12/pcl/registration/icp.h:46[m[K,
                 from [01m[K/home/limdegcai/GSMART/CODE/result/skidpad_detector/include/skidpad_detector.hpp:11[m[K,
                 from [01m[K/home/limdegcai/GSMART/CODE/result/skidpad_detector/src/skidpad_detector.cpp:1[m[K:
[01m[K/usr/include/boost/fusion/sequence/intrinsic/end.hpp:92:5:[m[K [01;36m[Knote: [m[K  ‘[01m[Kboost::fusion::end[m[K’
   92 |     [01;36m[Kend[m[K(Sequence const& seq)
      |     [01;36m[K^~~[m[K
In file included from [01m[K/usr/include/eigen3/Eigen/Core:265[m[K,
                 from [01m[K/usr/include/pcl-1.12/pcl/memory.h:48[m[K,
                 from [01m[K/usr/include/pcl-1.12/pcl/io/pcd_io.h:42[m[K,
                 from [01m[K/home/limdegcai/GSMART/CODE/result/skidpad_detector/include/skidpad_detector.hpp:10[m[K,
                 from [01m[K/home/limdegcai/GSMART/CODE/result/skidpad_detector/src/skidpad_detector.cpp:1[m[K:
[01m[K/usr/include/eigen3/Eigen/src/Core/util/IndexedViewHelper.h:181:40:[m[K [01;36m[Knote: [m[K  ‘[01m[KEigen::placeholders::end[m[K’
  181 |   EIGEN_DEPRECATED static const end_t  [01;36m[Kend[m[K  = Eigen::lastp1; // PLEASE use Eigen::lastp1 instead of Eigen::placeholders::end
      |                                        [01;36m[K^~~[m[K
In file included from [01m[K/usr/include/boost/fusion/sequence/intrinsic/value_at.hpp:16[m[K,
                 from [01m[K/usr/include/boost/fusion/mpl/at.hpp:12[m[K,
                 from [01m[K/usr/include/boost/fusion/mpl.hpp:14[m[K,
                 from [01m[K/usr/include/boost/fusion/include/mpl.hpp:12[m[K,
                 from [01m[K/usr/include/pcl-1.12/pcl/common/impl/accumulators.hpp:44[m[K,
                 from [01m[K/usr/include/pcl-1.12/pcl/common/centroid.h:955[m[K,
                 from [01m[K/usr/include/pcl-1.12/pcl/common/transforms.h:44[m[K,
                 from [01m[K/usr/include/pcl-1.12/pcl/registration/transformation_estimation.h:43[m[K,
                 from [01m[K/usr/include/pcl-1.12/pcl/registration/registration.h:46[m[K,
                 from [01m[K/usr/include/pcl-1.12/pcl/registration/icp.h:46[m[K,
                 from [01m[K/home/limdegcai/GSMART/CODE/result/skidpad_detector/include/skidpad_detector.hpp:11[m[K,
                 from [01m[K/home/limdegcai/GSMART/CODE/result/skidpad_detector/src/skidpad_detector.cpp:1[m[K:
[01m[K/usr/include/boost/fusion/sequence/intrinsic_fwd.hpp:68:16:[m[K [01;36m[Knote: [m[K  ‘[01m[Kboost::fusion::result_of::end[m[K’
   68 |         struct [01;36m[Kend[m[K;
      |                [01;36m[K^~~[m[K
gmake[2]: *** [CMakeFiles/skidpad_detector_node.dir/build.make:104：CMakeFiles/skidpad_detector_node.dir/src/main.cpp.o] 错误 1
gmake[2]: *** 正在等待未完成的任务....
gmake[2]: *** [CMakeFiles/skidpad_detector_node.dir/build.make:76：CMakeFiles/skidpad_detector_node.dir/src/skidpad_detector_handle.cpp.o] 错误 1
gmake[2]: *** [CMakeFiles/skidpad_detector_node.dir/build.make:90：CMakeFiles/skidpad_detector_node.dir/src/skidpad_detector.cpp.o] 错误 1
gmake[1]: *** [CMakeFiles/Makefile2:137：CMakeFiles/skidpad_detector_node.dir/all] 错误 2
gmake: *** [Makefile:146：all] 错误 2
