[0.053s] DEBUG:colcon:Command line arguments: ['/usr/bin/colcon', 'build', '--symlink-install', '--packages-select', 'skidpad_icp']
[0.053s] DEBUG:colcon:Parsed command line arguments: Namespace(log_base=None, log_level=None, verb_name='build', build_base='build', install_base='install', merge_install=False, symlink_install=True, test_result_base=None, continue_on_error=False, executor='parallel', parallel_workers=32, event_handlers=None, ignore_user_meta=False, metas=['./colcon.meta'], base_paths=['.'], packages_ignore=None, packages_ignore_regex=None, paths=None, packages_up_to=None, packages_up_to_regex=None, packages_above=None, packages_above_and_dependencies=None, packages_above_depth=None, packages_select_by_dep=None, packages_skip_by_dep=None, packages_skip_up_to=None, packages_select_build_failed=False, packages_skip_build_finished=False, packages_select_test_failures=False, packages_skip_test_passed=False, packages_select=['skidpad_icp'], packages_skip=None, packages_select_regex=None, packages_skip_regex=None, packages_start=None, packages_end=None, allow_overriding=[], cmake_args=None, cmake_target=None, cmake_target_skip_unavailable=False, cmake_clean_cache=False, cmake_clean_first=False, cmake_force_configure=False, ament_cmake_args=None, catkin_cmake_args=None, catkin_skip_building_tests=False, verb_parser=<colcon_defaults.argument_parser.defaults.DefaultArgumentsDecorator object at 0x748fc1e2f880>, verb_extension=<colcon_core.verb.build.BuildVerb object at 0x748fc1fdcf40>, main=<bound method BuildVerb.main of <colcon_core.verb.build.BuildVerb object at 0x748fc1fdcf40>>)
[0.131s] Level 1:colcon.colcon_core.package_discovery:discover_packages(colcon_meta) check parameters
[0.131s] Level 1:colcon.colcon_core.package_discovery:discover_packages(recursive) check parameters
[0.131s] Level 1:colcon.colcon_core.package_discovery:discover_packages(ignore) check parameters
[0.131s] Level 1:colcon.colcon_core.package_discovery:discover_packages(path) check parameters
[0.131s] Level 1:colcon.colcon_core.package_discovery:discover_packages(colcon_meta) discover
[0.131s] Level 1:colcon.colcon_core.package_discovery:discover_packages(recursive) discover
[0.131s] INFO:colcon.colcon_core.package_discovery:Crawling recursively for packages in '/home/limdegcai/GSMART/CODE/FSD-Gsmart'
[0.131s] Level 1:colcon.colcon_core.package_identification:_identify(.) by extensions ['ignore', 'ignore_ament_install']
[0.131s] Level 1:colcon.colcon_core.package_identification:_identify(.) by extension 'ignore'
[0.131s] Level 1:colcon.colcon_core.package_identification:_identify(.) by extension 'ignore_ament_install'
[0.131s] Level 1:colcon.colcon_core.package_identification:_identify(.) by extensions ['colcon_pkg']
[0.131s] Level 1:colcon.colcon_core.package_identification:_identify(.) by extension 'colcon_pkg'
[0.131s] Level 1:colcon.colcon_core.package_identification:_identify(.) by extensions ['colcon_meta']
[0.131s] Level 1:colcon.colcon_core.package_identification:_identify(.) by extension 'colcon_meta'
[0.131s] Level 1:colcon.colcon_core.package_identification:_identify(.) by extensions ['ros']
[0.131s] Level 1:colcon.colcon_core.package_identification:_identify(.) by extension 'ros'
[0.138s] Level 1:colcon.colcon_core.package_identification:_identify(.) by extensions ['cmake', 'python']
[0.138s] Level 1:colcon.colcon_core.package_identification:_identify(.) by extension 'cmake'
[0.138s] Level 1:colcon.colcon_core.package_identification:_identify(.) by extension 'python'
[0.138s] Level 1:colcon.colcon_core.package_identification:_identify(.) by extensions ['python_setup_py']
[0.138s] Level 1:colcon.colcon_core.package_identification:_identify(.) by extension 'python_setup_py'
[0.138s] Level 1:colcon.colcon_core.package_identification:_identify(build) by extensions ['ignore', 'ignore_ament_install']
[0.138s] Level 1:colcon.colcon_core.package_identification:_identify(build) by extension 'ignore'
[0.138s] Level 1:colcon.colcon_core.package_identification:_identify(build) ignored
[0.138s] Level 1:colcon.colcon_core.package_identification:_identify(camera) by extensions ['ignore', 'ignore_ament_install']
[0.138s] Level 1:colcon.colcon_core.package_identification:_identify(camera) by extension 'ignore'
[0.138s] Level 1:colcon.colcon_core.package_identification:_identify(camera) by extension 'ignore_ament_install'
[0.138s] Level 1:colcon.colcon_core.package_identification:_identify(camera) by extensions ['colcon_pkg']
[0.138s] Level 1:colcon.colcon_core.package_identification:_identify(camera) by extension 'colcon_pkg'
[0.138s] Level 1:colcon.colcon_core.package_identification:_identify(camera) by extensions ['colcon_meta']
[0.138s] Level 1:colcon.colcon_core.package_identification:_identify(camera) by extension 'colcon_meta'
[0.138s] Level 1:colcon.colcon_core.package_identification:_identify(camera) by extensions ['ros']
[0.138s] Level 1:colcon.colcon_core.package_identification:_identify(camera) by extension 'ros'
[0.138s] Level 1:colcon.colcon_core.package_identification:_identify(camera) by extensions ['cmake', 'python']
[0.138s] Level 1:colcon.colcon_core.package_identification:_identify(camera) by extension 'cmake'
[0.138s] Level 1:colcon.colcon_core.package_identification:_identify(camera) by extension 'python'
[0.138s] Level 1:colcon.colcon_core.package_identification:_identify(camera) by extensions ['python_setup_py']
[0.138s] Level 1:colcon.colcon_core.package_identification:_identify(camera) by extension 'python_setup_py'
[0.138s] Level 1:colcon.colcon_core.package_identification:_identify(camera/build) by extensions ['ignore', 'ignore_ament_install']
[0.138s] Level 1:colcon.colcon_core.package_identification:_identify(camera/build) by extension 'ignore'
[0.138s] Level 1:colcon.colcon_core.package_identification:_identify(camera/build) ignored
[0.138s] Level 1:colcon.colcon_core.package_identification:_identify(camera/install) by extensions ['ignore', 'ignore_ament_install']
[0.138s] Level 1:colcon.colcon_core.package_identification:_identify(camera/install) by extension 'ignore'
[0.138s] Level 1:colcon.colcon_core.package_identification:_identify(camera/install) ignored
[0.138s] Level 1:colcon.colcon_core.package_identification:_identify(camera/log) by extensions ['ignore', 'ignore_ament_install']
[0.138s] Level 1:colcon.colcon_core.package_identification:_identify(camera/log) by extension 'ignore'
[0.138s] Level 1:colcon.colcon_core.package_identification:_identify(camera/log) ignored
[0.138s] Level 1:colcon.colcon_core.package_identification:_identify(camera/src) by extensions ['ignore', 'ignore_ament_install']
[0.138s] Level 1:colcon.colcon_core.package_identification:_identify(camera/src) by extension 'ignore'
[0.139s] Level 1:colcon.colcon_core.package_identification:_identify(camera/src) by extension 'ignore_ament_install'
[0.139s] Level 1:colcon.colcon_core.package_identification:_identify(camera/src) by extensions ['colcon_pkg']
[0.139s] Level 1:colcon.colcon_core.package_identification:_identify(camera/src) by extension 'colcon_pkg'
[0.139s] Level 1:colcon.colcon_core.package_identification:_identify(camera/src) by extensions ['colcon_meta']
[0.139s] Level 1:colcon.colcon_core.package_identification:_identify(camera/src) by extension 'colcon_meta'
[0.139s] Level 1:colcon.colcon_core.package_identification:_identify(camera/src) by extensions ['ros']
[0.139s] Level 1:colcon.colcon_core.package_identification:_identify(camera/src) by extension 'ros'
[0.139s] Level 1:colcon.colcon_core.package_identification:_identify(camera/src) by extensions ['cmake', 'python']
[0.139s] Level 1:colcon.colcon_core.package_identification:_identify(camera/src) by extension 'cmake'
[0.139s] Level 1:colcon.colcon_core.package_identification:_identify(camera/src) by extension 'python'
[0.139s] Level 1:colcon.colcon_core.package_identification:_identify(camera/src) by extensions ['python_setup_py']
[0.139s] Level 1:colcon.colcon_core.package_identification:_identify(camera/src) by extension 'python_setup_py'
[0.139s] Level 1:colcon.colcon_core.package_identification:_identify(camera/src/camera_msg) by extensions ['ignore', 'ignore_ament_install']
[0.139s] Level 1:colcon.colcon_core.package_identification:_identify(camera/src/camera_msg) by extension 'ignore'
[0.139s] Level 1:colcon.colcon_core.package_identification:_identify(camera/src/camera_msg) by extension 'ignore_ament_install'
[0.139s] Level 1:colcon.colcon_core.package_identification:_identify(camera/src/camera_msg) by extensions ['colcon_pkg']
[0.139s] Level 1:colcon.colcon_core.package_identification:_identify(camera/src/camera_msg) by extension 'colcon_pkg'
[0.139s] Level 1:colcon.colcon_core.package_identification:_identify(camera/src/camera_msg) by extensions ['colcon_meta']
[0.139s] Level 1:colcon.colcon_core.package_identification:_identify(camera/src/camera_msg) by extension 'colcon_meta'
[0.139s] Level 1:colcon.colcon_core.package_identification:_identify(camera/src/camera_msg) by extensions ['ros']
[0.139s] Level 1:colcon.colcon_core.package_identification:_identify(camera/src/camera_msg) by extension 'ros'
[0.140s] DEBUG:colcon.colcon_core.package_identification:Package 'camera/src/camera_msg' with type 'ros.ament_cmake' and name 'camera_msg'
[0.140s] Level 1:colcon.colcon_core.package_identification:_identify(camera/src/camera_node) by extensions ['ignore', 'ignore_ament_install']
[0.140s] Level 1:colcon.colcon_core.package_identification:_identify(camera/src/camera_node) by extension 'ignore'
[0.140s] Level 1:colcon.colcon_core.package_identification:_identify(camera/src/camera_node) by extension 'ignore_ament_install'
[0.140s] Level 1:colcon.colcon_core.package_identification:_identify(camera/src/camera_node) by extensions ['colcon_pkg']
[0.140s] Level 1:colcon.colcon_core.package_identification:_identify(camera/src/camera_node) by extension 'colcon_pkg'
[0.141s] Level 1:colcon.colcon_core.package_identification:_identify(camera/src/camera_node) by extensions ['colcon_meta']
[0.141s] Level 1:colcon.colcon_core.package_identification:_identify(camera/src/camera_node) by extension 'colcon_meta'
[0.141s] Level 1:colcon.colcon_core.package_identification:_identify(camera/src/camera_node) by extensions ['ros']
[0.141s] Level 1:colcon.colcon_core.package_identification:_identify(camera/src/camera_node) by extension 'ros'
[0.141s] DEBUG:colcon.colcon_core.package_identification:Package 'camera/src/camera_node' with type 'ros.ament_python' and name 'camera_node'
[0.141s] Level 1:colcon.colcon_core.package_identification:_identify(camera/src/ros2_lidar_camera_fusion_with_detection) by extensions ['ignore', 'ignore_ament_install']
[0.141s] Level 1:colcon.colcon_core.package_identification:_identify(camera/src/ros2_lidar_camera_fusion_with_detection) by extension 'ignore'
[0.141s] Level 1:colcon.colcon_core.package_identification:_identify(camera/src/ros2_lidar_camera_fusion_with_detection) by extension 'ignore_ament_install'
[0.141s] Level 1:colcon.colcon_core.package_identification:_identify(camera/src/ros2_lidar_camera_fusion_with_detection) by extensions ['colcon_pkg']
[0.141s] Level 1:colcon.colcon_core.package_identification:_identify(camera/src/ros2_lidar_camera_fusion_with_detection) by extension 'colcon_pkg'
[0.141s] Level 1:colcon.colcon_core.package_identification:_identify(camera/src/ros2_lidar_camera_fusion_with_detection) by extensions ['colcon_meta']
[0.141s] Level 1:colcon.colcon_core.package_identification:_identify(camera/src/ros2_lidar_camera_fusion_with_detection) by extension 'colcon_meta'
[0.141s] Level 1:colcon.colcon_core.package_identification:_identify(camera/src/ros2_lidar_camera_fusion_with_detection) by extensions ['ros']
[0.141s] Level 1:colcon.colcon_core.package_identification:_identify(camera/src/ros2_lidar_camera_fusion_with_detection) by extension 'ros'
[0.142s] DEBUG:colcon.colcon_core.package_identification:Package 'camera/src/ros2_lidar_camera_fusion_with_detection' with type 'ros.ament_python' and name 'ros2_lidar_camera_fusion_with_detection'
[0.142s] Level 1:colcon.colcon_core.package_identification:_identify(camera/src/yolo_bringup) by extensions ['ignore', 'ignore_ament_install']
[0.142s] Level 1:colcon.colcon_core.package_identification:_identify(camera/src/yolo_bringup) by extension 'ignore'
[0.142s] Level 1:colcon.colcon_core.package_identification:_identify(camera/src/yolo_bringup) by extension 'ignore_ament_install'
[0.142s] Level 1:colcon.colcon_core.package_identification:_identify(camera/src/yolo_bringup) by extensions ['colcon_pkg']
[0.142s] Level 1:colcon.colcon_core.package_identification:_identify(camera/src/yolo_bringup) by extension 'colcon_pkg'
[0.142s] Level 1:colcon.colcon_core.package_identification:_identify(camera/src/yolo_bringup) by extensions ['colcon_meta']
[0.142s] Level 1:colcon.colcon_core.package_identification:_identify(camera/src/yolo_bringup) by extension 'colcon_meta'
[0.142s] Level 1:colcon.colcon_core.package_identification:_identify(camera/src/yolo_bringup) by extensions ['ros']
[0.142s] Level 1:colcon.colcon_core.package_identification:_identify(camera/src/yolo_bringup) by extension 'ros'
[0.143s] DEBUG:colcon.colcon_core.package_identification:Package 'camera/src/yolo_bringup' with type 'ros.ament_cmake' and name 'yolo_bringup'
[0.143s] Level 1:colcon.colcon_core.package_identification:_identify(camera/src/yolo_msgs) by extensions ['ignore', 'ignore_ament_install']
[0.143s] Level 1:colcon.colcon_core.package_identification:_identify(camera/src/yolo_msgs) by extension 'ignore'
[0.143s] Level 1:colcon.colcon_core.package_identification:_identify(camera/src/yolo_msgs) by extension 'ignore_ament_install'
[0.143s] Level 1:colcon.colcon_core.package_identification:_identify(camera/src/yolo_msgs) by extensions ['colcon_pkg']
[0.143s] Level 1:colcon.colcon_core.package_identification:_identify(camera/src/yolo_msgs) by extension 'colcon_pkg'
[0.143s] Level 1:colcon.colcon_core.package_identification:_identify(camera/src/yolo_msgs) by extensions ['colcon_meta']
[0.143s] Level 1:colcon.colcon_core.package_identification:_identify(camera/src/yolo_msgs) by extension 'colcon_meta'
[0.143s] Level 1:colcon.colcon_core.package_identification:_identify(camera/src/yolo_msgs) by extensions ['ros']
[0.143s] Level 1:colcon.colcon_core.package_identification:_identify(camera/src/yolo_msgs) by extension 'ros'
[0.143s] DEBUG:colcon.colcon_core.package_identification:Package 'camera/src/yolo_msgs' with type 'ros.ament_cmake' and name 'yolo_msgs'
[0.143s] Level 1:colcon.colcon_core.package_identification:_identify(camera/src/yolo_ros) by extensions ['ignore', 'ignore_ament_install']
[0.144s] Level 1:colcon.colcon_core.package_identification:_identify(camera/src/yolo_ros) by extension 'ignore'
[0.144s] Level 1:colcon.colcon_core.package_identification:_identify(camera/src/yolo_ros) by extension 'ignore_ament_install'
[0.144s] Level 1:colcon.colcon_core.package_identification:_identify(camera/src/yolo_ros) by extensions ['colcon_pkg']
[0.144s] Level 1:colcon.colcon_core.package_identification:_identify(camera/src/yolo_ros) by extension 'colcon_pkg'
[0.144s] Level 1:colcon.colcon_core.package_identification:_identify(camera/src/yolo_ros) by extensions ['colcon_meta']
[0.144s] Level 1:colcon.colcon_core.package_identification:_identify(camera/src/yolo_ros) by extension 'colcon_meta'
[0.144s] Level 1:colcon.colcon_core.package_identification:_identify(camera/src/yolo_ros) by extensions ['ros']
[0.144s] Level 1:colcon.colcon_core.package_identification:_identify(camera/src/yolo_ros) by extension 'ros'
[0.144s] DEBUG:colcon.colcon_core.package_identification:Package 'camera/src/yolo_ros' with type 'ros.ament_python' and name 'yolo_ros'
[0.144s] Level 1:colcon.colcon_core.package_identification:_identify(fsds_ros_bridge) by extensions ['ignore', 'ignore_ament_install']
[0.144s] Level 1:colcon.colcon_core.package_identification:_identify(fsds_ros_bridge) by extension 'ignore'
[0.144s] Level 1:colcon.colcon_core.package_identification:_identify(fsds_ros_bridge) by extension 'ignore_ament_install'
[0.144s] Level 1:colcon.colcon_core.package_identification:_identify(fsds_ros_bridge) by extensions ['colcon_pkg']
[0.144s] Level 1:colcon.colcon_core.package_identification:_identify(fsds_ros_bridge) by extension 'colcon_pkg'
[0.144s] Level 1:colcon.colcon_core.package_identification:_identify(fsds_ros_bridge) by extensions ['colcon_meta']
[0.145s] Level 1:colcon.colcon_core.package_identification:_identify(fsds_ros_bridge) by extension 'colcon_meta'
[0.145s] Level 1:colcon.colcon_core.package_identification:_identify(fsds_ros_bridge) by extensions ['ros']
[0.145s] Level 1:colcon.colcon_core.package_identification:_identify(fsds_ros_bridge) by extension 'ros'
[0.145s] DEBUG:colcon.colcon_core.package_identification:Package 'fsds_ros_bridge' with type 'ros.ament_python' and name 'fsds_ros_bridge'
[0.145s] Level 1:colcon.colcon_core.package_identification:_identify(install) by extensions ['ignore', 'ignore_ament_install']
[0.145s] Level 1:colcon.colcon_core.package_identification:_identify(install) by extension 'ignore'
[0.145s] Level 1:colcon.colcon_core.package_identification:_identify(install) ignored
[0.145s] Level 1:colcon.colcon_core.package_identification:_identify(lidar) by extensions ['ignore', 'ignore_ament_install']
[0.145s] Level 1:colcon.colcon_core.package_identification:_identify(lidar) by extension 'ignore'
[0.145s] Level 1:colcon.colcon_core.package_identification:_identify(lidar) by extension 'ignore_ament_install'
[0.145s] Level 1:colcon.colcon_core.package_identification:_identify(lidar) by extensions ['colcon_pkg']
[0.145s] Level 1:colcon.colcon_core.package_identification:_identify(lidar) by extension 'colcon_pkg'
[0.145s] Level 1:colcon.colcon_core.package_identification:_identify(lidar) by extensions ['colcon_meta']
[0.145s] Level 1:colcon.colcon_core.package_identification:_identify(lidar) by extension 'colcon_meta'
[0.145s] Level 1:colcon.colcon_core.package_identification:_identify(lidar) by extensions ['ros']
[0.145s] Level 1:colcon.colcon_core.package_identification:_identify(lidar) by extension 'ros'
[0.145s] Level 1:colcon.colcon_core.package_identification:_identify(lidar) by extensions ['cmake', 'python']
[0.145s] Level 1:colcon.colcon_core.package_identification:_identify(lidar) by extension 'cmake'
[0.145s] Level 1:colcon.colcon_core.package_identification:_identify(lidar) by extension 'python'
[0.145s] Level 1:colcon.colcon_core.package_identification:_identify(lidar) by extensions ['python_setup_py']
[0.145s] Level 1:colcon.colcon_core.package_identification:_identify(lidar) by extension 'python_setup_py'
[0.145s] Level 1:colcon.colcon_core.package_identification:_identify(lidar/lidar_cone_detector) by extensions ['ignore', 'ignore_ament_install']
[0.145s] Level 1:colcon.colcon_core.package_identification:_identify(lidar/lidar_cone_detector) by extension 'ignore'
[0.145s] Level 1:colcon.colcon_core.package_identification:_identify(lidar/lidar_cone_detector) by extension 'ignore_ament_install'
[0.145s] Level 1:colcon.colcon_core.package_identification:_identify(lidar/lidar_cone_detector) by extensions ['colcon_pkg']
[0.145s] Level 1:colcon.colcon_core.package_identification:_identify(lidar/lidar_cone_detector) by extension 'colcon_pkg'
[0.145s] Level 1:colcon.colcon_core.package_identification:_identify(lidar/lidar_cone_detector) by extensions ['colcon_meta']
[0.146s] Level 1:colcon.colcon_core.package_identification:_identify(lidar/lidar_cone_detector) by extension 'colcon_meta'
[0.146s] Level 1:colcon.colcon_core.package_identification:_identify(lidar/lidar_cone_detector) by extensions ['ros']
[0.146s] Level 1:colcon.colcon_core.package_identification:_identify(lidar/lidar_cone_detector) by extension 'ros'
[0.146s] DEBUG:colcon.colcon_core.package_identification:Package 'lidar/lidar_cone_detector' with type 'ros.ament_cmake' and name 'lidar_cone_detector'
[0.146s] Level 1:colcon.colcon_core.package_identification:_identify(log) by extensions ['ignore', 'ignore_ament_install']
[0.146s] Level 1:colcon.colcon_core.package_identification:_identify(log) by extension 'ignore'
[0.146s] Level 1:colcon.colcon_core.package_identification:_identify(log) ignored
[0.146s] Level 1:colcon.colcon_core.package_identification:_identify(planning_control) by extensions ['ignore', 'ignore_ament_install']
[0.146s] Level 1:colcon.colcon_core.package_identification:_identify(planning_control) by extension 'ignore'
[0.146s] Level 1:colcon.colcon_core.package_identification:_identify(planning_control) by extension 'ignore_ament_install'
[0.146s] Level 1:colcon.colcon_core.package_identification:_identify(planning_control) by extensions ['colcon_pkg']
[0.146s] Level 1:colcon.colcon_core.package_identification:_identify(planning_control) by extension 'colcon_pkg'
[0.146s] Level 1:colcon.colcon_core.package_identification:_identify(planning_control) by extensions ['colcon_meta']
[0.146s] Level 1:colcon.colcon_core.package_identification:_identify(planning_control) by extension 'colcon_meta'
[0.146s] Level 1:colcon.colcon_core.package_identification:_identify(planning_control) by extensions ['ros']
[0.146s] Level 1:colcon.colcon_core.package_identification:_identify(planning_control) by extension 'ros'
[0.146s] Level 1:colcon.colcon_core.package_identification:_identify(planning_control) by extensions ['cmake', 'python']
[0.146s] Level 1:colcon.colcon_core.package_identification:_identify(planning_control) by extension 'cmake'
[0.146s] Level 1:colcon.colcon_core.package_identification:_identify(planning_control) by extension 'python'
[0.146s] Level 1:colcon.colcon_core.package_identification:_identify(planning_control) by extensions ['python_setup_py']
[0.146s] Level 1:colcon.colcon_core.package_identification:_identify(planning_control) by extension 'python_setup_py'
[0.146s] Level 1:colcon.colcon_core.package_identification:_identify(planning_control/acceleration) by extensions ['ignore', 'ignore_ament_install']
[0.147s] Level 1:colcon.colcon_core.package_identification:_identify(planning_control/acceleration) by extension 'ignore'
[0.147s] Level 1:colcon.colcon_core.package_identification:_identify(planning_control/acceleration) by extension 'ignore_ament_install'
[0.147s] Level 1:colcon.colcon_core.package_identification:_identify(planning_control/acceleration) by extensions ['colcon_pkg']
[0.147s] Level 1:colcon.colcon_core.package_identification:_identify(planning_control/acceleration) by extension 'colcon_pkg'
[0.147s] Level 1:colcon.colcon_core.package_identification:_identify(planning_control/acceleration) by extensions ['colcon_meta']
[0.147s] Level 1:colcon.colcon_core.package_identification:_identify(planning_control/acceleration) by extension 'colcon_meta'
[0.147s] Level 1:colcon.colcon_core.package_identification:_identify(planning_control/acceleration) by extensions ['ros']
[0.147s] Level 1:colcon.colcon_core.package_identification:_identify(planning_control/acceleration) by extension 'ros'
[0.147s] Level 1:colcon.colcon_core.package_identification:_identify(planning_control/acceleration) by extensions ['cmake', 'python']
[0.147s] Level 1:colcon.colcon_core.package_identification:_identify(planning_control/acceleration) by extension 'cmake'
[0.147s] Level 1:colcon.colcon_core.package_identification:_identify(planning_control/acceleration) by extension 'python'
[0.147s] Level 1:colcon.colcon_core.package_identification:_identify(planning_control/acceleration) by extensions ['python_setup_py']
[0.147s] Level 1:colcon.colcon_core.package_identification:_identify(planning_control/acceleration) by extension 'python_setup_py'
[0.147s] Level 1:colcon.colcon_core.package_identification:_identify(planning_control/skidpad) by extensions ['ignore', 'ignore_ament_install']
[0.147s] Level 1:colcon.colcon_core.package_identification:_identify(planning_control/skidpad) by extension 'ignore'
[0.147s] Level 1:colcon.colcon_core.package_identification:_identify(planning_control/skidpad) by extension 'ignore_ament_install'
[0.147s] Level 1:colcon.colcon_core.package_identification:_identify(planning_control/skidpad) by extensions ['colcon_pkg']
[0.147s] Level 1:colcon.colcon_core.package_identification:_identify(planning_control/skidpad) by extension 'colcon_pkg'
[0.147s] Level 1:colcon.colcon_core.package_identification:_identify(planning_control/skidpad) by extensions ['colcon_meta']
[0.147s] Level 1:colcon.colcon_core.package_identification:_identify(planning_control/skidpad) by extension 'colcon_meta'
[0.147s] Level 1:colcon.colcon_core.package_identification:_identify(planning_control/skidpad) by extensions ['ros']
[0.147s] Level 1:colcon.colcon_core.package_identification:_identify(planning_control/skidpad) by extension 'ros'
[0.147s] Level 1:colcon.colcon_core.package_identification:_identify(planning_control/skidpad) by extensions ['cmake', 'python']
[0.147s] Level 1:colcon.colcon_core.package_identification:_identify(planning_control/skidpad) by extension 'cmake'
[0.147s] Level 1:colcon.colcon_core.package_identification:_identify(planning_control/skidpad) by extension 'python'
[0.147s] Level 1:colcon.colcon_core.package_identification:_identify(planning_control/skidpad) by extensions ['python_setup_py']
[0.147s] Level 1:colcon.colcon_core.package_identification:_identify(planning_control/skidpad) by extension 'python_setup_py'
[0.147s] Level 1:colcon.colcon_core.package_identification:_identify(planning_control/skidpad/build) by extensions ['ignore', 'ignore_ament_install']
[0.147s] Level 1:colcon.colcon_core.package_identification:_identify(planning_control/skidpad/build) by extension 'ignore'
[0.147s] Level 1:colcon.colcon_core.package_identification:_identify(planning_control/skidpad/build) ignored
[0.147s] Level 1:colcon.colcon_core.package_identification:_identify(planning_control/skidpad/install) by extensions ['ignore', 'ignore_ament_install']
[0.147s] Level 1:colcon.colcon_core.package_identification:_identify(planning_control/skidpad/install) by extension 'ignore'
[0.147s] Level 1:colcon.colcon_core.package_identification:_identify(planning_control/skidpad/install) ignored
[0.147s] Level 1:colcon.colcon_core.package_identification:_identify(planning_control/skidpad/log) by extensions ['ignore', 'ignore_ament_install']
[0.147s] Level 1:colcon.colcon_core.package_identification:_identify(planning_control/skidpad/log) by extension 'ignore'
[0.147s] Level 1:colcon.colcon_core.package_identification:_identify(planning_control/skidpad/log) ignored
[0.147s] Level 1:colcon.colcon_core.package_identification:_identify(planning_control/skidpad/src) by extensions ['ignore', 'ignore_ament_install']
[0.147s] Level 1:colcon.colcon_core.package_identification:_identify(planning_control/skidpad/src) by extension 'ignore'
[0.147s] Level 1:colcon.colcon_core.package_identification:_identify(planning_control/skidpad/src) by extension 'ignore_ament_install'
[0.147s] Level 1:colcon.colcon_core.package_identification:_identify(planning_control/skidpad/src) by extensions ['colcon_pkg']
[0.147s] Level 1:colcon.colcon_core.package_identification:_identify(planning_control/skidpad/src) by extension 'colcon_pkg'
[0.147s] Level 1:colcon.colcon_core.package_identification:_identify(planning_control/skidpad/src) by extensions ['colcon_meta']
[0.147s] Level 1:colcon.colcon_core.package_identification:_identify(planning_control/skidpad/src) by extension 'colcon_meta'
[0.147s] Level 1:colcon.colcon_core.package_identification:_identify(planning_control/skidpad/src) by extensions ['ros']
[0.148s] Level 1:colcon.colcon_core.package_identification:_identify(planning_control/skidpad/src) by extension 'ros'
[0.148s] Level 1:colcon.colcon_core.package_identification:_identify(planning_control/skidpad/src) by extensions ['cmake', 'python']
[0.148s] Level 1:colcon.colcon_core.package_identification:_identify(planning_control/skidpad/src) by extension 'cmake'
[0.148s] Level 1:colcon.colcon_core.package_identification:_identify(planning_control/skidpad/src) by extension 'python'
[0.148s] Level 1:colcon.colcon_core.package_identification:_identify(planning_control/skidpad/src) by extensions ['python_setup_py']
[0.148s] Level 1:colcon.colcon_core.package_identification:_identify(planning_control/skidpad/src) by extension 'python_setup_py'
[0.148s] Level 1:colcon.colcon_core.package_identification:_identify(planning_control/skidpad/src/icp_test_tools) by extensions ['ignore', 'ignore_ament_install']
[0.148s] Level 1:colcon.colcon_core.package_identification:_identify(planning_control/skidpad/src/icp_test_tools) by extension 'ignore'
[0.148s] Level 1:colcon.colcon_core.package_identification:_identify(planning_control/skidpad/src/icp_test_tools) by extension 'ignore_ament_install'
[0.148s] Level 1:colcon.colcon_core.package_identification:_identify(planning_control/skidpad/src/icp_test_tools) by extensions ['colcon_pkg']
[0.148s] Level 1:colcon.colcon_core.package_identification:_identify(planning_control/skidpad/src/icp_test_tools) by extension 'colcon_pkg'
[0.148s] Level 1:colcon.colcon_core.package_identification:_identify(planning_control/skidpad/src/icp_test_tools) by extensions ['colcon_meta']
[0.148s] Level 1:colcon.colcon_core.package_identification:_identify(planning_control/skidpad/src/icp_test_tools) by extension 'colcon_meta'
[0.148s] Level 1:colcon.colcon_core.package_identification:_identify(planning_control/skidpad/src/icp_test_tools) by extensions ['ros']
[0.148s] Level 1:colcon.colcon_core.package_identification:_identify(planning_control/skidpad/src/icp_test_tools) by extension 'ros'
[0.148s] DEBUG:colcon.colcon_core.package_identification:Package 'planning_control/skidpad/src/icp_test_tools' with type 'ros.ament_python' and name 'icp_test_tools'
[0.148s] Level 1:colcon.colcon_core.package_identification:_identify(planning_control/skidpad/src/skidpad_bringup) by extensions ['ignore', 'ignore_ament_install']
[0.148s] Level 1:colcon.colcon_core.package_identification:_identify(planning_control/skidpad/src/skidpad_bringup) by extension 'ignore'
[0.148s] Level 1:colcon.colcon_core.package_identification:_identify(planning_control/skidpad/src/skidpad_bringup) by extension 'ignore_ament_install'
[0.148s] Level 1:colcon.colcon_core.package_identification:_identify(planning_control/skidpad/src/skidpad_bringup) by extensions ['colcon_pkg']
[0.148s] Level 1:colcon.colcon_core.package_identification:_identify(planning_control/skidpad/src/skidpad_bringup) by extension 'colcon_pkg'
[0.148s] Level 1:colcon.colcon_core.package_identification:_identify(planning_control/skidpad/src/skidpad_bringup) by extensions ['colcon_meta']
[0.148s] Level 1:colcon.colcon_core.package_identification:_identify(planning_control/skidpad/src/skidpad_bringup) by extension 'colcon_meta'
[0.148s] Level 1:colcon.colcon_core.package_identification:_identify(planning_control/skidpad/src/skidpad_bringup) by extensions ['ros']
[0.148s] Level 1:colcon.colcon_core.package_identification:_identify(planning_control/skidpad/src/skidpad_bringup) by extension 'ros'
[0.149s] DEBUG:colcon.colcon_core.package_identification:Package 'planning_control/skidpad/src/skidpad_bringup' with type 'ros.ament_cmake' and name 'skidpad_bringup'
[0.149s] Level 1:colcon.colcon_core.package_identification:_identify(planning_control/skidpad/src/skidpad_control) by extensions ['ignore', 'ignore_ament_install']
[0.149s] Level 1:colcon.colcon_core.package_identification:_identify(planning_control/skidpad/src/skidpad_control) by extension 'ignore'
[0.149s] Level 1:colcon.colcon_core.package_identification:_identify(planning_control/skidpad/src/skidpad_control) by extension 'ignore_ament_install'
[0.149s] Level 1:colcon.colcon_core.package_identification:_identify(planning_control/skidpad/src/skidpad_control) by extensions ['colcon_pkg']
[0.149s] Level 1:colcon.colcon_core.package_identification:_identify(planning_control/skidpad/src/skidpad_control) by extension 'colcon_pkg'
[0.149s] Level 1:colcon.colcon_core.package_identification:_identify(planning_control/skidpad/src/skidpad_control) by extensions ['colcon_meta']
[0.149s] Level 1:colcon.colcon_core.package_identification:_identify(planning_control/skidpad/src/skidpad_control) by extension 'colcon_meta'
[0.149s] Level 1:colcon.colcon_core.package_identification:_identify(planning_control/skidpad/src/skidpad_control) by extensions ['ros']
[0.149s] Level 1:colcon.colcon_core.package_identification:_identify(planning_control/skidpad/src/skidpad_control) by extension 'ros'
[0.149s] DEBUG:colcon.colcon_core.package_identification:Package 'planning_control/skidpad/src/skidpad_control' with type 'ros.ament_python' and name 'skidpad_control'
[0.149s] Level 1:colcon.colcon_core.package_identification:_identify(planning_control/skidpad/src/skidpad_icp) by extensions ['ignore', 'ignore_ament_install']
[0.149s] Level 1:colcon.colcon_core.package_identification:_identify(planning_control/skidpad/src/skidpad_icp) by extension 'ignore'
[0.149s] Level 1:colcon.colcon_core.package_identification:_identify(planning_control/skidpad/src/skidpad_icp) by extension 'ignore_ament_install'
[0.149s] Level 1:colcon.colcon_core.package_identification:_identify(planning_control/skidpad/src/skidpad_icp) by extensions ['colcon_pkg']
[0.149s] Level 1:colcon.colcon_core.package_identification:_identify(planning_control/skidpad/src/skidpad_icp) by extension 'colcon_pkg'
[0.150s] Level 1:colcon.colcon_core.package_identification:_identify(planning_control/skidpad/src/skidpad_icp) by extensions ['colcon_meta']
[0.150s] Level 1:colcon.colcon_core.package_identification:_identify(planning_control/skidpad/src/skidpad_icp) by extension 'colcon_meta'
[0.150s] Level 1:colcon.colcon_core.package_identification:_identify(planning_control/skidpad/src/skidpad_icp) by extensions ['ros']
[0.150s] Level 1:colcon.colcon_core.package_identification:_identify(planning_control/skidpad/src/skidpad_icp) by extension 'ros'
[0.150s] DEBUG:colcon.colcon_core.package_identification:Package 'planning_control/skidpad/src/skidpad_icp' with type 'ros.ament_cmake' and name 'skidpad_icp'
[0.150s] Level 1:colcon.colcon_core.package_identification:_identify(planning_control/skidpad/src/skidpad_msgs) by extensions ['ignore', 'ignore_ament_install']
[0.150s] Level 1:colcon.colcon_core.package_identification:_identify(planning_control/skidpad/src/skidpad_msgs) by extension 'ignore'
[0.150s] Level 1:colcon.colcon_core.package_identification:_identify(planning_control/skidpad/src/skidpad_msgs) by extension 'ignore_ament_install'
[0.150s] Level 1:colcon.colcon_core.package_identification:_identify(planning_control/skidpad/src/skidpad_msgs) by extensions ['colcon_pkg']
[0.150s] Level 1:colcon.colcon_core.package_identification:_identify(planning_control/skidpad/src/skidpad_msgs) by extension 'colcon_pkg'
[0.150s] Level 1:colcon.colcon_core.package_identification:_identify(planning_control/skidpad/src/skidpad_msgs) by extensions ['colcon_meta']
[0.150s] Level 1:colcon.colcon_core.package_identification:_identify(planning_control/skidpad/src/skidpad_msgs) by extension 'colcon_meta'
[0.150s] Level 1:colcon.colcon_core.package_identification:_identify(planning_control/skidpad/src/skidpad_msgs) by extensions ['ros']
[0.150s] Level 1:colcon.colcon_core.package_identification:_identify(planning_control/skidpad/src/skidpad_msgs) by extension 'ros'
[0.151s] DEBUG:colcon.colcon_core.package_identification:Package 'planning_control/skidpad/src/skidpad_msgs' with type 'ros.ament_cmake' and name 'skidpad_msgs'
[0.151s] Level 1:colcon.colcon_core.package_identification:_identify(planning_control/skidpad/src/skidpad_planner) by extensions ['ignore', 'ignore_ament_install']
[0.151s] Level 1:colcon.colcon_core.package_identification:_identify(planning_control/skidpad/src/skidpad_planner) by extension 'ignore'
[0.151s] Level 1:colcon.colcon_core.package_identification:_identify(planning_control/skidpad/src/skidpad_planner) by extension 'ignore_ament_install'
[0.151s] Level 1:colcon.colcon_core.package_identification:_identify(planning_control/skidpad/src/skidpad_planner) by extensions ['colcon_pkg']
[0.151s] Level 1:colcon.colcon_core.package_identification:_identify(planning_control/skidpad/src/skidpad_planner) by extension 'colcon_pkg'
[0.151s] Level 1:colcon.colcon_core.package_identification:_identify(planning_control/skidpad/src/skidpad_planner) by extensions ['colcon_meta']
[0.151s] Level 1:colcon.colcon_core.package_identification:_identify(planning_control/skidpad/src/skidpad_planner) by extension 'colcon_meta'
[0.151s] Level 1:colcon.colcon_core.package_identification:_identify(planning_control/skidpad/src/skidpad_planner) by extensions ['ros']
[0.151s] Level 1:colcon.colcon_core.package_identification:_identify(planning_control/skidpad/src/skidpad_planner) by extension 'ros'
[0.151s] DEBUG:colcon.colcon_core.package_identification:Package 'planning_control/skidpad/src/skidpad_planner' with type 'ros.ament_cmake' and name 'skidpad_planner'
[0.151s] Level 1:colcon.colcon_core.package_identification:_identify(planning_control/trackdrive) by extensions ['ignore', 'ignore_ament_install']
[0.151s] Level 1:colcon.colcon_core.package_identification:_identify(planning_control/trackdrive) by extension 'ignore'
[0.151s] Level 1:colcon.colcon_core.package_identification:_identify(planning_control/trackdrive) by extension 'ignore_ament_install'
[0.151s] Level 1:colcon.colcon_core.package_identification:_identify(planning_control/trackdrive) by extensions ['colcon_pkg']
[0.151s] Level 1:colcon.colcon_core.package_identification:_identify(planning_control/trackdrive) by extension 'colcon_pkg'
[0.151s] Level 1:colcon.colcon_core.package_identification:_identify(planning_control/trackdrive) by extensions ['colcon_meta']
[0.151s] Level 1:colcon.colcon_core.package_identification:_identify(planning_control/trackdrive) by extension 'colcon_meta'
[0.151s] Level 1:colcon.colcon_core.package_identification:_identify(planning_control/trackdrive) by extensions ['ros']
[0.151s] Level 1:colcon.colcon_core.package_identification:_identify(planning_control/trackdrive) by extension 'ros'
[0.152s] Level 1:colcon.colcon_core.package_identification:_identify(planning_control/trackdrive) by extensions ['cmake', 'python']
[0.152s] Level 1:colcon.colcon_core.package_identification:_identify(planning_control/trackdrive) by extension 'cmake'
[0.152s] Level 1:colcon.colcon_core.package_identification:_identify(planning_control/trackdrive) by extension 'python'
[0.152s] Level 1:colcon.colcon_core.package_identification:_identify(planning_control/trackdrive) by extensions ['python_setup_py']
[0.152s] Level 1:colcon.colcon_core.package_identification:_identify(planning_control/trackdrive) by extension 'python_setup_py'
[0.152s] Level 1:colcon.colcon_core.package_identification:_identify(slam_localization) by extensions ['ignore', 'ignore_ament_install']
[0.152s] Level 1:colcon.colcon_core.package_identification:_identify(slam_localization) by extension 'ignore'
[0.152s] Level 1:colcon.colcon_core.package_identification:_identify(slam_localization) by extension 'ignore_ament_install'
[0.152s] Level 1:colcon.colcon_core.package_identification:_identify(slam_localization) by extensions ['colcon_pkg']
[0.152s] Level 1:colcon.colcon_core.package_identification:_identify(slam_localization) by extension 'colcon_pkg'
[0.152s] Level 1:colcon.colcon_core.package_identification:_identify(slam_localization) by extensions ['colcon_meta']
[0.152s] Level 1:colcon.colcon_core.package_identification:_identify(slam_localization) by extension 'colcon_meta'
[0.152s] Level 1:colcon.colcon_core.package_identification:_identify(slam_localization) by extensions ['ros']
[0.152s] Level 1:colcon.colcon_core.package_identification:_identify(slam_localization) by extension 'ros'
[0.152s] Level 1:colcon.colcon_core.package_identification:_identify(slam_localization) by extensions ['cmake', 'python']
[0.152s] Level 1:colcon.colcon_core.package_identification:_identify(slam_localization) by extension 'cmake'
[0.152s] Level 1:colcon.colcon_core.package_identification:_identify(slam_localization) by extension 'python'
[0.152s] Level 1:colcon.colcon_core.package_identification:_identify(slam_localization) by extensions ['python_setup_py']
[0.152s] Level 1:colcon.colcon_core.package_identification:_identify(slam_localization) by extension 'python_setup_py'
[0.152s] Level 1:colcon.colcon_core.package_identification:_identify(slam_localization/pbox_node_dirve) by extensions ['ignore', 'ignore_ament_install']
[0.152s] Level 1:colcon.colcon_core.package_identification:_identify(slam_localization/pbox_node_dirve) by extension 'ignore'
[0.152s] Level 1:colcon.colcon_core.package_identification:_identify(slam_localization/pbox_node_dirve) by extension 'ignore_ament_install'
[0.152s] Level 1:colcon.colcon_core.package_identification:_identify(slam_localization/pbox_node_dirve) by extensions ['colcon_pkg']
[0.152s] Level 1:colcon.colcon_core.package_identification:_identify(slam_localization/pbox_node_dirve) by extension 'colcon_pkg'
[0.152s] Level 1:colcon.colcon_core.package_identification:_identify(slam_localization/pbox_node_dirve) by extensions ['colcon_meta']
[0.152s] Level 1:colcon.colcon_core.package_identification:_identify(slam_localization/pbox_node_dirve) by extension 'colcon_meta'
[0.152s] Level 1:colcon.colcon_core.package_identification:_identify(slam_localization/pbox_node_dirve) by extensions ['ros']
[0.152s] Level 1:colcon.colcon_core.package_identification:_identify(slam_localization/pbox_node_dirve) by extension 'ros'
[0.152s] Level 1:colcon.colcon_core.package_identification:_identify(slam_localization/pbox_node_dirve) by extensions ['cmake', 'python']
[0.152s] Level 1:colcon.colcon_core.package_identification:_identify(slam_localization/pbox_node_dirve) by extension 'cmake'
[0.152s] Level 1:colcon.colcon_core.package_identification:_identify(slam_localization/pbox_node_dirve) by extension 'python'
[0.152s] Level 1:colcon.colcon_core.package_identification:_identify(slam_localization/pbox_node_dirve) by extensions ['python_setup_py']
[0.152s] Level 1:colcon.colcon_core.package_identification:_identify(slam_localization/pbox_node_dirve) by extension 'python_setup_py'
[0.152s] Level 1:colcon.colcon_core.package_identification:_identify(slam_localization/pbox_node_dirve/build) by extensions ['ignore', 'ignore_ament_install']
[0.152s] Level 1:colcon.colcon_core.package_identification:_identify(slam_localization/pbox_node_dirve/build) by extension 'ignore'
[0.152s] Level 1:colcon.colcon_core.package_identification:_identify(slam_localization/pbox_node_dirve/build) ignored
[0.152s] Level 1:colcon.colcon_core.package_identification:_identify(slam_localization/pbox_node_dirve/install) by extensions ['ignore', 'ignore_ament_install']
[0.152s] Level 1:colcon.colcon_core.package_identification:_identify(slam_localization/pbox_node_dirve/install) by extension 'ignore'
[0.152s] Level 1:colcon.colcon_core.package_identification:_identify(slam_localization/pbox_node_dirve/install) ignored
[0.152s] Level 1:colcon.colcon_core.package_identification:_identify(slam_localization/pbox_node_dirve/log) by extensions ['ignore', 'ignore_ament_install']
[0.152s] Level 1:colcon.colcon_core.package_identification:_identify(slam_localization/pbox_node_dirve/log) by extension 'ignore'
[0.152s] Level 1:colcon.colcon_core.package_identification:_identify(slam_localization/pbox_node_dirve/log) ignored
[0.152s] Level 1:colcon.colcon_core.package_identification:_identify(slam_localization/pbox_node_dirve/rosbag2_2026_03_18-21_52_45) by extensions ['ignore', 'ignore_ament_install']
[0.153s] Level 1:colcon.colcon_core.package_identification:_identify(slam_localization/pbox_node_dirve/rosbag2_2026_03_18-21_52_45) by extension 'ignore'
[0.153s] Level 1:colcon.colcon_core.package_identification:_identify(slam_localization/pbox_node_dirve/rosbag2_2026_03_18-21_52_45) by extension 'ignore_ament_install'
[0.153s] Level 1:colcon.colcon_core.package_identification:_identify(slam_localization/pbox_node_dirve/rosbag2_2026_03_18-21_52_45) by extensions ['colcon_pkg']
[0.153s] Level 1:colcon.colcon_core.package_identification:_identify(slam_localization/pbox_node_dirve/rosbag2_2026_03_18-21_52_45) by extension 'colcon_pkg'
[0.153s] Level 1:colcon.colcon_core.package_identification:_identify(slam_localization/pbox_node_dirve/rosbag2_2026_03_18-21_52_45) by extensions ['colcon_meta']
[0.153s] Level 1:colcon.colcon_core.package_identification:_identify(slam_localization/pbox_node_dirve/rosbag2_2026_03_18-21_52_45) by extension 'colcon_meta'
[0.153s] Level 1:colcon.colcon_core.package_identification:_identify(slam_localization/pbox_node_dirve/rosbag2_2026_03_18-21_52_45) by extensions ['ros']
[0.153s] Level 1:colcon.colcon_core.package_identification:_identify(slam_localization/pbox_node_dirve/rosbag2_2026_03_18-21_52_45) by extension 'ros'
[0.153s] Level 1:colcon.colcon_core.package_identification:_identify(slam_localization/pbox_node_dirve/rosbag2_2026_03_18-21_52_45) by extensions ['cmake', 'python']
[0.153s] Level 1:colcon.colcon_core.package_identification:_identify(slam_localization/pbox_node_dirve/rosbag2_2026_03_18-21_52_45) by extension 'cmake'
[0.153s] Level 1:colcon.colcon_core.package_identification:_identify(slam_localization/pbox_node_dirve/rosbag2_2026_03_18-21_52_45) by extension 'python'
[0.153s] Level 1:colcon.colcon_core.package_identification:_identify(slam_localization/pbox_node_dirve/rosbag2_2026_03_18-21_52_45) by extensions ['python_setup_py']
[0.153s] Level 1:colcon.colcon_core.package_identification:_identify(slam_localization/pbox_node_dirve/rosbag2_2026_03_18-21_52_45) by extension 'python_setup_py'
[0.153s] Level 1:colcon.colcon_core.package_identification:_identify(slam_localization/pbox_node_dirve/src) by extensions ['ignore', 'ignore_ament_install']
[0.153s] Level 1:colcon.colcon_core.package_identification:_identify(slam_localization/pbox_node_dirve/src) by extension 'ignore'
[0.153s] Level 1:colcon.colcon_core.package_identification:_identify(slam_localization/pbox_node_dirve/src) by extension 'ignore_ament_install'
[0.153s] Level 1:colcon.colcon_core.package_identification:_identify(slam_localization/pbox_node_dirve/src) by extensions ['colcon_pkg']
[0.153s] Level 1:colcon.colcon_core.package_identification:_identify(slam_localization/pbox_node_dirve/src) by extension 'colcon_pkg'
[0.153s] Level 1:colcon.colcon_core.package_identification:_identify(slam_localization/pbox_node_dirve/src) by extensions ['colcon_meta']
[0.153s] Level 1:colcon.colcon_core.package_identification:_identify(slam_localization/pbox_node_dirve/src) by extension 'colcon_meta'
[0.153s] Level 1:colcon.colcon_core.package_identification:_identify(slam_localization/pbox_node_dirve/src) by extensions ['ros']
[0.153s] Level 1:colcon.colcon_core.package_identification:_identify(slam_localization/pbox_node_dirve/src) by extension 'ros'
[0.153s] Level 1:colcon.colcon_core.package_identification:_identify(slam_localization/pbox_node_dirve/src) by extensions ['cmake', 'python']
[0.153s] Level 1:colcon.colcon_core.package_identification:_identify(slam_localization/pbox_node_dirve/src) by extension 'cmake'
[0.153s] Level 1:colcon.colcon_core.package_identification:_identify(slam_localization/pbox_node_dirve/src) by extension 'python'
[0.153s] Level 1:colcon.colcon_core.package_identification:_identify(slam_localization/pbox_node_dirve/src) by extensions ['python_setup_py']
[0.153s] Level 1:colcon.colcon_core.package_identification:_identify(slam_localization/pbox_node_dirve/src) by extension 'python_setup_py'
[0.153s] Level 1:colcon.colcon_core.package_identification:_identify(slam_localization/pbox_node_dirve/src/imu_msgs) by extensions ['ignore', 'ignore_ament_install']
[0.153s] Level 1:colcon.colcon_core.package_identification:_identify(slam_localization/pbox_node_dirve/src/imu_msgs) by extension 'ignore'
[0.153s] Level 1:colcon.colcon_core.package_identification:_identify(slam_localization/pbox_node_dirve/src/imu_msgs) by extension 'ignore_ament_install'
[0.153s] Level 1:colcon.colcon_core.package_identification:_identify(slam_localization/pbox_node_dirve/src/imu_msgs) by extensions ['colcon_pkg']
[0.153s] Level 1:colcon.colcon_core.package_identification:_identify(slam_localization/pbox_node_dirve/src/imu_msgs) by extension 'colcon_pkg'
[0.153s] Level 1:colcon.colcon_core.package_identification:_identify(slam_localization/pbox_node_dirve/src/imu_msgs) by extensions ['colcon_meta']
[0.153s] Level 1:colcon.colcon_core.package_identification:_identify(slam_localization/pbox_node_dirve/src/imu_msgs) by extension 'colcon_meta'
[0.153s] Level 1:colcon.colcon_core.package_identification:_identify(slam_localization/pbox_node_dirve/src/imu_msgs) by extensions ['ros']
[0.153s] Level 1:colcon.colcon_core.package_identification:_identify(slam_localization/pbox_node_dirve/src/imu_msgs) by extension 'ros'
[0.154s] DEBUG:colcon.colcon_core.package_identification:Package 'slam_localization/pbox_node_dirve/src/imu_msgs' with type 'ros.ament_cmake' and name 'imu_msgs'
[0.154s] Level 1:colcon.colcon_core.package_identification:_identify(slam_localization/pbox_node_dirve/src/pbox_node) by extensions ['ignore', 'ignore_ament_install']
[0.154s] Level 1:colcon.colcon_core.package_identification:_identify(slam_localization/pbox_node_dirve/src/pbox_node) by extension 'ignore'
[0.154s] Level 1:colcon.colcon_core.package_identification:_identify(slam_localization/pbox_node_dirve/src/pbox_node) by extension 'ignore_ament_install'
[0.154s] Level 1:colcon.colcon_core.package_identification:_identify(slam_localization/pbox_node_dirve/src/pbox_node) by extensions ['colcon_pkg']
[0.154s] Level 1:colcon.colcon_core.package_identification:_identify(slam_localization/pbox_node_dirve/src/pbox_node) by extension 'colcon_pkg'
[0.154s] Level 1:colcon.colcon_core.package_identification:_identify(slam_localization/pbox_node_dirve/src/pbox_node) by extensions ['colcon_meta']
[0.154s] Level 1:colcon.colcon_core.package_identification:_identify(slam_localization/pbox_node_dirve/src/pbox_node) by extension 'colcon_meta'
[0.154s] Level 1:colcon.colcon_core.package_identification:_identify(slam_localization/pbox_node_dirve/src/pbox_node) by extensions ['ros']
[0.154s] Level 1:colcon.colcon_core.package_identification:_identify(slam_localization/pbox_node_dirve/src/pbox_node) by extension 'ros'
[0.155s] DEBUG:colcon.colcon_core.package_identification:Package 'slam_localization/pbox_node_dirve/src/pbox_node' with type 'ros.ament_cmake' and name 'pbox_node'
[0.155s] Level 1:colcon.colcon_core.package_identification:_identify(slam_localization/pbox_node_dirve/src/serial) by extensions ['ignore', 'ignore_ament_install']
[0.155s] Level 1:colcon.colcon_core.package_identification:_identify(slam_localization/pbox_node_dirve/src/serial) by extension 'ignore'
[0.155s] Level 1:colcon.colcon_core.package_identification:_identify(slam_localization/pbox_node_dirve/src/serial) by extension 'ignore_ament_install'
[0.155s] Level 1:colcon.colcon_core.package_identification:_identify(slam_localization/pbox_node_dirve/src/serial) by extensions ['colcon_pkg']
[0.155s] Level 1:colcon.colcon_core.package_identification:_identify(slam_localization/pbox_node_dirve/src/serial) by extension 'colcon_pkg'
[0.155s] Level 1:colcon.colcon_core.package_identification:_identify(slam_localization/pbox_node_dirve/src/serial) by extensions ['colcon_meta']
[0.155s] Level 1:colcon.colcon_core.package_identification:_identify(slam_localization/pbox_node_dirve/src/serial) by extension 'colcon_meta'
[0.155s] Level 1:colcon.colcon_core.package_identification:_identify(slam_localization/pbox_node_dirve/src/serial) by extensions ['ros']
[0.155s] Level 1:colcon.colcon_core.package_identification:_identify(slam_localization/pbox_node_dirve/src/serial) by extension 'ros'
[0.155s] DEBUG:colcon.colcon_core.package_identification:Package 'slam_localization/pbox_node_dirve/src/serial' with type 'ros.ament_cmake' and name 'serial'
[0.155s] Level 1:colcon.colcon_core.package_discovery:discover_packages(recursive) using defaults
[0.155s] Level 1:colcon.colcon_core.package_discovery:discover_packages(ignore) discover
[0.155s] Level 1:colcon.colcon_core.package_discovery:discover_packages(ignore) using defaults
[0.155s] Level 1:colcon.colcon_core.package_discovery:discover_packages(path) discover
[0.155s] Level 1:colcon.colcon_core.package_discovery:discover_packages(path) using defaults
[0.171s] INFO:colcon.colcon_core.package_selection:Skipping not selected package 'camera_msg' in 'camera/src/camera_msg'
[0.171s] INFO:colcon.colcon_core.package_selection:Skipping not selected package 'icp_test_tools' in 'planning_control/skidpad/src/icp_test_tools'
[0.171s] INFO:colcon.colcon_core.package_selection:Skipping not selected package 'imu_msgs' in 'slam_localization/pbox_node_dirve/src/imu_msgs'
[0.171s] INFO:colcon.colcon_core.package_selection:Skipping not selected package 'lidar_cone_detector' in 'lidar/lidar_cone_detector'
[0.171s] INFO:colcon.colcon_core.package_selection:Skipping not selected package 'serial' in 'slam_localization/pbox_node_dirve/src/serial'
[0.171s] INFO:colcon.colcon_core.package_selection:Skipping not selected package 'skidpad_msgs' in 'planning_control/skidpad/src/skidpad_msgs'
[0.171s] INFO:colcon.colcon_core.package_selection:Skipping not selected package 'yolo_msgs' in 'camera/src/yolo_msgs'
[0.171s] INFO:colcon.colcon_core.package_selection:Skipping not selected package 'camera_node' in 'camera/src/camera_node'
[0.171s] INFO:colcon.colcon_core.package_selection:Skipping not selected package 'fsds_ros_bridge' in 'fsds_ros_bridge'
[0.171s] INFO:colcon.colcon_core.package_selection:Skipping not selected package 'pbox_node' in 'slam_localization/pbox_node_dirve/src/pbox_node'
[0.171s] INFO:colcon.colcon_core.package_selection:Skipping not selected package 'ros2_lidar_camera_fusion_with_detection' in 'camera/src/ros2_lidar_camera_fusion_with_detection'
[0.171s] INFO:colcon.colcon_core.package_selection:Skipping not selected package 'skidpad_control' in 'planning_control/skidpad/src/skidpad_control'
[0.171s] INFO:colcon.colcon_core.package_selection:Skipping not selected package 'skidpad_planner' in 'planning_control/skidpad/src/skidpad_planner'
[0.171s] INFO:colcon.colcon_core.package_selection:Skipping not selected package 'yolo_ros' in 'camera/src/yolo_ros'
[0.171s] INFO:colcon.colcon_core.package_selection:Skipping not selected package 'skidpad_bringup' in 'planning_control/skidpad/src/skidpad_bringup'
[0.171s] INFO:colcon.colcon_core.package_selection:Skipping not selected package 'yolo_bringup' in 'camera/src/yolo_bringup'
[0.171s] Level 1:colcon.colcon_core.package_discovery:discover_packages(prefix_path) check parameters
[0.171s] Level 1:colcon.colcon_core.package_discovery:discover_packages(prefix_path) discover
[0.173s] DEBUG:colcon.colcon_installed_package_information.package_discovery:Found 282 installed packages in /opt/ros/humble
[0.173s] Level 1:colcon.colcon_core.package_discovery:discover_packages(prefix_path) using defaults
[0.192s] Level 5:colcon.colcon_core.verb:set package 'skidpad_icp' build argument 'cmake_args' from command line to 'None'
[0.192s] Level 5:colcon.colcon_core.verb:set package 'skidpad_icp' build argument 'cmake_target' from command line to 'None'
[0.192s] Level 5:colcon.colcon_core.verb:set package 'skidpad_icp' build argument 'cmake_target_skip_unavailable' from command line to 'False'
[0.192s] Level 5:colcon.colcon_core.verb:set package 'skidpad_icp' build argument 'cmake_clean_cache' from command line to 'False'
[0.192s] Level 5:colcon.colcon_core.verb:set package 'skidpad_icp' build argument 'cmake_clean_first' from command line to 'False'
[0.192s] Level 5:colcon.colcon_core.verb:set package 'skidpad_icp' build argument 'cmake_force_configure' from command line to 'False'
[0.192s] Level 5:colcon.colcon_core.verb:set package 'skidpad_icp' build argument 'ament_cmake_args' from command line to 'None'
[0.192s] Level 5:colcon.colcon_core.verb:set package 'skidpad_icp' build argument 'catkin_cmake_args' from command line to 'None'
[0.192s] Level 5:colcon.colcon_core.verb:set package 'skidpad_icp' build argument 'catkin_skip_building_tests' from command line to 'False'
[0.192s] DEBUG:colcon.colcon_core.verb:Building package 'skidpad_icp' with the following arguments: {'ament_cmake_args': None, 'build_base': '/home/limdegcai/GSMART/CODE/FSD-Gsmart/build/skidpad_icp', 'catkin_cmake_args': None, 'catkin_skip_building_tests': False, 'cmake_args': None, 'cmake_clean_cache': False, 'cmake_clean_first': False, 'cmake_force_configure': False, 'cmake_target': None, 'cmake_target_skip_unavailable': False, 'install_base': '/home/limdegcai/GSMART/CODE/FSD-Gsmart/install/skidpad_icp', 'merge_install': False, 'path': '/home/limdegcai/GSMART/CODE/FSD-Gsmart/planning_control/skidpad/src/skidpad_icp', 'symlink_install': True, 'test_result_base': None}
[0.192s] INFO:colcon.colcon_core.executor:Executing jobs using 'parallel' executor
[0.193s] DEBUG:colcon.colcon_parallel_executor.executor.parallel:run_until_complete
[0.193s] INFO:colcon.colcon_ros.task.ament_cmake.build:Building ROS package in '/home/limdegcai/GSMART/CODE/FSD-Gsmart/planning_control/skidpad/src/skidpad_icp' with build type 'ament_cmake'
[0.193s] INFO:colcon.colcon_cmake.task.cmake.build:Building CMake package in '/home/limdegcai/GSMART/CODE/FSD-Gsmart/planning_control/skidpad/src/skidpad_icp'
[0.194s] INFO:colcon.colcon_core.plugin_system:Skipping extension 'colcon_core.shell.bat': Not used on non-Windows systems
[0.194s] INFO:colcon.colcon_core.shell:Skip shell extension 'powershell' for command environment: Not usable outside of PowerShell
[0.194s] DEBUG:colcon.colcon_core.shell:Skip shell extension 'dsv' for command environment
[0.199s] DEBUG:colcon.colcon_core.event_handler.log_command:Invoking command in '/home/limdegcai/GSMART/CODE/FSD-Gsmart/build/skidpad_icp': CMAKE_PREFIX_PATH=/opt/ros/humble /usr/bin/cmake /home/limdegcai/GSMART/CODE/FSD-Gsmart/planning_control/skidpad/src/skidpad_icp -DAMENT_CMAKE_SYMLINK_INSTALL=1 -DCMAKE_INSTALL_PREFIX=/home/limdegcai/GSMART/CODE/FSD-Gsmart/install/skidpad_icp
[2.652s] DEBUG:colcon.colcon_core.event_handler.log_command:Invoked command in '/home/limdegcai/GSMART/CODE/FSD-Gsmart/build/skidpad_icp' returned '0': CMAKE_PREFIX_PATH=/opt/ros/humble /usr/bin/cmake /home/limdegcai/GSMART/CODE/FSD-Gsmart/planning_control/skidpad/src/skidpad_icp -DAMENT_CMAKE_SYMLINK_INSTALL=1 -DCMAKE_INSTALL_PREFIX=/home/limdegcai/GSMART/CODE/FSD-Gsmart/install/skidpad_icp
[2.653s] DEBUG:colcon.colcon_core.event_handler.log_command:Invoking command in '/home/limdegcai/GSMART/CODE/FSD-Gsmart/build/skidpad_icp': CMAKE_PREFIX_PATH=/opt/ros/humble /usr/bin/cmake --build /home/limdegcai/GSMART/CODE/FSD-Gsmart/build/skidpad_icp -- -j32 -l32
[13.887s] DEBUG:colcon.colcon_core.event_handler.log_command:Invoked command in '/home/limdegcai/GSMART/CODE/FSD-Gsmart/build/skidpad_icp' returned '0': CMAKE_PREFIX_PATH=/opt/ros/humble /usr/bin/cmake --build /home/limdegcai/GSMART/CODE/FSD-Gsmart/build/skidpad_icp -- -j32 -l32
[13.893s] DEBUG:colcon.colcon_core.event_handler.log_command:Invoking command in '/home/limdegcai/GSMART/CODE/FSD-Gsmart/build/skidpad_icp': CMAKE_PREFIX_PATH=/opt/ros/humble /usr/bin/cmake --install /home/limdegcai/GSMART/CODE/FSD-Gsmart/build/skidpad_icp
[14.009s] Level 1:colcon.colcon_core.environment:create_environment_scripts_only(skidpad_icp)
[14.010s] DEBUG:colcon.colcon_core.event_handler.log_command:Invoked command in '/home/limdegcai/GSMART/CODE/FSD-Gsmart/build/skidpad_icp' returned '0': CMAKE_PREFIX_PATH=/opt/ros/humble /usr/bin/cmake --install /home/limdegcai/GSMART/CODE/FSD-Gsmart/build/skidpad_icp
[14.011s] Level 1:colcon.colcon_core.environment:checking '/home/limdegcai/GSMART/CODE/FSD-Gsmart/install/skidpad_icp' for CMake module files
[14.011s] Level 1:colcon.colcon_core.environment:checking '/home/limdegcai/GSMART/CODE/FSD-Gsmart/install/skidpad_icp' for CMake config files
[14.011s] Level 1:colcon.colcon_core.shell:create_environment_hook('skidpad_icp', 'cmake_prefix_path')
[14.012s] INFO:colcon.colcon_core.shell:Creating environment hook '/home/limdegcai/GSMART/CODE/FSD-Gsmart/install/skidpad_icp/share/skidpad_icp/hook/cmake_prefix_path.ps1'
[14.012s] INFO:colcon.colcon_core.shell:Creating environment descriptor '/home/limdegcai/GSMART/CODE/FSD-Gsmart/install/skidpad_icp/share/skidpad_icp/hook/cmake_prefix_path.dsv'
[14.012s] INFO:colcon.colcon_core.shell:Creating environment hook '/home/limdegcai/GSMART/CODE/FSD-Gsmart/install/skidpad_icp/share/skidpad_icp/hook/cmake_prefix_path.sh'
[14.013s] Level 1:colcon.colcon_core.environment:checking '/home/limdegcai/GSMART/CODE/FSD-Gsmart/install/skidpad_icp/lib'
[14.013s] Level 1:colcon.colcon_core.environment:checking '/home/limdegcai/GSMART/CODE/FSD-Gsmart/install/skidpad_icp/bin'
[14.013s] Level 1:colcon.colcon_core.environment:checking '/home/limdegcai/GSMART/CODE/FSD-Gsmart/install/skidpad_icp/lib/pkgconfig/skidpad_icp.pc'
[14.013s] Level 1:colcon.colcon_core.environment:checking '/home/limdegcai/GSMART/CODE/FSD-Gsmart/install/skidpad_icp/lib/python3.10/site-packages'
[14.013s] Level 1:colcon.colcon_core.environment:checking '/home/limdegcai/GSMART/CODE/FSD-Gsmart/install/skidpad_icp/bin'
[14.013s] INFO:colcon.colcon_core.shell:Creating package script '/home/limdegcai/GSMART/CODE/FSD-Gsmart/install/skidpad_icp/share/skidpad_icp/package.ps1'
[14.014s] INFO:colcon.colcon_core.shell:Creating package descriptor '/home/limdegcai/GSMART/CODE/FSD-Gsmart/install/skidpad_icp/share/skidpad_icp/package.dsv'
[14.014s] INFO:colcon.colcon_core.shell:Creating package script '/home/limdegcai/GSMART/CODE/FSD-Gsmart/install/skidpad_icp/share/skidpad_icp/package.sh'
[14.014s] INFO:colcon.colcon_core.shell:Creating package script '/home/limdegcai/GSMART/CODE/FSD-Gsmart/install/skidpad_icp/share/skidpad_icp/package.bash'
[14.015s] INFO:colcon.colcon_core.shell:Creating package script '/home/limdegcai/GSMART/CODE/FSD-Gsmart/install/skidpad_icp/share/skidpad_icp/package.zsh'
[14.015s] Level 1:colcon.colcon_core.environment:create_file_with_runtime_dependencies(/home/limdegcai/GSMART/CODE/FSD-Gsmart/install/skidpad_icp/share/colcon-core/packages/skidpad_icp)
[14.015s] Level 1:colcon.colcon_core.environment:create_environment_scripts_only(skidpad_icp)
[14.015s] Level 1:colcon.colcon_core.environment:checking '/home/limdegcai/GSMART/CODE/FSD-Gsmart/install/skidpad_icp' for CMake module files
[14.016s] Level 1:colcon.colcon_core.environment:checking '/home/limdegcai/GSMART/CODE/FSD-Gsmart/install/skidpad_icp' for CMake config files
[14.016s] Level 1:colcon.colcon_core.shell:create_environment_hook('skidpad_icp', 'cmake_prefix_path')
[14.016s] INFO:colcon.colcon_core.shell:Creating environment hook '/home/limdegcai/GSMART/CODE/FSD-Gsmart/install/skidpad_icp/share/skidpad_icp/hook/cmake_prefix_path.ps1'
[14.016s] INFO:colcon.colcon_core.shell:Creating environment descriptor '/home/limdegcai/GSMART/CODE/FSD-Gsmart/install/skidpad_icp/share/skidpad_icp/hook/cmake_prefix_path.dsv'
[14.016s] INFO:colcon.colcon_core.shell:Creating environment hook '/home/limdegcai/GSMART/CODE/FSD-Gsmart/install/skidpad_icp/share/skidpad_icp/hook/cmake_prefix_path.sh'
[14.017s] Level 1:colcon.colcon_core.environment:checking '/home/limdegcai/GSMART/CODE/FSD-Gsmart/install/skidpad_icp/lib'
[14.017s] Level 1:colcon.colcon_core.environment:checking '/home/limdegcai/GSMART/CODE/FSD-Gsmart/install/skidpad_icp/bin'
[14.017s] Level 1:colcon.colcon_core.environment:checking '/home/limdegcai/GSMART/CODE/FSD-Gsmart/install/skidpad_icp/lib/pkgconfig/skidpad_icp.pc'
[14.017s] Level 1:colcon.colcon_core.environment:checking '/home/limdegcai/GSMART/CODE/FSD-Gsmart/install/skidpad_icp/lib/python3.10/site-packages'
[14.017s] Level 1:colcon.colcon_core.environment:checking '/home/limdegcai/GSMART/CODE/FSD-Gsmart/install/skidpad_icp/bin'
[14.017s] INFO:colcon.colcon_core.shell:Creating package script '/home/limdegcai/GSMART/CODE/FSD-Gsmart/install/skidpad_icp/share/skidpad_icp/package.ps1'
[14.017s] INFO:colcon.colcon_core.shell:Creating package descriptor '/home/limdegcai/GSMART/CODE/FSD-Gsmart/install/skidpad_icp/share/skidpad_icp/package.dsv'
[14.018s] INFO:colcon.colcon_core.shell:Creating package script '/home/limdegcai/GSMART/CODE/FSD-Gsmart/install/skidpad_icp/share/skidpad_icp/package.sh'
[14.018s] INFO:colcon.colcon_core.shell:Creating package script '/home/limdegcai/GSMART/CODE/FSD-Gsmart/install/skidpad_icp/share/skidpad_icp/package.bash'
[14.018s] INFO:colcon.colcon_core.shell:Creating package script '/home/limdegcai/GSMART/CODE/FSD-Gsmart/install/skidpad_icp/share/skidpad_icp/package.zsh'
[14.018s] Level 1:colcon.colcon_core.environment:create_file_with_runtime_dependencies(/home/limdegcai/GSMART/CODE/FSD-Gsmart/install/skidpad_icp/share/colcon-core/packages/skidpad_icp)
[14.018s] DEBUG:colcon.colcon_parallel_executor.executor.parallel:closing loop
[14.018s] DEBUG:colcon.colcon_parallel_executor.executor.parallel:loop closed
[14.019s] DEBUG:colcon.colcon_parallel_executor.executor.parallel:run_until_complete finished with '0'
[14.019s] DEBUG:colcon.colcon_core.event_reactor:joining thread
[14.022s] INFO:colcon.colcon_core.plugin_system:Skipping extension 'colcon_notification.desktop_notification.terminal_notifier': Not used on non-Darwin systems
[14.022s] INFO:colcon.colcon_core.plugin_system:Skipping extension 'colcon_notification.desktop_notification.win32': Not used on non-Windows systems
[14.022s] INFO:colcon.colcon_notification.desktop_notification:Sending desktop notification using 'notify2'
[14.030s] DEBUG:colcon.colcon_core.event_reactor:joined thread
[14.030s] INFO:colcon.colcon_core.shell:Creating prefix script '/home/limdegcai/GSMART/CODE/FSD-Gsmart/install/local_setup.ps1'
[14.031s] INFO:colcon.colcon_core.shell:Creating prefix util module '/home/limdegcai/GSMART/CODE/FSD-Gsmart/install/_local_setup_util_ps1.py'
[14.031s] INFO:colcon.colcon_core.shell:Creating prefix chain script '/home/limdegcai/GSMART/CODE/FSD-Gsmart/install/setup.ps1'
[14.032s] INFO:colcon.colcon_core.shell:Creating prefix script '/home/limdegcai/GSMART/CODE/FSD-Gsmart/install/local_setup.sh'
[14.032s] INFO:colcon.colcon_core.shell:Creating prefix util module '/home/limdegcai/GSMART/CODE/FSD-Gsmart/install/_local_setup_util_sh.py'
[14.032s] INFO:colcon.colcon_core.shell:Creating prefix chain script '/home/limdegcai/GSMART/CODE/FSD-Gsmart/install/setup.sh'
[14.033s] INFO:colcon.colcon_core.shell:Creating prefix script '/home/limdegcai/GSMART/CODE/FSD-Gsmart/install/local_setup.bash'
[14.033s] INFO:colcon.colcon_core.shell:Creating prefix chain script '/home/limdegcai/GSMART/CODE/FSD-Gsmart/install/setup.bash'
[14.033s] INFO:colcon.colcon_core.shell:Creating prefix script '/home/limdegcai/GSMART/CODE/FSD-Gsmart/install/local_setup.zsh'
[14.034s] INFO:colcon.colcon_core.shell:Creating prefix chain script '/home/limdegcai/GSMART/CODE/FSD-Gsmart/install/setup.zsh'
