[0.068s] DEBUG:colcon:Command line arguments: ['/usr/bin/colcon', 'build', '--symlink-install']
[0.068s] DEBUG:colcon:Parsed command line arguments: Namespace(log_base=None, log_level=None, verb_name='build', build_base='build', install_base='install', merge_install=False, symlink_install=True, test_result_base=None, continue_on_error=False, executor='parallel', parallel_workers=32, event_handlers=None, ignore_user_meta=False, metas=['./colcon.meta'], base_paths=['.'], packages_ignore=None, packages_ignore_regex=None, paths=None, packages_up_to=None, packages_up_to_regex=None, packages_above=None, packages_above_and_dependencies=None, packages_above_depth=None, packages_select_by_dep=None, packages_skip_by_dep=None, packages_skip_up_to=None, packages_select_build_failed=False, packages_skip_build_finished=False, packages_select_test_failures=False, packages_skip_test_passed=False, packages_select=None, packages_skip=None, packages_select_regex=None, packages_skip_regex=None, packages_start=None, packages_end=None, allow_overriding=[], cmake_args=None, cmake_target=None, cmake_target_skip_unavailable=False, cmake_clean_cache=False, cmake_clean_first=False, cmake_force_configure=False, ament_cmake_args=None, catkin_cmake_args=None, catkin_skip_building_tests=False, verb_parser=<colcon_defaults.argument_parser.defaults.DefaultArgumentsDecorator object at 0x7fd02be07b50>, verb_extension=<colcon_core.verb.build.BuildVerb object at 0x7fd02bfb5210>, main=<bound method BuildVerb.main of <colcon_core.verb.build.BuildVerb object at 0x7fd02bfb5210>>)
[0.160s] Level 1:colcon.colcon_core.package_discovery:discover_packages(colcon_meta) check parameters
[0.160s] Level 1:colcon.colcon_core.package_discovery:discover_packages(recursive) check parameters
[0.160s] Level 1:colcon.colcon_core.package_discovery:discover_packages(ignore) check parameters
[0.160s] Level 1:colcon.colcon_core.package_discovery:discover_packages(path) check parameters
[0.160s] Level 1:colcon.colcon_core.package_discovery:discover_packages(colcon_meta) discover
[0.160s] Level 1:colcon.colcon_core.package_discovery:discover_packages(recursive) discover
[0.160s] INFO:colcon.colcon_core.package_discovery:Crawling recursively for packages in '/home/limdegcai/GSMART/CODE/FSD-Gsmart/lidar/lidar_cone_detector'
[0.160s] Level 1:colcon.colcon_core.package_identification:_identify(.) by extensions ['ignore', 'ignore_ament_install']
[0.160s] Level 1:colcon.colcon_core.package_identification:_identify(.) by extension 'ignore'
[0.160s] Level 1:colcon.colcon_core.package_identification:_identify(.) by extension 'ignore_ament_install'
[0.160s] Level 1:colcon.colcon_core.package_identification:_identify(.) by extensions ['colcon_pkg']
[0.160s] Level 1:colcon.colcon_core.package_identification:_identify(.) by extension 'colcon_pkg'
[0.160s] Level 1:colcon.colcon_core.package_identification:_identify(.) by extensions ['colcon_meta']
[0.160s] Level 1:colcon.colcon_core.package_identification:_identify(.) by extension 'colcon_meta'
[0.160s] Level 1:colcon.colcon_core.package_identification:_identify(.) by extensions ['ros']
[0.160s] Level 1:colcon.colcon_core.package_identification:_identify(.) by extension 'ros'
[0.168s] DEBUG:colcon.colcon_core.package_identification:Package '.' with type 'ros.ament_cmake' and name 'lidar_cone_detector'
[0.168s] Level 1:colcon.colcon_core.package_discovery:discover_packages(recursive) using defaults
[0.168s] Level 1:colcon.colcon_core.package_discovery:discover_packages(ignore) discover
[0.168s] Level 1:colcon.colcon_core.package_discovery:discover_packages(ignore) using defaults
[0.168s] Level 1:colcon.colcon_core.package_discovery:discover_packages(path) discover
[0.168s] Level 1:colcon.colcon_core.package_discovery:discover_packages(path) using defaults
[0.180s] Level 1:colcon.colcon_core.package_discovery:discover_packages(prefix_path) check parameters
[0.180s] Level 1:colcon.colcon_core.package_discovery:discover_packages(prefix_path) discover
[0.188s] DEBUG:colcon.colcon_installed_package_information.package_discovery:Found 282 installed packages in /opt/ros/humble
[0.189s] Level 1:colcon.colcon_core.package_discovery:discover_packages(prefix_path) using defaults
[0.211s] Level 5:colcon.colcon_core.verb:set package 'lidar_cone_detector' build argument 'cmake_args' from command line to 'None'
[0.211s] Level 5:colcon.colcon_core.verb:set package 'lidar_cone_detector' build argument 'cmake_target' from command line to 'None'
[0.211s] Level 5:colcon.colcon_core.verb:set package 'lidar_cone_detector' build argument 'cmake_target_skip_unavailable' from command line to 'False'
[0.211s] Level 5:colcon.colcon_core.verb:set package 'lidar_cone_detector' build argument 'cmake_clean_cache' from command line to 'False'
[0.211s] Level 5:colcon.colcon_core.verb:set package 'lidar_cone_detector' build argument 'cmake_clean_first' from command line to 'False'
[0.211s] Level 5:colcon.colcon_core.verb:set package 'lidar_cone_detector' build argument 'cmake_force_configure' from command line to 'False'
[0.211s] Level 5:colcon.colcon_core.verb:set package 'lidar_cone_detector' build argument 'ament_cmake_args' from command line to 'None'
[0.211s] Level 5:colcon.colcon_core.verb:set package 'lidar_cone_detector' build argument 'catkin_cmake_args' from command line to 'None'
[0.211s] Level 5:colcon.colcon_core.verb:set package 'lidar_cone_detector' build argument 'catkin_skip_building_tests' from command line to 'False'
[0.211s] DEBUG:colcon.colcon_core.verb:Building package 'lidar_cone_detector' with the following arguments: {'ament_cmake_args': None, 'build_base': '/home/limdegcai/GSMART/CODE/FSD-Gsmart/lidar/lidar_cone_detector/build/lidar_cone_detector', 'catkin_cmake_args': None, 'catkin_skip_building_tests': False, 'cmake_args': None, 'cmake_clean_cache': False, 'cmake_clean_first': False, 'cmake_force_configure': False, 'cmake_target': None, 'cmake_target_skip_unavailable': False, 'install_base': '/home/limdegcai/GSMART/CODE/FSD-Gsmart/lidar/lidar_cone_detector/install/lidar_cone_detector', 'merge_install': False, 'path': '/home/limdegcai/GSMART/CODE/FSD-Gsmart/lidar/lidar_cone_detector', 'symlink_install': True, 'test_result_base': None}
[0.211s] INFO:colcon.colcon_core.executor:Executing jobs using 'parallel' executor
[0.212s] DEBUG:colcon.colcon_parallel_executor.executor.parallel:run_until_complete
[0.212s] INFO:colcon.colcon_ros.task.ament_cmake.build:Building ROS package in '/home/limdegcai/GSMART/CODE/FSD-Gsmart/lidar/lidar_cone_detector' with build type 'ament_cmake'
[0.213s] INFO:colcon.colcon_cmake.task.cmake.build:Building CMake package in '/home/limdegcai/GSMART/CODE/FSD-Gsmart/lidar/lidar_cone_detector'
[0.214s] INFO:colcon.colcon_core.plugin_system:Skipping extension 'colcon_core.shell.bat': Not used on non-Windows systems
[0.214s] INFO:colcon.colcon_core.shell:Skip shell extension 'powershell' for command environment: Not usable outside of PowerShell
[0.214s] DEBUG:colcon.colcon_core.shell:Skip shell extension 'dsv' for command environment
[0.220s] DEBUG:colcon.colcon_core.event_handler.log_command:Invoking command in '/home/limdegcai/GSMART/CODE/FSD-Gsmart/lidar/lidar_cone_detector/build/lidar_cone_detector': CMAKE_PREFIX_PATH=/opt/ros/humble /usr/bin/cmake --build /home/limdegcai/GSMART/CODE/FSD-Gsmart/lidar/lidar_cone_detector/build/lidar_cone_detector -- -j32 -l32
[12.823s] DEBUG:colcon.colcon_core.event_handler.log_command:Invoked command in '/home/limdegcai/GSMART/CODE/FSD-Gsmart/lidar/lidar_cone_detector/build/lidar_cone_detector' returned '0': CMAKE_PREFIX_PATH=/opt/ros/humble /usr/bin/cmake --build /home/limdegcai/GSMART/CODE/FSD-Gsmart/lidar/lidar_cone_detector/build/lidar_cone_detector -- -j32 -l32
[12.832s] DEBUG:colcon.colcon_core.event_handler.log_command:Invoking command in '/home/limdegcai/GSMART/CODE/FSD-Gsmart/lidar/lidar_cone_detector/build/lidar_cone_detector': CMAKE_PREFIX_PATH=/opt/ros/humble /usr/bin/cmake --install /home/limdegcai/GSMART/CODE/FSD-Gsmart/lidar/lidar_cone_detector/build/lidar_cone_detector
[12.856s] Level 1:colcon.colcon_core.environment:create_environment_scripts_only(lidar_cone_detector)
[12.856s] DEBUG:colcon.colcon_core.event_handler.log_command:Invoked command in '/home/limdegcai/GSMART/CODE/FSD-Gsmart/lidar/lidar_cone_detector/build/lidar_cone_detector' returned '0': CMAKE_PREFIX_PATH=/opt/ros/humble /usr/bin/cmake --install /home/limdegcai/GSMART/CODE/FSD-Gsmart/lidar/lidar_cone_detector/build/lidar_cone_detector
[12.857s] Level 1:colcon.colcon_core.environment:checking '/home/limdegcai/GSMART/CODE/FSD-Gsmart/lidar/lidar_cone_detector/install/lidar_cone_detector' for CMake module files
[12.858s] Level 1:colcon.colcon_core.environment:checking '/home/limdegcai/GSMART/CODE/FSD-Gsmart/lidar/lidar_cone_detector/install/lidar_cone_detector' for CMake config files
[12.858s] Level 1:colcon.colcon_core.shell:create_environment_hook('lidar_cone_detector', 'cmake_prefix_path')
[12.858s] INFO:colcon.colcon_core.shell:Creating environment hook '/home/limdegcai/GSMART/CODE/FSD-Gsmart/lidar/lidar_cone_detector/install/lidar_cone_detector/share/lidar_cone_detector/hook/cmake_prefix_path.ps1'
[12.859s] INFO:colcon.colcon_core.shell:Creating environment descriptor '/home/limdegcai/GSMART/CODE/FSD-Gsmart/lidar/lidar_cone_detector/install/lidar_cone_detector/share/lidar_cone_detector/hook/cmake_prefix_path.dsv'
[12.859s] INFO:colcon.colcon_core.shell:Creating environment hook '/home/limdegcai/GSMART/CODE/FSD-Gsmart/lidar/lidar_cone_detector/install/lidar_cone_detector/share/lidar_cone_detector/hook/cmake_prefix_path.sh'
[12.859s] Level 1:colcon.colcon_core.environment:checking '/home/limdegcai/GSMART/CODE/FSD-Gsmart/lidar/lidar_cone_detector/install/lidar_cone_detector/lib'
[12.860s] Level 1:colcon.colcon_core.environment:checking '/home/limdegcai/GSMART/CODE/FSD-Gsmart/lidar/lidar_cone_detector/install/lidar_cone_detector/bin'
[12.860s] Level 1:colcon.colcon_core.environment:checking '/home/limdegcai/GSMART/CODE/FSD-Gsmart/lidar/lidar_cone_detector/install/lidar_cone_detector/lib/pkgconfig/lidar_cone_detector.pc'
[12.860s] Level 1:colcon.colcon_core.environment:checking '/home/limdegcai/GSMART/CODE/FSD-Gsmart/lidar/lidar_cone_detector/install/lidar_cone_detector/lib/python3.10/site-packages'
[12.860s] Level 1:colcon.colcon_core.environment:checking '/home/limdegcai/GSMART/CODE/FSD-Gsmart/lidar/lidar_cone_detector/install/lidar_cone_detector/bin'
[12.860s] INFO:colcon.colcon_core.shell:Creating package script '/home/limdegcai/GSMART/CODE/FSD-Gsmart/lidar/lidar_cone_detector/install/lidar_cone_detector/share/lidar_cone_detector/package.ps1'
[12.861s] INFO:colcon.colcon_core.shell:Creating package descriptor '/home/limdegcai/GSMART/CODE/FSD-Gsmart/lidar/lidar_cone_detector/install/lidar_cone_detector/share/lidar_cone_detector/package.dsv'
[12.861s] INFO:colcon.colcon_core.shell:Creating package script '/home/limdegcai/GSMART/CODE/FSD-Gsmart/lidar/lidar_cone_detector/install/lidar_cone_detector/share/lidar_cone_detector/package.sh'
[12.861s] INFO:colcon.colcon_core.shell:Creating package script '/home/limdegcai/GSMART/CODE/FSD-Gsmart/lidar/lidar_cone_detector/install/lidar_cone_detector/share/lidar_cone_detector/package.bash'
[12.862s] INFO:colcon.colcon_core.shell:Creating package script '/home/limdegcai/GSMART/CODE/FSD-Gsmart/lidar/lidar_cone_detector/install/lidar_cone_detector/share/lidar_cone_detector/package.zsh'
[12.862s] Level 1:colcon.colcon_core.environment:create_file_with_runtime_dependencies(/home/limdegcai/GSMART/CODE/FSD-Gsmart/lidar/lidar_cone_detector/install/lidar_cone_detector/share/colcon-core/packages/lidar_cone_detector)
[12.862s] Level 1:colcon.colcon_core.environment:create_environment_scripts_only(lidar_cone_detector)
[12.862s] Level 1:colcon.colcon_core.environment:checking '/home/limdegcai/GSMART/CODE/FSD-Gsmart/lidar/lidar_cone_detector/install/lidar_cone_detector' for CMake module files
[12.863s] Level 1:colcon.colcon_core.environment:checking '/home/limdegcai/GSMART/CODE/FSD-Gsmart/lidar/lidar_cone_detector/install/lidar_cone_detector' for CMake config files
[12.863s] Level 1:colcon.colcon_core.shell:create_environment_hook('lidar_cone_detector', 'cmake_prefix_path')
[12.863s] INFO:colcon.colcon_core.shell:Creating environment hook '/home/limdegcai/GSMART/CODE/FSD-Gsmart/lidar/lidar_cone_detector/install/lidar_cone_detector/share/lidar_cone_detector/hook/cmake_prefix_path.ps1'
[12.863s] INFO:colcon.colcon_core.shell:Creating environment descriptor '/home/limdegcai/GSMART/CODE/FSD-Gsmart/lidar/lidar_cone_detector/install/lidar_cone_detector/share/lidar_cone_detector/hook/cmake_prefix_path.dsv'
[12.864s] INFO:colcon.colcon_core.shell:Creating environment hook '/home/limdegcai/GSMART/CODE/FSD-Gsmart/lidar/lidar_cone_detector/install/lidar_cone_detector/share/lidar_cone_detector/hook/cmake_prefix_path.sh'
[12.864s] Level 1:colcon.colcon_core.environment:checking '/home/limdegcai/GSMART/CODE/FSD-Gsmart/lidar/lidar_cone_detector/install/lidar_cone_detector/lib'
[12.864s] Level 1:colcon.colcon_core.environment:checking '/home/limdegcai/GSMART/CODE/FSD-Gsmart/lidar/lidar_cone_detector/install/lidar_cone_detector/bin'
[12.864s] Level 1:colcon.colcon_core.environment:checking '/home/limdegcai/GSMART/CODE/FSD-Gsmart/lidar/lidar_cone_detector/install/lidar_cone_detector/lib/pkgconfig/lidar_cone_detector.pc'
[12.864s] Level 1:colcon.colcon_core.environment:checking '/home/limdegcai/GSMART/CODE/FSD-Gsmart/lidar/lidar_cone_detector/install/lidar_cone_detector/lib/python3.10/site-packages'
[12.864s] Level 1:colcon.colcon_core.environment:checking '/home/limdegcai/GSMART/CODE/FSD-Gsmart/lidar/lidar_cone_detector/install/lidar_cone_detector/bin'
[12.865s] INFO:colcon.colcon_core.shell:Creating package script '/home/limdegcai/GSMART/CODE/FSD-Gsmart/lidar/lidar_cone_detector/install/lidar_cone_detector/share/lidar_cone_detector/package.ps1'
[12.865s] INFO:colcon.colcon_core.shell:Creating package descriptor '/home/limdegcai/GSMART/CODE/FSD-Gsmart/lidar/lidar_cone_detector/install/lidar_cone_detector/share/lidar_cone_detector/package.dsv'
[12.865s] INFO:colcon.colcon_core.shell:Creating package script '/home/limdegcai/GSMART/CODE/FSD-Gsmart/lidar/lidar_cone_detector/install/lidar_cone_detector/share/lidar_cone_detector/package.sh'
[12.865s] INFO:colcon.colcon_core.shell:Creating package script '/home/limdegcai/GSMART/CODE/FSD-Gsmart/lidar/lidar_cone_detector/install/lidar_cone_detector/share/lidar_cone_detector/package.bash'
[12.866s] INFO:colcon.colcon_core.shell:Creating package script '/home/limdegcai/GSMART/CODE/FSD-Gsmart/lidar/lidar_cone_detector/install/lidar_cone_detector/share/lidar_cone_detector/package.zsh'
[12.866s] Level 1:colcon.colcon_core.environment:create_file_with_runtime_dependencies(/home/limdegcai/GSMART/CODE/FSD-Gsmart/lidar/lidar_cone_detector/install/lidar_cone_detector/share/colcon-core/packages/lidar_cone_detector)
[12.866s] DEBUG:colcon.colcon_parallel_executor.executor.parallel:closing loop
[12.866s] DEBUG:colcon.colcon_parallel_executor.executor.parallel:loop closed
[12.866s] DEBUG:colcon.colcon_parallel_executor.executor.parallel:run_until_complete finished with '0'
[12.866s] DEBUG:colcon.colcon_core.event_reactor:joining thread
[12.870s] INFO:colcon.colcon_core.plugin_system:Skipping extension 'colcon_notification.desktop_notification.terminal_notifier': Not used on non-Darwin systems
[12.870s] INFO:colcon.colcon_core.plugin_system:Skipping extension 'colcon_notification.desktop_notification.win32': Not used on non-Windows systems
[12.870s] INFO:colcon.colcon_notification.desktop_notification:Sending desktop notification using 'notify2'
[12.878s] DEBUG:colcon.colcon_core.event_reactor:joined thread
[12.878s] INFO:colcon.colcon_core.shell:Creating prefix script '/home/limdegcai/GSMART/CODE/FSD-Gsmart/lidar/lidar_cone_detector/install/local_setup.ps1'
[12.879s] INFO:colcon.colcon_core.shell:Creating prefix util module '/home/limdegcai/GSMART/CODE/FSD-Gsmart/lidar/lidar_cone_detector/install/_local_setup_util_ps1.py'
[12.880s] INFO:colcon.colcon_core.shell:Creating prefix chain script '/home/limdegcai/GSMART/CODE/FSD-Gsmart/lidar/lidar_cone_detector/install/setup.ps1'
[12.881s] INFO:colcon.colcon_core.shell:Creating prefix script '/home/limdegcai/GSMART/CODE/FSD-Gsmart/lidar/lidar_cone_detector/install/local_setup.sh'
[12.881s] INFO:colcon.colcon_core.shell:Creating prefix util module '/home/limdegcai/GSMART/CODE/FSD-Gsmart/lidar/lidar_cone_detector/install/_local_setup_util_sh.py'
[12.882s] INFO:colcon.colcon_core.shell:Creating prefix chain script '/home/limdegcai/GSMART/CODE/FSD-Gsmart/lidar/lidar_cone_detector/install/setup.sh'
[12.883s] INFO:colcon.colcon_core.shell:Creating prefix script '/home/limdegcai/GSMART/CODE/FSD-Gsmart/lidar/lidar_cone_detector/install/local_setup.bash'
[12.883s] INFO:colcon.colcon_core.shell:Creating prefix chain script '/home/limdegcai/GSMART/CODE/FSD-Gsmart/lidar/lidar_cone_detector/install/setup.bash'
[12.884s] INFO:colcon.colcon_core.shell:Creating prefix script '/home/limdegcai/GSMART/CODE/FSD-Gsmart/lidar/lidar_cone_detector/install/local_setup.zsh'
[12.884s] INFO:colcon.colcon_core.shell:Creating prefix chain script '/home/limdegcai/GSMART/CODE/FSD-Gsmart/lidar/lidar_cone_detector/install/setup.zsh'
