[0.012s] Invoking command in '/home/limdegcai/GSMART/CODE/skidpad_ws/build/skidpad_msgs': CMAKE_PREFIX_PATH=/opt/ros/humble /usr/bin/cmake --build /home/limdegcai/GSMART/CODE/skidpad_ws/build/skidpad_msgs -- -j32 -l32
[0.069s] [  1%] Built target skidpad_msgs__cpp
[0.070s] [  3%] Built target skidpad_msgs__rs
[0.074s] [  3%] Built target ament_cmake_python_symlink_skidpad_msgs
[0.077s] [ 14%] Built target skidpad_msgs__rosidl_generator_c
[0.091s] [ 25%] Built target skidpad_msgs__rosidl_typesupport_introspection_cpp
[0.092s] [ 45%] Built target skidpad_msgs__rosidl_typesupport_fastrtps_cpp
[0.092s] [ 46%] Built target skidpad_msgs__rosidl_typesupport_cpp
[0.093s] [ 68%] Built target skidpad_msgs__rosidl_typesupport_introspection_c
[0.093s] [ 68%] Built target skidpad_msgs__rosidl_typesupport_c
[0.094s] [ 79%] Built target skidpad_msgs__rosidl_typesupport_fastrtps_c
[0.107s] [ 79%] Built target skidpad_msgs
[0.121s] [ 81%] Built target skidpad_msgs__py
[0.138s] [ 90%] Built target skidpad_msgs__rosidl_generator_py
[0.153s] [ 93%] Built target skidpad_msgs__rosidl_typesupport_introspection_c__pyext
[0.154s] [100%] Built target skidpad_msgs__rosidl_typesupport_fastrtps_c__pyext
[0.154s] [100%] Built target skidpad_msgs__rosidl_typesupport_c__pyext
[0.194s] running egg_info
[0.194s] writing skidpad_msgs.egg-info/PKG-INFO
[0.194s] writing dependency_links to skidpad_msgs.egg-info/dependency_links.txt
[0.195s] writing top-level names to skidpad_msgs.egg-info/top_level.txt
[0.196s] reading manifest file 'skidpad_msgs.egg-info/SOURCES.txt'
[0.196s] writing manifest file 'skidpad_msgs.egg-info/SOURCES.txt'
[0.213s] [100%] Built target ament_cmake_python_build_skidpad_msgs_egg
[0.222s] Invoked command in '/home/limdegcai/GSMART/CODE/skidpad_ws/build/skidpad_msgs' returned '0': CMAKE_PREFIX_PATH=/opt/ros/humble /usr/bin/cmake --build /home/limdegcai/GSMART/CODE/skidpad_ws/build/skidpad_msgs -- -j32 -l32
[0.223s] Invoking command in '/home/limdegcai/GSMART/CODE/skidpad_ws/build/skidpad_msgs': CMAKE_PREFIX_PATH=/opt/ros/humble /usr/bin/cmake --install /home/limdegcai/GSMART/CODE/skidpad_ws/build/skidpad_msgs
[0.228s] -- Install configuration: ""
[0.228s] -- Execute custom install script
[0.229s] -- Up-to-date symlink: /home/limdegcai/GSMART/CODE/skidpad_ws/install/skidpad_msgs/share/ament_index/resource_index/rosidl_interfaces/skidpad_msgs
[0.229s] -- Up-to-date symlink: /home/limdegcai/GSMART/CODE/skidpad_ws/install/skidpad_msgs/include/skidpad_msgs/skidpad_msgs/msg/car_state.h
[0.230s] -- Up-to-date symlink: /home/limdegcai/GSMART/CODE/skidpad_ws/install/skidpad_msgs/include/skidpad_msgs/skidpad_msgs/msg/car_state_dt.h
[0.230s] -- Up-to-date symlink: /home/limdegcai/GSMART/CODE/skidpad_ws/install/skidpad_msgs/include/skidpad_msgs/skidpad_msgs/msg/control_command.h
[0.230s] -- Up-to-date symlink: /home/limdegcai/GSMART/CODE/skidpad_ws/install/skidpad_msgs/include/skidpad_msgs/skidpad_msgs/msg/detail/car_state__functions.h
[0.230s] -- Up-to-date symlink: /home/limdegcai/GSMART/CODE/skidpad_ws/install/skidpad_msgs/include/skidpad_msgs/skidpad_msgs/msg/detail/car_state__struct.h
[0.230s] -- Up-to-date symlink: /home/limdegcai/GSMART/CODE/skidpad_ws/install/skidpad_msgs/include/skidpad_msgs/skidpad_msgs/msg/detail/car_state__type_support.h
[0.230s] -- Up-to-date symlink: /home/limdegcai/GSMART/CODE/skidpad_ws/install/skidpad_msgs/include/skidpad_msgs/skidpad_msgs/msg/detail/car_state_dt__functions.h
[0.230s] -- Up-to-date symlink: /home/limdegcai/GSMART/CODE/skidpad_ws/install/skidpad_msgs/include/skidpad_msgs/skidpad_msgs/msg/detail/car_state_dt__struct.h
[0.230s] -- Up-to-date symlink: /home/limdegcai/GSMART/CODE/skidpad_ws/install/skidpad_msgs/include/skidpad_msgs/skidpad_msgs/msg/detail/car_state_dt__type_support.h
[0.231s] -- Up-to-date symlink: /home/limdegcai/GSMART/CODE/skidpad_ws/install/skidpad_msgs/include/skidpad_msgs/skidpad_msgs/msg/detail/control_command__functions.h
[0.231s] -- Up-to-date symlink: /home/limdegcai/GSMART/CODE/skidpad_ws/install/skidpad_msgs/include/skidpad_msgs/skidpad_msgs/msg/detail/control_command__struct.h
[0.231s] -- Up-to-date symlink: /home/limdegcai/GSMART/CODE/skidpad_ws/install/skidpad_msgs/include/skidpad_msgs/skidpad_msgs/msg/detail/control_command__type_support.h
[0.231s] -- Up-to-date symlink: /home/limdegcai/GSMART/CODE/skidpad_ws/install/skidpad_msgs/include/skidpad_msgs/skidpad_msgs/msg/detail/trajectory__functions.h
[0.231s] -- Up-to-date symlink: /home/limdegcai/GSMART/CODE/skidpad_ws/install/skidpad_msgs/include/skidpad_msgs/skidpad_msgs/msg/detail/trajectory__struct.h
[0.231s] -- Up-to-date symlink: /home/limdegcai/GSMART/CODE/skidpad_ws/install/skidpad_msgs/include/skidpad_msgs/skidpad_msgs/msg/detail/trajectory__type_support.h
[0.231s] -- Up-to-date symlink: /home/limdegcai/GSMART/CODE/skidpad_ws/install/skidpad_msgs/include/skidpad_msgs/skidpad_msgs/msg/detail/trajectory_point__functions.h
[0.231s] -- Up-to-date symlink: /home/limdegcai/GSMART/CODE/skidpad_ws/install/skidpad_msgs/include/skidpad_msgs/skidpad_msgs/msg/detail/trajectory_point__struct.h
[0.232s] -- Up-to-date symlink: /home/limdegcai/GSMART/CODE/skidpad_ws/install/skidpad_msgs/include/skidpad_msgs/skidpad_msgs/msg/detail/trajectory_point__type_support.h
[0.232s] -- Up-to-date symlink: /home/limdegcai/GSMART/CODE/skidpad_ws/install/skidpad_msgs/include/skidpad_msgs/skidpad_msgs/msg/rosidl_generator_c__visibility_control.h
[0.232s] -- Up-to-date symlink: /home/limdegcai/GSMART/CODE/skidpad_ws/install/skidpad_msgs/include/skidpad_msgs/skidpad_msgs/msg/trajectory.h
[0.232s] -- Up-to-date symlink: /home/limdegcai/GSMART/CODE/skidpad_ws/install/skidpad_msgs/include/skidpad_msgs/skidpad_msgs/msg/trajectory_point.h
[0.232s] -- Up-to-date symlink: /home/limdegcai/GSMART/CODE/skidpad_ws/install/skidpad_msgs/share/skidpad_msgs/environment/library_path.sh
[0.232s] -- Up-to-date symlink: /home/limdegcai/GSMART/CODE/skidpad_ws/install/skidpad_msgs/share/skidpad_msgs/environment/library_path.dsv
[0.233s] -- Up-to-date symlink: /home/limdegcai/GSMART/CODE/skidpad_ws/install/skidpad_msgs/include/skidpad_msgs/skidpad_msgs/msg/detail/car_state__rosidl_typesupport_fastrtps_c.h
[0.233s] -- Up-to-date symlink: /home/limdegcai/GSMART/CODE/skidpad_ws/install/skidpad_msgs/include/skidpad_msgs/skidpad_msgs/msg/detail/car_state_dt__rosidl_typesupport_fastrtps_c.h
[0.233s] -- Up-to-date symlink: /home/limdegcai/GSMART/CODE/skidpad_ws/install/skidpad_msgs/include/skidpad_msgs/skidpad_msgs/msg/detail/control_command__rosidl_typesupport_fastrtps_c.h
[0.233s] -- Up-to-date symlink: /home/limdegcai/GSMART/CODE/skidpad_ws/install/skidpad_msgs/include/skidpad_msgs/skidpad_msgs/msg/detail/trajectory__rosidl_typesupport_fastrtps_c.h
[0.233s] -- Up-to-date symlink: /home/limdegcai/GSMART/CODE/skidpad_ws/install/skidpad_msgs/include/skidpad_msgs/skidpad_msgs/msg/detail/trajectory_point__rosidl_typesupport_fastrtps_c.h
[0.233s] -- Up-to-date symlink: /home/limdegcai/GSMART/CODE/skidpad_ws/install/skidpad_msgs/include/skidpad_msgs/skidpad_msgs/msg/rosidl_typesupport_fastrtps_c__visibility_control.h
[0.234s] -- Up-to-date symlink: /home/limdegcai/GSMART/CODE/skidpad_ws/install/skidpad_msgs/include/skidpad_msgs/skidpad_msgs/msg/detail/car_state__rosidl_typesupport_introspection_c.h
[0.234s] -- Up-to-date symlink: /home/limdegcai/GSMART/CODE/skidpad_ws/install/skidpad_msgs/include/skidpad_msgs/skidpad_msgs/msg/detail/car_state_dt__rosidl_typesupport_introspection_c.h
[0.234s] -- Up-to-date symlink: /home/limdegcai/GSMART/CODE/skidpad_ws/install/skidpad_msgs/include/skidpad_msgs/skidpad_msgs/msg/detail/control_command__rosidl_typesupport_introspection_c.h
[0.234s] -- Up-to-date symlink: /home/limdegcai/GSMART/CODE/skidpad_ws/install/skidpad_msgs/include/skidpad_msgs/skidpad_msgs/msg/detail/trajectory__rosidl_typesupport_introspection_c.h
[0.234s] -- Up-to-date symlink: /home/limdegcai/GSMART/CODE/skidpad_ws/install/skidpad_msgs/include/skidpad_msgs/skidpad_msgs/msg/detail/trajectory_point__rosidl_typesupport_introspection_c.h
[0.234s] -- Up-to-date symlink: /home/limdegcai/GSMART/CODE/skidpad_ws/install/skidpad_msgs/include/skidpad_msgs/skidpad_msgs/msg/rosidl_typesupport_introspection_c__visibility_control.h
[0.235s] -- Up-to-date symlink: /home/limdegcai/GSMART/CODE/skidpad_ws/install/skidpad_msgs/include/skidpad_msgs/skidpad_msgs/msg/car_state.hpp
[0.235s] -- Up-to-date symlink: /home/limdegcai/GSMART/CODE/skidpad_ws/install/skidpad_msgs/include/skidpad_msgs/skidpad_msgs/msg/car_state_dt.hpp
[0.235s] -- Up-to-date symlink: /home/limdegcai/GSMART/CODE/skidpad_ws/install/skidpad_msgs/include/skidpad_msgs/skidpad_msgs/msg/control_command.hpp
[0.235s] -- Up-to-date symlink: /home/limdegcai/GSMART/CODE/skidpad_ws/install/skidpad_msgs/include/skidpad_msgs/skidpad_msgs/msg/detail/car_state__builder.hpp
[0.235s] -- Up-to-date symlink: /home/limdegcai/GSMART/CODE/skidpad_ws/install/skidpad_msgs/include/skidpad_msgs/skidpad_msgs/msg/detail/car_state__struct.hpp
[0.235s] -- Up-to-date symlink: /home/limdegcai/GSMART/CODE/skidpad_ws/install/skidpad_msgs/include/skidpad_msgs/skidpad_msgs/msg/detail/car_state__traits.hpp
[0.235s] -- Up-to-date symlink: /home/limdegcai/GSMART/CODE/skidpad_ws/install/skidpad_msgs/include/skidpad_msgs/skidpad_msgs/msg/detail/car_state__type_support.hpp
[0.236s] -- Up-to-date symlink: /home/limdegcai/GSMART/CODE/skidpad_ws/install/skidpad_msgs/include/skidpad_msgs/skidpad_msgs/msg/detail/car_state_dt__builder.hpp
[0.236s] -- Up-to-date symlink: /home/limdegcai/GSMART/CODE/skidpad_ws/install/skidpad_msgs/include/skidpad_msgs/skidpad_msgs/msg/detail/car_state_dt__struct.hpp
[0.236s] -- Up-to-date symlink: /home/limdegcai/GSMART/CODE/skidpad_ws/install/skidpad_msgs/include/skidpad_msgs/skidpad_msgs/msg/detail/car_state_dt__traits.hpp
[0.236s] -- Up-to-date symlink: /home/limdegcai/GSMART/CODE/skidpad_ws/install/skidpad_msgs/include/skidpad_msgs/skidpad_msgs/msg/detail/car_state_dt__type_support.hpp
[0.236s] -- Up-to-date symlink: /home/limdegcai/GSMART/CODE/skidpad_ws/install/skidpad_msgs/include/skidpad_msgs/skidpad_msgs/msg/detail/control_command__builder.hpp
[0.236s] -- Up-to-date symlink: /home/limdegcai/GSMART/CODE/skidpad_ws/install/skidpad_msgs/include/skidpad_msgs/skidpad_msgs/msg/detail/control_command__struct.hpp
[0.236s] -- Up-to-date symlink: /home/limdegcai/GSMART/CODE/skidpad_ws/install/skidpad_msgs/include/skidpad_msgs/skidpad_msgs/msg/detail/control_command__traits.hpp
[0.236s] -- Up-to-date symlink: /home/limdegcai/GSMART/CODE/skidpad_ws/install/skidpad_msgs/include/skidpad_msgs/skidpad_msgs/msg/detail/control_command__type_support.hpp
[0.237s] -- Up-to-date symlink: /home/limdegcai/GSMART/CODE/skidpad_ws/install/skidpad_msgs/include/skidpad_msgs/skidpad_msgs/msg/detail/trajectory__builder.hpp
[0.237s] -- Up-to-date symlink: /home/limdegcai/GSMART/CODE/skidpad_ws/install/skidpad_msgs/include/skidpad_msgs/skidpad_msgs/msg/detail/trajectory__struct.hpp
[0.237s] -- Up-to-date symlink: /home/limdegcai/GSMART/CODE/skidpad_ws/install/skidpad_msgs/include/skidpad_msgs/skidpad_msgs/msg/detail/trajectory__traits.hpp
[0.237s] -- Up-to-date symlink: /home/limdegcai/GSMART/CODE/skidpad_ws/install/skidpad_msgs/include/skidpad_msgs/skidpad_msgs/msg/detail/trajectory__type_support.hpp
[0.237s] -- Up-to-date symlink: /home/limdegcai/GSMART/CODE/skidpad_ws/install/skidpad_msgs/include/skidpad_msgs/skidpad_msgs/msg/detail/trajectory_point__builder.hpp
[0.237s] -- Up-to-date symlink: /home/limdegcai/GSMART/CODE/skidpad_ws/install/skidpad_msgs/include/skidpad_msgs/skidpad_msgs/msg/detail/trajectory_point__struct.hpp
[0.237s] -- Up-to-date symlink: /home/limdegcai/GSMART/CODE/skidpad_ws/install/skidpad_msgs/include/skidpad_msgs/skidpad_msgs/msg/detail/trajectory_point__traits.hpp
[0.237s] -- Up-to-date symlink: /home/limdegcai/GSMART/CODE/skidpad_ws/install/skidpad_msgs/include/skidpad_msgs/skidpad_msgs/msg/detail/trajectory_point__type_support.hpp
[0.237s] -- Up-to-date symlink: /home/limdegcai/GSMART/CODE/skidpad_ws/install/skidpad_msgs/include/skidpad_msgs/skidpad_msgs/msg/rosidl_generator_cpp__visibility_control.hpp
[0.238s] -- Up-to-date symlink: /home/limdegcai/GSMART/CODE/skidpad_ws/install/skidpad_msgs/include/skidpad_msgs/skidpad_msgs/msg/trajectory.hpp
[0.238s] -- Up-to-date symlink: /home/limdegcai/GSMART/CODE/skidpad_ws/install/skidpad_msgs/include/skidpad_msgs/skidpad_msgs/msg/trajectory_point.hpp
[0.238s] -- Up-to-date symlink: /home/limdegcai/GSMART/CODE/skidpad_ws/install/skidpad_msgs/include/skidpad_msgs/skidpad_msgs/msg/detail/car_state__rosidl_typesupport_fastrtps_cpp.hpp
[0.239s] -- Up-to-date symlink: /home/limdegcai/GSMART/CODE/skidpad_ws/install/skidpad_msgs/include/skidpad_msgs/skidpad_msgs/msg/detail/car_state_dt__rosidl_typesupport_fastrtps_cpp.hpp
[0.239s] -- Up-to-date symlink: /home/limdegcai/GSMART/CODE/skidpad_ws/install/skidpad_msgs/include/skidpad_msgs/skidpad_msgs/msg/detail/control_command__rosidl_typesupport_fastrtps_cpp.hpp
[0.239s] -- Up-to-date symlink: /home/limdegcai/GSMART/CODE/skidpad_ws/install/skidpad_msgs/include/skidpad_msgs/skidpad_msgs/msg/detail/trajectory__rosidl_typesupport_fastrtps_cpp.hpp
[0.239s] -- Up-to-date symlink: /home/limdegcai/GSMART/CODE/skidpad_ws/install/skidpad_msgs/include/skidpad_msgs/skidpad_msgs/msg/detail/trajectory_point__rosidl_typesupport_fastrtps_cpp.hpp
[0.239s] -- Up-to-date symlink: /home/limdegcai/GSMART/CODE/skidpad_ws/install/skidpad_msgs/include/skidpad_msgs/skidpad_msgs/msg/rosidl_typesupport_fastrtps_cpp__visibility_control.h
[0.239s] -- Up-to-date symlink: /home/limdegcai/GSMART/CODE/skidpad_ws/install/skidpad_msgs/include/skidpad_msgs/skidpad_msgs/msg/detail/car_state__rosidl_typesupport_introspection_cpp.hpp
[0.239s] -- Up-to-date symlink: /home/limdegcai/GSMART/CODE/skidpad_ws/install/skidpad_msgs/include/skidpad_msgs/skidpad_msgs/msg/detail/car_state_dt__rosidl_typesupport_introspection_cpp.hpp
[0.240s] -- Up-to-date symlink: /home/limdegcai/GSMART/CODE/skidpad_ws/install/skidpad_msgs/include/skidpad_msgs/skidpad_msgs/msg/detail/control_command__rosidl_typesupport_introspection_cpp.hpp
[0.240s] -- Up-to-date symlink: /home/limdegcai/GSMART/CODE/skidpad_ws/install/skidpad_msgs/include/skidpad_msgs/skidpad_msgs/msg/detail/trajectory__rosidl_typesupport_introspection_cpp.hpp
[0.240s] -- Up-to-date symlink: /home/limdegcai/GSMART/CODE/skidpad_ws/install/skidpad_msgs/include/skidpad_msgs/skidpad_msgs/msg/detail/trajectory_point__rosidl_typesupport_introspection_cpp.hpp
[0.240s] -- Up-to-date symlink: /home/limdegcai/GSMART/CODE/skidpad_ws/install/skidpad_msgs/share/skidpad_msgs/environment/pythonpath.sh
[0.240s] -- Up-to-date symlink: /home/limdegcai/GSMART/CODE/skidpad_ws/install/skidpad_msgs/share/skidpad_msgs/environment/pythonpath.dsv
[0.241s] -- Up-to-date symlink: /home/limdegcai/GSMART/CODE/skidpad_ws/install/skidpad_msgs/local/lib/python3.10/dist-packages/skidpad_msgs-1.0.0-py3.10.egg-info/PKG-INFO
[0.241s] -- Up-to-date symlink: /home/limdegcai/GSMART/CODE/skidpad_ws/install/skidpad_msgs/local/lib/python3.10/dist-packages/skidpad_msgs-1.0.0-py3.10.egg-info/SOURCES.txt
[0.241s] -- Up-to-date symlink: /home/limdegcai/GSMART/CODE/skidpad_ws/install/skidpad_msgs/local/lib/python3.10/dist-packages/skidpad_msgs-1.0.0-py3.10.egg-info/dependency_links.txt
[0.241s] -- Up-to-date symlink: /home/limdegcai/GSMART/CODE/skidpad_ws/install/skidpad_msgs/local/lib/python3.10/dist-packages/skidpad_msgs-1.0.0-py3.10.egg-info/top_level.txt
[0.241s] -- Up-to-date symlink: /home/limdegcai/GSMART/CODE/skidpad_ws/install/skidpad_msgs/local/lib/python3.10/dist-packages/skidpad_msgs/__init__.py
[0.242s] -- Up-to-date symlink: /home/limdegcai/GSMART/CODE/skidpad_ws/install/skidpad_msgs/local/lib/python3.10/dist-packages/skidpad_msgs/_skidpad_msgs_s.ep.rosidl_typesupport_c.c
[0.242s] -- Up-to-date symlink: /home/limdegcai/GSMART/CODE/skidpad_ws/install/skidpad_msgs/local/lib/python3.10/dist-packages/skidpad_msgs/_skidpad_msgs_s.ep.rosidl_typesupport_fastrtps_c.c
[0.242s] -- Up-to-date symlink: /home/limdegcai/GSMART/CODE/skidpad_ws/install/skidpad_msgs/local/lib/python3.10/dist-packages/skidpad_msgs/_skidpad_msgs_s.ep.rosidl_typesupport_introspection_c.c
[0.242s] -- Up-to-date symlink: /home/limdegcai/GSMART/CODE/skidpad_ws/install/skidpad_msgs/local/lib/python3.10/dist-packages/skidpad_msgs/libskidpad_msgs__rosidl_generator_py.so
[0.242s] -- Up-to-date symlink: /home/limdegcai/GSMART/CODE/skidpad_ws/install/skidpad_msgs/local/lib/python3.10/dist-packages/skidpad_msgs/msg/__init__.py
[0.242s] -- Up-to-date symlink: /home/limdegcai/GSMART/CODE/skidpad_ws/install/skidpad_msgs/local/lib/python3.10/dist-packages/skidpad_msgs/msg/_car_state.py
[0.242s] -- Up-to-date symlink: /home/limdegcai/GSMART/CODE/skidpad_ws/install/skidpad_msgs/local/lib/python3.10/dist-packages/skidpad_msgs/msg/_car_state_dt.py
[0.242s] -- Up-to-date symlink: /home/limdegcai/GSMART/CODE/skidpad_ws/install/skidpad_msgs/local/lib/python3.10/dist-packages/skidpad_msgs/msg/_car_state_dt_s.c
[0.243s] -- Up-to-date symlink: /home/limdegcai/GSMART/CODE/skidpad_ws/install/skidpad_msgs/local/lib/python3.10/dist-packages/skidpad_msgs/msg/_car_state_s.c
[0.243s] -- Up-to-date symlink: /home/limdegcai/GSMART/CODE/skidpad_ws/install/skidpad_msgs/local/lib/python3.10/dist-packages/skidpad_msgs/msg/_control_command.py
[0.243s] -- Up-to-date symlink: /home/limdegcai/GSMART/CODE/skidpad_ws/install/skidpad_msgs/local/lib/python3.10/dist-packages/skidpad_msgs/msg/_control_command_s.c
[0.243s] -- Up-to-date symlink: /home/limdegcai/GSMART/CODE/skidpad_ws/install/skidpad_msgs/local/lib/python3.10/dist-packages/skidpad_msgs/msg/_trajectory.py
[0.243s] -- Up-to-date symlink: /home/limdegcai/GSMART/CODE/skidpad_ws/install/skidpad_msgs/local/lib/python3.10/dist-packages/skidpad_msgs/msg/_trajectory_point.py
[0.243s] -- Up-to-date symlink: /home/limdegcai/GSMART/CODE/skidpad_ws/install/skidpad_msgs/local/lib/python3.10/dist-packages/skidpad_msgs/msg/_trajectory_point_s.c
[0.243s] -- Up-to-date symlink: /home/limdegcai/GSMART/CODE/skidpad_ws/install/skidpad_msgs/local/lib/python3.10/dist-packages/skidpad_msgs/msg/_trajectory_s.c
[0.243s] -- Up-to-date symlink: /home/limdegcai/GSMART/CODE/skidpad_ws/install/skidpad_msgs/local/lib/python3.10/dist-packages/skidpad_msgs/skidpad_msgs_s__rosidl_typesupport_c.cpython-310-x86_64-linux-gnu.so
[0.244s] -- Up-to-date symlink: /home/limdegcai/GSMART/CODE/skidpad_ws/install/skidpad_msgs/local/lib/python3.10/dist-packages/skidpad_msgs/skidpad_msgs_s__rosidl_typesupport_fastrtps_c.cpython-310-x86_64-linux-gnu.so
[0.244s] -- Up-to-date symlink: /home/limdegcai/GSMART/CODE/skidpad_ws/install/skidpad_msgs/local/lib/python3.10/dist-packages/skidpad_msgs/skidpad_msgs_s__rosidl_typesupport_introspection_c.cpython-310-x86_64-linux-gnu.so
[0.244s] -- Up-to-date symlink: /home/limdegcai/GSMART/CODE/skidpad_ws/install/skidpad_msgs/local/lib/python3.10/dist-packages/skidpad_msgs/skidpad_msgs_s__rosidl_typesupport_fastrtps_c.cpython-310-x86_64-linux-gnu.so
[0.244s] -- Up-to-date symlink: /home/limdegcai/GSMART/CODE/skidpad_ws/install/skidpad_msgs/local/lib/python3.10/dist-packages/skidpad_msgs/skidpad_msgs_s__rosidl_typesupport_introspection_c.cpython-310-x86_64-linux-gnu.so
[0.244s] -- Up-to-date symlink: /home/limdegcai/GSMART/CODE/skidpad_ws/install/skidpad_msgs/local/lib/python3.10/dist-packages/skidpad_msgs/skidpad_msgs_s__rosidl_typesupport_c.cpython-310-x86_64-linux-gnu.so
[0.245s] -- Up-to-date symlink: /home/limdegcai/GSMART/CODE/skidpad_ws/install/skidpad_msgs/share/ament_index/resource_index/rust_packages/skidpad_msgs
[0.245s] -- Up-to-date symlink: /home/limdegcai/GSMART/CODE/skidpad_ws/install/skidpad_msgs/share/skidpad_msgs/rust/Cargo.toml
[0.245s] -- Up-to-date symlink: /home/limdegcai/GSMART/CODE/skidpad_ws/install/skidpad_msgs/share/skidpad_msgs/rust/build.rs
[0.245s] -- Up-to-date symlink: /home/limdegcai/GSMART/CODE/skidpad_ws/install/skidpad_msgs/share/skidpad_msgs/rust/src/lib.rs
[0.245s] -- Up-to-date symlink: /home/limdegcai/GSMART/CODE/skidpad_ws/install/skidpad_msgs/share/skidpad_msgs/rust/src/msg.rs
[0.245s] -- Up-to-date symlink: /home/limdegcai/GSMART/CODE/skidpad_ws/install/skidpad_msgs/share/skidpad_msgs/rust/src/msg/rmw.rs
[0.246s] -- Up-to-date symlink: /home/limdegcai/GSMART/CODE/skidpad_ws/install/skidpad_msgs/share/skidpad_msgs/msg/CarState.idl
[0.246s] -- Up-to-date symlink: /home/limdegcai/GSMART/CODE/skidpad_ws/install/skidpad_msgs/share/skidpad_msgs/msg/CarStateDt.idl
[0.246s] -- Up-to-date symlink: /home/limdegcai/GSMART/CODE/skidpad_ws/install/skidpad_msgs/share/skidpad_msgs/msg/ControlCommand.idl
[0.246s] -- Up-to-date symlink: /home/limdegcai/GSMART/CODE/skidpad_ws/install/skidpad_msgs/share/skidpad_msgs/msg/Trajectory.idl
[0.246s] -- Up-to-date symlink: /home/limdegcai/GSMART/CODE/skidpad_ws/install/skidpad_msgs/share/skidpad_msgs/msg/TrajectoryPoint.idl
[0.246s] -- Up-to-date symlink: /home/limdegcai/GSMART/CODE/skidpad_ws/install/skidpad_msgs/share/skidpad_msgs/msg/CarState.msg
[0.247s] -- Up-to-date symlink: /home/limdegcai/GSMART/CODE/skidpad_ws/install/skidpad_msgs/share/skidpad_msgs/msg/CarStateDt.msg
[0.247s] -- Up-to-date symlink: /home/limdegcai/GSMART/CODE/skidpad_ws/install/skidpad_msgs/share/skidpad_msgs/msg/ControlCommand.msg
[0.247s] -- Up-to-date symlink: /home/limdegcai/GSMART/CODE/skidpad_ws/install/skidpad_msgs/share/skidpad_msgs/msg/Trajectory.msg
[0.247s] -- Up-to-date symlink: /home/limdegcai/GSMART/CODE/skidpad_ws/install/skidpad_msgs/share/skidpad_msgs/msg/TrajectoryPoint.msg
[0.247s] -- Up-to-date symlink: /home/limdegcai/GSMART/CODE/skidpad_ws/install/skidpad_msgs/share/ament_index/resource_index/package_run_dependencies/skidpad_msgs
[0.247s] -- Up-to-date symlink: /home/limdegcai/GSMART/CODE/skidpad_ws/install/skidpad_msgs/share/ament_index/resource_index/parent_prefix_path/skidpad_msgs
[0.248s] -- Up-to-date symlink: /home/limdegcai/GSMART/CODE/skidpad_ws/install/skidpad_msgs/share/skidpad_msgs/environment/ament_prefix_path.sh
[0.248s] -- Up-to-date symlink: /home/limdegcai/GSMART/CODE/skidpad_ws/install/skidpad_msgs/share/skidpad_msgs/environment/ament_prefix_path.dsv
[0.248s] -- Up-to-date symlink: /home/limdegcai/GSMART/CODE/skidpad_ws/install/skidpad_msgs/share/skidpad_msgs/environment/path.sh
[0.248s] -- Up-to-date symlink: /home/limdegcai/GSMART/CODE/skidpad_ws/install/skidpad_msgs/share/skidpad_msgs/environment/path.dsv
[0.248s] -- Up-to-date symlink: /home/limdegcai/GSMART/CODE/skidpad_ws/install/skidpad_msgs/share/skidpad_msgs/local_setup.bash
[0.248s] -- Up-to-date symlink: /home/limdegcai/GSMART/CODE/skidpad_ws/install/skidpad_msgs/share/skidpad_msgs/local_setup.sh
[0.248s] -- Up-to-date symlink: /home/limdegcai/GSMART/CODE/skidpad_ws/install/skidpad_msgs/share/skidpad_msgs/local_setup.zsh
[0.248s] -- Up-to-date symlink: /home/limdegcai/GSMART/CODE/skidpad_ws/install/skidpad_msgs/share/skidpad_msgs/local_setup.dsv
[0.248s] -- Symlinking: /home/limdegcai/GSMART/CODE/skidpad_ws/install/skidpad_msgs/share/skidpad_msgs/package.dsv
[0.254s] -- Up-to-date symlink: /home/limdegcai/GSMART/CODE/skidpad_ws/install/skidpad_msgs/share/ament_index/resource_index/packages/skidpad_msgs
[0.254s] -- Up-to-date symlink: /home/limdegcai/GSMART/CODE/skidpad_ws/install/skidpad_msgs/share/skidpad_msgs/cmake/rosidl_cmake-extras.cmake
[0.255s] -- Up-to-date symlink: /home/limdegcai/GSMART/CODE/skidpad_ws/install/skidpad_msgs/share/skidpad_msgs/cmake/ament_cmake_export_dependencies-extras.cmake
[0.255s] -- Up-to-date symlink: /home/limdegcai/GSMART/CODE/skidpad_ws/install/skidpad_msgs/share/skidpad_msgs/cmake/ament_cmake_export_include_directories-extras.cmake
[0.255s] -- Up-to-date symlink: /home/limdegcai/GSMART/CODE/skidpad_ws/install/skidpad_msgs/share/skidpad_msgs/cmake/ament_cmake_export_libraries-extras.cmake
[0.255s] -- Up-to-date symlink: /home/limdegcai/GSMART/CODE/skidpad_ws/install/skidpad_msgs/share/skidpad_msgs/cmake/ament_cmake_export_targets-extras.cmake
[0.255s] -- Up-to-date symlink: /home/limdegcai/GSMART/CODE/skidpad_ws/install/skidpad_msgs/share/skidpad_msgs/cmake/rosidl_cmake_export_typesupport_targets-extras.cmake
[0.255s] -- Up-to-date symlink: /home/limdegcai/GSMART/CODE/skidpad_ws/install/skidpad_msgs/share/skidpad_msgs/cmake/rosidl_cmake_export_typesupport_libraries-extras.cmake
[0.255s] -- Up-to-date symlink: /home/limdegcai/GSMART/CODE/skidpad_ws/install/skidpad_msgs/share/skidpad_msgs/cmake/skidpad_msgsConfig.cmake
[0.255s] -- Up-to-date symlink: /home/limdegcai/GSMART/CODE/skidpad_ws/install/skidpad_msgs/share/skidpad_msgs/cmake/skidpad_msgsConfig-version.cmake
[0.256s] -- Up-to-date symlink: /home/limdegcai/GSMART/CODE/skidpad_ws/install/skidpad_msgs/share/skidpad_msgs/package.xml
[0.256s] -- Up-to-date: /home/limdegcai/GSMART/CODE/skidpad_ws/install/skidpad_msgs/lib/libskidpad_msgs__rosidl_generator_c.so
[0.256s] -- Up-to-date: /home/limdegcai/GSMART/CODE/skidpad_ws/install/skidpad_msgs/lib/libskidpad_msgs__rosidl_typesupport_fastrtps_c.so
[0.257s] -- Up-to-date: /home/limdegcai/GSMART/CODE/skidpad_ws/install/skidpad_msgs/lib/libskidpad_msgs__rosidl_typesupport_introspection_c.so
[0.257s] -- Up-to-date: /home/limdegcai/GSMART/CODE/skidpad_ws/install/skidpad_msgs/lib/libskidpad_msgs__rosidl_typesupport_c.so
[0.257s] -- Up-to-date: /home/limdegcai/GSMART/CODE/skidpad_ws/install/skidpad_msgs/lib/libskidpad_msgs__rosidl_typesupport_fastrtps_cpp.so
[0.258s] -- Up-to-date: /home/limdegcai/GSMART/CODE/skidpad_ws/install/skidpad_msgs/lib/libskidpad_msgs__rosidl_typesupport_introspection_cpp.so
[0.258s] -- Up-to-date: /home/limdegcai/GSMART/CODE/skidpad_ws/install/skidpad_msgs/lib/libskidpad_msgs__rosidl_typesupport_cpp.so
[0.276s] Listing '/home/limdegcai/GSMART/CODE/skidpad_ws/install/skidpad_msgs/local/lib/python3.10/dist-packages/skidpad_msgs'...
[0.277s] Listing '/home/limdegcai/GSMART/CODE/skidpad_ws/install/skidpad_msgs/local/lib/python3.10/dist-packages/skidpad_msgs/msg'...
[0.279s] -- Up-to-date: /home/limdegcai/GSMART/CODE/skidpad_ws/install/skidpad_msgs/lib/libskidpad_msgs__rosidl_generator_py.so
[0.279s] -- Up-to-date: /home/limdegcai/GSMART/CODE/skidpad_ws/install/skidpad_msgs/share/skidpad_msgs/cmake/export_skidpad_msgs__rosidl_generator_cExport.cmake
[0.279s] -- Up-to-date: /home/limdegcai/GSMART/CODE/skidpad_ws/install/skidpad_msgs/share/skidpad_msgs/cmake/export_skidpad_msgs__rosidl_generator_cExport-noconfig.cmake
[0.280s] -- Up-to-date: /home/limdegcai/GSMART/CODE/skidpad_ws/install/skidpad_msgs/share/skidpad_msgs/cmake/export_skidpad_msgs__rosidl_typesupport_fastrtps_cExport.cmake
[0.280s] -- Up-to-date: /home/limdegcai/GSMART/CODE/skidpad_ws/install/skidpad_msgs/share/skidpad_msgs/cmake/export_skidpad_msgs__rosidl_typesupport_fastrtps_cExport-noconfig.cmake
[0.280s] -- Up-to-date: /home/limdegcai/GSMART/CODE/skidpad_ws/install/skidpad_msgs/share/skidpad_msgs/cmake/skidpad_msgs__rosidl_typesupport_introspection_cExport.cmake
[0.280s] -- Up-to-date: /home/limdegcai/GSMART/CODE/skidpad_ws/install/skidpad_msgs/share/skidpad_msgs/cmake/skidpad_msgs__rosidl_typesupport_introspection_cExport-noconfig.cmake
[0.280s] -- Up-to-date: /home/limdegcai/GSMART/CODE/skidpad_ws/install/skidpad_msgs/share/skidpad_msgs/cmake/skidpad_msgs__rosidl_typesupport_cExport.cmake
[0.280s] -- Up-to-date: /home/limdegcai/GSMART/CODE/skidpad_ws/install/skidpad_msgs/share/skidpad_msgs/cmake/skidpad_msgs__rosidl_typesupport_cExport-noconfig.cmake
[0.280s] -- Up-to-date: /home/limdegcai/GSMART/CODE/skidpad_ws/install/skidpad_msgs/share/skidpad_msgs/cmake/export_skidpad_msgs__rosidl_generator_cppExport.cmake
[0.280s] -- Up-to-date: /home/limdegcai/GSMART/CODE/skidpad_ws/install/skidpad_msgs/share/skidpad_msgs/cmake/export_skidpad_msgs__rosidl_typesupport_fastrtps_cppExport.cmake
[0.280s] -- Up-to-date: /home/limdegcai/GSMART/CODE/skidpad_ws/install/skidpad_msgs/share/skidpad_msgs/cmake/export_skidpad_msgs__rosidl_typesupport_fastrtps_cppExport-noconfig.cmake
[0.280s] -- Up-to-date: /home/limdegcai/GSMART/CODE/skidpad_ws/install/skidpad_msgs/share/skidpad_msgs/cmake/skidpad_msgs__rosidl_typesupport_introspection_cppExport.cmake
[0.280s] -- Up-to-date: /home/limdegcai/GSMART/CODE/skidpad_ws/install/skidpad_msgs/share/skidpad_msgs/cmake/skidpad_msgs__rosidl_typesupport_introspection_cppExport-noconfig.cmake
[0.281s] -- Up-to-date: /home/limdegcai/GSMART/CODE/skidpad_ws/install/skidpad_msgs/share/skidpad_msgs/cmake/skidpad_msgs__rosidl_typesupport_cppExport.cmake
[0.281s] -- Up-to-date: /home/limdegcai/GSMART/CODE/skidpad_ws/install/skidpad_msgs/share/skidpad_msgs/cmake/skidpad_msgs__rosidl_typesupport_cppExport-noconfig.cmake
[0.281s] -- Up-to-date: /home/limdegcai/GSMART/CODE/skidpad_ws/install/skidpad_msgs/share/skidpad_msgs/cmake/export_skidpad_msgs__rosidl_generator_pyExport.cmake
[0.281s] -- Up-to-date: /home/limdegcai/GSMART/CODE/skidpad_ws/install/skidpad_msgs/share/skidpad_msgs/cmake/export_skidpad_msgs__rosidl_generator_pyExport-noconfig.cmake
[0.283s] Invoked command in '/home/limdegcai/GSMART/CODE/skidpad_ws/build/skidpad_msgs' returned '0': CMAKE_PREFIX_PATH=/opt/ros/humble /usr/bin/cmake --install /home/limdegcai/GSMART/CODE/skidpad_ws/build/skidpad_msgs
