[0.066s] DEBUG:colcon:Command line arguments: ['/usr/bin/colcon', 'build']
[0.067s] DEBUG:colcon:Parsed command line arguments: Namespace(log_base=None, log_level=None, verb_name='build', build_base='build', install_base='install', merge_install=False, symlink_install=False, test_result_base=None, continue_on_error=False, executor='parallel', parallel_workers=32, event_handlers=None, ignore_user_meta=False, metas=['./colcon.meta'], base_paths=['.'], packages_ignore=None, packages_ignore_regex=None, paths=None, packages_up_to=None, packages_up_to_regex=None, packages_above=None, packages_above_and_dependencies=None, packages_above_depth=None, packages_select_by_dep=None, packages_skip_by_dep=None, packages_skip_up_to=None, packages_select_build_failed=False, packages_skip_build_finished=False, packages_select_test_failures=False, packages_skip_test_passed=False, packages_select=None, packages_skip=None, packages_select_regex=None, packages_skip_regex=None, packages_start=None, packages_end=None, allow_overriding=[], cmake_args=None, cmake_target=None, cmake_target_skip_unavailable=False, cmake_clean_cache=False, cmake_clean_first=False, cmake_force_configure=False, ament_cmake_args=None, catkin_cmake_args=None, catkin_skip_building_tests=False, verb_parser=<colcon_defaults.argument_parser.defaults.DefaultArgumentsDecorator object at 0x76e0e4b36ef0>, verb_extension=<colcon_core.verb.build.BuildVerb object at 0x76e0e4b36980>, main=<bound method BuildVerb.main of <colcon_core.verb.build.BuildVerb object at 0x76e0e4b36980>>)
[0.163s] Level 1:colcon.colcon_core.package_discovery:discover_packages(colcon_meta) check parameters
[0.163s] Level 1:colcon.colcon_core.package_discovery:discover_packages(recursive) check parameters
[0.163s] Level 1:colcon.colcon_core.package_discovery:discover_packages(ignore) check parameters
[0.163s] Level 1:colcon.colcon_core.package_discovery:discover_packages(path) check parameters
[0.163s] Level 1:colcon.colcon_core.package_discovery:discover_packages(colcon_meta) discover
[0.163s] Level 1:colcon.colcon_core.package_discovery:discover_packages(recursive) discover
[0.163s] INFO:colcon.colcon_core.package_discovery:Crawling recursively for packages in '/home/limdegcai/GSMART/CODE/result/skidpad_detector'
[0.164s] Level 1:colcon.colcon_core.package_identification:_identify(.) by extensions ['ignore', 'ignore_ament_install']
[0.164s] Level 1:colcon.colcon_core.package_identification:_identify(.) by extension 'ignore'
[0.164s] Level 1:colcon.colcon_core.package_identification:_identify(.) by extension 'ignore_ament_install'
[0.164s] Level 1:colcon.colcon_core.package_identification:_identify(.) by extensions ['colcon_pkg']
[0.164s] Level 1:colcon.colcon_core.package_identification:_identify(.) by extension 'colcon_pkg'
[0.164s] Level 1:colcon.colcon_core.package_identification:_identify(.) by extensions ['colcon_meta']
[0.164s] Level 1:colcon.colcon_core.package_identification:_identify(.) by extension 'colcon_meta'
[0.164s] Level 1:colcon.colcon_core.package_identification:_identify(.) by extensions ['ros']
[0.164s] Level 1:colcon.colcon_core.package_identification:_identify(.) by extension 'ros'
[0.173s] DEBUG:colcon.colcon_core.package_identification:Package '.' with type 'ros.ament_cmake' and name 'skidpad_detector'
[0.173s] Level 1:colcon.colcon_core.package_discovery:discover_packages(recursive) using defaults
[0.173s] Level 1:colcon.colcon_core.package_discovery:discover_packages(ignore) discover
[0.173s] Level 1:colcon.colcon_core.package_discovery:discover_packages(ignore) using defaults
[0.173s] Level 1:colcon.colcon_core.package_discovery:discover_packages(path) discover
[0.173s] Level 1:colcon.colcon_core.package_discovery:discover_packages(path) using defaults
[0.185s] Level 1:colcon.colcon_core.package_discovery:discover_packages(prefix_path) check parameters
[0.185s] Level 1:colcon.colcon_core.package_discovery:discover_packages(prefix_path) discover
[0.187s] DEBUG:colcon.colcon_installed_package_information.package_discovery:Found 272 installed packages in /opt/ros/humble
[0.189s] Level 1:colcon.colcon_core.package_discovery:discover_packages(prefix_path) using defaults
[0.217s] Level 5:colcon.colcon_core.verb:set package 'skidpad_detector' build argument 'cmake_args' from command line to 'None'
[0.217s] Level 5:colcon.colcon_core.verb:set package 'skidpad_detector' build argument 'cmake_target' from command line to 'None'
[0.217s] Level 5:colcon.colcon_core.verb:set package 'skidpad_detector' build argument 'cmake_target_skip_unavailable' from command line to 'False'
[0.217s] Level 5:colcon.colcon_core.verb:set package 'skidpad_detector' build argument 'cmake_clean_cache' from command line to 'False'
[0.217s] Level 5:colcon.colcon_core.verb:set package 'skidpad_detector' build argument 'cmake_clean_first' from command line to 'False'
[0.218s] Level 5:colcon.colcon_core.verb:set package 'skidpad_detector' build argument 'cmake_force_configure' from command line to 'False'
[0.218s] Level 5:colcon.colcon_core.verb:set package 'skidpad_detector' build argument 'ament_cmake_args' from command line to 'None'
[0.218s] Level 5:colcon.colcon_core.verb:set package 'skidpad_detector' build argument 'catkin_cmake_args' from command line to 'None'
[0.218s] Level 5:colcon.colcon_core.verb:set package 'skidpad_detector' build argument 'catkin_skip_building_tests' from command line to 'False'
[0.218s] DEBUG:colcon.colcon_core.verb:Building package 'skidpad_detector' with the following arguments: {'ament_cmake_args': None, 'build_base': '/home/limdegcai/GSMART/CODE/result/skidpad_detector/build/skidpad_detector', 'catkin_cmake_args': None, 'catkin_skip_building_tests': False, 'cmake_args': None, 'cmake_clean_cache': False, 'cmake_clean_first': False, 'cmake_force_configure': False, 'cmake_target': None, 'cmake_target_skip_unavailable': False, 'install_base': '/home/limdegcai/GSMART/CODE/result/skidpad_detector/install/skidpad_detector', 'merge_install': False, 'path': '/home/limdegcai/GSMART/CODE/result/skidpad_detector', 'symlink_install': False, 'test_result_base': None}
[0.218s] INFO:colcon.colcon_core.executor:Executing jobs using 'parallel' executor
[0.218s] DEBUG:colcon.colcon_parallel_executor.executor.parallel:run_until_complete
[0.218s] INFO:colcon.colcon_ros.task.ament_cmake.build:Building ROS package in '/home/limdegcai/GSMART/CODE/result/skidpad_detector' with build type 'ament_cmake'
[0.219s] INFO:colcon.colcon_cmake.task.cmake.build:Building CMake package in '/home/limdegcai/GSMART/CODE/result/skidpad_detector'
[0.220s] INFO:colcon.colcon_core.plugin_system:Skipping extension 'colcon_core.shell.bat': Not used on non-Windows systems
[0.220s] INFO:colcon.colcon_core.shell:Skip shell extension 'powershell' for command environment: Not usable outside of PowerShell
[0.220s] DEBUG:colcon.colcon_core.shell:Skip shell extension 'dsv' for command environment
[0.226s] DEBUG:colcon.colcon_core.event_handler.log_command:Invoking command in '/home/limdegcai/GSMART/CODE/result/skidpad_detector/build/skidpad_detector': CMAKE_PREFIX_PATH=/opt/ros/humble /usr/bin/cmake --build /home/limdegcai/GSMART/CODE/result/skidpad_detector/build/skidpad_detector -- -j32 -l32
[1.538s] DEBUG:colcon.colcon_core.event_handler.log_command:Invoked command in '/home/limdegcai/GSMART/CODE/result/skidpad_detector/build/skidpad_detector' returned '0': CMAKE_PREFIX_PATH=/opt/ros/humble /usr/bin/cmake --build /home/limdegcai/GSMART/CODE/result/skidpad_detector/build/skidpad_detector -- -j32 -l32
[1.545s] DEBUG:colcon.colcon_core.event_handler.log_command:Invoking command in '/home/limdegcai/GSMART/CODE/result/skidpad_detector/build/skidpad_detector': CMAKE_PREFIX_PATH=/opt/ros/humble /usr/bin/cmake --install /home/limdegcai/GSMART/CODE/result/skidpad_detector/build/skidpad_detector
[1.551s] Level 1:colcon.colcon_core.environment:create_environment_scripts_only(skidpad_detector)
[1.551s] DEBUG:colcon.colcon_core.event_handler.log_command:Invoked command in '/home/limdegcai/GSMART/CODE/result/skidpad_detector/build/skidpad_detector' returned '0': CMAKE_PREFIX_PATH=/opt/ros/humble /usr/bin/cmake --install /home/limdegcai/GSMART/CODE/result/skidpad_detector/build/skidpad_detector
[1.552s] Level 1:colcon.colcon_core.environment:checking '/home/limdegcai/GSMART/CODE/result/skidpad_detector/install/skidpad_detector' for CMake module files
[1.552s] Level 1:colcon.colcon_core.environment:checking '/home/limdegcai/GSMART/CODE/result/skidpad_detector/install/skidpad_detector' for CMake config files
[1.553s] Level 1:colcon.colcon_core.shell:create_environment_hook('skidpad_detector', 'cmake_prefix_path')
[1.553s] INFO:colcon.colcon_core.shell:Creating environment hook '/home/limdegcai/GSMART/CODE/result/skidpad_detector/install/skidpad_detector/share/skidpad_detector/hook/cmake_prefix_path.ps1'
[1.553s] INFO:colcon.colcon_core.shell:Creating environment descriptor '/home/limdegcai/GSMART/CODE/result/skidpad_detector/install/skidpad_detector/share/skidpad_detector/hook/cmake_prefix_path.dsv'
[1.553s] INFO:colcon.colcon_core.shell:Creating environment hook '/home/limdegcai/GSMART/CODE/result/skidpad_detector/install/skidpad_detector/share/skidpad_detector/hook/cmake_prefix_path.sh'
[1.554s] Level 1:colcon.colcon_core.environment:checking '/home/limdegcai/GSMART/CODE/result/skidpad_detector/install/skidpad_detector/lib'
[1.554s] Level 1:colcon.colcon_core.environment:checking '/home/limdegcai/GSMART/CODE/result/skidpad_detector/install/skidpad_detector/bin'
[1.554s] Level 1:colcon.colcon_core.environment:checking '/home/limdegcai/GSMART/CODE/result/skidpad_detector/install/skidpad_detector/lib/pkgconfig/skidpad_detector.pc'
[1.554s] Level 1:colcon.colcon_core.environment:checking '/home/limdegcai/GSMART/CODE/result/skidpad_detector/install/skidpad_detector/lib/python3.10/site-packages'
[1.554s] Level 1:colcon.colcon_core.environment:checking '/home/limdegcai/GSMART/CODE/result/skidpad_detector/install/skidpad_detector/bin'
[1.555s] INFO:colcon.colcon_core.shell:Creating package script '/home/limdegcai/GSMART/CODE/result/skidpad_detector/install/skidpad_detector/share/skidpad_detector/package.ps1'
[1.555s] INFO:colcon.colcon_core.shell:Creating package descriptor '/home/limdegcai/GSMART/CODE/result/skidpad_detector/install/skidpad_detector/share/skidpad_detector/package.dsv'
[1.555s] INFO:colcon.colcon_core.shell:Creating package script '/home/limdegcai/GSMART/CODE/result/skidpad_detector/install/skidpad_detector/share/skidpad_detector/package.sh'
[1.556s] INFO:colcon.colcon_core.shell:Creating package script '/home/limdegcai/GSMART/CODE/result/skidpad_detector/install/skidpad_detector/share/skidpad_detector/package.bash'
[1.556s] INFO:colcon.colcon_core.shell:Creating package script '/home/limdegcai/GSMART/CODE/result/skidpad_detector/install/skidpad_detector/share/skidpad_detector/package.zsh'
[1.556s] Level 1:colcon.colcon_core.environment:create_file_with_runtime_dependencies(/home/limdegcai/GSMART/CODE/result/skidpad_detector/install/skidpad_detector/share/colcon-core/packages/skidpad_detector)
[1.557s] Level 1:colcon.colcon_core.environment:create_environment_scripts_only(skidpad_detector)
[1.557s] Level 1:colcon.colcon_core.environment:checking '/home/limdegcai/GSMART/CODE/result/skidpad_detector/install/skidpad_detector' for CMake module files
[1.557s] Level 1:colcon.colcon_core.environment:checking '/home/limdegcai/GSMART/CODE/result/skidpad_detector/install/skidpad_detector' for CMake config files
[1.557s] Level 1:colcon.colcon_core.shell:create_environment_hook('skidpad_detector', 'cmake_prefix_path')
[1.557s] INFO:colcon.colcon_core.shell:Creating environment hook '/home/limdegcai/GSMART/CODE/result/skidpad_detector/install/skidpad_detector/share/skidpad_detector/hook/cmake_prefix_path.ps1'
[1.557s] INFO:colcon.colcon_core.shell:Creating environment descriptor '/home/limdegcai/GSMART/CODE/result/skidpad_detector/install/skidpad_detector/share/skidpad_detector/hook/cmake_prefix_path.dsv'
[1.558s] INFO:colcon.colcon_core.shell:Creating environment hook '/home/limdegcai/GSMART/CODE/result/skidpad_detector/install/skidpad_detector/share/skidpad_detector/hook/cmake_prefix_path.sh'
[1.558s] Level 1:colcon.colcon_core.environment:checking '/home/limdegcai/GSMART/CODE/result/skidpad_detector/install/skidpad_detector/lib'
[1.558s] Level 1:colcon.colcon_core.environment:checking '/home/limdegcai/GSMART/CODE/result/skidpad_detector/install/skidpad_detector/bin'
[1.558s] Level 1:colcon.colcon_core.environment:checking '/home/limdegcai/GSMART/CODE/result/skidpad_detector/install/skidpad_detector/lib/pkgconfig/skidpad_detector.pc'
[1.558s] Level 1:colcon.colcon_core.environment:checking '/home/limdegcai/GSMART/CODE/result/skidpad_detector/install/skidpad_detector/lib/python3.10/site-packages'
[1.559s] Level 1:colcon.colcon_core.environment:checking '/home/limdegcai/GSMART/CODE/result/skidpad_detector/install/skidpad_detector/bin'
[1.559s] INFO:colcon.colcon_core.shell:Creating package script '/home/limdegcai/GSMART/CODE/result/skidpad_detector/install/skidpad_detector/share/skidpad_detector/package.ps1'
[1.559s] INFO:colcon.colcon_core.shell:Creating package descriptor '/home/limdegcai/GSMART/CODE/result/skidpad_detector/install/skidpad_detector/share/skidpad_detector/package.dsv'
[1.559s] INFO:colcon.colcon_core.shell:Creating package script '/home/limdegcai/GSMART/CODE/result/skidpad_detector/install/skidpad_detector/share/skidpad_detector/package.sh'
[1.559s] INFO:colcon.colcon_core.shell:Creating package script '/home/limdegcai/GSMART/CODE/result/skidpad_detector/install/skidpad_detector/share/skidpad_detector/package.bash'
[1.560s] INFO:colcon.colcon_core.shell:Creating package script '/home/limdegcai/GSMART/CODE/result/skidpad_detector/install/skidpad_detector/share/skidpad_detector/package.zsh'
[1.560s] Level 1:colcon.colcon_core.environment:create_file_with_runtime_dependencies(/home/limdegcai/GSMART/CODE/result/skidpad_detector/install/skidpad_detector/share/colcon-core/packages/skidpad_detector)
[1.560s] DEBUG:colcon.colcon_parallel_executor.executor.parallel:closing loop
[1.560s] DEBUG:colcon.colcon_parallel_executor.executor.parallel:loop closed
[1.560s] DEBUG:colcon.colcon_parallel_executor.executor.parallel:run_until_complete finished with '0'
[1.560s] DEBUG:colcon.colcon_core.event_reactor:joining thread
[1.563s] INFO:colcon.colcon_core.plugin_system:Skipping extension 'colcon_notification.desktop_notification.terminal_notifier': Not used on non-Darwin systems
[1.563s] INFO:colcon.colcon_core.plugin_system:Skipping extension 'colcon_notification.desktop_notification.win32': Not used on non-Windows systems
[1.563s] INFO:colcon.colcon_notification.desktop_notification:Sending desktop notification using 'notify2'
[1.570s] DEBUG:colcon.colcon_core.event_reactor:joined thread
[1.570s] INFO:colcon.colcon_core.shell:Creating prefix script '/home/limdegcai/GSMART/CODE/result/skidpad_detector/install/local_setup.ps1'
[1.570s] INFO:colcon.colcon_core.shell:Creating prefix util module '/home/limdegcai/GSMART/CODE/result/skidpad_detector/install/_local_setup_util_ps1.py'
[1.571s] INFO:colcon.colcon_core.shell:Creating prefix chain script '/home/limdegcai/GSMART/CODE/result/skidpad_detector/install/setup.ps1'
[1.572s] INFO:colcon.colcon_core.shell:Creating prefix script '/home/limdegcai/GSMART/CODE/result/skidpad_detector/install/local_setup.sh'
[1.572s] INFO:colcon.colcon_core.shell:Creating prefix util module '/home/limdegcai/GSMART/CODE/result/skidpad_detector/install/_local_setup_util_sh.py'
[1.572s] INFO:colcon.colcon_core.shell:Creating prefix chain script '/home/limdegcai/GSMART/CODE/result/skidpad_detector/install/setup.sh'
[1.573s] INFO:colcon.colcon_core.shell:Creating prefix script '/home/limdegcai/GSMART/CODE/result/skidpad_detector/install/local_setup.bash'
[1.573s] INFO:colcon.colcon_core.shell:Creating prefix chain script '/home/limdegcai/GSMART/CODE/result/skidpad_detector/install/setup.bash'
[1.574s] INFO:colcon.colcon_core.shell:Creating prefix script '/home/limdegcai/GSMART/CODE/result/skidpad_detector/install/local_setup.zsh'
[1.574s] INFO:colcon.colcon_core.shell:Creating prefix chain script '/home/limdegcai/GSMART/CODE/result/skidpad_detector/install/setup.zsh'
