[0.139s] Invoking command in '/home/limdegcai/GSMART/CODE/skidpad_ws/build/skidpad_planner': CMAKE_PREFIX_PATH=/home/limdegcai/GSMART/CODE/skidpad_ws/install/skidpad_msgs:/home/limdegcai/GSMART/CODE/skidpad_ws/install/skidpad_bringup:/home/limdegcai/GSMART/CODE/skidpad_ws/install/skidpad_planner:/home/limdegcai/GSMART/CODE/skidpad_ws/install/skidpad_icp:/home/limdegcai/GSMART/CODE/skidpad_ws/install/skidpad_control:/home/limdegcai/GSMART/CODE/skidpad_ws/install/fsds_bridge:/home/limdegcai/GSMART/CODE/skidpad_ws/install/icp_test_tools:/opt/ros/humble /usr/bin/cmake /home/limdegcai/GSMART/CODE/skidpad_ws/src/skidpad_planner -DAMENT_CMAKE_SYMLINK_INSTALL=1 -DCMAKE_INSTALL_PREFIX=/home/limdegcai/GSMART/CODE/skidpad_ws/install/skidpad_planner
[0.176s] -- The C compiler identification is GNU 11.4.0
[0.211s] -- The CXX compiler identification is GNU 11.4.0
[0.215s] -- Detecting C compiler ABI info
[0.264s] -- Detecting C compiler ABI info - done
[0.268s] -- Check for working C compiler: /usr/bin/cc - skipped
[0.269s] -- Detecting C compile features
[0.269s] -- Detecting C compile features - done
[0.271s] -- Detecting CXX compiler ABI info
[0.327s] -- Detecting CXX compiler ABI info - done
[0.332s] -- Check for working CXX compiler: /usr/bin/c++ - skipped
[0.332s] -- Detecting CXX compile features
[0.332s] -- Detecting CXX compile features - done
[0.334s] -- Found ament_cmake: 1.3.14 (/opt/ros/humble/share/ament_cmake/cmake)
[0.438s] -- Found Python3: /usr/bin/python3 (found version "3.10.12") found components: Interpreter 
[0.480s] -- Override CMake install command with custom implementation using symlinks instead of copying resources
[0.500s] -- Found rclcpp: 16.0.19 (/opt/ros/humble/share/rclcpp/cmake)
[0.530s] -- Found rosidl_generator_c: 3.1.8 (/opt/ros/humble/share/rosidl_generator_c/cmake)
[0.534s] -- Found rosidl_adapter: 3.1.8 (/opt/ros/humble/share/rosidl_adapter/cmake)
[0.539s] -- Found rosidl_generator_cpp: 3.1.8 (/opt/ros/humble/share/rosidl_generator_cpp/cmake)
[0.547s] -- Using all available rosidl_typesupport_c: rosidl_typesupport_fastrtps_c;rosidl_typesupport_introspection_c
[0.557s] -- Using all available rosidl_typesupport_cpp: rosidl_typesupport_fastrtps_cpp;rosidl_typesupport_introspection_cpp
[0.585s] -- Found rmw_implementation_cmake: 6.1.2 (/opt/ros/humble/share/rmw_implementation_cmake/cmake)
[0.587s] -- Found rmw_fastrtps_cpp: 6.2.10 (/opt/ros/humble/share/rmw_fastrtps_cpp/cmake)
[0.651s] -- Found OpenSSL: /usr/lib/x86_64-linux-gnu/libcrypto.so (found version "3.0.2")  
[0.671s] -- Found FastRTPS: /opt/ros/humble/include  
[0.702s] -- Using RMW implementation 'rmw_fastrtps_cpp' as default
[0.709s] -- Looking for pthread.h
[0.760s] -- Looking for pthread.h - found
[0.761s] -- Performing Test CMAKE_HAVE_LIBC_PTHREAD
[0.813s] -- Performing Test CMAKE_HAVE_LIBC_PTHREAD - Success
[0.813s] -- Found Threads: TRUE  
[0.845s] -- Found geometry_msgs: 4.9.1 (/opt/ros/humble/share/geometry_msgs/cmake)
[0.853s] -- Found visualization_msgs: 4.9.1 (/opt/ros/humble/share/visualization_msgs/cmake)
[0.876s] -- Found skidpad_msgs: 1.0.0 (/home/limdegcai/GSMART/CODE/skidpad_ws/install/skidpad_msgs/share/skidpad_msgs/cmake)
[0.895s] -- Found OpenCV: /usr (found version "4.5.4") 
[0.939s] -- Configuring done
[0.950s] -- Generating done
[0.952s] -- Build files have been written to: /home/limdegcai/GSMART/CODE/skidpad_ws/build/skidpad_planner
[0.962s] Invoked command in '/home/limdegcai/GSMART/CODE/skidpad_ws/build/skidpad_planner' returned '0': CMAKE_PREFIX_PATH=/home/limdegcai/GSMART/CODE/skidpad_ws/install/skidpad_msgs:/home/limdegcai/GSMART/CODE/skidpad_ws/install/skidpad_bringup:/home/limdegcai/GSMART/CODE/skidpad_ws/install/skidpad_planner:/home/limdegcai/GSMART/CODE/skidpad_ws/install/skidpad_icp:/home/limdegcai/GSMART/CODE/skidpad_ws/install/skidpad_control:/home/limdegcai/GSMART/CODE/skidpad_ws/install/fsds_bridge:/home/limdegcai/GSMART/CODE/skidpad_ws/install/icp_test_tools:/opt/ros/humble /usr/bin/cmake /home/limdegcai/GSMART/CODE/skidpad_ws/src/skidpad_planner -DAMENT_CMAKE_SYMLINK_INSTALL=1 -DCMAKE_INSTALL_PREFIX=/home/limdegcai/GSMART/CODE/skidpad_ws/install/skidpad_planner
[0.963s] Invoking command in '/home/limdegcai/GSMART/CODE/skidpad_ws/build/skidpad_planner': CMAKE_PREFIX_PATH=/home/limdegcai/GSMART/CODE/skidpad_ws/install/skidpad_msgs:/home/limdegcai/GSMART/CODE/skidpad_ws/install/skidpad_bringup:/home/limdegcai/GSMART/CODE/skidpad_ws/install/skidpad_planner:/home/limdegcai/GSMART/CODE/skidpad_ws/install/skidpad_icp:/home/limdegcai/GSMART/CODE/skidpad_ws/install/skidpad_control:/home/limdegcai/GSMART/CODE/skidpad_ws/install/fsds_bridge:/home/limdegcai/GSMART/CODE/skidpad_ws/install/icp_test_tools:/opt/ros/humble /usr/bin/cmake --build /home/limdegcai/GSMART/CODE/skidpad_ws/build/skidpad_planner -- -j32 -l32
[0.998s] [ 14%] [32mBuilding CXX object CMakeFiles/skidpad_planner_node.dir/src/main.cpp.o[0m
[0.998s] [ 28%] [32mBuilding CXX object CMakeFiles/skidpad_planner_node.dir/src/path_generator_handle.cpp.o[0m
[0.998s] [ 42%] [32mBuilding CXX object CMakeFiles/skidpad_planner_node.dir/src/Track/skidpad_track.cpp.o[0m
[0.999s] [ 57%] [32mBuilding CXX object CMakeFiles/skidpad_planner_node.dir/src/Utils/visual.cpp.o[0m
[0.999s] [ 85%] [32mBuilding CXX object CMakeFiles/skidpad_planner_node.dir/src/Track/track_base.cpp.o[0m
[1.000s] [ 85%] [32mBuilding CXX object CMakeFiles/skidpad_planner_node.dir/src/path_generator.cpp.o[0m
[9.071s] [100%] [32m[1mLinking CXX executable skidpad_planner_node[0m
[9.466s] [100%] Built target skidpad_planner_node
[9.473s] Invoked command in '/home/limdegcai/GSMART/CODE/skidpad_ws/build/skidpad_planner' returned '0': CMAKE_PREFIX_PATH=/home/limdegcai/GSMART/CODE/skidpad_ws/install/skidpad_msgs:/home/limdegcai/GSMART/CODE/skidpad_ws/install/skidpad_bringup:/home/limdegcai/GSMART/CODE/skidpad_ws/install/skidpad_planner:/home/limdegcai/GSMART/CODE/skidpad_ws/install/skidpad_icp:/home/limdegcai/GSMART/CODE/skidpad_ws/install/skidpad_control:/home/limdegcai/GSMART/CODE/skidpad_ws/install/fsds_bridge:/home/limdegcai/GSMART/CODE/skidpad_ws/install/icp_test_tools:/opt/ros/humble /usr/bin/cmake --build /home/limdegcai/GSMART/CODE/skidpad_ws/build/skidpad_planner -- -j32 -l32
[9.474s] Invoking command in '/home/limdegcai/GSMART/CODE/skidpad_ws/build/skidpad_planner': CMAKE_PREFIX_PATH=/home/limdegcai/GSMART/CODE/skidpad_ws/install/skidpad_msgs:/home/limdegcai/GSMART/CODE/skidpad_ws/install/skidpad_bringup:/home/limdegcai/GSMART/CODE/skidpad_ws/install/skidpad_planner:/home/limdegcai/GSMART/CODE/skidpad_ws/install/skidpad_icp:/home/limdegcai/GSMART/CODE/skidpad_ws/install/skidpad_control:/home/limdegcai/GSMART/CODE/skidpad_ws/install/fsds_bridge:/home/limdegcai/GSMART/CODE/skidpad_ws/install/icp_test_tools:/opt/ros/humble /usr/bin/cmake --install /home/limdegcai/GSMART/CODE/skidpad_ws/build/skidpad_planner
[9.479s] -- Install configuration: ""
[9.479s] -- Execute custom install script
[9.479s] -- Symlinking: /home/limdegcai/GSMART/CODE/skidpad_ws/install/skidpad_planner/lib/skidpad_planner/skidpad_planner_node
[9.485s] -- Symlinking: /home/limdegcai/GSMART/CODE/skidpad_ws/install/skidpad_planner/share/skidpad_planner/config/skidpad_planner.yaml
[9.491s] -- Symlinking: /home/limdegcai/GSMART/CODE/skidpad_ws/install/skidpad_planner/share/skidpad_planner/launch/skidpad_planner.launch.py
[9.496s] -- Symlinking: /home/limdegcai/GSMART/CODE/skidpad_ws/install/skidpad_planner/share/ament_index/resource_index/package_run_dependencies/skidpad_planner
[9.502s] -- Symlinking: /home/limdegcai/GSMART/CODE/skidpad_ws/install/skidpad_planner/share/ament_index/resource_index/parent_prefix_path/skidpad_planner
[9.507s] -- Symlinking: /home/limdegcai/GSMART/CODE/skidpad_ws/install/skidpad_planner/share/skidpad_planner/environment/ament_prefix_path.sh
[9.514s] -- Symlinking: /home/limdegcai/GSMART/CODE/skidpad_ws/install/skidpad_planner/share/skidpad_planner/environment/ament_prefix_path.dsv
[9.520s] -- Symlinking: /home/limdegcai/GSMART/CODE/skidpad_ws/install/skidpad_planner/share/skidpad_planner/environment/path.sh
[9.525s] -- Symlinking: /home/limdegcai/GSMART/CODE/skidpad_ws/install/skidpad_planner/share/skidpad_planner/environment/path.dsv
[9.531s] -- Symlinking: /home/limdegcai/GSMART/CODE/skidpad_ws/install/skidpad_planner/share/skidpad_planner/local_setup.bash
[9.536s] -- Symlinking: /home/limdegcai/GSMART/CODE/skidpad_ws/install/skidpad_planner/share/skidpad_planner/local_setup.sh
[9.542s] -- Symlinking: /home/limdegcai/GSMART/CODE/skidpad_ws/install/skidpad_planner/share/skidpad_planner/local_setup.zsh
[9.548s] -- Symlinking: /home/limdegcai/GSMART/CODE/skidpad_ws/install/skidpad_planner/share/skidpad_planner/local_setup.dsv
[9.553s] -- Symlinking: /home/limdegcai/GSMART/CODE/skidpad_ws/install/skidpad_planner/share/skidpad_planner/package.dsv
[9.558s] -- Symlinking: /home/limdegcai/GSMART/CODE/skidpad_ws/install/skidpad_planner/share/ament_index/resource_index/packages/skidpad_planner
[9.564s] -- Symlinking: /home/limdegcai/GSMART/CODE/skidpad_ws/install/skidpad_planner/share/skidpad_planner/cmake/skidpad_plannerConfig.cmake
[9.570s] -- Symlinking: /home/limdegcai/GSMART/CODE/skidpad_ws/install/skidpad_planner/share/skidpad_planner/cmake/skidpad_plannerConfig-version.cmake
[9.576s] -- Symlinking: /home/limdegcai/GSMART/CODE/skidpad_ws/install/skidpad_planner/share/skidpad_planner/package.xml
[9.584s] Invoked command in '/home/limdegcai/GSMART/CODE/skidpad_ws/build/skidpad_planner' returned '0': CMAKE_PREFIX_PATH=/home/limdegcai/GSMART/CODE/skidpad_ws/install/skidpad_msgs:/home/limdegcai/GSMART/CODE/skidpad_ws/install/skidpad_bringup:/home/limdegcai/GSMART/CODE/skidpad_ws/install/skidpad_planner:/home/limdegcai/GSMART/CODE/skidpad_ws/install/skidpad_icp:/home/limdegcai/GSMART/CODE/skidpad_ws/install/skidpad_control:/home/limdegcai/GSMART/CODE/skidpad_ws/install/fsds_bridge:/home/limdegcai/GSMART/CODE/skidpad_ws/install/icp_test_tools:/opt/ros/humble /usr/bin/cmake --install /home/limdegcai/GSMART/CODE/skidpad_ws/build/skidpad_planner
