/home/x/Documents/at20260415workspace/workspace/camera/install/ros2_lidar_camera_fusion_with_detection/lib/python3.10/site-packages/ros2_lidar_camera_fusion_with_detection/detection1.py
/home/x/Documents/at20260415workspace/workspace/camera/install/ros2_lidar_camera_fusion_with_detection/lib/python3.10/site-packages/ros2_lidar_camera_fusion_with_detection/__init__.py
/home/x/Documents/at20260415workspace/workspace/camera/install/ros2_lidar_camera_fusion_with_detection/lib/python3.10/site-packages/ros2_lidar_camera_fusion_with_detection/multi_sensor_fusion_node.py
/home/x/Documents/at20260415workspace/workspace/camera/install/ros2_lidar_camera_fusion_with_detection/lib/python3.10/site-packages/ros2_lidar_camera_fusion_with_detection/lidar_camera_fusion_with_detection2.py
/home/x/Documents/at20260415workspace/workspace/camera/install/ros2_lidar_camera_fusion_with_detection/lib/python3.10/site-packages/ros2_lidar_camera_fusion_with_detection/lidar_camera_fusion_with_detection1.py
/home/x/Documents/at20260415workspace/workspace/camera/install/ros2_lidar_camera_fusion_with_detection/lib/python3.10/site-packages/ros2_lidar_camera_fusion_with_detection/__pycache__/detection1.cpython-310.pyc
/home/x/Documents/at20260415workspace/workspace/camera/install/ros2_lidar_camera_fusion_with_detection/lib/python3.10/site-packages/ros2_lidar_camera_fusion_with_detection/__pycache__/__init__.cpython-310.pyc
/home/x/Documents/at20260415workspace/workspace/camera/install/ros2_lidar_camera_fusion_with_detection/lib/python3.10/site-packages/ros2_lidar_camera_fusion_with_detection/__pycache__/multi_sensor_fusion_node.cpython-310.pyc
/home/x/Documents/at20260415workspace/workspace/camera/install/ros2_lidar_camera_fusion_with_detection/lib/python3.10/site-packages/ros2_lidar_camera_fusion_with_detection/__pycache__/lidar_camera_fusion_with_detection2.cpython-310.pyc
/home/x/Documents/at20260415workspace/workspace/camera/install/ros2_lidar_camera_fusion_with_detection/lib/python3.10/site-packages/ros2_lidar_camera_fusion_with_detection/__pycache__/lidar_camera_fusion_with_detection1.cpython-310.pyc
/home/x/Documents/at20260415workspace/workspace/camera/install/ros2_lidar_camera_fusion_with_detection/share/ament_index/resource_index/packages/ros2_lidar_camera_fusion_with_detection
/home/x/Documents/at20260415workspace/workspace/camera/install/ros2_lidar_camera_fusion_with_detection/share/ros2_lidar_camera_fusion_with_detection/package.xml
/home/x/Documents/at20260415workspace/workspace/camera/install/ros2_lidar_camera_fusion_with_detection/share/ros2_lidar_camera_fusion_with_detection/lidar_camera_fusion_with_detection_launch.py
/home/x/Documents/at20260415workspace/workspace/camera/install/ros2_lidar_camera_fusion_with_detection/share/ros2_lidar_camera_fusion_with_detection/config/setup_config1.yaml
/home/x/Documents/at20260415workspace/workspace/camera/install/ros2_lidar_camera_fusion_with_detection/share/ros2_lidar_camera_fusion_with_detection/config/setup_config2.yaml
/home/x/Documents/at20260415workspace/workspace/camera/install/ros2_lidar_camera_fusion_with_detection/lib/python3.10/site-packages/ros2_lidar_camera_fusion_with_detection-1.0.0-py3.10.egg-info/top_level.txt
/home/x/Documents/at20260415workspace/workspace/camera/install/ros2_lidar_camera_fusion_with_detection/lib/python3.10/site-packages/ros2_lidar_camera_fusion_with_detection-1.0.0-py3.10.egg-info/zip-safe
/home/x/Documents/at20260415workspace/workspace/camera/install/ros2_lidar_camera_fusion_with_detection/lib/python3.10/site-packages/ros2_lidar_camera_fusion_with_detection-1.0.0-py3.10.egg-info/requires.txt
/home/x/Documents/at20260415workspace/workspace/camera/install/ros2_lidar_camera_fusion_with_detection/lib/python3.10/site-packages/ros2_lidar_camera_fusion_with_detection-1.0.0-py3.10.egg-info/dependency_links.txt
/home/x/Documents/at20260415workspace/workspace/camera/install/ros2_lidar_camera_fusion_with_detection/lib/python3.10/site-packages/ros2_lidar_camera_fusion_with_detection-1.0.0-py3.10.egg-info/SOURCES.txt
/home/x/Documents/at20260415workspace/workspace/camera/install/ros2_lidar_camera_fusion_with_detection/lib/python3.10/site-packages/ros2_lidar_camera_fusion_with_detection-1.0.0-py3.10.egg-info/PKG-INFO
/home/x/Documents/at20260415workspace/workspace/camera/install/ros2_lidar_camera_fusion_with_detection/lib/python3.10/site-packages/ros2_lidar_camera_fusion_with_detection-1.0.0-py3.10.egg-info/entry_points.txt
/home/x/Documents/at20260415workspace/workspace/camera/install/ros2_lidar_camera_fusion_with_detection/lib/ros2_lidar_camera_fusion_with_detection/detection1
/home/x/Documents/at20260415workspace/workspace/camera/install/ros2_lidar_camera_fusion_with_detection/lib/ros2_lidar_camera_fusion_with_detection/lidar_camera_fusion_with_detection1
/home/x/Documents/at20260415workspace/workspace/camera/install/ros2_lidar_camera_fusion_with_detection/lib/ros2_lidar_camera_fusion_with_detection/lidar_camera_fusion_with_detection2
/home/x/Documents/at20260415workspace/workspace/camera/install/ros2_lidar_camera_fusion_with_detection/lib/ros2_lidar_camera_fusion_with_detection/multi_sensor_fusion_node
