running develop
running egg_info
creating skidpad_control.egg-info
writing skidpad_control.egg-info/PKG-INFO
writing dependency_links to skidpad_control.egg-info/dependency_links.txt
writing entry points to skidpad_control.egg-info/entry_points.txt
writing requirements to skidpad_control.egg-info/requires.txt
writing top-level names to skidpad_control.egg-info/top_level.txt
writing manifest file 'skidpad_control.egg-info/SOURCES.txt'
reading manifest file 'skidpad_control.egg-info/SOURCES.txt'
writing manifest file 'skidpad_control.egg-info/SOURCES.txt'
running build_ext
Creating /home/limdegcai/GSMART/CODE/FSD-Gsmart/planning_control/skidpad_ws/install/skidpad_control/lib/python3.10/site-packages/skidpad-control.egg-link (link to .)
Installing pure_pursuit_node script to /home/limdegcai/GSMART/CODE/FSD-Gsmart/planning_control/skidpad_ws/install/skidpad_control/lib/skidpad_control
Installing skidpad_visualizer script to /home/limdegcai/GSMART/CODE/FSD-Gsmart/planning_control/skidpad_ws/install/skidpad_control/lib/skidpad_control

Installed /home/limdegcai/GSMART/CODE/FSD-Gsmart/planning_control/skidpad_ws/build/skidpad_control
running symlink_data
creating /home/limdegcai/GSMART/CODE/FSD-Gsmart/planning_control/skidpad_ws/install/skidpad_control/share/ament_index
creating /home/limdegcai/GSMART/CODE/FSD-Gsmart/planning_control/skidpad_ws/install/skidpad_control/share/ament_index/resource_index
creating /home/limdegcai/GSMART/CODE/FSD-Gsmart/planning_control/skidpad_ws/install/skidpad_control/share/ament_index/resource_index/packages
symbolically linking /home/limdegcai/GSMART/CODE/FSD-Gsmart/planning_control/skidpad_ws/build/skidpad_control/resource/skidpad_control -> /home/limdegcai/GSMART/CODE/FSD-Gsmart/planning_control/skidpad_ws/install/skidpad_control/share/ament_index/resource_index/packages
symbolically linking /home/limdegcai/GSMART/CODE/FSD-Gsmart/planning_control/skidpad_ws/build/skidpad_control/package.xml -> /home/limdegcai/GSMART/CODE/FSD-Gsmart/planning_control/skidpad_ws/install/skidpad_control/share/skidpad_control
creating /home/limdegcai/GSMART/CODE/FSD-Gsmart/planning_control/skidpad_ws/install/skidpad_control/share/skidpad_control/launch
symbolically linking /home/limdegcai/GSMART/CODE/FSD-Gsmart/planning_control/skidpad_ws/build/skidpad_control/launch/pure_pursuit_launch.py -> /home/limdegcai/GSMART/CODE/FSD-Gsmart/planning_control/skidpad_ws/install/skidpad_control/share/skidpad_control/launch
creating /home/limdegcai/GSMART/CODE/FSD-Gsmart/planning_control/skidpad_ws/install/skidpad_control/share/skidpad_control/config
symbolically linking /home/limdegcai/GSMART/CODE/FSD-Gsmart/planning_control/skidpad_ws/build/skidpad_control/config/pure_pursuit_params.yaml -> /home/limdegcai/GSMART/CODE/FSD-Gsmart/planning_control/skidpad_ws/install/skidpad_control/share/skidpad_control/config
