[0.009s] Invoking command in '/home/limdegcai/GSMART/CODE/FSD-Gsmart/planning_control/skidpad/build/skidpad_msgs': CMAKE_PREFIX_PATH=/opt/ros/humble /usr/bin/cmake /home/limdegcai/GSMART/CODE/FSD-Gsmart/planning_control/skidpad/src/skidpad_msgs -DAMENT_CMAKE_SYMLINK_INSTALL=1 -DCMAKE_INSTALL_PREFIX=/home/limdegcai/GSMART/CODE/FSD-Gsmart/planning_control/skidpad/install/skidpad_msgs
[0.135s] -- The C compiler identification is GNU 11.4.0
[0.136s] -- The CXX compiler identification is GNU 11.4.0
[0.136s] -- Detecting C compiler ABI info
[0.136s] -- Detecting C compiler ABI info - done
[0.136s] -- Check for working C compiler: /usr/bin/cc - skipped
[0.136s] -- Detecting C compile features
[0.136s] -- Detecting C compile features - done
[0.137s] -- Detecting CXX compiler ABI info
[0.189s] -- Detecting CXX compiler ABI info - done
[0.193s] -- Check for working CXX compiler: /usr/bin/c++ - skipped
[0.193s] -- Detecting CXX compile features
[0.193s] -- Detecting CXX compile features - done
[0.195s] -- Found ament_cmake: 1.3.14 (/opt/ros/humble/share/ament_cmake/cmake)
[0.283s] -- Found Python3: /usr/bin/python3 (found version "3.10.12") found components: Interpreter 
[0.321s] -- Override CMake install command with custom implementation using symlinks instead of copying resources
[0.335s] -- Found rosidl_default_generators: 1.2.1 (/opt/ros/humble/share/rosidl_default_generators/cmake)
[0.337s] -- Using all available rosidl_typesupport_c: rosidl_typesupport_fastrtps_c;rosidl_typesupport_introspection_c
[0.340s] -- Found rosidl_adapter: 3.1.8 (/opt/ros/humble/share/rosidl_adapter/cmake)
[0.363s] -- Using all available rosidl_typesupport_cpp: rosidl_typesupport_fastrtps_cpp;rosidl_typesupport_introspection_cpp
[0.383s] -- Found std_msgs: 4.9.1 (/opt/ros/humble/share/std_msgs/cmake)
[0.398s] -- Found geometry_msgs: 4.9.1 (/opt/ros/humble/share/geometry_msgs/cmake)
[0.585s] -- Found ament_cmake_ros: 0.10.0 (/opt/ros/humble/share/ament_cmake_ros/cmake)
[0.734s] -- Using all available rosidl_typesupport_c: rosidl_typesupport_fastrtps_c;rosidl_typesupport_introspection_c
[0.931s] -- Using all available rosidl_typesupport_cpp: rosidl_typesupport_fastrtps_cpp;rosidl_typesupport_introspection_cpp
[0.944s] -- Found PythonInterp: /usr/bin/python3 (found suitable version "3.10.12", minimum required is "3.6") 
[0.945s] -- Found python_cmake_module: 0.10.0 (/opt/ros/humble/share/python_cmake_module/cmake)
[0.961s] -- Found PythonLibs: /usr/lib/x86_64-linux-gnu/libpython3.10.so (found suitable version "3.10.12", minimum required is "3.5") 
[0.961s] -- Using PYTHON_EXECUTABLE: /usr/bin/python3
[0.961s] -- Using PYTHON_INCLUDE_DIRS: /usr/include/python3.10
[0.961s] -- Using PYTHON_LIBRARIES: /usr/lib/x86_64-linux-gnu/libpython3.10.so
[0.974s] -- Found PythonExtra: .so  
[1.067s] -- Configuring done
[1.094s] -- Generating done
[1.101s] -- Build files have been written to: /home/limdegcai/GSMART/CODE/FSD-Gsmart/planning_control/skidpad/build/skidpad_msgs
[1.107s] Invoked command in '/home/limdegcai/GSMART/CODE/FSD-Gsmart/planning_control/skidpad/build/skidpad_msgs' returned '0': CMAKE_PREFIX_PATH=/opt/ros/humble /usr/bin/cmake /home/limdegcai/GSMART/CODE/FSD-Gsmart/planning_control/skidpad/src/skidpad_msgs -DAMENT_CMAKE_SYMLINK_INSTALL=1 -DCMAKE_INSTALL_PREFIX=/home/limdegcai/GSMART/CODE/FSD-Gsmart/planning_control/skidpad/install/skidpad_msgs
[1.108s] Invoking command in '/home/limdegcai/GSMART/CODE/FSD-Gsmart/planning_control/skidpad/build/skidpad_msgs': CMAKE_PREFIX_PATH=/opt/ros/humble /usr/bin/cmake --build /home/limdegcai/GSMART/CODE/FSD-Gsmart/planning_control/skidpad/build/skidpad_msgs -- -j32 -l32
[1.134s] [  1%] Generating C code for ROS interfaces
[1.141s] [  3%] Generating Rust code for ROS interfaces
[1.142s] [  4%] Generating C++ code for ROS interfaces
[1.146s] [  4%] Built target ament_cmake_python_symlink_skidpad_msgs
[1.273s] running egg_info
[1.273s] creating skidpad_msgs.egg-info
[1.273s] writing skidpad_msgs.egg-info/PKG-INFO
[1.273s] writing dependency_links to skidpad_msgs.egg-info/dependency_links.txt
[1.273s] writing top-level names to skidpad_msgs.egg-info/top_level.txt
[1.274s] writing manifest file 'skidpad_msgs.egg-info/SOURCES.txt'
[1.274s] reading manifest file 'skidpad_msgs.egg-info/SOURCES.txt'
[1.275s] writing manifest file 'skidpad_msgs.egg-info/SOURCES.txt'
[1.293s] [  4%] Built target ament_cmake_python_build_skidpad_msgs_egg
[1.377s] [  4%] Built target skidpad_msgs__rs
[1.462s] [  4%] Built target skidpad_msgs__cpp
[1.465s] [  6%] Building C object CMakeFiles/skidpad_msgs__rosidl_generator_c.dir/rosidl_generator_c/skidpad_msgs/msg/detail/car_state__functions.c.o
[1.465s] [  7%] Building C object CMakeFiles/skidpad_msgs__rosidl_generator_c.dir/rosidl_generator_c/skidpad_msgs/msg/detail/control_command__functions.c.o
[1.466s] [  9%] Building C object CMakeFiles/skidpad_msgs__rosidl_generator_c.dir/rosidl_generator_c/skidpad_msgs/msg/detail/car_state_dt__functions.c.o
[1.466s] [ 10%] Building C object CMakeFiles/skidpad_msgs__rosidl_generator_c.dir/rosidl_generator_c/skidpad_msgs/msg/detail/trajectory__functions.c.o
[1.466s] [ 12%] Building C object CMakeFiles/skidpad_msgs__rosidl_generator_c.dir/rosidl_generator_c/skidpad_msgs/msg/detail/trajectory_point__functions.c.o
[1.469s] [ 14%] Generating C++ type support for eProsima Fast-RTPS
[1.469s] [ 15%] Generating C++ type support dispatch for ROS interfaces
[1.469s] [ 17%] Generating C++ introspection for ROS interfaces
[1.500s] [ 18%] Linking C shared library libskidpad_msgs__rosidl_generator_c.so
[1.528s] [ 18%] Built target skidpad_msgs__rosidl_generator_c
[1.535s] [ 20%] Generating C type support for eProsima Fast-RTPS
[1.536s] [ 23%] Generating C introspection for ROS interfaces
[1.536s] [ 23%] Generating C type support dispatch for ROS interfaces
[1.725s] [ 25%] Building CXX object CMakeFiles/skidpad_msgs__rosidl_typesupport_cpp.dir/rosidl_typesupport_cpp/skidpad_msgs/msg/car_state__type_support.cpp.o
[1.725s] [ 26%] Building CXX object CMakeFiles/skidpad_msgs__rosidl_typesupport_cpp.dir/rosidl_typesupport_cpp/skidpad_msgs/msg/control_command__type_support.cpp.o
[1.725s] [ 28%] Building CXX object CMakeFiles/skidpad_msgs__rosidl_typesupport_cpp.dir/rosidl_typesupport_cpp/skidpad_msgs/msg/trajectory_point__type_support.cpp.o
[1.726s] [ 31%] Building CXX object CMakeFiles/skidpad_msgs__rosidl_typesupport_cpp.dir/rosidl_typesupport_cpp/skidpad_msgs/msg/trajectory__type_support.cpp.o
[1.726s] [ 31%] Building CXX object CMakeFiles/skidpad_msgs__rosidl_typesupport_cpp.dir/rosidl_typesupport_cpp/skidpad_msgs/msg/car_state_dt__type_support.cpp.o
[1.756s] [ 32%] Building CXX object CMakeFiles/skidpad_msgs__rosidl_typesupport_introspection_cpp.dir/rosidl_typesupport_introspection_cpp/skidpad_msgs/msg/detail/car_state__type_support.cpp.o
[1.756s] [ 34%] Building CXX object CMakeFiles/skidpad_msgs__rosidl_typesupport_introspection_cpp.dir/rosidl_typesupport_introspection_cpp/skidpad_msgs/msg/detail/car_state_dt__type_support.cpp.o
[1.756s] [ 35%] Building CXX object CMakeFiles/skidpad_msgs__rosidl_typesupport_introspection_cpp.dir/rosidl_typesupport_introspection_cpp/skidpad_msgs/msg/detail/trajectory_point__type_support.cpp.o
[1.756s] [ 39%] Building CXX object CMakeFiles/skidpad_msgs__rosidl_typesupport_introspection_cpp.dir/rosidl_typesupport_introspection_cpp/skidpad_msgs/msg/detail/trajectory__type_support.cpp.o
[1.757s] [ 39%] Building CXX object CMakeFiles/skidpad_msgs__rosidl_typesupport_introspection_cpp.dir/rosidl_typesupport_introspection_cpp/skidpad_msgs/msg/detail/control_command__type_support.cpp.o
[1.766s] [ 40%] Building CXX object CMakeFiles/skidpad_msgs__rosidl_typesupport_fastrtps_cpp.dir/rosidl_typesupport_fastrtps_cpp/skidpad_msgs/msg/detail/dds_fastrtps/car_state__type_support.cpp.o
[1.766s] [ 42%] Building CXX object CMakeFiles/skidpad_msgs__rosidl_typesupport_fastrtps_cpp.dir/rosidl_typesupport_fastrtps_cpp/skidpad_msgs/msg/detail/dds_fastrtps/car_state_dt__type_support.cpp.o
[1.767s] [ 45%] Building CXX object CMakeFiles/skidpad_msgs__rosidl_typesupport_fastrtps_cpp.dir/rosidl_typesupport_fastrtps_cpp/skidpad_msgs/msg/detail/dds_fastrtps/trajectory_point__type_support.cpp.o
[1.767s] [ 45%] Building CXX object CMakeFiles/skidpad_msgs__rosidl_typesupport_fastrtps_cpp.dir/rosidl_typesupport_fastrtps_cpp/skidpad_msgs/msg/detail/dds_fastrtps/control_command__type_support.cpp.o
[1.767s] [ 46%] Building CXX object CMakeFiles/skidpad_msgs__rosidl_typesupport_fastrtps_cpp.dir/rosidl_typesupport_fastrtps_cpp/skidpad_msgs/msg/detail/dds_fastrtps/trajectory__type_support.cpp.o
[1.798s] [ 50%] Building CXX object CMakeFiles/skidpad_msgs__rosidl_typesupport_c.dir/rosidl_typesupport_c/skidpad_msgs/msg/car_state__type_support.cpp.o
[1.798s] [ 50%] Building CXX object CMakeFiles/skidpad_msgs__rosidl_typesupport_c.dir/rosidl_typesupport_c/skidpad_msgs/msg/car_state_dt__type_support.cpp.o
[1.798s] [ 51%] Building CXX object CMakeFiles/skidpad_msgs__rosidl_typesupport_c.dir/rosidl_typesupport_c/skidpad_msgs/msg/control_command__type_support.cpp.o
[1.799s] [ 54%] Building CXX object CMakeFiles/skidpad_msgs__rosidl_typesupport_c.dir/rosidl_typesupport_c/skidpad_msgs/msg/trajectory__type_support.cpp.o
[1.799s] [ 54%] Building CXX object CMakeFiles/skidpad_msgs__rosidl_typesupport_c.dir/rosidl_typesupport_c/skidpad_msgs/msg/trajectory_point__type_support.cpp.o
[1.831s] [ 56%] Linking CXX shared library libskidpad_msgs__rosidl_typesupport_c.so
[1.844s] [ 57%] Building C object CMakeFiles/skidpad_msgs__rosidl_typesupport_introspection_c.dir/rosidl_typesupport_introspection_c/skidpad_msgs/msg/detail/car_state__type_support.c.o
[1.845s] [ 62%] Building C object CMakeFiles/skidpad_msgs__rosidl_typesupport_introspection_c.dir/rosidl_typesupport_introspection_c/skidpad_msgs/msg/detail/car_state_dt__type_support.c.o
[1.845s] [ 62%] Building C object CMakeFiles/skidpad_msgs__rosidl_typesupport_introspection_c.dir/rosidl_typesupport_introspection_c/skidpad_msgs/msg/detail/trajectory__type_support.c.o
[1.845s] [ 62%] Building C object CMakeFiles/skidpad_msgs__rosidl_typesupport_introspection_c.dir/rosidl_typesupport_introspection_c/skidpad_msgs/msg/detail/control_command__type_support.c.o
[1.846s] [ 64%] Building C object CMakeFiles/skidpad_msgs__rosidl_typesupport_introspection_c.dir/rosidl_typesupport_introspection_c/skidpad_msgs/msg/detail/trajectory_point__type_support.c.o
[1.881s] [ 64%] Built target skidpad_msgs__rosidl_typesupport_c
[1.881s] [ 65%] Building CXX object CMakeFiles/skidpad_msgs__rosidl_typesupport_fastrtps_c.dir/rosidl_typesupport_fastrtps_c/skidpad_msgs/msg/detail/car_state__type_support_c.cpp.o
[1.881s] [ 67%] Building CXX object CMakeFiles/skidpad_msgs__rosidl_typesupport_fastrtps_c.dir/rosidl_typesupport_fastrtps_c/skidpad_msgs/msg/detail/car_state_dt__type_support_c.cpp.o
[1.882s] [ 71%] Building CXX object CMakeFiles/skidpad_msgs__rosidl_typesupport_fastrtps_c.dir/rosidl_typesupport_fastrtps_c/skidpad_msgs/msg/detail/control_command__type_support_c.cpp.o
[1.882s] [ 71%] Building CXX object CMakeFiles/skidpad_msgs__rosidl_typesupport_fastrtps_c.dir/rosidl_typesupport_fastrtps_c/skidpad_msgs/msg/detail/trajectory_point__type_support_c.cpp.o
[1.882s] [ 71%] Building CXX object CMakeFiles/skidpad_msgs__rosidl_typesupport_fastrtps_c.dir/rosidl_typesupport_fastrtps_c/skidpad_msgs/msg/detail/trajectory__type_support_c.cpp.o
[1.888s] [ 73%] Linking C shared library libskidpad_msgs__rosidl_typesupport_introspection_c.so
[1.922s] [ 75%] Linking CXX shared library libskidpad_msgs__rosidl_typesupport_cpp.so
[1.926s] [ 75%] Built target skidpad_msgs__rosidl_typesupport_introspection_c
[1.956s] [ 75%] Built target skidpad_msgs__rosidl_typesupport_cpp
[2.047s] [ 76%] Linking CXX shared library libskidpad_msgs__rosidl_typesupport_introspection_cpp.so
[2.069s] [ 78%] Linking CXX shared library libskidpad_msgs__rosidl_typesupport_fastrtps_cpp.so
[2.097s] [ 78%] Built target skidpad_msgs__rosidl_typesupport_introspection_cpp
[2.110s] [ 79%] Linking CXX shared library libskidpad_msgs__rosidl_typesupport_fastrtps_c.so
[2.120s] [ 79%] Built target skidpad_msgs__rosidl_typesupport_fastrtps_cpp
[2.162s] [ 79%] Built target skidpad_msgs__rosidl_typesupport_fastrtps_c
[2.177s] [ 79%] Built target skidpad_msgs
[2.190s] [ 81%] Generating Python code for ROS interfaces
[2.683s] [ 81%] Built target skidpad_msgs__py
[2.695s] [ 82%] Building C object CMakeFiles/skidpad_msgs__rosidl_generator_py.dir/rosidl_generator_py/skidpad_msgs/msg/_car_state_s.c.o
[2.696s] [ 84%] Building C object CMakeFiles/skidpad_msgs__rosidl_generator_py.dir/rosidl_generator_py/skidpad_msgs/msg/_car_state_dt_s.c.o
[2.696s] [ 87%] Building C object CMakeFiles/skidpad_msgs__rosidl_generator_py.dir/rosidl_generator_py/skidpad_msgs/msg/_trajectory_s.c.o
[2.696s] [ 87%] Building C object CMakeFiles/skidpad_msgs__rosidl_generator_py.dir/rosidl_generator_py/skidpad_msgs/msg/_control_command_s.c.o
[2.698s] [ 89%] Building C object CMakeFiles/skidpad_msgs__rosidl_generator_py.dir/rosidl_generator_py/skidpad_msgs/msg/_trajectory_point_s.c.o
[2.769s] [ 90%] Linking C shared library rosidl_generator_py/skidpad_msgs/libskidpad_msgs__rosidl_generator_py.so
[2.797s] [ 90%] Built target skidpad_msgs__rosidl_generator_py
[2.810s] [ 92%] Building C object CMakeFiles/skidpad_msgs__rosidl_typesupport_introspection_c__pyext.dir/rosidl_generator_py/skidpad_msgs/_skidpad_msgs_s.ep.rosidl_typesupport_introspection_c.c.o
[2.810s] [ 93%] Building C object CMakeFiles/skidpad_msgs__rosidl_typesupport_fastrtps_c__pyext.dir/rosidl_generator_py/skidpad_msgs/_skidpad_msgs_s.ep.rosidl_typesupport_fastrtps_c.c.o
[2.810s] [ 95%] Building C object CMakeFiles/skidpad_msgs__rosidl_typesupport_c__pyext.dir/rosidl_generator_py/skidpad_msgs/_skidpad_msgs_s.ep.rosidl_typesupport_c.c.o
[2.881s] [100%] Linking C shared library rosidl_generator_py/skidpad_msgs/skidpad_msgs_s__rosidl_typesupport_fastrtps_c.cpython-310-x86_64-linux-gnu.so
[2.881s] [100%] Linking C shared library rosidl_generator_py/skidpad_msgs/skidpad_msgs_s__rosidl_typesupport_c.cpython-310-x86_64-linux-gnu.so
[2.881s] [100%] Linking C shared library rosidl_generator_py/skidpad_msgs/skidpad_msgs_s__rosidl_typesupport_introspection_c.cpython-310-x86_64-linux-gnu.so
[2.908s] [100%] Built target skidpad_msgs__rosidl_typesupport_introspection_c__pyext
[2.908s] [100%] Built target skidpad_msgs__rosidl_typesupport_fastrtps_c__pyext
[2.908s] [100%] Built target skidpad_msgs__rosidl_typesupport_c__pyext
[2.917s] Invoked command in '/home/limdegcai/GSMART/CODE/FSD-Gsmart/planning_control/skidpad/build/skidpad_msgs' returned '0': CMAKE_PREFIX_PATH=/opt/ros/humble /usr/bin/cmake --build /home/limdegcai/GSMART/CODE/FSD-Gsmart/planning_control/skidpad/build/skidpad_msgs -- -j32 -l32
[2.924s] Invoking command in '/home/limdegcai/GSMART/CODE/FSD-Gsmart/planning_control/skidpad/build/skidpad_msgs': CMAKE_PREFIX_PATH=/opt/ros/humble /usr/bin/cmake --install /home/limdegcai/GSMART/CODE/FSD-Gsmart/planning_control/skidpad/build/skidpad_msgs
[2.929s] -- Install configuration: ""
[2.929s] -- Execute custom install script
[2.930s] -- Symlinking: /home/limdegcai/GSMART/CODE/FSD-Gsmart/planning_control/skidpad/install/skidpad_msgs/share/ament_index/resource_index/rosidl_interfaces/skidpad_msgs
[2.937s] -- Symlinking: /home/limdegcai/GSMART/CODE/FSD-Gsmart/planning_control/skidpad/install/skidpad_msgs/include/skidpad_msgs/skidpad_msgs/msg/car_state.h
[2.942s] -- Symlinking: /home/limdegcai/GSMART/CODE/FSD-Gsmart/planning_control/skidpad/install/skidpad_msgs/include/skidpad_msgs/skidpad_msgs/msg/car_state_dt.h
[2.948s] -- Symlinking: /home/limdegcai/GSMART/CODE/FSD-Gsmart/planning_control/skidpad/install/skidpad_msgs/include/skidpad_msgs/skidpad_msgs/msg/control_command.h
[2.953s] -- Symlinking: /home/limdegcai/GSMART/CODE/FSD-Gsmart/planning_control/skidpad/install/skidpad_msgs/include/skidpad_msgs/skidpad_msgs/msg/detail/car_state__functions.h
[2.959s] -- Symlinking: /home/limdegcai/GSMART/CODE/FSD-Gsmart/planning_control/skidpad/install/skidpad_msgs/include/skidpad_msgs/skidpad_msgs/msg/detail/car_state__struct.h
[2.964s] -- Symlinking: /home/limdegcai/GSMART/CODE/FSD-Gsmart/planning_control/skidpad/install/skidpad_msgs/include/skidpad_msgs/skidpad_msgs/msg/detail/car_state__type_support.h
[2.971s] -- Symlinking: /home/limdegcai/GSMART/CODE/FSD-Gsmart/planning_control/skidpad/install/skidpad_msgs/include/skidpad_msgs/skidpad_msgs/msg/detail/car_state_dt__functions.h
[2.977s] -- Symlinking: /home/limdegcai/GSMART/CODE/FSD-Gsmart/planning_control/skidpad/install/skidpad_msgs/include/skidpad_msgs/skidpad_msgs/msg/detail/car_state_dt__struct.h
[2.982s] -- Symlinking: /home/limdegcai/GSMART/CODE/FSD-Gsmart/planning_control/skidpad/install/skidpad_msgs/include/skidpad_msgs/skidpad_msgs/msg/detail/car_state_dt__type_support.h
[2.990s] -- Symlinking: /home/limdegcai/GSMART/CODE/FSD-Gsmart/planning_control/skidpad/install/skidpad_msgs/include/skidpad_msgs/skidpad_msgs/msg/detail/control_command__functions.h
[2.995s] -- Symlinking: /home/limdegcai/GSMART/CODE/FSD-Gsmart/planning_control/skidpad/install/skidpad_msgs/include/skidpad_msgs/skidpad_msgs/msg/detail/control_command__struct.h
[3.001s] -- Symlinking: /home/limdegcai/GSMART/CODE/FSD-Gsmart/planning_control/skidpad/install/skidpad_msgs/include/skidpad_msgs/skidpad_msgs/msg/detail/control_command__type_support.h
[3.006s] -- Symlinking: /home/limdegcai/GSMART/CODE/FSD-Gsmart/planning_control/skidpad/install/skidpad_msgs/include/skidpad_msgs/skidpad_msgs/msg/detail/trajectory__functions.h
[3.012s] -- Symlinking: /home/limdegcai/GSMART/CODE/FSD-Gsmart/planning_control/skidpad/install/skidpad_msgs/include/skidpad_msgs/skidpad_msgs/msg/detail/trajectory__struct.h
[3.018s] -- Symlinking: /home/limdegcai/GSMART/CODE/FSD-Gsmart/planning_control/skidpad/install/skidpad_msgs/include/skidpad_msgs/skidpad_msgs/msg/detail/trajectory__type_support.h
[3.024s] -- Symlinking: /home/limdegcai/GSMART/CODE/FSD-Gsmart/planning_control/skidpad/install/skidpad_msgs/include/skidpad_msgs/skidpad_msgs/msg/detail/trajectory_point__functions.h
[3.029s] -- Symlinking: /home/limdegcai/GSMART/CODE/FSD-Gsmart/planning_control/skidpad/install/skidpad_msgs/include/skidpad_msgs/skidpad_msgs/msg/detail/trajectory_point__struct.h
[3.034s] -- Symlinking: /home/limdegcai/GSMART/CODE/FSD-Gsmart/planning_control/skidpad/install/skidpad_msgs/include/skidpad_msgs/skidpad_msgs/msg/detail/trajectory_point__type_support.h
[3.040s] -- Symlinking: /home/limdegcai/GSMART/CODE/FSD-Gsmart/planning_control/skidpad/install/skidpad_msgs/include/skidpad_msgs/skidpad_msgs/msg/rosidl_generator_c__visibility_control.h
[3.046s] -- Symlinking: /home/limdegcai/GSMART/CODE/FSD-Gsmart/planning_control/skidpad/install/skidpad_msgs/include/skidpad_msgs/skidpad_msgs/msg/trajectory.h
[3.053s] -- Symlinking: /home/limdegcai/GSMART/CODE/FSD-Gsmart/planning_control/skidpad/install/skidpad_msgs/include/skidpad_msgs/skidpad_msgs/msg/trajectory_point.h
[3.059s] -- Symlinking: /home/limdegcai/GSMART/CODE/FSD-Gsmart/planning_control/skidpad/install/skidpad_msgs/share/skidpad_msgs/environment/library_path.sh
[3.066s] -- Symlinking: /home/limdegcai/GSMART/CODE/FSD-Gsmart/planning_control/skidpad/install/skidpad_msgs/share/skidpad_msgs/environment/library_path.dsv
[3.072s] -- Symlinking: /home/limdegcai/GSMART/CODE/FSD-Gsmart/planning_control/skidpad/install/skidpad_msgs/include/skidpad_msgs/skidpad_msgs/msg/detail/car_state__rosidl_typesupport_fastrtps_c.h
[3.079s] -- Symlinking: /home/limdegcai/GSMART/CODE/FSD-Gsmart/planning_control/skidpad/install/skidpad_msgs/include/skidpad_msgs/skidpad_msgs/msg/detail/car_state_dt__rosidl_typesupport_fastrtps_c.h
[3.085s] -- Symlinking: /home/limdegcai/GSMART/CODE/FSD-Gsmart/planning_control/skidpad/install/skidpad_msgs/include/skidpad_msgs/skidpad_msgs/msg/detail/control_command__rosidl_typesupport_fastrtps_c.h
[3.091s] -- Symlinking: /home/limdegcai/GSMART/CODE/FSD-Gsmart/planning_control/skidpad/install/skidpad_msgs/include/skidpad_msgs/skidpad_msgs/msg/detail/trajectory__rosidl_typesupport_fastrtps_c.h
[3.097s] -- Symlinking: /home/limdegcai/GSMART/CODE/FSD-Gsmart/planning_control/skidpad/install/skidpad_msgs/include/skidpad_msgs/skidpad_msgs/msg/detail/trajectory_point__rosidl_typesupport_fastrtps_c.h
[3.102s] -- Symlinking: /home/limdegcai/GSMART/CODE/FSD-Gsmart/planning_control/skidpad/install/skidpad_msgs/include/skidpad_msgs/skidpad_msgs/msg/rosidl_typesupport_fastrtps_c__visibility_control.h
[3.110s] -- Symlinking: /home/limdegcai/GSMART/CODE/FSD-Gsmart/planning_control/skidpad/install/skidpad_msgs/include/skidpad_msgs/skidpad_msgs/msg/detail/car_state__rosidl_typesupport_introspection_c.h
[3.116s] -- Symlinking: /home/limdegcai/GSMART/CODE/FSD-Gsmart/planning_control/skidpad/install/skidpad_msgs/include/skidpad_msgs/skidpad_msgs/msg/detail/car_state_dt__rosidl_typesupport_introspection_c.h
[3.122s] -- Symlinking: /home/limdegcai/GSMART/CODE/FSD-Gsmart/planning_control/skidpad/install/skidpad_msgs/include/skidpad_msgs/skidpad_msgs/msg/detail/control_command__rosidl_typesupport_introspection_c.h
[3.129s] -- Symlinking: /home/limdegcai/GSMART/CODE/FSD-Gsmart/planning_control/skidpad/install/skidpad_msgs/include/skidpad_msgs/skidpad_msgs/msg/detail/trajectory__rosidl_typesupport_introspection_c.h
[3.134s] -- Symlinking: /home/limdegcai/GSMART/CODE/FSD-Gsmart/planning_control/skidpad/install/skidpad_msgs/include/skidpad_msgs/skidpad_msgs/msg/detail/trajectory_point__rosidl_typesupport_introspection_c.h
[3.140s] -- Symlinking: /home/limdegcai/GSMART/CODE/FSD-Gsmart/planning_control/skidpad/install/skidpad_msgs/include/skidpad_msgs/skidpad_msgs/msg/rosidl_typesupport_introspection_c__visibility_control.h
[3.146s] -- Symlinking: /home/limdegcai/GSMART/CODE/FSD-Gsmart/planning_control/skidpad/install/skidpad_msgs/include/skidpad_msgs/skidpad_msgs/msg/car_state.hpp
[3.152s] -- Symlinking: /home/limdegcai/GSMART/CODE/FSD-Gsmart/planning_control/skidpad/install/skidpad_msgs/include/skidpad_msgs/skidpad_msgs/msg/car_state_dt.hpp
[3.157s] -- Symlinking: /home/limdegcai/GSMART/CODE/FSD-Gsmart/planning_control/skidpad/install/skidpad_msgs/include/skidpad_msgs/skidpad_msgs/msg/control_command.hpp
[3.163s] -- Symlinking: /home/limdegcai/GSMART/CODE/FSD-Gsmart/planning_control/skidpad/install/skidpad_msgs/include/skidpad_msgs/skidpad_msgs/msg/detail/car_state__builder.hpp
[3.169s] -- Symlinking: /home/limdegcai/GSMART/CODE/FSD-Gsmart/planning_control/skidpad/install/skidpad_msgs/include/skidpad_msgs/skidpad_msgs/msg/detail/car_state__struct.hpp
[3.175s] -- Symlinking: /home/limdegcai/GSMART/CODE/FSD-Gsmart/planning_control/skidpad/install/skidpad_msgs/include/skidpad_msgs/skidpad_msgs/msg/detail/car_state__traits.hpp
[3.182s] -- Symlinking: /home/limdegcai/GSMART/CODE/FSD-Gsmart/planning_control/skidpad/install/skidpad_msgs/include/skidpad_msgs/skidpad_msgs/msg/detail/car_state__type_support.hpp
[3.189s] -- Symlinking: /home/limdegcai/GSMART/CODE/FSD-Gsmart/planning_control/skidpad/install/skidpad_msgs/include/skidpad_msgs/skidpad_msgs/msg/detail/car_state_dt__builder.hpp
[3.195s] -- Symlinking: /home/limdegcai/GSMART/CODE/FSD-Gsmart/planning_control/skidpad/install/skidpad_msgs/include/skidpad_msgs/skidpad_msgs/msg/detail/car_state_dt__struct.hpp
[3.202s] -- Symlinking: /home/limdegcai/GSMART/CODE/FSD-Gsmart/planning_control/skidpad/install/skidpad_msgs/include/skidpad_msgs/skidpad_msgs/msg/detail/car_state_dt__traits.hpp
[3.207s] -- Symlinking: /home/limdegcai/GSMART/CODE/FSD-Gsmart/planning_control/skidpad/install/skidpad_msgs/include/skidpad_msgs/skidpad_msgs/msg/detail/car_state_dt__type_support.hpp
[3.212s] -- Symlinking: /home/limdegcai/GSMART/CODE/FSD-Gsmart/planning_control/skidpad/install/skidpad_msgs/include/skidpad_msgs/skidpad_msgs/msg/detail/control_command__builder.hpp
[3.220s] -- Symlinking: /home/limdegcai/GSMART/CODE/FSD-Gsmart/planning_control/skidpad/install/skidpad_msgs/include/skidpad_msgs/skidpad_msgs/msg/detail/control_command__struct.hpp
[3.227s] -- Symlinking: /home/limdegcai/GSMART/CODE/FSD-Gsmart/planning_control/skidpad/install/skidpad_msgs/include/skidpad_msgs/skidpad_msgs/msg/detail/control_command__traits.hpp
[3.233s] -- Symlinking: /home/limdegcai/GSMART/CODE/FSD-Gsmart/planning_control/skidpad/install/skidpad_msgs/include/skidpad_msgs/skidpad_msgs/msg/detail/control_command__type_support.hpp
[3.239s] -- Symlinking: /home/limdegcai/GSMART/CODE/FSD-Gsmart/planning_control/skidpad/install/skidpad_msgs/include/skidpad_msgs/skidpad_msgs/msg/detail/trajectory__builder.hpp
[3.246s] -- Symlinking: /home/limdegcai/GSMART/CODE/FSD-Gsmart/planning_control/skidpad/install/skidpad_msgs/include/skidpad_msgs/skidpad_msgs/msg/detail/trajectory__struct.hpp
[3.252s] -- Symlinking: /home/limdegcai/GSMART/CODE/FSD-Gsmart/planning_control/skidpad/install/skidpad_msgs/include/skidpad_msgs/skidpad_msgs/msg/detail/trajectory__traits.hpp
[3.258s] -- Symlinking: /home/limdegcai/GSMART/CODE/FSD-Gsmart/planning_control/skidpad/install/skidpad_msgs/include/skidpad_msgs/skidpad_msgs/msg/detail/trajectory__type_support.hpp
[3.264s] -- Symlinking: /home/limdegcai/GSMART/CODE/FSD-Gsmart/planning_control/skidpad/install/skidpad_msgs/include/skidpad_msgs/skidpad_msgs/msg/detail/trajectory_point__builder.hpp
[3.271s] -- Symlinking: /home/limdegcai/GSMART/CODE/FSD-Gsmart/planning_control/skidpad/install/skidpad_msgs/include/skidpad_msgs/skidpad_msgs/msg/detail/trajectory_point__struct.hpp
[3.278s] -- Symlinking: /home/limdegcai/GSMART/CODE/FSD-Gsmart/planning_control/skidpad/install/skidpad_msgs/include/skidpad_msgs/skidpad_msgs/msg/detail/trajectory_point__traits.hpp
[3.283s] -- Symlinking: /home/limdegcai/GSMART/CODE/FSD-Gsmart/planning_control/skidpad/install/skidpad_msgs/include/skidpad_msgs/skidpad_msgs/msg/detail/trajectory_point__type_support.hpp
[3.289s] -- Symlinking: /home/limdegcai/GSMART/CODE/FSD-Gsmart/planning_control/skidpad/install/skidpad_msgs/include/skidpad_msgs/skidpad_msgs/msg/rosidl_generator_cpp__visibility_control.hpp
[3.295s] -- Symlinking: /home/limdegcai/GSMART/CODE/FSD-Gsmart/planning_control/skidpad/install/skidpad_msgs/include/skidpad_msgs/skidpad_msgs/msg/trajectory.hpp
[3.301s] -- Symlinking: /home/limdegcai/GSMART/CODE/FSD-Gsmart/planning_control/skidpad/install/skidpad_msgs/include/skidpad_msgs/skidpad_msgs/msg/trajectory_point.hpp
[3.306s] -- Symlinking: /home/limdegcai/GSMART/CODE/FSD-Gsmart/planning_control/skidpad/install/skidpad_msgs/include/skidpad_msgs/skidpad_msgs/msg/detail/car_state__rosidl_typesupport_fastrtps_cpp.hpp
[3.313s] -- Symlinking: /home/limdegcai/GSMART/CODE/FSD-Gsmart/planning_control/skidpad/install/skidpad_msgs/include/skidpad_msgs/skidpad_msgs/msg/detail/car_state_dt__rosidl_typesupport_fastrtps_cpp.hpp
[3.320s] -- Symlinking: /home/limdegcai/GSMART/CODE/FSD-Gsmart/planning_control/skidpad/install/skidpad_msgs/include/skidpad_msgs/skidpad_msgs/msg/detail/control_command__rosidl_typesupport_fastrtps_cpp.hpp
[3.327s] -- Symlinking: /home/limdegcai/GSMART/CODE/FSD-Gsmart/planning_control/skidpad/install/skidpad_msgs/include/skidpad_msgs/skidpad_msgs/msg/detail/trajectory__rosidl_typesupport_fastrtps_cpp.hpp
[3.333s] -- Symlinking: /home/limdegcai/GSMART/CODE/FSD-Gsmart/planning_control/skidpad/install/skidpad_msgs/include/skidpad_msgs/skidpad_msgs/msg/detail/trajectory_point__rosidl_typesupport_fastrtps_cpp.hpp
[3.339s] -- Symlinking: /home/limdegcai/GSMART/CODE/FSD-Gsmart/planning_control/skidpad/install/skidpad_msgs/include/skidpad_msgs/skidpad_msgs/msg/rosidl_typesupport_fastrtps_cpp__visibility_control.h
[3.345s] -- Symlinking: /home/limdegcai/GSMART/CODE/FSD-Gsmart/planning_control/skidpad/install/skidpad_msgs/include/skidpad_msgs/skidpad_msgs/msg/detail/car_state__rosidl_typesupport_introspection_cpp.hpp
[3.351s] -- Symlinking: /home/limdegcai/GSMART/CODE/FSD-Gsmart/planning_control/skidpad/install/skidpad_msgs/include/skidpad_msgs/skidpad_msgs/msg/detail/car_state_dt__rosidl_typesupport_introspection_cpp.hpp
[3.356s] -- Symlinking: /home/limdegcai/GSMART/CODE/FSD-Gsmart/planning_control/skidpad/install/skidpad_msgs/include/skidpad_msgs/skidpad_msgs/msg/detail/control_command__rosidl_typesupport_introspection_cpp.hpp
[3.362s] -- Symlinking: /home/limdegcai/GSMART/CODE/FSD-Gsmart/planning_control/skidpad/install/skidpad_msgs/include/skidpad_msgs/skidpad_msgs/msg/detail/trajectory__rosidl_typesupport_introspection_cpp.hpp
[3.367s] -- Symlinking: /home/limdegcai/GSMART/CODE/FSD-Gsmart/planning_control/skidpad/install/skidpad_msgs/include/skidpad_msgs/skidpad_msgs/msg/detail/trajectory_point__rosidl_typesupport_introspection_cpp.hpp
[3.375s] -- Symlinking: /home/limdegcai/GSMART/CODE/FSD-Gsmart/planning_control/skidpad/install/skidpad_msgs/share/skidpad_msgs/environment/pythonpath.sh
[3.381s] -- Symlinking: /home/limdegcai/GSMART/CODE/FSD-Gsmart/planning_control/skidpad/install/skidpad_msgs/share/skidpad_msgs/environment/pythonpath.dsv
[3.387s] -- Symlinking: /home/limdegcai/GSMART/CODE/FSD-Gsmart/planning_control/skidpad/install/skidpad_msgs/local/lib/python3.10/dist-packages/skidpad_msgs-1.0.0-py3.10.egg-info/PKG-INFO
[3.394s] -- Symlinking: /home/limdegcai/GSMART/CODE/FSD-Gsmart/planning_control/skidpad/install/skidpad_msgs/local/lib/python3.10/dist-packages/skidpad_msgs-1.0.0-py3.10.egg-info/SOURCES.txt
[3.400s] -- Symlinking: /home/limdegcai/GSMART/CODE/FSD-Gsmart/planning_control/skidpad/install/skidpad_msgs/local/lib/python3.10/dist-packages/skidpad_msgs-1.0.0-py3.10.egg-info/dependency_links.txt
[3.406s] -- Symlinking: /home/limdegcai/GSMART/CODE/FSD-Gsmart/planning_control/skidpad/install/skidpad_msgs/local/lib/python3.10/dist-packages/skidpad_msgs-1.0.0-py3.10.egg-info/top_level.txt
[3.412s] -- Symlinking: /home/limdegcai/GSMART/CODE/FSD-Gsmart/planning_control/skidpad/install/skidpad_msgs/local/lib/python3.10/dist-packages/skidpad_msgs/__init__.py
[3.418s] -- Symlinking: /home/limdegcai/GSMART/CODE/FSD-Gsmart/planning_control/skidpad/install/skidpad_msgs/local/lib/python3.10/dist-packages/skidpad_msgs/_skidpad_msgs_s.ep.rosidl_typesupport_c.c
[3.425s] -- Symlinking: /home/limdegcai/GSMART/CODE/FSD-Gsmart/planning_control/skidpad/install/skidpad_msgs/local/lib/python3.10/dist-packages/skidpad_msgs/_skidpad_msgs_s.ep.rosidl_typesupport_fastrtps_c.c
[3.431s] -- Symlinking: /home/limdegcai/GSMART/CODE/FSD-Gsmart/planning_control/skidpad/install/skidpad_msgs/local/lib/python3.10/dist-packages/skidpad_msgs/_skidpad_msgs_s.ep.rosidl_typesupport_introspection_c.c
[3.437s] -- Symlinking: /home/limdegcai/GSMART/CODE/FSD-Gsmart/planning_control/skidpad/install/skidpad_msgs/local/lib/python3.10/dist-packages/skidpad_msgs/libskidpad_msgs__rosidl_generator_py.so
[3.442s] -- Symlinking: /home/limdegcai/GSMART/CODE/FSD-Gsmart/planning_control/skidpad/install/skidpad_msgs/local/lib/python3.10/dist-packages/skidpad_msgs/msg/__init__.py
[3.448s] -- Symlinking: /home/limdegcai/GSMART/CODE/FSD-Gsmart/planning_control/skidpad/install/skidpad_msgs/local/lib/python3.10/dist-packages/skidpad_msgs/msg/_car_state.py
[3.453s] -- Symlinking: /home/limdegcai/GSMART/CODE/FSD-Gsmart/planning_control/skidpad/install/skidpad_msgs/local/lib/python3.10/dist-packages/skidpad_msgs/msg/_car_state_dt.py
[3.458s] -- Symlinking: /home/limdegcai/GSMART/CODE/FSD-Gsmart/planning_control/skidpad/install/skidpad_msgs/local/lib/python3.10/dist-packages/skidpad_msgs/msg/_car_state_dt_s.c
[3.464s] -- Symlinking: /home/limdegcai/GSMART/CODE/FSD-Gsmart/planning_control/skidpad/install/skidpad_msgs/local/lib/python3.10/dist-packages/skidpad_msgs/msg/_car_state_s.c
[3.470s] -- Symlinking: /home/limdegcai/GSMART/CODE/FSD-Gsmart/planning_control/skidpad/install/skidpad_msgs/local/lib/python3.10/dist-packages/skidpad_msgs/msg/_control_command.py
[3.475s] -- Symlinking: /home/limdegcai/GSMART/CODE/FSD-Gsmart/planning_control/skidpad/install/skidpad_msgs/local/lib/python3.10/dist-packages/skidpad_msgs/msg/_control_command_s.c
[3.481s] -- Symlinking: /home/limdegcai/GSMART/CODE/FSD-Gsmart/planning_control/skidpad/install/skidpad_msgs/local/lib/python3.10/dist-packages/skidpad_msgs/msg/_trajectory.py
[3.486s] -- Symlinking: /home/limdegcai/GSMART/CODE/FSD-Gsmart/planning_control/skidpad/install/skidpad_msgs/local/lib/python3.10/dist-packages/skidpad_msgs/msg/_trajectory_point.py
[3.493s] -- Symlinking: /home/limdegcai/GSMART/CODE/FSD-Gsmart/planning_control/skidpad/install/skidpad_msgs/local/lib/python3.10/dist-packages/skidpad_msgs/msg/_trajectory_point_s.c
[3.499s] -- Symlinking: /home/limdegcai/GSMART/CODE/FSD-Gsmart/planning_control/skidpad/install/skidpad_msgs/local/lib/python3.10/dist-packages/skidpad_msgs/msg/_trajectory_s.c
[3.505s] -- Symlinking: /home/limdegcai/GSMART/CODE/FSD-Gsmart/planning_control/skidpad/install/skidpad_msgs/local/lib/python3.10/dist-packages/skidpad_msgs/skidpad_msgs_s__rosidl_typesupport_c.cpython-310-x86_64-linux-gnu.so
[3.510s] -- Symlinking: /home/limdegcai/GSMART/CODE/FSD-Gsmart/planning_control/skidpad/install/skidpad_msgs/local/lib/python3.10/dist-packages/skidpad_msgs/skidpad_msgs_s__rosidl_typesupport_fastrtps_c.cpython-310-x86_64-linux-gnu.so
[3.516s] -- Symlinking: /home/limdegcai/GSMART/CODE/FSD-Gsmart/planning_control/skidpad/install/skidpad_msgs/local/lib/python3.10/dist-packages/skidpad_msgs/skidpad_msgs_s__rosidl_typesupport_introspection_c.cpython-310-x86_64-linux-gnu.so
[3.523s] -- Up-to-date symlink: /home/limdegcai/GSMART/CODE/FSD-Gsmart/planning_control/skidpad/install/skidpad_msgs/local/lib/python3.10/dist-packages/skidpad_msgs/skidpad_msgs_s__rosidl_typesupport_fastrtps_c.cpython-310-x86_64-linux-gnu.so
[3.524s] -- Up-to-date symlink: /home/limdegcai/GSMART/CODE/FSD-Gsmart/planning_control/skidpad/install/skidpad_msgs/local/lib/python3.10/dist-packages/skidpad_msgs/skidpad_msgs_s__rosidl_typesupport_introspection_c.cpython-310-x86_64-linux-gnu.so
[3.524s] -- Up-to-date symlink: /home/limdegcai/GSMART/CODE/FSD-Gsmart/planning_control/skidpad/install/skidpad_msgs/local/lib/python3.10/dist-packages/skidpad_msgs/skidpad_msgs_s__rosidl_typesupport_c.cpython-310-x86_64-linux-gnu.so
[3.524s] -- Symlinking: /home/limdegcai/GSMART/CODE/FSD-Gsmart/planning_control/skidpad/install/skidpad_msgs/share/ament_index/resource_index/rust_packages/skidpad_msgs
[3.530s] -- Symlinking: /home/limdegcai/GSMART/CODE/FSD-Gsmart/planning_control/skidpad/install/skidpad_msgs/share/skidpad_msgs/rust/Cargo.toml
[3.535s] -- Symlinking: /home/limdegcai/GSMART/CODE/FSD-Gsmart/planning_control/skidpad/install/skidpad_msgs/share/skidpad_msgs/rust/build.rs
[3.541s] -- Symlinking: /home/limdegcai/GSMART/CODE/FSD-Gsmart/planning_control/skidpad/install/skidpad_msgs/share/skidpad_msgs/rust/src/lib.rs
[3.547s] -- Symlinking: /home/limdegcai/GSMART/CODE/FSD-Gsmart/planning_control/skidpad/install/skidpad_msgs/share/skidpad_msgs/rust/src/msg.rs
[3.556s] -- Symlinking: /home/limdegcai/GSMART/CODE/FSD-Gsmart/planning_control/skidpad/install/skidpad_msgs/share/skidpad_msgs/rust/src/msg/rmw.rs
[3.562s] -- Symlinking: /home/limdegcai/GSMART/CODE/FSD-Gsmart/planning_control/skidpad/install/skidpad_msgs/share/skidpad_msgs/msg/CarState.idl
[3.568s] -- Symlinking: /home/limdegcai/GSMART/CODE/FSD-Gsmart/planning_control/skidpad/install/skidpad_msgs/share/skidpad_msgs/msg/CarStateDt.idl
[3.574s] -- Symlinking: /home/limdegcai/GSMART/CODE/FSD-Gsmart/planning_control/skidpad/install/skidpad_msgs/share/skidpad_msgs/msg/ControlCommand.idl
[3.580s] -- Symlinking: /home/limdegcai/GSMART/CODE/FSD-Gsmart/planning_control/skidpad/install/skidpad_msgs/share/skidpad_msgs/msg/Trajectory.idl
[3.587s] -- Symlinking: /home/limdegcai/GSMART/CODE/FSD-Gsmart/planning_control/skidpad/install/skidpad_msgs/share/skidpad_msgs/msg/TrajectoryPoint.idl
[3.593s] -- Symlinking: /home/limdegcai/GSMART/CODE/FSD-Gsmart/planning_control/skidpad/install/skidpad_msgs/share/skidpad_msgs/msg/CarState.msg
[3.599s] -- Symlinking: /home/limdegcai/GSMART/CODE/FSD-Gsmart/planning_control/skidpad/install/skidpad_msgs/share/skidpad_msgs/msg/CarStateDt.msg
[3.605s] -- Symlinking: /home/limdegcai/GSMART/CODE/FSD-Gsmart/planning_control/skidpad/install/skidpad_msgs/share/skidpad_msgs/msg/ControlCommand.msg
[3.611s] -- Symlinking: /home/limdegcai/GSMART/CODE/FSD-Gsmart/planning_control/skidpad/install/skidpad_msgs/share/skidpad_msgs/msg/Trajectory.msg
[3.616s] -- Symlinking: /home/limdegcai/GSMART/CODE/FSD-Gsmart/planning_control/skidpad/install/skidpad_msgs/share/skidpad_msgs/msg/TrajectoryPoint.msg
[3.623s] -- Symlinking: /home/limdegcai/GSMART/CODE/FSD-Gsmart/planning_control/skidpad/install/skidpad_msgs/share/ament_index/resource_index/package_run_dependencies/skidpad_msgs
[3.629s] -- Symlinking: /home/limdegcai/GSMART/CODE/FSD-Gsmart/planning_control/skidpad/install/skidpad_msgs/share/ament_index/resource_index/parent_prefix_path/skidpad_msgs
[3.636s] -- Symlinking: /home/limdegcai/GSMART/CODE/FSD-Gsmart/planning_control/skidpad/install/skidpad_msgs/share/skidpad_msgs/environment/ament_prefix_path.sh
[3.643s] -- Symlinking: /home/limdegcai/GSMART/CODE/FSD-Gsmart/planning_control/skidpad/install/skidpad_msgs/share/skidpad_msgs/environment/ament_prefix_path.dsv
[3.649s] -- Symlinking: /home/limdegcai/GSMART/CODE/FSD-Gsmart/planning_control/skidpad/install/skidpad_msgs/share/skidpad_msgs/environment/path.sh
[3.655s] -- Symlinking: /home/limdegcai/GSMART/CODE/FSD-Gsmart/planning_control/skidpad/install/skidpad_msgs/share/skidpad_msgs/environment/path.dsv
[3.661s] -- Symlinking: /home/limdegcai/GSMART/CODE/FSD-Gsmart/planning_control/skidpad/install/skidpad_msgs/share/skidpad_msgs/local_setup.bash
[3.666s] -- Symlinking: /home/limdegcai/GSMART/CODE/FSD-Gsmart/planning_control/skidpad/install/skidpad_msgs/share/skidpad_msgs/local_setup.sh
[3.672s] -- Symlinking: /home/limdegcai/GSMART/CODE/FSD-Gsmart/planning_control/skidpad/install/skidpad_msgs/share/skidpad_msgs/local_setup.zsh
[3.677s] -- Symlinking: /home/limdegcai/GSMART/CODE/FSD-Gsmart/planning_control/skidpad/install/skidpad_msgs/share/skidpad_msgs/local_setup.dsv
[3.685s] -- Symlinking: /home/limdegcai/GSMART/CODE/FSD-Gsmart/planning_control/skidpad/install/skidpad_msgs/share/skidpad_msgs/package.dsv
[3.690s] -- Symlinking: /home/limdegcai/GSMART/CODE/FSD-Gsmart/planning_control/skidpad/install/skidpad_msgs/share/ament_index/resource_index/packages/skidpad_msgs
[3.698s] -- Symlinking: /home/limdegcai/GSMART/CODE/FSD-Gsmart/planning_control/skidpad/install/skidpad_msgs/share/skidpad_msgs/cmake/rosidl_cmake-extras.cmake
[3.704s] -- Symlinking: /home/limdegcai/GSMART/CODE/FSD-Gsmart/planning_control/skidpad/install/skidpad_msgs/share/skidpad_msgs/cmake/ament_cmake_export_dependencies-extras.cmake
[3.710s] -- Symlinking: /home/limdegcai/GSMART/CODE/FSD-Gsmart/planning_control/skidpad/install/skidpad_msgs/share/skidpad_msgs/cmake/ament_cmake_export_include_directories-extras.cmake
[3.716s] -- Symlinking: /home/limdegcai/GSMART/CODE/FSD-Gsmart/planning_control/skidpad/install/skidpad_msgs/share/skidpad_msgs/cmake/ament_cmake_export_libraries-extras.cmake
[3.723s] -- Symlinking: /home/limdegcai/GSMART/CODE/FSD-Gsmart/planning_control/skidpad/install/skidpad_msgs/share/skidpad_msgs/cmake/ament_cmake_export_targets-extras.cmake
[3.729s] -- Symlinking: /home/limdegcai/GSMART/CODE/FSD-Gsmart/planning_control/skidpad/install/skidpad_msgs/share/skidpad_msgs/cmake/rosidl_cmake_export_typesupport_targets-extras.cmake
[3.734s] -- Symlinking: /home/limdegcai/GSMART/CODE/FSD-Gsmart/planning_control/skidpad/install/skidpad_msgs/share/skidpad_msgs/cmake/rosidl_cmake_export_typesupport_libraries-extras.cmake
[3.739s] -- Symlinking: /home/limdegcai/GSMART/CODE/FSD-Gsmart/planning_control/skidpad/install/skidpad_msgs/share/skidpad_msgs/cmake/skidpad_msgsConfig.cmake
[3.746s] -- Symlinking: /home/limdegcai/GSMART/CODE/FSD-Gsmart/planning_control/skidpad/install/skidpad_msgs/share/skidpad_msgs/cmake/skidpad_msgsConfig-version.cmake
[3.753s] -- Symlinking: /home/limdegcai/GSMART/CODE/FSD-Gsmart/planning_control/skidpad/install/skidpad_msgs/share/skidpad_msgs/package.xml
[3.760s] -- Installing: /home/limdegcai/GSMART/CODE/FSD-Gsmart/planning_control/skidpad/install/skidpad_msgs/lib/libskidpad_msgs__rosidl_generator_c.so
[3.760s] -- Set runtime path of "/home/limdegcai/GSMART/CODE/FSD-Gsmart/planning_control/skidpad/install/skidpad_msgs/lib/libskidpad_msgs__rosidl_generator_c.so" to ""
[3.760s] -- Installing: /home/limdegcai/GSMART/CODE/FSD-Gsmart/planning_control/skidpad/install/skidpad_msgs/lib/libskidpad_msgs__rosidl_typesupport_fastrtps_c.so
[3.760s] -- Set runtime path of "/home/limdegcai/GSMART/CODE/FSD-Gsmart/planning_control/skidpad/install/skidpad_msgs/lib/libskidpad_msgs__rosidl_typesupport_fastrtps_c.so" to ""
[3.760s] -- Installing: /home/limdegcai/GSMART/CODE/FSD-Gsmart/planning_control/skidpad/install/skidpad_msgs/lib/libskidpad_msgs__rosidl_typesupport_introspection_c.so
[3.761s] -- Set runtime path of "/home/limdegcai/GSMART/CODE/FSD-Gsmart/planning_control/skidpad/install/skidpad_msgs/lib/libskidpad_msgs__rosidl_typesupport_introspection_c.so" to ""
[3.761s] -- Installing: /home/limdegcai/GSMART/CODE/FSD-Gsmart/planning_control/skidpad/install/skidpad_msgs/lib/libskidpad_msgs__rosidl_typesupport_c.so
[3.761s] -- Set runtime path of "/home/limdegcai/GSMART/CODE/FSD-Gsmart/planning_control/skidpad/install/skidpad_msgs/lib/libskidpad_msgs__rosidl_typesupport_c.so" to ""
[3.761s] -- Installing: /home/limdegcai/GSMART/CODE/FSD-Gsmart/planning_control/skidpad/install/skidpad_msgs/lib/libskidpad_msgs__rosidl_typesupport_fastrtps_cpp.so
[3.761s] -- Set runtime path of "/home/limdegcai/GSMART/CODE/FSD-Gsmart/planning_control/skidpad/install/skidpad_msgs/lib/libskidpad_msgs__rosidl_typesupport_fastrtps_cpp.so" to ""
[3.761s] -- Installing: /home/limdegcai/GSMART/CODE/FSD-Gsmart/planning_control/skidpad/install/skidpad_msgs/lib/libskidpad_msgs__rosidl_typesupport_introspection_cpp.so
[3.762s] -- Set runtime path of "/home/limdegcai/GSMART/CODE/FSD-Gsmart/planning_control/skidpad/install/skidpad_msgs/lib/libskidpad_msgs__rosidl_typesupport_introspection_cpp.so" to ""
[3.762s] -- Installing: /home/limdegcai/GSMART/CODE/FSD-Gsmart/planning_control/skidpad/install/skidpad_msgs/lib/libskidpad_msgs__rosidl_typesupport_cpp.so
[3.762s] -- Set runtime path of "/home/limdegcai/GSMART/CODE/FSD-Gsmart/planning_control/skidpad/install/skidpad_msgs/lib/libskidpad_msgs__rosidl_typesupport_cpp.so" to ""
[3.785s] Listing '/home/limdegcai/GSMART/CODE/FSD-Gsmart/planning_control/skidpad/install/skidpad_msgs/local/lib/python3.10/dist-packages/skidpad_msgs'...
[3.785s] Compiling '/home/limdegcai/GSMART/CODE/FSD-Gsmart/planning_control/skidpad/install/skidpad_msgs/local/lib/python3.10/dist-packages/skidpad_msgs/__init__.py'...
[3.785s] Listing '/home/limdegcai/GSMART/CODE/FSD-Gsmart/planning_control/skidpad/install/skidpad_msgs/local/lib/python3.10/dist-packages/skidpad_msgs/msg'...
[3.785s] Compiling '/home/limdegcai/GSMART/CODE/FSD-Gsmart/planning_control/skidpad/install/skidpad_msgs/local/lib/python3.10/dist-packages/skidpad_msgs/msg/__init__.py'...
[3.785s] Compiling '/home/limdegcai/GSMART/CODE/FSD-Gsmart/planning_control/skidpad/install/skidpad_msgs/local/lib/python3.10/dist-packages/skidpad_msgs/msg/_car_state.py'...
[3.785s] Compiling '/home/limdegcai/GSMART/CODE/FSD-Gsmart/planning_control/skidpad/install/skidpad_msgs/local/lib/python3.10/dist-packages/skidpad_msgs/msg/_car_state_dt.py'...
[3.785s] Compiling '/home/limdegcai/GSMART/CODE/FSD-Gsmart/planning_control/skidpad/install/skidpad_msgs/local/lib/python3.10/dist-packages/skidpad_msgs/msg/_control_command.py'...
[3.785s] Compiling '/home/limdegcai/GSMART/CODE/FSD-Gsmart/planning_control/skidpad/install/skidpad_msgs/local/lib/python3.10/dist-packages/skidpad_msgs/msg/_trajectory.py'...
[3.785s] Compiling '/home/limdegcai/GSMART/CODE/FSD-Gsmart/planning_control/skidpad/install/skidpad_msgs/local/lib/python3.10/dist-packages/skidpad_msgs/msg/_trajectory_point.py'...
[3.788s] -- Installing: /home/limdegcai/GSMART/CODE/FSD-Gsmart/planning_control/skidpad/install/skidpad_msgs/lib/libskidpad_msgs__rosidl_generator_py.so
[3.789s] -- Set runtime path of "/home/limdegcai/GSMART/CODE/FSD-Gsmart/planning_control/skidpad/install/skidpad_msgs/lib/libskidpad_msgs__rosidl_generator_py.so" to ""
[3.789s] -- Installing: /home/limdegcai/GSMART/CODE/FSD-Gsmart/planning_control/skidpad/install/skidpad_msgs/share/skidpad_msgs/cmake/export_skidpad_msgs__rosidl_generator_cExport.cmake
[3.789s] -- Installing: /home/limdegcai/GSMART/CODE/FSD-Gsmart/planning_control/skidpad/install/skidpad_msgs/share/skidpad_msgs/cmake/export_skidpad_msgs__rosidl_generator_cExport-noconfig.cmake
[3.789s] -- Installing: /home/limdegcai/GSMART/CODE/FSD-Gsmart/planning_control/skidpad/install/skidpad_msgs/share/skidpad_msgs/cmake/export_skidpad_msgs__rosidl_typesupport_fastrtps_cExport.cmake
[3.789s] -- Installing: /home/limdegcai/GSMART/CODE/FSD-Gsmart/planning_control/skidpad/install/skidpad_msgs/share/skidpad_msgs/cmake/export_skidpad_msgs__rosidl_typesupport_fastrtps_cExport-noconfig.cmake
[3.789s] -- Installing: /home/limdegcai/GSMART/CODE/FSD-Gsmart/planning_control/skidpad/install/skidpad_msgs/share/skidpad_msgs/cmake/skidpad_msgs__rosidl_typesupport_introspection_cExport.cmake
[3.790s] -- Installing: /home/limdegcai/GSMART/CODE/FSD-Gsmart/planning_control/skidpad/install/skidpad_msgs/share/skidpad_msgs/cmake/skidpad_msgs__rosidl_typesupport_introspection_cExport-noconfig.cmake
[3.790s] -- Installing: /home/limdegcai/GSMART/CODE/FSD-Gsmart/planning_control/skidpad/install/skidpad_msgs/share/skidpad_msgs/cmake/skidpad_msgs__rosidl_typesupport_cExport.cmake
[3.790s] -- Installing: /home/limdegcai/GSMART/CODE/FSD-Gsmart/planning_control/skidpad/install/skidpad_msgs/share/skidpad_msgs/cmake/skidpad_msgs__rosidl_typesupport_cExport-noconfig.cmake
[3.790s] -- Installing: /home/limdegcai/GSMART/CODE/FSD-Gsmart/planning_control/skidpad/install/skidpad_msgs/share/skidpad_msgs/cmake/export_skidpad_msgs__rosidl_generator_cppExport.cmake
[3.790s] -- Installing: /home/limdegcai/GSMART/CODE/FSD-Gsmart/planning_control/skidpad/install/skidpad_msgs/share/skidpad_msgs/cmake/export_skidpad_msgs__rosidl_typesupport_fastrtps_cppExport.cmake
[3.790s] -- Installing: /home/limdegcai/GSMART/CODE/FSD-Gsmart/planning_control/skidpad/install/skidpad_msgs/share/skidpad_msgs/cmake/export_skidpad_msgs__rosidl_typesupport_fastrtps_cppExport-noconfig.cmake
[3.790s] -- Installing: /home/limdegcai/GSMART/CODE/FSD-Gsmart/planning_control/skidpad/install/skidpad_msgs/share/skidpad_msgs/cmake/skidpad_msgs__rosidl_typesupport_introspection_cppExport.cmake
[3.790s] -- Installing: /home/limdegcai/GSMART/CODE/FSD-Gsmart/planning_control/skidpad/install/skidpad_msgs/share/skidpad_msgs/cmake/skidpad_msgs__rosidl_typesupport_introspection_cppExport-noconfig.cmake
[3.791s] -- Installing: /home/limdegcai/GSMART/CODE/FSD-Gsmart/planning_control/skidpad/install/skidpad_msgs/share/skidpad_msgs/cmake/skidpad_msgs__rosidl_typesupport_cppExport.cmake
[3.791s] -- Installing: /home/limdegcai/GSMART/CODE/FSD-Gsmart/planning_control/skidpad/install/skidpad_msgs/share/skidpad_msgs/cmake/skidpad_msgs__rosidl_typesupport_cppExport-noconfig.cmake
[3.791s] -- Installing: /home/limdegcai/GSMART/CODE/FSD-Gsmart/planning_control/skidpad/install/skidpad_msgs/share/skidpad_msgs/cmake/export_skidpad_msgs__rosidl_generator_pyExport.cmake
[3.791s] -- Installing: /home/limdegcai/GSMART/CODE/FSD-Gsmart/planning_control/skidpad/install/skidpad_msgs/share/skidpad_msgs/cmake/export_skidpad_msgs__rosidl_generator_pyExport-noconfig.cmake
[3.793s] Invoked command in '/home/limdegcai/GSMART/CODE/FSD-Gsmart/planning_control/skidpad/build/skidpad_msgs' returned '0': CMAKE_PREFIX_PATH=/opt/ros/humble /usr/bin/cmake --install /home/limdegcai/GSMART/CODE/FSD-Gsmart/planning_control/skidpad/build/skidpad_msgs
