[0.009s] Invoking command in '/home/limdegcai/GSMART/CODE/result/skidpad_detector/build/skidpad_detector': CMAKE_PREFIX_PATH=/opt/ros/humble /usr/bin/cmake --build /home/limdegcai/GSMART/CODE/result/skidpad_detector/build/skidpad_detector -- -j32 -l32
[0.057s] [35m[1mConsolidate compiler generated dependencies of target skidpad_detector_node[0m
[0.104s] [ 25%] [32mBuilding CXX object CMakeFiles/skidpad_detector_node.dir/src/skidpad_detector_handle.cpp.o[0m
[0.105s] [ 50%] [32mBuilding CXX object CMakeFiles/skidpad_detector_node.dir/src/skidpad_detector.cpp.o[0m
[0.108s] [ 75%] [32mBuilding CXX object CMakeFiles/skidpad_detector_node.dir/src/main.cpp.o[0m
[3.387s] In file included from [01m[K/home/limdegcai/GSMART/CODE/result/skidpad_detector/src/skidpad_detector.cpp:1[m[K:
[3.387s] [01m[K/home/limdegcai/GSMART/CODE/result/skidpad_detector/include/skidpad_detector.hpp:43:35:[m[K [01;31m[Kerror: [m[K‘[01m[KPoint32[m[K’ is not a member of ‘[01m[Kgeometry_msgs::msg[m[K’; did you mean ‘[01m[KPoint_[m[K’?
[3.387s]    43 |   std::vector<geometry_msgs::msg::[01;31m[KPoint32[m[K> skidpad_map_points_;
[3.387s]       |                                   [01;31m[K^~~~~~~[m[K
[3.387s]       |                                   [32m[KPoint_[m[K
[3.387s] [01m[K/home/limdegcai/GSMART/CODE/result/skidpad_detector/include/skidpad_detector.hpp:43:42:[m[K [01;31m[Kerror: [m[Ktemplate argument 1 is invalid
[3.387s]    43 |   std::vector<geometry_msgs::msg::Point32[01;31m[K>[m[K skidpad_map_points_;
[3.387s]       |                                          [01;31m[K^[m[K
[3.387s] [01m[K/home/limdegcai/GSMART/CODE/result/skidpad_detector/include/skidpad_detector.hpp:43:42:[m[K [01;31m[Kerror: [m[Ktemplate argument 2 is invalid
[3.391s] In file included from [01m[K/home/limdegcai/GSMART/CODE/result/skidpad_detector/include/skidpad_detector_handle.hpp:8[m[K,
[3.391s]                  from [01m[K/home/limdegcai/GSMART/CODE/result/skidpad_detector/src/skidpad_detector_handle.cpp:1[m[K:
[3.391s] [01m[K/home/limdegcai/GSMART/CODE/result/skidpad_detector/include/skidpad_detector.hpp:43:35:[m[K [01;31m[Kerror: [m[K‘[01m[KPoint32[m[K’ is not a member of ‘[01m[Kgeometry_msgs::msg[m[K’; did you mean ‘[01m[KPoint_[m[K’?
[3.391s]    43 |   std::vector<geometry_msgs::msg::[01;31m[KPoint32[m[K> skidpad_map_points_;
[3.391s]       |                                   [01;31m[K^~~~~~~[m[K
[3.391s]       |                                   [32m[KPoint_[m[K
[3.391s] [01m[K/home/limdegcai/GSMART/CODE/result/skidpad_detector/include/skidpad_detector.hpp:43:42:[m[K [01;31m[Kerror: [m[Ktemplate argument 1 is invalid
[3.391s]    43 |   std::vector<geometry_msgs::msg::Point32[01;31m[K>[m[K skidpad_map_points_;
[3.391s]       |                                          [01;31m[K^[m[K
[3.391s] [01m[K/home/limdegcai/GSMART/CODE/result/skidpad_detector/include/skidpad_detector.hpp:43:42:[m[K [01;31m[Kerror: [m[Ktemplate argument 2 is invalid
[3.391s] In file included from [01m[K/home/limdegcai/GSMART/CODE/result/skidpad_detector/include/skidpad_detector_handle.hpp:8[m[K,
[3.391s]                  from [01m[K/home/limdegcai/GSMART/CODE/result/skidpad_detector/src/main.cpp:2[m[K:
[3.391s] [01m[K/home/limdegcai/GSMART/CODE/result/skidpad_detector/include/skidpad_detector.hpp:43:35:[m[K [01;31m[Kerror: [m[K‘[01m[KPoint32[m[K’ is not a member of ‘[01m[Kgeometry_msgs::msg[m[K’; did you mean ‘[01m[KPoint_[m[K’?
[3.391s]    43 |   std::vector<geometry_msgs::msg::[01;31m[KPoint32[m[K> skidpad_map_points_;
[3.391s]       |                                   [01;31m[K^~~~~~~[m[K
[3.391s]       |                                   [32m[KPoint_[m[K
[3.391s] [01m[K/home/limdegcai/GSMART/CODE/result/skidpad_detector/include/skidpad_detector.hpp:43:42:[m[K [01;31m[Kerror: [m[Ktemplate argument 1 is invalid
[3.392s]    43 |   std::vector<geometry_msgs::msg::Point32[01;31m[K>[m[K skidpad_map_points_;
[3.392s]       |                                          [01;31m[K^[m[K
[3.392s] [01m[K/home/limdegcai/GSMART/CODE/result/skidpad_detector/include/skidpad_detector.hpp:43:42:[m[K [01;31m[Kerror: [m[Ktemplate argument 2 is invalid
[3.396s] [01m[K/home/limdegcai/GSMART/CODE/result/skidpad_detector/src/skidpad_detector.cpp:[m[K In member function ‘[01m[Kvoid ns_skidpad_detector::SkidpadDetector::loadFiles()[m[K’:
[3.396s] [01m[K/home/limdegcai/GSMART/CODE/result/skidpad_detector/src/skidpad_detector.cpp:59:25:[m[K [01;31m[Kerror: [m[K‘[01m[KPoint32[m[K’ is not a member of ‘[01m[Kgeometry_msgs::msg[m[K’; did you mean ‘[01m[KPoint_[m[K’?
[3.396s]    59 |     geometry_msgs::msg::[01;31m[KPoint32[m[K tmp;
[3.396s]       |                         [01;31m[K^~~~~~~[m[K
[3.396s]       |                         [32m[KPoint_[m[K
[3.400s] [01m[K/home/limdegcai/GSMART/CODE/result/skidpad_detector/src/skidpad_detector.cpp:60:5:[m[K [01;31m[Kerror: [m[K‘[01m[Ktmp[m[K’ was not declared in this scope; did you mean ‘[01m[Ktm[m[K’?
[3.400s]    60 |     [01;31m[Ktmp[m[K.x = point.y + start_length_ + lidar2imu_;
[3.401s]       |     [01;31m[K^~~[m[K
[3.401s]       |     [32m[Ktm[m[K
[3.401s] [01m[K/home/limdegcai/GSMART/CODE/result/skidpad_detector/src/skidpad_detector.cpp:63:25:[m[K [01;31m[Kerror: [m[Krequest for member ‘[01m[Kpush_back[m[K’ in ‘[01m[K((ns_skidpad_detector::SkidpadDetector*)this)->ns_skidpad_detector::SkidpadDetector::skidpad_map_points_[m[K’, which is of non-class type ‘[01m[Kint[m[K’
[3.401s]    63 |     skidpad_map_points_.[01;31m[Kpush_back[m[K(tmp);
[3.401s]       |                         [01;31m[K^~~~~~~~~[m[K
[3.404s] [01m[K/home/limdegcai/GSMART/CODE/result/skidpad_detector/src/skidpad_detector.cpp:[m[K In member function ‘[01m[Kvoid ns_skidpad_detector::SkidpadDetector::runAlgorithm()[m[K’:
[3.405s] [01m[K/home/limdegcai/GSMART/CODE/result/skidpad_detector/src/skidpad_detector.cpp:103:29:[m[K [01;31m[Kerror: [m[K‘[01m[Kbegin[m[K’ was not declared in this scope
[3.405s]   103 |   for (const auto& map_pt : [01;31m[Kskidpad_map_points_[m[K) {
[3.405s]       |                             [01;31m[K^~~~~~~~~~~~~~~~~~~[m[K
[3.405s] [01m[K/home/limdegcai/GSMART/CODE/result/skidpad_detector/src/skidpad_detector.cpp:103:29:[m[K [01;36m[Knote: [m[Ksuggested alternatives:
[3.405s] In file included from [01m[K/usr/include/c++/11/array:41[m[K,
[3.405s]                  from [01m[K/usr/include/c++/11/tuple:39[m[K,
[3.405s]                  from [01m[K/usr/include/c++/11/bits/unique_ptr.h:37[m[K,
[3.405s]                  from [01m[K/usr/include/c++/11/memory:76[m[K,
[3.405s]                  from [01m[K/opt/ros/humble/include/rclcpp/rclcpp/rclcpp.hpp:153[m[K,
[3.405s]                  from [01m[K/home/limdegcai/GSMART/CODE/result/skidpad_detector/include/skidpad_detector.hpp:4[m[K,
[3.405s]                  from [01m[K/home/limdegcai/GSMART/CODE/result/skidpad_detector/src/skidpad_detector.cpp:1[m[K:
[3.405s] [01m[K/usr/include/c++/11/bits/range_access.h:108:37:[m[K [01;36m[Knote: [m[K  ‘[01m[Kstd::begin[m[K’
[3.405s]   108 |   template<typename _Tp> const _Tp* [01;36m[Kbegin[m[K(const valarray<_Tp>&) noexcept;
[3.405s]       |                                     [01;36m[K^~~~~[m[K
[3.405s] In file included from [01m[K/usr/include/boost/mpl/vector/aux_/begin_end.hpp:21[m[K,
[3.405s]                  from [01m[K/usr/include/boost/mpl/vector/vector0.hpp:31[m[K,
[3.405s]                  from [01m[K/usr/include/boost/mpl/vector/vector10.hpp:18[m[K,
[3.405s]                  from [01m[K/usr/include/boost/mpl/vector/vector20.hpp:18[m[K,
[3.405s]                  from [01m[K/usr/include/boost/mpl/vector.hpp:36[m[K,
[3.405s]                  from [01m[K/usr/include/pcl-1.12/pcl/point_struct_traits.h:43[m[K,
[3.405s]                  from [01m[K/usr/include/pcl-1.12/pcl/type_traits.h:40[m[K,
[3.405s]                  from [01m[K/usr/include/pcl-1.12/pcl/memory.h:46[m[K,
[3.406s]                  from [01m[K/usr/include/pcl-1.12/pcl/io/pcd_io.h:42[m[K,
[3.406s]                  from [01m[K/home/limdegcai/GSMART/CODE/result/skidpad_detector/include/skidpad_detector.hpp:10[m[K,
[3.406s]                  from [01m[K/home/limdegcai/GSMART/CODE/result/skidpad_detector/src/skidpad_detector.cpp:1[m[K:
[3.406s] [01m[K/usr/include/boost/mpl/begin_end_fwd.hpp:22:38:[m[K [01;36m[Knote: [m[K  ‘[01m[Kboost::mpl::begin[m[K’
[3.406s]    22 | template< typename Sequence > struct [01;36m[Kbegin[m[K;
[3.406s]       |                                      [01;36m[K^~~~~[m[K
[3.406s] In file included from [01m[K/usr/include/boost/foreach.hpp:81[m[K,
[3.406s]                  from [01m[K/usr/include/pcl-1.12/pcl/conversions.h:54[m[K,
[3.406s]                  from [01m[K/usr/include/pcl-1.12/pcl/io/file_io.h:40[m[K,
[3.406s]                  from [01m[K/usr/include/pcl-1.12/pcl/io/pcd_io.h:45[m[K,
[3.406s]                  from [01m[K/home/limdegcai/GSMART/CODE/result/skidpad_detector/include/skidpad_detector.hpp:10[m[K,
[3.406s]                  from [01m[K/home/limdegcai/GSMART/CODE/result/skidpad_detector/src/skidpad_detector.cpp:1[m[K:
[3.406s] [01m[K/usr/include/boost/range/begin.hpp:110:61:[m[K [01;36m[Knote: [m[K  ‘[01m[Kboost::range_adl_barrier::begin[m[K’
[3.406s]   110 | inline BOOST_DEDUCED_TYPENAME range_iterator<const T>::type [01;36m[Kbegin[m[K( const T& r )
[3.406s]       |                                                             [01;36m[K^~~~~[m[K
[3.406s] In file included from [01m[K/usr/include/pcl-1.12/pcl/conversions.h:54[m[K,
[3.406s]                  from [01m[K/usr/include/pcl-1.12/pcl/io/file_io.h:40[m[K,
[3.406s]                  from [01m[K/usr/include/pcl-1.12/pcl/io/pcd_io.h:45[m[K,
[3.406s]                  from [01m[K/home/limdegcai/GSMART/CODE/result/skidpad_detector/include/skidpad_detector.hpp:10[m[K,
[3.406s]                  from [01m[K/home/limdegcai/GSMART/CODE/result/skidpad_detector/src/skidpad_detector.cpp:1[m[K:
[3.406s] [01m[K/usr/include/boost/foreach.hpp:696:1:[m[K [01;36m[Knote: [m[K  ‘[01m[Kboost::foreach_detail_::begin[m[K’
[3.406s]   696 | [01;36m[Kbegin[m[K(auto_any_t col, type2type<T *, C> *, boost::mpl::true_ *) // null-terminated C-style strings
[3.406s]       | [01;36m[K^~~~~[m[K
[3.406s] In file included from [01m[K/usr/include/boost/fusion/iterator/segmented_iterator.hpp:13[m[K,
[3.406s]                  from [01m[K/usr/include/boost/fusion/sequence/intrinsic/detail/segmented_end.hpp:12[m[K,
[3.406s]                  from [01m[K/usr/include/boost/fusion/sequence/intrinsic/end.hpp:18[m[K,
[3.406s]                  from [01m[K/usr/include/boost/fusion/mpl/back.hpp:12[m[K,
[3.406s]                  from [01m[K/usr/include/boost/fusion/mpl.hpp:15[m[K,
[3.406s]                  from [01m[K/usr/include/boost/fusion/include/mpl.hpp:12[m[K,
[3.406s]                  from [01m[K/usr/include/pcl-1.12/pcl/common/impl/accumulators.hpp:44[m[K,
[3.406s]                  from [01m[K/usr/include/pcl-1.12/pcl/common/centroid.h:955[m[K,
[3.406s]                  from [01m[K/usr/include/pcl-1.12/pcl/common/transforms.h:44[m[K,
[3.406s]                  from [01m[K/usr/include/pcl-1.12/pcl/registration/transformation_estimation.h:43[m[K,
[3.406s]                  from [01m[K/usr/include/pcl-1.12/pcl/registration/registration.h:46[m[K,
[3.406s]                  from [01m[K/usr/include/pcl-1.12/pcl/registration/icp.h:46[m[K,
[3.407s]                  from [01m[K/home/limdegcai/GSMART/CODE/result/skidpad_detector/include/skidpad_detector.hpp:11[m[K,
[3.407s]                  from [01m[K/home/limdegcai/GSMART/CODE/result/skidpad_detector/src/skidpad_detector.cpp:1[m[K:
[3.407s] [01m[K/usr/include/boost/fusion/sequence/intrinsic/begin.hpp:92:5:[m[K [01;36m[Knote: [m[K  ‘[01m[Kboost::fusion::begin[m[K’
[3.407s]    92 |     [01;36m[Kbegin[m[K(Sequence const& seq)
[3.407s]       |     [01;36m[K^~~~~[m[K
[3.407s] In file included from [01m[K/usr/include/boost/fusion/sequence/intrinsic/value_at.hpp:16[m[K,
[3.407s]                  from [01m[K/usr/include/boost/fusion/mpl/at.hpp:12[m[K,
[3.407s]                  from [01m[K/usr/include/boost/fusion/mpl.hpp:14[m[K,
[3.407s]                  from [01m[K/usr/include/boost/fusion/include/mpl.hpp:12[m[K,
[3.407s]                  from [01m[K/usr/include/pcl-1.12/pcl/common/impl/accumulators.hpp:44[m[K,
[3.407s]                  from [01m[K/usr/include/pcl-1.12/pcl/common/centroid.h:955[m[K,
[3.407s]                  from [01m[K/usr/include/pcl-1.12/pcl/common/transforms.h:44[m[K,
[3.407s]                  from [01m[K/usr/include/pcl-1.12/pcl/registration/transformation_estimation.h:43[m[K,
[3.407s]                  from [01m[K/usr/include/pcl-1.12/pcl/registration/registration.h:46[m[K,
[3.407s]                  from [01m[K/usr/include/pcl-1.12/pcl/registration/icp.h:46[m[K,
[3.407s]                  from [01m[K/home/limdegcai/GSMART/CODE/result/skidpad_detector/include/skidpad_detector.hpp:11[m[K,
[3.407s]                  from [01m[K/home/limdegcai/GSMART/CODE/result/skidpad_detector/src/skidpad_detector.cpp:1[m[K:
[3.407s] [01m[K/usr/include/boost/fusion/sequence/intrinsic_fwd.hpp:62:16:[m[K [01;36m[Knote: [m[K  ‘[01m[Kboost::fusion::result_of::begin[m[K’
[3.407s]    62 |         struct [01;36m[Kbegin[m[K;
[3.407s]       |                [01;36m[K^~~~~[m[K
[3.407s] [01m[K/home/limdegcai/GSMART/CODE/result/skidpad_detector/src/skidpad_detector.cpp:103:29:[m[K [01;31m[Kerror: [m[K‘[01m[Kend[m[K’ was not declared in this scope
[3.407s]   103 |   for (const auto& map_pt : [01;31m[Kskidpad_map_points_[m[K) {
[3.407s]       |                             [01;31m[K^~~~~~~~~~~~~~~~~~~[m[K
[3.407s] [01m[K/home/limdegcai/GSMART/CODE/result/skidpad_detector/src/skidpad_detector.cpp:103:29:[m[K [01;36m[Knote: [m[Ksuggested alternatives:
[3.407s] In file included from [01m[K/usr/include/c++/11/array:41[m[K,
[3.407s]                  from [01m[K/usr/include/c++/11/tuple:39[m[K,
[3.407s]                  from [01m[K/usr/include/c++/11/bits/unique_ptr.h:37[m[K,
[3.407s]                  from [01m[K/usr/include/c++/11/memory:76[m[K,
[3.407s]                  from [01m[K/opt/ros/humble/include/rclcpp/rclcpp/rclcpp.hpp:153[m[K,
[3.407s]                  from [01m[K/home/limdegcai/GSMART/CODE/result/skidpad_detector/include/skidpad_detector.hpp:4[m[K,
[3.407s]                  from [01m[K/home/limdegcai/GSMART/CODE/result/skidpad_detector/src/skidpad_detector.cpp:1[m[K:
[3.407s] [01m[K/usr/include/c++/11/bits/range_access.h:110:37:[m[K [01;36m[Knote: [m[K  ‘[01m[Kstd::end[m[K’
[3.407s]   110 |   template<typename _Tp> const _Tp* [01;36m[Kend[m[K(const valarray<_Tp>&) noexcept;
[3.408s]       |                                     [01;36m[K^~~[m[K
[3.408s] In file included from [01m[K/usr/include/boost/mpl/vector/aux_/begin_end.hpp:21[m[K,
[3.408s]                  from [01m[K/usr/include/boost/mpl/vector/vector0.hpp:31[m[K,
[3.408s]                  from [01m[K/usr/include/boost/mpl/vector/vector10.hpp:18[m[K,
[3.408s]                  from [01m[K/usr/include/boost/mpl/vector/vector20.hpp:18[m[K,
[3.408s]                  from [01m[K/usr/include/boost/mpl/vector.hpp:36[m[K,
[3.408s]                  from [01m[K/usr/include/pcl-1.12/pcl/point_struct_traits.h:43[m[K,
[3.408s]                  from [01m[K/usr/include/pcl-1.12/pcl/type_traits.h:40[m[K,
[3.408s]                  from [01m[K/usr/include/pcl-1.12/pcl/memory.h:46[m[K,
[3.408s]                  from [01m[K/usr/include/pcl-1.12/pcl/io/pcd_io.h:42[m[K,
[3.408s]                  from [01m[K/home/limdegcai/GSMART/CODE/result/skidpad_detector/include/skidpad_detector.hpp:10[m[K,
[3.408s]                  from [01m[K/home/limdegcai/GSMART/CODE/result/skidpad_detector/src/skidpad_detector.cpp:1[m[K:
[3.408s] [01m[K/usr/include/boost/mpl/begin_end_fwd.hpp:23:38:[m[K [01;36m[Knote: [m[K  ‘[01m[Kboost::mpl::end[m[K’
[3.408s]    23 | template< typename Sequence > struct [01;36m[Kend[m[K;
[3.408s]       |                                      [01;36m[K^~~[m[K
[3.408s] In file included from [01m[K/usr/include/boost/foreach.hpp:80[m[K,
[3.408s]                  from [01m[K/usr/include/pcl-1.12/pcl/conversions.h:54[m[K,
[3.408s]                  from [01m[K/usr/include/pcl-1.12/pcl/io/file_io.h:40[m[K,
[3.408s]                  from [01m[K/usr/include/pcl-1.12/pcl/io/pcd_io.h:45[m[K,
[3.408s]                  from [01m[K/home/limdegcai/GSMART/CODE/result/skidpad_detector/include/skidpad_detector.hpp:10[m[K,
[3.408s]                  from [01m[K/home/limdegcai/GSMART/CODE/result/skidpad_detector/src/skidpad_detector.cpp:1[m[K:
[3.408s] [01m[K/usr/include/boost/range/end.hpp:104:61:[m[K [01;36m[Knote: [m[K  ‘[01m[Kboost::range_adl_barrier::end[m[K’
[3.408s]   104 | inline BOOST_DEDUCED_TYPENAME range_iterator<const T>::type [01;36m[Kend[m[K( const T& r )
[3.408s]       |                                                             [01;36m[K^~~[m[K
[3.408s] In file included from [01m[K/usr/include/pcl-1.12/pcl/conversions.h:54[m[K,
[3.408s]                  from [01m[K/usr/include/pcl-1.12/pcl/io/file_io.h:40[m[K,
[3.408s]                  from [01m[K/usr/include/pcl-1.12/pcl/io/pcd_io.h:45[m[K,
[3.408s]                  from [01m[K/home/limdegcai/GSMART/CODE/result/skidpad_detector/include/skidpad_detector.hpp:10[m[K,
[3.409s]                  from [01m[K/home/limdegcai/GSMART/CODE/result/skidpad_detector/src/skidpad_detector.cpp:1[m[K:
[3.409s] [01m[K/usr/include/boost/foreach.hpp:736:1:[m[K [01;36m[Knote: [m[K  ‘[01m[Kboost::foreach_detail_::end[m[K’
[3.409s]   736 | [01;36m[Kend[m[K(auto_any_t, type2type<T *, C> *, boost::mpl::true_ *) // null-terminated C-style strings
[3.409s]       | [01;36m[K^~~[m[K
[3.409s] In file included from [01m[K/usr/include/boost/fusion/mpl/back.hpp:12[m[K,
[3.409s]                  from [01m[K/usr/include/boost/fusion/mpl.hpp:15[m[K,
[3.409s]                  from [01m[K/usr/include/boost/fusion/include/mpl.hpp:12[m[K,
[3.409s]                  from [01m[K/usr/include/pcl-1.12/pcl/common/impl/accumulators.hpp:44[m[K,
[3.409s]                  from [01m[K/usr/include/pcl-1.12/pcl/common/centroid.h:955[m[K,
[3.409s]                  from [01m[K/usr/include/pcl-1.12/pcl/common/transforms.h:44[m[K,
[3.409s]                  from [01m[K/usr/include/pcl-1.12/pcl/registration/transformation_estimation.h:43[m[K,
[3.409s]                  from [01m[K/usr/include/pcl-1.12/pcl/registration/registration.h:46[m[K,
[3.409s]                  from [01m[K/usr/include/pcl-1.12/pcl/registration/icp.h:46[m[K,
[3.409s]                  from [01m[K/home/limdegcai/GSMART/CODE/result/skidpad_detector/include/skidpad_detector.hpp:11[m[K,
[3.409s]                  from [01m[K/home/limdegcai/GSMART/CODE/result/skidpad_detector/src/skidpad_detector.cpp:1[m[K:
[3.409s] [01m[K/usr/include/boost/fusion/sequence/intrinsic/end.hpp:92:5:[m[K [01;36m[Knote: [m[K  ‘[01m[Kboost::fusion::end[m[K’
[3.409s]    92 |     [01;36m[Kend[m[K(Sequence const& seq)
[3.409s]       |     [01;36m[K^~~[m[K
[3.409s] In file included from [01m[K/usr/include/eigen3/Eigen/Core:265[m[K,
[3.409s]                  from [01m[K/usr/include/pcl-1.12/pcl/memory.h:48[m[K,
[3.409s]                  from [01m[K/usr/include/pcl-1.12/pcl/io/pcd_io.h:42[m[K,
[3.409s]                  from [01m[K/home/limdegcai/GSMART/CODE/result/skidpad_detector/include/skidpad_detector.hpp:10[m[K,
[3.409s]                  from [01m[K/home/limdegcai/GSMART/CODE/result/skidpad_detector/src/skidpad_detector.cpp:1[m[K:
[3.409s] [01m[K/usr/include/eigen3/Eigen/src/Core/util/IndexedViewHelper.h:181:40:[m[K [01;36m[Knote: [m[K  ‘[01m[KEigen::placeholders::end[m[K’
[3.409s]   181 |   EIGEN_DEPRECATED static const end_t  [01;36m[Kend[m[K  = Eigen::lastp1; // PLEASE use Eigen::lastp1 instead of Eigen::placeholders::end
[3.409s]       |                                        [01;36m[K^~~[m[K
[3.409s] In file included from [01m[K/usr/include/boost/fusion/sequence/intrinsic/value_at.hpp:16[m[K,
[3.409s]                  from [01m[K/usr/include/boost/fusion/mpl/at.hpp:12[m[K,
[3.409s]                  from [01m[K/usr/include/boost/fusion/mpl.hpp:14[m[K,
[3.409s]                  from [01m[K/usr/include/boost/fusion/include/mpl.hpp:12[m[K,
[3.410s]                  from [01m[K/usr/include/pcl-1.12/pcl/common/impl/accumulators.hpp:44[m[K,
[3.410s]                  from [01m[K/usr/include/pcl-1.12/pcl/common/centroid.h:955[m[K,
[3.410s]                  from [01m[K/usr/include/pcl-1.12/pcl/common/transforms.h:44[m[K,
[3.410s]                  from [01m[K/usr/include/pcl-1.12/pcl/registration/transformation_estimation.h:43[m[K,
[3.410s]                  from [01m[K/usr/include/pcl-1.12/pcl/registration/registration.h:46[m[K,
[3.410s]                  from [01m[K/usr/include/pcl-1.12/pcl/registration/icp.h:46[m[K,
[3.410s]                  from [01m[K/home/limdegcai/GSMART/CODE/result/skidpad_detector/include/skidpad_detector.hpp:11[m[K,
[3.410s]                  from [01m[K/home/limdegcai/GSMART/CODE/result/skidpad_detector/src/skidpad_detector.cpp:1[m[K:
[3.410s] [01m[K/usr/include/boost/fusion/sequence/intrinsic_fwd.hpp:68:16:[m[K [01;36m[Knote: [m[K  ‘[01m[Kboost::fusion::result_of::end[m[K’
[3.410s]    68 |         struct [01;36m[Kend[m[K;
[3.410s]       |                [01;36m[K^~~[m[K
[4.100s] gmake[2]: *** [CMakeFiles/skidpad_detector_node.dir/build.make:104：CMakeFiles/skidpad_detector_node.dir/src/main.cpp.o] 错误 1
[4.100s] gmake[2]: *** 正在等待未完成的任务....
[5.445s] gmake[2]: *** [CMakeFiles/skidpad_detector_node.dir/build.make:76：CMakeFiles/skidpad_detector_node.dir/src/skidpad_detector_handle.cpp.o] 错误 1
[5.911s] gmake[2]: *** [CMakeFiles/skidpad_detector_node.dir/build.make:90：CMakeFiles/skidpad_detector_node.dir/src/skidpad_detector.cpp.o] 错误 1
[5.911s] gmake[1]: *** [CMakeFiles/Makefile2:137：CMakeFiles/skidpad_detector_node.dir/all] 错误 2
[5.911s] gmake: *** [Makefile:146：all] 错误 2
[5.913s] Invoked command in '/home/limdegcai/GSMART/CODE/result/skidpad_detector/build/skidpad_detector' returned '2': CMAKE_PREFIX_PATH=/opt/ros/humble /usr/bin/cmake --build /home/limdegcai/GSMART/CODE/result/skidpad_detector/build/skidpad_detector -- -j32 -l32
