-- Found ament_cmake: 1.3.12 (/opt/ros/humble/share/ament_cmake/cmake)
-- Found rclcpp: 16.0.16 (/opt/ros/humble/share/rclcpp/cmake)
-- Found rosidl_generator_c: 3.1.7 (/opt/ros/humble/share/rosidl_generator_c/cmake)
-- Found rosidl_adapter: 3.1.7 (/opt/ros/humble/share/rosidl_adapter/cmake)
-- Found rosidl_generator_cpp: 3.1.7 (/opt/ros/humble/share/rosidl_generator_cpp/cmake)
-- Using all available rosidl_typesupport_c: rosidl_typesupport_fastrtps_c;rosidl_typesupport_introspection_c
-- Using all available rosidl_typesupport_cpp: rosidl_typesupport_fastrtps_cpp;rosidl_typesupport_introspection_cpp
-- Found rmw_implementation_cmake: 6.1.2 (/opt/ros/humble/share/rmw_implementation_cmake/cmake)
-- Found rmw_fastrtps_cpp: 6.2.9 (/opt/ros/humble/share/rmw_fastrtps_cpp/cmake)
-- Using RMW implementation 'rmw_fastrtps_cpp' as default
-- Found sensor_msgs: 4.9.0 (/opt/ros/humble/share/sensor_msgs/cmake)
-- Found nav_msgs: 4.9.0 (/opt/ros/humble/share/nav_msgs/cmake)
-- Found pcl_ros: 2.4.5 (/opt/ros/humble/share/pcl_ros/cmake)
-- Eigen found (include: /usr/include/eigen3, version: 3.4.0)
-- FLANN found (include: /usr/include, lib: /usr/lib/x86_64-linux-gnu/libflann_cpp.so)
-- OpenNI found (version: 1.5.4.0, include: /usr/include/ni, lib: /usr/lib/libOpenNI.so;libusb::libusb)
-- OpenNI2 found (version: 2.2.0.33, include: /usr/include/openni2, lib: /usr/lib/x86_64-linux-gnu/libOpenNI2.so;libusb::libusb)
-- Eigen found (include: /usr/include/eigen3, version: 3.4.0)
-- OpenNI found (version: 1.5.4.0, include: /usr/include/ni, lib: /usr/lib/libOpenNI.so;libusb::libusb)
-- OpenNI2 found (version: 2.2.0.33, include: /usr/include/openni2, lib: /usr/lib/x86_64-linux-gnu/libOpenNI2.so;libusb::libusb)
-- Found Qhull version 8.0.2
-- OpenNI found (version: 1.5.4.0, include: /usr/include/ni, lib: /usr/lib/libOpenNI.so;libusb::libusb)
-- Found eigen3_cmake_module: 0.1.1 (/opt/ros/humble/share/eigen3_cmake_module/cmake)
-- Ensuring Eigen3 include directory is part of orocos-kdl CMake target
[33mCMake Warning (dev) at CMakeLists.txt:15 (find_package):
  Policy CMP0074 is not set: find_package uses <PackageName>_ROOT variables.
  Run "cmake --help-policy CMP0074" for policy details.  Use the cmake_policy
  command to set the policy and suppress this warning.

  CMake variable PCL_ROOT is set to:

    /usr

  For compatibility, CMake is ignoring the variable.
This warning is for project developers.  Use -Wno-dev to suppress it.
[0m
-- Found ament_lint_auto: 0.12.14 (/opt/ros/humble/share/ament_lint_auto/cmake)
-- Added test 'copyright' to check source files copyright and LICENSE
-- Added test 'cppcheck' to perform static code analysis on C / C++ code
-- Configured cppcheck include dirs: /home/limdegcai/GSMART/CODE/result/skidpad_detector/include
-- Configured cppcheck exclude dirs and/or files: 
-- Added test 'cpplint' to check C / C++ code against the Google style
-- Configured cpplint exclude dirs and/or files: 
-- Added test 'flake8' to check Python code syntax and style conventions
-- Added test 'lint_cmake' to check CMake code style
-- Added test 'pep257' to check Python code against some of the docstring style conventions in PEP 257
-- Added test 'uncrustify' to check C / C++ code style
-- Configured uncrustify additional arguments: 
-- Added test 'xmllint' to check XML markup files
-- Configuring done
-- Generating done
-- Build files have been written to: /home/limdegcai/GSMART/CODE/result/skidpad_detector/build/skidpad_detector
[35m[1mConsolidate compiler generated dependencies of target skidpad_detector_node[0m
[100%] Built target skidpad_detector_node
-- Install configuration: ""
-- Up-to-date: /home/limdegcai/GSMART/CODE/result/skidpad_detector/install/skidpad_detector/lib/skidpad_detector/skidpad_detector_node
-- Up-to-date: /home/limdegcai/GSMART/CODE/result/skidpad_detector/install/skidpad_detector/share/skidpad_detector/launch
-- Up-to-date: /home/limdegcai/GSMART/CODE/result/skidpad_detector/install/skidpad_detector/share/skidpad_detector/launch/skidpad_detector.launch.py
-- Up-to-date: /home/limdegcai/GSMART/CODE/result/skidpad_detector/install/skidpad_detector/share/skidpad_detector/config
-- Up-to-date: /home/limdegcai/GSMART/CODE/result/skidpad_detector/install/skidpad_detector/share/skidpad_detector/config/skidpad_detector.yaml
-- Up-to-date: /home/limdegcai/GSMART/CODE/result/skidpad_detector/install/skidpad_detector/share/skidpad_detector/config/skidpad.pcd
-- Up-to-date: /home/limdegcai/GSMART/CODE/result/skidpad_detector/install/skidpad_detector/share/skidpad_detector/config/path_x.txt
-- Up-to-date: /home/limdegcai/GSMART/CODE/result/skidpad_detector/install/skidpad_detector/share/skidpad_detector/config/path_y.txt
-- Up-to-date: /home/limdegcai/GSMART/CODE/result/skidpad_detector/install/skidpad_detector/share/ament_index/resource_index/package_run_dependencies/skidpad_detector
-- Up-to-date: /home/limdegcai/GSMART/CODE/result/skidpad_detector/install/skidpad_detector/share/ament_index/resource_index/parent_prefix_path/skidpad_detector
-- Up-to-date: /home/limdegcai/GSMART/CODE/result/skidpad_detector/install/skidpad_detector/share/skidpad_detector/environment/ament_prefix_path.sh
-- Installing: /home/limdegcai/GSMART/CODE/result/skidpad_detector/install/skidpad_detector/share/skidpad_detector/environment/ament_prefix_path.dsv
-- Up-to-date: /home/limdegcai/GSMART/CODE/result/skidpad_detector/install/skidpad_detector/share/skidpad_detector/environment/path.sh
-- Installing: /home/limdegcai/GSMART/CODE/result/skidpad_detector/install/skidpad_detector/share/skidpad_detector/environment/path.dsv
-- Up-to-date: /home/limdegcai/GSMART/CODE/result/skidpad_detector/install/skidpad_detector/share/skidpad_detector/local_setup.bash
-- Up-to-date: /home/limdegcai/GSMART/CODE/result/skidpad_detector/install/skidpad_detector/share/skidpad_detector/local_setup.sh
-- Up-to-date: /home/limdegcai/GSMART/CODE/result/skidpad_detector/install/skidpad_detector/share/skidpad_detector/local_setup.zsh
-- Installing: /home/limdegcai/GSMART/CODE/result/skidpad_detector/install/skidpad_detector/share/skidpad_detector/local_setup.dsv
-- Installing: /home/limdegcai/GSMART/CODE/result/skidpad_detector/install/skidpad_detector/share/skidpad_detector/package.dsv
-- Up-to-date: /home/limdegcai/GSMART/CODE/result/skidpad_detector/install/skidpad_detector/share/ament_index/resource_index/packages/skidpad_detector
-- Up-to-date: /home/limdegcai/GSMART/CODE/result/skidpad_detector/install/skidpad_detector/share/skidpad_detector/cmake/skidpad_detectorConfig.cmake
-- Up-to-date: /home/limdegcai/GSMART/CODE/result/skidpad_detector/install/skidpad_detector/share/skidpad_detector/cmake/skidpad_detectorConfig-version.cmake
-- Up-to-date: /home/limdegcai/GSMART/CODE/result/skidpad_detector/install/skidpad_detector/share/skidpad_detector/package.xml
