[0.053s] DEBUG:colcon:Command line arguments: ['/usr/bin/colcon', 'build', '--symlink-install']
[0.053s] DEBUG:colcon:Parsed command line arguments: Namespace(log_base=None, log_level=None, verb_name='build', build_base='build', install_base='install', merge_install=False, symlink_install=True, test_result_base=None, continue_on_error=False, executor='parallel', parallel_workers=32, event_handlers=None, ignore_user_meta=False, metas=['./colcon.meta'], base_paths=['.'], packages_ignore=None, packages_ignore_regex=None, paths=None, packages_up_to=None, packages_up_to_regex=None, packages_above=None, packages_above_and_dependencies=None, packages_above_depth=None, packages_select_by_dep=None, packages_skip_by_dep=None, packages_skip_up_to=None, packages_select_build_failed=False, packages_skip_build_finished=False, packages_select_test_failures=False, packages_skip_test_passed=False, packages_select=None, packages_skip=None, packages_select_regex=None, packages_skip_regex=None, packages_start=None, packages_end=None, allow_overriding=[], cmake_args=None, cmake_target=None, cmake_target_skip_unavailable=False, cmake_clean_cache=False, cmake_clean_first=False, cmake_force_configure=False, ament_cmake_args=None, catkin_cmake_args=None, catkin_skip_building_tests=False, verb_parser=<colcon_defaults.argument_parser.defaults.DefaultArgumentsDecorator object at 0x71a786e55120>, verb_extension=<colcon_core.verb.build.BuildVerb object at 0x71a786fc67a0>, main=<bound method BuildVerb.main of <colcon_core.verb.build.BuildVerb object at 0x71a786fc67a0>>)
[0.132s] Level 1:colcon.colcon_core.package_discovery:discover_packages(colcon_meta) check parameters
[0.133s] Level 1:colcon.colcon_core.package_discovery:discover_packages(recursive) check parameters
[0.133s] Level 1:colcon.colcon_core.package_discovery:discover_packages(ignore) check parameters
[0.133s] Level 1:colcon.colcon_core.package_discovery:discover_packages(path) check parameters
[0.133s] Level 1:colcon.colcon_core.package_discovery:discover_packages(colcon_meta) discover
[0.133s] Level 1:colcon.colcon_core.package_discovery:discover_packages(recursive) discover
[0.133s] INFO:colcon.colcon_core.package_discovery:Crawling recursively for packages in '/home/limdegcai/GSMART/CODE/FSD-Gsmart/planning_control/skidpad_ws'
[0.133s] Level 1:colcon.colcon_core.package_identification:_identify(.) by extensions ['ignore', 'ignore_ament_install']
[0.133s] Level 1:colcon.colcon_core.package_identification:_identify(.) by extension 'ignore'
[0.133s] Level 1:colcon.colcon_core.package_identification:_identify(.) by extension 'ignore_ament_install'
[0.133s] Level 1:colcon.colcon_core.package_identification:_identify(.) by extensions ['colcon_pkg']
[0.133s] Level 1:colcon.colcon_core.package_identification:_identify(.) by extension 'colcon_pkg'
[0.133s] Level 1:colcon.colcon_core.package_identification:_identify(.) by extensions ['colcon_meta']
[0.133s] Level 1:colcon.colcon_core.package_identification:_identify(.) by extension 'colcon_meta'
[0.133s] Level 1:colcon.colcon_core.package_identification:_identify(.) by extensions ['ros']
[0.133s] Level 1:colcon.colcon_core.package_identification:_identify(.) by extension 'ros'
[0.139s] Level 1:colcon.colcon_core.package_identification:_identify(.) by extensions ['cmake', 'python']
[0.139s] Level 1:colcon.colcon_core.package_identification:_identify(.) by extension 'cmake'
[0.139s] Level 1:colcon.colcon_core.package_identification:_identify(.) by extension 'python'
[0.139s] Level 1:colcon.colcon_core.package_identification:_identify(.) by extensions ['python_setup_py']
[0.139s] Level 1:colcon.colcon_core.package_identification:_identify(.) by extension 'python_setup_py'
[0.139s] Level 1:colcon.colcon_core.package_identification:_identify(build) by extensions ['ignore', 'ignore_ament_install']
[0.139s] Level 1:colcon.colcon_core.package_identification:_identify(build) by extension 'ignore'
[0.139s] Level 1:colcon.colcon_core.package_identification:_identify(build) ignored
[0.139s] Level 1:colcon.colcon_core.package_identification:_identify(install) by extensions ['ignore', 'ignore_ament_install']
[0.139s] Level 1:colcon.colcon_core.package_identification:_identify(install) by extension 'ignore'
[0.139s] Level 1:colcon.colcon_core.package_identification:_identify(install) ignored
[0.139s] Level 1:colcon.colcon_core.package_identification:_identify(log) by extensions ['ignore', 'ignore_ament_install']
[0.139s] Level 1:colcon.colcon_core.package_identification:_identify(log) by extension 'ignore'
[0.139s] Level 1:colcon.colcon_core.package_identification:_identify(log) ignored
[0.139s] Level 1:colcon.colcon_core.package_identification:_identify(src) by extensions ['ignore', 'ignore_ament_install']
[0.139s] Level 1:colcon.colcon_core.package_identification:_identify(src) by extension 'ignore'
[0.139s] Level 1:colcon.colcon_core.package_identification:_identify(src) by extension 'ignore_ament_install'
[0.139s] Level 1:colcon.colcon_core.package_identification:_identify(src) by extensions ['colcon_pkg']
[0.139s] Level 1:colcon.colcon_core.package_identification:_identify(src) by extension 'colcon_pkg'
[0.139s] Level 1:colcon.colcon_core.package_identification:_identify(src) by extensions ['colcon_meta']
[0.139s] Level 1:colcon.colcon_core.package_identification:_identify(src) by extension 'colcon_meta'
[0.139s] Level 1:colcon.colcon_core.package_identification:_identify(src) by extensions ['ros']
[0.139s] Level 1:colcon.colcon_core.package_identification:_identify(src) by extension 'ros'
[0.139s] Level 1:colcon.colcon_core.package_identification:_identify(src) by extensions ['cmake', 'python']
[0.139s] Level 1:colcon.colcon_core.package_identification:_identify(src) by extension 'cmake'
[0.139s] Level 1:colcon.colcon_core.package_identification:_identify(src) by extension 'python'
[0.139s] Level 1:colcon.colcon_core.package_identification:_identify(src) by extensions ['python_setup_py']
[0.139s] Level 1:colcon.colcon_core.package_identification:_identify(src) by extension 'python_setup_py'
[0.139s] Level 1:colcon.colcon_core.package_identification:_identify(src/fsds_bridge) by extensions ['ignore', 'ignore_ament_install']
[0.140s] Level 1:colcon.colcon_core.package_identification:_identify(src/fsds_bridge) by extension 'ignore'
[0.140s] Level 1:colcon.colcon_core.package_identification:_identify(src/fsds_bridge) by extension 'ignore_ament_install'
[0.140s] Level 1:colcon.colcon_core.package_identification:_identify(src/fsds_bridge) by extensions ['colcon_pkg']
[0.140s] Level 1:colcon.colcon_core.package_identification:_identify(src/fsds_bridge) by extension 'colcon_pkg'
[0.140s] Level 1:colcon.colcon_core.package_identification:_identify(src/fsds_bridge) by extensions ['colcon_meta']
[0.140s] Level 1:colcon.colcon_core.package_identification:_identify(src/fsds_bridge) by extension 'colcon_meta'
[0.140s] Level 1:colcon.colcon_core.package_identification:_identify(src/fsds_bridge) by extensions ['ros']
[0.140s] Level 1:colcon.colcon_core.package_identification:_identify(src/fsds_bridge) by extension 'ros'
[0.141s] DEBUG:colcon.colcon_core.package_identification:Package 'src/fsds_bridge' with type 'ros.ament_python' and name 'fsds_bridge'
[0.141s] Level 1:colcon.colcon_core.package_identification:_identify(src/icp_test_tools) by extensions ['ignore', 'ignore_ament_install']
[0.141s] Level 1:colcon.colcon_core.package_identification:_identify(src/icp_test_tools) by extension 'ignore'
[0.141s] Level 1:colcon.colcon_core.package_identification:_identify(src/icp_test_tools) by extension 'ignore_ament_install'
[0.141s] Level 1:colcon.colcon_core.package_identification:_identify(src/icp_test_tools) by extensions ['colcon_pkg']
[0.141s] Level 1:colcon.colcon_core.package_identification:_identify(src/icp_test_tools) by extension 'colcon_pkg'
[0.141s] Level 1:colcon.colcon_core.package_identification:_identify(src/icp_test_tools) by extensions ['colcon_meta']
[0.141s] Level 1:colcon.colcon_core.package_identification:_identify(src/icp_test_tools) by extension 'colcon_meta'
[0.141s] Level 1:colcon.colcon_core.package_identification:_identify(src/icp_test_tools) by extensions ['ros']
[0.141s] Level 1:colcon.colcon_core.package_identification:_identify(src/icp_test_tools) by extension 'ros'
[0.142s] DEBUG:colcon.colcon_core.package_identification:Package 'src/icp_test_tools' with type 'ros.ament_python' and name 'icp_test_tools'
[0.142s] Level 1:colcon.colcon_core.package_identification:_identify(src/skidpad_bringup) by extensions ['ignore', 'ignore_ament_install']
[0.142s] Level 1:colcon.colcon_core.package_identification:_identify(src/skidpad_bringup) by extension 'ignore'
[0.142s] Level 1:colcon.colcon_core.package_identification:_identify(src/skidpad_bringup) by extension 'ignore_ament_install'
[0.142s] Level 1:colcon.colcon_core.package_identification:_identify(src/skidpad_bringup) by extensions ['colcon_pkg']
[0.142s] Level 1:colcon.colcon_core.package_identification:_identify(src/skidpad_bringup) by extension 'colcon_pkg'
[0.142s] Level 1:colcon.colcon_core.package_identification:_identify(src/skidpad_bringup) by extensions ['colcon_meta']
[0.142s] Level 1:colcon.colcon_core.package_identification:_identify(src/skidpad_bringup) by extension 'colcon_meta'
[0.142s] Level 1:colcon.colcon_core.package_identification:_identify(src/skidpad_bringup) by extensions ['ros']
[0.142s] Level 1:colcon.colcon_core.package_identification:_identify(src/skidpad_bringup) by extension 'ros'
[0.142s] DEBUG:colcon.colcon_core.package_identification:Package 'src/skidpad_bringup' with type 'ros.ament_cmake' and name 'skidpad_bringup'
[0.142s] Level 1:colcon.colcon_core.package_identification:_identify(src/skidpad_control) by extensions ['ignore', 'ignore_ament_install']
[0.142s] Level 1:colcon.colcon_core.package_identification:_identify(src/skidpad_control) by extension 'ignore'
[0.142s] Level 1:colcon.colcon_core.package_identification:_identify(src/skidpad_control) by extension 'ignore_ament_install'
[0.142s] Level 1:colcon.colcon_core.package_identification:_identify(src/skidpad_control) by extensions ['colcon_pkg']
[0.142s] Level 1:colcon.colcon_core.package_identification:_identify(src/skidpad_control) by extension 'colcon_pkg'
[0.142s] Level 1:colcon.colcon_core.package_identification:_identify(src/skidpad_control) by extensions ['colcon_meta']
[0.142s] Level 1:colcon.colcon_core.package_identification:_identify(src/skidpad_control) by extension 'colcon_meta'
[0.142s] Level 1:colcon.colcon_core.package_identification:_identify(src/skidpad_control) by extensions ['ros']
[0.142s] Level 1:colcon.colcon_core.package_identification:_identify(src/skidpad_control) by extension 'ros'
[0.143s] DEBUG:colcon.colcon_core.package_identification:Package 'src/skidpad_control' with type 'ros.ament_python' and name 'skidpad_control'
[0.143s] Level 1:colcon.colcon_core.package_identification:_identify(src/skidpad_icp) by extensions ['ignore', 'ignore_ament_install']
[0.143s] Level 1:colcon.colcon_core.package_identification:_identify(src/skidpad_icp) by extension 'ignore'
[0.143s] Level 1:colcon.colcon_core.package_identification:_identify(src/skidpad_icp) by extension 'ignore_ament_install'
[0.143s] Level 1:colcon.colcon_core.package_identification:_identify(src/skidpad_icp) by extensions ['colcon_pkg']
[0.143s] Level 1:colcon.colcon_core.package_identification:_identify(src/skidpad_icp) by extension 'colcon_pkg'
[0.143s] Level 1:colcon.colcon_core.package_identification:_identify(src/skidpad_icp) by extensions ['colcon_meta']
[0.143s] Level 1:colcon.colcon_core.package_identification:_identify(src/skidpad_icp) by extension 'colcon_meta'
[0.143s] Level 1:colcon.colcon_core.package_identification:_identify(src/skidpad_icp) by extensions ['ros']
[0.143s] Level 1:colcon.colcon_core.package_identification:_identify(src/skidpad_icp) by extension 'ros'
[0.143s] DEBUG:colcon.colcon_core.package_identification:Package 'src/skidpad_icp' with type 'ros.ament_cmake' and name 'skidpad_icp'
[0.143s] Level 1:colcon.colcon_core.package_identification:_identify(src/skidpad_msgs) by extensions ['ignore', 'ignore_ament_install']
[0.144s] Level 1:colcon.colcon_core.package_identification:_identify(src/skidpad_msgs) by extension 'ignore'
[0.144s] Level 1:colcon.colcon_core.package_identification:_identify(src/skidpad_msgs) by extension 'ignore_ament_install'
[0.144s] Level 1:colcon.colcon_core.package_identification:_identify(src/skidpad_msgs) by extensions ['colcon_pkg']
[0.144s] Level 1:colcon.colcon_core.package_identification:_identify(src/skidpad_msgs) by extension 'colcon_pkg'
[0.144s] Level 1:colcon.colcon_core.package_identification:_identify(src/skidpad_msgs) by extensions ['colcon_meta']
[0.144s] Level 1:colcon.colcon_core.package_identification:_identify(src/skidpad_msgs) by extension 'colcon_meta'
[0.144s] Level 1:colcon.colcon_core.package_identification:_identify(src/skidpad_msgs) by extensions ['ros']
[0.144s] Level 1:colcon.colcon_core.package_identification:_identify(src/skidpad_msgs) by extension 'ros'
[0.144s] DEBUG:colcon.colcon_core.package_identification:Package 'src/skidpad_msgs' with type 'ros.ament_cmake' and name 'skidpad_msgs'
[0.144s] Level 1:colcon.colcon_core.package_identification:_identify(src/skidpad_planner) by extensions ['ignore', 'ignore_ament_install']
[0.144s] Level 1:colcon.colcon_core.package_identification:_identify(src/skidpad_planner) by extension 'ignore'
[0.144s] Level 1:colcon.colcon_core.package_identification:_identify(src/skidpad_planner) by extension 'ignore_ament_install'
[0.144s] Level 1:colcon.colcon_core.package_identification:_identify(src/skidpad_planner) by extensions ['colcon_pkg']
[0.144s] Level 1:colcon.colcon_core.package_identification:_identify(src/skidpad_planner) by extension 'colcon_pkg'
[0.144s] Level 1:colcon.colcon_core.package_identification:_identify(src/skidpad_planner) by extensions ['colcon_meta']
[0.144s] Level 1:colcon.colcon_core.package_identification:_identify(src/skidpad_planner) by extension 'colcon_meta'
[0.144s] Level 1:colcon.colcon_core.package_identification:_identify(src/skidpad_planner) by extensions ['ros']
[0.144s] Level 1:colcon.colcon_core.package_identification:_identify(src/skidpad_planner) by extension 'ros'
[0.145s] DEBUG:colcon.colcon_core.package_identification:Package 'src/skidpad_planner' with type 'ros.ament_cmake' and name 'skidpad_planner'
[0.145s] Level 1:colcon.colcon_core.package_discovery:discover_packages(recursive) using defaults
[0.145s] Level 1:colcon.colcon_core.package_discovery:discover_packages(ignore) discover
[0.145s] Level 1:colcon.colcon_core.package_discovery:discover_packages(ignore) using defaults
[0.145s] Level 1:colcon.colcon_core.package_discovery:discover_packages(path) discover
[0.145s] Level 1:colcon.colcon_core.package_discovery:discover_packages(path) using defaults
[0.160s] Level 1:colcon.colcon_core.package_discovery:discover_packages(prefix_path) check parameters
[0.160s] Level 1:colcon.colcon_core.package_discovery:discover_packages(prefix_path) discover
[0.161s] DEBUG:colcon.colcon_installed_package_information.package_discovery:Found 7 installed packages in /home/limdegcai/GSMART/CODE/FSD-Gsmart/planning_control/skidpad_ws/install
[0.162s] DEBUG:colcon.colcon_installed_package_information.package_discovery:Found 282 installed packages in /opt/ros/humble
[0.163s] Level 1:colcon.colcon_core.package_discovery:discover_packages(prefix_path) using defaults
[0.185s] Level 5:colcon.colcon_core.verb:set package 'icp_test_tools' build argument 'cmake_args' from command line to 'None'
[0.185s] Level 5:colcon.colcon_core.verb:set package 'icp_test_tools' build argument 'cmake_target' from command line to 'None'
[0.185s] Level 5:colcon.colcon_core.verb:set package 'icp_test_tools' build argument 'cmake_target_skip_unavailable' from command line to 'False'
[0.185s] Level 5:colcon.colcon_core.verb:set package 'icp_test_tools' build argument 'cmake_clean_cache' from command line to 'False'
[0.185s] Level 5:colcon.colcon_core.verb:set package 'icp_test_tools' build argument 'cmake_clean_first' from command line to 'False'
[0.185s] Level 5:colcon.colcon_core.verb:set package 'icp_test_tools' build argument 'cmake_force_configure' from command line to 'False'
[0.185s] Level 5:colcon.colcon_core.verb:set package 'icp_test_tools' build argument 'ament_cmake_args' from command line to 'None'
[0.185s] Level 5:colcon.colcon_core.verb:set package 'icp_test_tools' build argument 'catkin_cmake_args' from command line to 'None'
[0.185s] Level 5:colcon.colcon_core.verb:set package 'icp_test_tools' build argument 'catkin_skip_building_tests' from command line to 'False'
[0.185s] DEBUG:colcon.colcon_core.verb:Building package 'icp_test_tools' with the following arguments: {'ament_cmake_args': None, 'build_base': '/home/limdegcai/GSMART/CODE/FSD-Gsmart/planning_control/skidpad_ws/build/icp_test_tools', 'catkin_cmake_args': None, 'catkin_skip_building_tests': False, 'cmake_args': None, 'cmake_clean_cache': False, 'cmake_clean_first': False, 'cmake_force_configure': False, 'cmake_target': None, 'cmake_target_skip_unavailable': False, 'install_base': '/home/limdegcai/GSMART/CODE/FSD-Gsmart/planning_control/skidpad_ws/install/icp_test_tools', 'merge_install': False, 'path': '/home/limdegcai/GSMART/CODE/FSD-Gsmart/planning_control/skidpad_ws/src/icp_test_tools', 'symlink_install': True, 'test_result_base': None}
[0.185s] Level 5:colcon.colcon_core.verb:set package 'skidpad_icp' build argument 'cmake_args' from command line to 'None'
[0.185s] Level 5:colcon.colcon_core.verb:set package 'skidpad_icp' build argument 'cmake_target' from command line to 'None'
[0.185s] Level 5:colcon.colcon_core.verb:set package 'skidpad_icp' build argument 'cmake_target_skip_unavailable' from command line to 'False'
[0.185s] Level 5:colcon.colcon_core.verb:set package 'skidpad_icp' build argument 'cmake_clean_cache' from command line to 'False'
[0.185s] Level 5:colcon.colcon_core.verb:set package 'skidpad_icp' build argument 'cmake_clean_first' from command line to 'False'
[0.185s] Level 5:colcon.colcon_core.verb:set package 'skidpad_icp' build argument 'cmake_force_configure' from command line to 'False'
[0.185s] Level 5:colcon.colcon_core.verb:set package 'skidpad_icp' build argument 'ament_cmake_args' from command line to 'None'
[0.185s] Level 5:colcon.colcon_core.verb:set package 'skidpad_icp' build argument 'catkin_cmake_args' from command line to 'None'
[0.185s] Level 5:colcon.colcon_core.verb:set package 'skidpad_icp' build argument 'catkin_skip_building_tests' from command line to 'False'
[0.185s] DEBUG:colcon.colcon_core.verb:Building package 'skidpad_icp' with the following arguments: {'ament_cmake_args': None, 'build_base': '/home/limdegcai/GSMART/CODE/FSD-Gsmart/planning_control/skidpad_ws/build/skidpad_icp', 'catkin_cmake_args': None, 'catkin_skip_building_tests': False, 'cmake_args': None, 'cmake_clean_cache': False, 'cmake_clean_first': False, 'cmake_force_configure': False, 'cmake_target': None, 'cmake_target_skip_unavailable': False, 'install_base': '/home/limdegcai/GSMART/CODE/FSD-Gsmart/planning_control/skidpad_ws/install/skidpad_icp', 'merge_install': False, 'path': '/home/limdegcai/GSMART/CODE/FSD-Gsmart/planning_control/skidpad_ws/src/skidpad_icp', 'symlink_install': True, 'test_result_base': None}
[0.185s] Level 5:colcon.colcon_core.verb:set package 'skidpad_msgs' build argument 'cmake_args' from command line to 'None'
[0.185s] Level 5:colcon.colcon_core.verb:set package 'skidpad_msgs' build argument 'cmake_target' from command line to 'None'
[0.185s] Level 5:colcon.colcon_core.verb:set package 'skidpad_msgs' build argument 'cmake_target_skip_unavailable' from command line to 'False'
[0.185s] Level 5:colcon.colcon_core.verb:set package 'skidpad_msgs' build argument 'cmake_clean_cache' from command line to 'False'
[0.185s] Level 5:colcon.colcon_core.verb:set package 'skidpad_msgs' build argument 'cmake_clean_first' from command line to 'False'
[0.185s] Level 5:colcon.colcon_core.verb:set package 'skidpad_msgs' build argument 'cmake_force_configure' from command line to 'False'
[0.185s] Level 5:colcon.colcon_core.verb:set package 'skidpad_msgs' build argument 'ament_cmake_args' from command line to 'None'
[0.185s] Level 5:colcon.colcon_core.verb:set package 'skidpad_msgs' build argument 'catkin_cmake_args' from command line to 'None'
[0.185s] Level 5:colcon.colcon_core.verb:set package 'skidpad_msgs' build argument 'catkin_skip_building_tests' from command line to 'False'
[0.185s] DEBUG:colcon.colcon_core.verb:Building package 'skidpad_msgs' with the following arguments: {'ament_cmake_args': None, 'build_base': '/home/limdegcai/GSMART/CODE/FSD-Gsmart/planning_control/skidpad_ws/build/skidpad_msgs', 'catkin_cmake_args': None, 'catkin_skip_building_tests': False, 'cmake_args': None, 'cmake_clean_cache': False, 'cmake_clean_first': False, 'cmake_force_configure': False, 'cmake_target': None, 'cmake_target_skip_unavailable': False, 'install_base': '/home/limdegcai/GSMART/CODE/FSD-Gsmart/planning_control/skidpad_ws/install/skidpad_msgs', 'merge_install': False, 'path': '/home/limdegcai/GSMART/CODE/FSD-Gsmart/planning_control/skidpad_ws/src/skidpad_msgs', 'symlink_install': True, 'test_result_base': None}
[0.186s] Level 5:colcon.colcon_core.verb:set package 'fsds_bridge' build argument 'cmake_args' from command line to 'None'
[0.186s] Level 5:colcon.colcon_core.verb:set package 'fsds_bridge' build argument 'cmake_target' from command line to 'None'
[0.186s] Level 5:colcon.colcon_core.verb:set package 'fsds_bridge' build argument 'cmake_target_skip_unavailable' from command line to 'False'
[0.186s] Level 5:colcon.colcon_core.verb:set package 'fsds_bridge' build argument 'cmake_clean_cache' from command line to 'False'
[0.186s] Level 5:colcon.colcon_core.verb:set package 'fsds_bridge' build argument 'cmake_clean_first' from command line to 'False'
[0.186s] Level 5:colcon.colcon_core.verb:set package 'fsds_bridge' build argument 'cmake_force_configure' from command line to 'False'
[0.186s] Level 5:colcon.colcon_core.verb:set package 'fsds_bridge' build argument 'ament_cmake_args' from command line to 'None'
[0.186s] Level 5:colcon.colcon_core.verb:set package 'fsds_bridge' build argument 'catkin_cmake_args' from command line to 'None'
[0.186s] Level 5:colcon.colcon_core.verb:set package 'fsds_bridge' build argument 'catkin_skip_building_tests' from command line to 'False'
[0.186s] DEBUG:colcon.colcon_core.verb:Building package 'fsds_bridge' with the following arguments: {'ament_cmake_args': None, 'build_base': '/home/limdegcai/GSMART/CODE/FSD-Gsmart/planning_control/skidpad_ws/build/fsds_bridge', 'catkin_cmake_args': None, 'catkin_skip_building_tests': False, 'cmake_args': None, 'cmake_clean_cache': False, 'cmake_clean_first': False, 'cmake_force_configure': False, 'cmake_target': None, 'cmake_target_skip_unavailable': False, 'install_base': '/home/limdegcai/GSMART/CODE/FSD-Gsmart/planning_control/skidpad_ws/install/fsds_bridge', 'merge_install': False, 'path': '/home/limdegcai/GSMART/CODE/FSD-Gsmart/planning_control/skidpad_ws/src/fsds_bridge', 'symlink_install': True, 'test_result_base': None}
[0.186s] Level 5:colcon.colcon_core.verb:set package 'skidpad_control' build argument 'cmake_args' from command line to 'None'
[0.186s] Level 5:colcon.colcon_core.verb:set package 'skidpad_control' build argument 'cmake_target' from command line to 'None'
[0.186s] Level 5:colcon.colcon_core.verb:set package 'skidpad_control' build argument 'cmake_target_skip_unavailable' from command line to 'False'
[0.186s] Level 5:colcon.colcon_core.verb:set package 'skidpad_control' build argument 'cmake_clean_cache' from command line to 'False'
[0.186s] Level 5:colcon.colcon_core.verb:set package 'skidpad_control' build argument 'cmake_clean_first' from command line to 'False'
[0.186s] Level 5:colcon.colcon_core.verb:set package 'skidpad_control' build argument 'cmake_force_configure' from command line to 'False'
[0.186s] Level 5:colcon.colcon_core.verb:set package 'skidpad_control' build argument 'ament_cmake_args' from command line to 'None'
[0.186s] Level 5:colcon.colcon_core.verb:set package 'skidpad_control' build argument 'catkin_cmake_args' from command line to 'None'
[0.186s] Level 5:colcon.colcon_core.verb:set package 'skidpad_control' build argument 'catkin_skip_building_tests' from command line to 'False'
[0.186s] DEBUG:colcon.colcon_core.verb:Building package 'skidpad_control' with the following arguments: {'ament_cmake_args': None, 'build_base': '/home/limdegcai/GSMART/CODE/FSD-Gsmart/planning_control/skidpad_ws/build/skidpad_control', 'catkin_cmake_args': None, 'catkin_skip_building_tests': False, 'cmake_args': None, 'cmake_clean_cache': False, 'cmake_clean_first': False, 'cmake_force_configure': False, 'cmake_target': None, 'cmake_target_skip_unavailable': False, 'install_base': '/home/limdegcai/GSMART/CODE/FSD-Gsmart/planning_control/skidpad_ws/install/skidpad_control', 'merge_install': False, 'path': '/home/limdegcai/GSMART/CODE/FSD-Gsmart/planning_control/skidpad_ws/src/skidpad_control', 'symlink_install': True, 'test_result_base': None}
[0.186s] Level 5:colcon.colcon_core.verb:set package 'skidpad_planner' build argument 'cmake_args' from command line to 'None'
[0.186s] Level 5:colcon.colcon_core.verb:set package 'skidpad_planner' build argument 'cmake_target' from command line to 'None'
[0.186s] Level 5:colcon.colcon_core.verb:set package 'skidpad_planner' build argument 'cmake_target_skip_unavailable' from command line to 'False'
[0.186s] Level 5:colcon.colcon_core.verb:set package 'skidpad_planner' build argument 'cmake_clean_cache' from command line to 'False'
[0.186s] Level 5:colcon.colcon_core.verb:set package 'skidpad_planner' build argument 'cmake_clean_first' from command line to 'False'
[0.186s] Level 5:colcon.colcon_core.verb:set package 'skidpad_planner' build argument 'cmake_force_configure' from command line to 'False'
[0.186s] Level 5:colcon.colcon_core.verb:set package 'skidpad_planner' build argument 'ament_cmake_args' from command line to 'None'
[0.186s] Level 5:colcon.colcon_core.verb:set package 'skidpad_planner' build argument 'catkin_cmake_args' from command line to 'None'
[0.186s] Level 5:colcon.colcon_core.verb:set package 'skidpad_planner' build argument 'catkin_skip_building_tests' from command line to 'False'
[0.186s] DEBUG:colcon.colcon_core.verb:Building package 'skidpad_planner' with the following arguments: {'ament_cmake_args': None, 'build_base': '/home/limdegcai/GSMART/CODE/FSD-Gsmart/planning_control/skidpad_ws/build/skidpad_planner', 'catkin_cmake_args': None, 'catkin_skip_building_tests': False, 'cmake_args': None, 'cmake_clean_cache': False, 'cmake_clean_first': False, 'cmake_force_configure': False, 'cmake_target': None, 'cmake_target_skip_unavailable': False, 'install_base': '/home/limdegcai/GSMART/CODE/FSD-Gsmart/planning_control/skidpad_ws/install/skidpad_planner', 'merge_install': False, 'path': '/home/limdegcai/GSMART/CODE/FSD-Gsmart/planning_control/skidpad_ws/src/skidpad_planner', 'symlink_install': True, 'test_result_base': None}
[0.186s] Level 5:colcon.colcon_core.verb:set package 'skidpad_bringup' build argument 'cmake_args' from command line to 'None'
[0.186s] Level 5:colcon.colcon_core.verb:set package 'skidpad_bringup' build argument 'cmake_target' from command line to 'None'
[0.186s] Level 5:colcon.colcon_core.verb:set package 'skidpad_bringup' build argument 'cmake_target_skip_unavailable' from command line to 'False'
[0.186s] Level 5:colcon.colcon_core.verb:set package 'skidpad_bringup' build argument 'cmake_clean_cache' from command line to 'False'
[0.186s] Level 5:colcon.colcon_core.verb:set package 'skidpad_bringup' build argument 'cmake_clean_first' from command line to 'False'
[0.186s] Level 5:colcon.colcon_core.verb:set package 'skidpad_bringup' build argument 'cmake_force_configure' from command line to 'False'
[0.186s] Level 5:colcon.colcon_core.verb:set package 'skidpad_bringup' build argument 'ament_cmake_args' from command line to 'None'
[0.186s] Level 5:colcon.colcon_core.verb:set package 'skidpad_bringup' build argument 'catkin_cmake_args' from command line to 'None'
[0.186s] Level 5:colcon.colcon_core.verb:set package 'skidpad_bringup' build argument 'catkin_skip_building_tests' from command line to 'False'
[0.186s] DEBUG:colcon.colcon_core.verb:Building package 'skidpad_bringup' with the following arguments: {'ament_cmake_args': None, 'build_base': '/home/limdegcai/GSMART/CODE/FSD-Gsmart/planning_control/skidpad_ws/build/skidpad_bringup', 'catkin_cmake_args': None, 'catkin_skip_building_tests': False, 'cmake_args': None, 'cmake_clean_cache': False, 'cmake_clean_first': False, 'cmake_force_configure': False, 'cmake_target': None, 'cmake_target_skip_unavailable': False, 'install_base': '/home/limdegcai/GSMART/CODE/FSD-Gsmart/planning_control/skidpad_ws/install/skidpad_bringup', 'merge_install': False, 'path': '/home/limdegcai/GSMART/CODE/FSD-Gsmart/planning_control/skidpad_ws/src/skidpad_bringup', 'symlink_install': True, 'test_result_base': None}
[0.186s] INFO:colcon.colcon_core.executor:Executing jobs using 'parallel' executor
[0.187s] DEBUG:colcon.colcon_parallel_executor.executor.parallel:run_until_complete
[0.187s] INFO:colcon.colcon_ros.task.ament_cmake.build:Building ROS package in '/home/limdegcai/GSMART/CODE/FSD-Gsmart/planning_control/skidpad_ws/src/skidpad_msgs' with build type 'ament_cmake'
[0.187s] INFO:colcon.colcon_cmake.task.cmake.build:Building CMake package in '/home/limdegcai/GSMART/CODE/FSD-Gsmart/planning_control/skidpad_ws/src/skidpad_msgs'
[0.188s] INFO:colcon.colcon_core.plugin_system:Skipping extension 'colcon_core.shell.bat': Not used on non-Windows systems
[0.189s] INFO:colcon.colcon_core.shell:Skip shell extension 'powershell' for command environment: Not usable outside of PowerShell
[0.189s] DEBUG:colcon.colcon_core.shell:Skip shell extension 'dsv' for command environment
[0.191s] INFO:colcon.colcon_ros.task.ament_cmake.build:Building ROS package in '/home/limdegcai/GSMART/CODE/FSD-Gsmart/planning_control/skidpad_ws/src/skidpad_icp' with build type 'ament_cmake'
[0.191s] INFO:colcon.colcon_cmake.task.cmake.build:Building CMake package in '/home/limdegcai/GSMART/CODE/FSD-Gsmart/planning_control/skidpad_ws/src/skidpad_icp'
[0.191s] INFO:colcon.colcon_core.shell:Skip shell extension 'powershell' for command environment: Not usable outside of PowerShell
[0.191s] DEBUG:colcon.colcon_core.shell:Skip shell extension 'dsv' for command environment
[0.193s] INFO:colcon.colcon_ros.task.ament_python.build:Building ROS package in '/home/limdegcai/GSMART/CODE/FSD-Gsmart/planning_control/skidpad_ws/src/icp_test_tools' with build type 'ament_python'
[0.193s] Level 1:colcon.colcon_core.shell:create_environment_hook('icp_test_tools', 'ament_prefix_path')
[0.193s] INFO:colcon.colcon_core.shell:Creating environment hook '/home/limdegcai/GSMART/CODE/FSD-Gsmart/planning_control/skidpad_ws/install/icp_test_tools/share/icp_test_tools/hook/ament_prefix_path.ps1'
[0.193s] INFO:colcon.colcon_core.shell:Creating environment descriptor '/home/limdegcai/GSMART/CODE/FSD-Gsmart/planning_control/skidpad_ws/install/icp_test_tools/share/icp_test_tools/hook/ament_prefix_path.dsv'
[0.194s] INFO:colcon.colcon_core.shell:Creating environment hook '/home/limdegcai/GSMART/CODE/FSD-Gsmart/planning_control/skidpad_ws/install/icp_test_tools/share/icp_test_tools/hook/ament_prefix_path.sh'
[0.194s] INFO:colcon.colcon_core.shell:Skip shell extension 'powershell' for command environment: Not usable outside of PowerShell
[0.194s] DEBUG:colcon.colcon_core.shell:Skip shell extension 'dsv' for command environment
[0.198s] DEBUG:colcon.colcon_core.event_handler.log_command:Invoking command in '/home/limdegcai/GSMART/CODE/FSD-Gsmart/planning_control/skidpad_ws/build/skidpad_msgs': CMAKE_PREFIX_PATH=${CMAKE_PREFIX_PATH}:/home/limdegcai/GSMART/CODE/FSD-Gsmart/planning_control/skidpad_ws/install/skidpad_control:/home/limdegcai/GSMART/CODE/FSD-Gsmart/planning_control/skidpad_ws/install/fsds_bridge:/home/limdegcai/GSMART/CODE/FSD-Gsmart/planning_control/skidpad_ws/install/icp_test_tools:/opt/ros/humble CONDA_PROMPT_MODIFIER=(base) /usr/bin/cmake --build /home/limdegcai/GSMART/CODE/FSD-Gsmart/planning_control/skidpad_ws/build/skidpad_msgs -- -j32 -l32
[0.201s] DEBUG:colcon.colcon_core.event_handler.log_command:Invoking command in '/home/limdegcai/GSMART/CODE/FSD-Gsmart/planning_control/skidpad_ws/build/skidpad_icp': CMAKE_PREFIX_PATH=${CMAKE_PREFIX_PATH}:/home/limdegcai/GSMART/CODE/FSD-Gsmart/planning_control/skidpad_ws/install/skidpad_control:/home/limdegcai/GSMART/CODE/FSD-Gsmart/planning_control/skidpad_ws/install/fsds_bridge:/home/limdegcai/GSMART/CODE/FSD-Gsmart/planning_control/skidpad_ws/install/icp_test_tools:/opt/ros/humble CONDA_PROMPT_MODIFIER=(base) /usr/bin/cmake --build /home/limdegcai/GSMART/CODE/FSD-Gsmart/planning_control/skidpad_ws/build/skidpad_icp -- -j32 -l32
[0.327s] INFO:colcon.colcon_core.task.python.build:Building Python package in '/home/limdegcai/GSMART/CODE/FSD-Gsmart/planning_control/skidpad_ws/src/icp_test_tools'
[0.327s] INFO:colcon.colcon_core.shell:Skip shell extension 'powershell' for command environment: Not usable outside of PowerShell
[0.327s] DEBUG:colcon.colcon_core.shell:Skip shell extension 'dsv' for command environment
[0.330s] DEBUG:colcon.colcon_core.event_handler.log_command:Invoked command in '/home/limdegcai/GSMART/CODE/FSD-Gsmart/planning_control/skidpad_ws/build/skidpad_icp' returned '0': CMAKE_PREFIX_PATH=${CMAKE_PREFIX_PATH}:/home/limdegcai/GSMART/CODE/FSD-Gsmart/planning_control/skidpad_ws/install/skidpad_control:/home/limdegcai/GSMART/CODE/FSD-Gsmart/planning_control/skidpad_ws/install/fsds_bridge:/home/limdegcai/GSMART/CODE/FSD-Gsmart/planning_control/skidpad_ws/install/icp_test_tools:/opt/ros/humble CONDA_PROMPT_MODIFIER=(base) /usr/bin/cmake --build /home/limdegcai/GSMART/CODE/FSD-Gsmart/planning_control/skidpad_ws/build/skidpad_icp -- -j32 -l32
[0.337s] DEBUG:colcon.colcon_core.event_handler.log_command:Invoking command in '/home/limdegcai/GSMART/CODE/FSD-Gsmart/planning_control/skidpad_ws/build/skidpad_icp': CMAKE_PREFIX_PATH=${CMAKE_PREFIX_PATH}:/home/limdegcai/GSMART/CODE/FSD-Gsmart/planning_control/skidpad_ws/install/skidpad_control:/home/limdegcai/GSMART/CODE/FSD-Gsmart/planning_control/skidpad_ws/install/fsds_bridge:/home/limdegcai/GSMART/CODE/FSD-Gsmart/planning_control/skidpad_ws/install/icp_test_tools:/opt/ros/humble CONDA_PROMPT_MODIFIER=(base) /usr/bin/cmake --install /home/limdegcai/GSMART/CODE/FSD-Gsmart/planning_control/skidpad_ws/build/skidpad_icp
[0.351s] Level 1:colcon.colcon_core.environment:create_environment_scripts_only(skidpad_icp)
[0.352s] DEBUG:colcon.colcon_core.event_handler.log_command:Invoked command in '/home/limdegcai/GSMART/CODE/FSD-Gsmart/planning_control/skidpad_ws/build/skidpad_icp' returned '0': CMAKE_PREFIX_PATH=${CMAKE_PREFIX_PATH}:/home/limdegcai/GSMART/CODE/FSD-Gsmart/planning_control/skidpad_ws/install/skidpad_control:/home/limdegcai/GSMART/CODE/FSD-Gsmart/planning_control/skidpad_ws/install/fsds_bridge:/home/limdegcai/GSMART/CODE/FSD-Gsmart/planning_control/skidpad_ws/install/icp_test_tools:/opt/ros/humble CONDA_PROMPT_MODIFIER=(base) /usr/bin/cmake --install /home/limdegcai/GSMART/CODE/FSD-Gsmart/planning_control/skidpad_ws/build/skidpad_icp
[0.353s] Level 1:colcon.colcon_core.environment:checking '/home/limdegcai/GSMART/CODE/FSD-Gsmart/planning_control/skidpad_ws/install/skidpad_icp' for CMake module files
[0.353s] Level 1:colcon.colcon_core.environment:checking '/home/limdegcai/GSMART/CODE/FSD-Gsmart/planning_control/skidpad_ws/install/skidpad_icp' for CMake config files
[0.353s] Level 1:colcon.colcon_core.shell:create_environment_hook('skidpad_icp', 'cmake_prefix_path')
[0.353s] INFO:colcon.colcon_core.shell:Creating environment hook '/home/limdegcai/GSMART/CODE/FSD-Gsmart/planning_control/skidpad_ws/install/skidpad_icp/share/skidpad_icp/hook/cmake_prefix_path.ps1'
[0.354s] INFO:colcon.colcon_core.shell:Creating environment descriptor '/home/limdegcai/GSMART/CODE/FSD-Gsmart/planning_control/skidpad_ws/install/skidpad_icp/share/skidpad_icp/hook/cmake_prefix_path.dsv'
[0.354s] INFO:colcon.colcon_core.shell:Creating environment hook '/home/limdegcai/GSMART/CODE/FSD-Gsmart/planning_control/skidpad_ws/install/skidpad_icp/share/skidpad_icp/hook/cmake_prefix_path.sh'
[0.354s] Level 1:colcon.colcon_core.environment:checking '/home/limdegcai/GSMART/CODE/FSD-Gsmart/planning_control/skidpad_ws/install/skidpad_icp/lib'
[0.354s] Level 1:colcon.colcon_core.environment:checking '/home/limdegcai/GSMART/CODE/FSD-Gsmart/planning_control/skidpad_ws/install/skidpad_icp/bin'
[0.354s] Level 1:colcon.colcon_core.environment:checking '/home/limdegcai/GSMART/CODE/FSD-Gsmart/planning_control/skidpad_ws/install/skidpad_icp/lib/pkgconfig/skidpad_icp.pc'
[0.354s] Level 1:colcon.colcon_core.environment:checking '/home/limdegcai/GSMART/CODE/FSD-Gsmart/planning_control/skidpad_ws/install/skidpad_icp/lib/python3.10/site-packages'
[0.355s] Level 1:colcon.colcon_core.environment:checking '/home/limdegcai/GSMART/CODE/FSD-Gsmart/planning_control/skidpad_ws/install/skidpad_icp/bin'
[0.355s] INFO:colcon.colcon_core.shell:Creating package script '/home/limdegcai/GSMART/CODE/FSD-Gsmart/planning_control/skidpad_ws/install/skidpad_icp/share/skidpad_icp/package.ps1'
[0.355s] INFO:colcon.colcon_core.shell:Creating package descriptor '/home/limdegcai/GSMART/CODE/FSD-Gsmart/planning_control/skidpad_ws/install/skidpad_icp/share/skidpad_icp/package.dsv'
[0.356s] INFO:colcon.colcon_core.shell:Creating package script '/home/limdegcai/GSMART/CODE/FSD-Gsmart/planning_control/skidpad_ws/install/skidpad_icp/share/skidpad_icp/package.sh'
[0.356s] INFO:colcon.colcon_core.shell:Creating package script '/home/limdegcai/GSMART/CODE/FSD-Gsmart/planning_control/skidpad_ws/install/skidpad_icp/share/skidpad_icp/package.bash'
[0.356s] INFO:colcon.colcon_core.shell:Creating package script '/home/limdegcai/GSMART/CODE/FSD-Gsmart/planning_control/skidpad_ws/install/skidpad_icp/share/skidpad_icp/package.zsh'
[0.357s] Level 1:colcon.colcon_core.environment:create_file_with_runtime_dependencies(/home/limdegcai/GSMART/CODE/FSD-Gsmart/planning_control/skidpad_ws/install/skidpad_icp/share/colcon-core/packages/skidpad_icp)
[0.357s] Level 1:colcon.colcon_core.environment:create_environment_scripts_only(skidpad_icp)
[0.357s] Level 1:colcon.colcon_core.environment:checking '/home/limdegcai/GSMART/CODE/FSD-Gsmart/planning_control/skidpad_ws/install/skidpad_icp' for CMake module files
[0.357s] Level 1:colcon.colcon_core.environment:checking '/home/limdegcai/GSMART/CODE/FSD-Gsmart/planning_control/skidpad_ws/install/skidpad_icp' for CMake config files
[0.358s] Level 1:colcon.colcon_core.shell:create_environment_hook('skidpad_icp', 'cmake_prefix_path')
[0.358s] INFO:colcon.colcon_core.shell:Creating environment hook '/home/limdegcai/GSMART/CODE/FSD-Gsmart/planning_control/skidpad_ws/install/skidpad_icp/share/skidpad_icp/hook/cmake_prefix_path.ps1'
[0.358s] INFO:colcon.colcon_core.shell:Creating environment descriptor '/home/limdegcai/GSMART/CODE/FSD-Gsmart/planning_control/skidpad_ws/install/skidpad_icp/share/skidpad_icp/hook/cmake_prefix_path.dsv'
[0.358s] INFO:colcon.colcon_core.shell:Creating environment hook '/home/limdegcai/GSMART/CODE/FSD-Gsmart/planning_control/skidpad_ws/install/skidpad_icp/share/skidpad_icp/hook/cmake_prefix_path.sh'
[0.358s] Level 1:colcon.colcon_core.environment:checking '/home/limdegcai/GSMART/CODE/FSD-Gsmart/planning_control/skidpad_ws/install/skidpad_icp/lib'
[0.358s] Level 1:colcon.colcon_core.environment:checking '/home/limdegcai/GSMART/CODE/FSD-Gsmart/planning_control/skidpad_ws/install/skidpad_icp/bin'
[0.358s] Level 1:colcon.colcon_core.environment:checking '/home/limdegcai/GSMART/CODE/FSD-Gsmart/planning_control/skidpad_ws/install/skidpad_icp/lib/pkgconfig/skidpad_icp.pc'
[0.358s] Level 1:colcon.colcon_core.environment:checking '/home/limdegcai/GSMART/CODE/FSD-Gsmart/planning_control/skidpad_ws/install/skidpad_icp/lib/python3.10/site-packages'
[0.359s] Level 1:colcon.colcon_core.environment:checking '/home/limdegcai/GSMART/CODE/FSD-Gsmart/planning_control/skidpad_ws/install/skidpad_icp/bin'
[0.359s] INFO:colcon.colcon_core.shell:Creating package script '/home/limdegcai/GSMART/CODE/FSD-Gsmart/planning_control/skidpad_ws/install/skidpad_icp/share/skidpad_icp/package.ps1'
[0.359s] INFO:colcon.colcon_core.shell:Creating package descriptor '/home/limdegcai/GSMART/CODE/FSD-Gsmart/planning_control/skidpad_ws/install/skidpad_icp/share/skidpad_icp/package.dsv'
[0.359s] INFO:colcon.colcon_core.shell:Creating package script '/home/limdegcai/GSMART/CODE/FSD-Gsmart/planning_control/skidpad_ws/install/skidpad_icp/share/skidpad_icp/package.sh'
[0.359s] INFO:colcon.colcon_core.shell:Creating package script '/home/limdegcai/GSMART/CODE/FSD-Gsmart/planning_control/skidpad_ws/install/skidpad_icp/share/skidpad_icp/package.bash'
[0.360s] INFO:colcon.colcon_core.shell:Creating package script '/home/limdegcai/GSMART/CODE/FSD-Gsmart/planning_control/skidpad_ws/install/skidpad_icp/share/skidpad_icp/package.zsh'
[0.360s] Level 1:colcon.colcon_core.environment:create_file_with_runtime_dependencies(/home/limdegcai/GSMART/CODE/FSD-Gsmart/planning_control/skidpad_ws/install/skidpad_icp/share/colcon-core/packages/skidpad_icp)
[0.386s] DEBUG:colcon.colcon_core.event_handler.log_command:Invoked command in '/home/limdegcai/GSMART/CODE/FSD-Gsmart/planning_control/skidpad_ws/build/skidpad_msgs' returned '0': CMAKE_PREFIX_PATH=${CMAKE_PREFIX_PATH}:/home/limdegcai/GSMART/CODE/FSD-Gsmart/planning_control/skidpad_ws/install/skidpad_control:/home/limdegcai/GSMART/CODE/FSD-Gsmart/planning_control/skidpad_ws/install/fsds_bridge:/home/limdegcai/GSMART/CODE/FSD-Gsmart/planning_control/skidpad_ws/install/icp_test_tools:/opt/ros/humble CONDA_PROMPT_MODIFIER=(base) /usr/bin/cmake --build /home/limdegcai/GSMART/CODE/FSD-Gsmart/planning_control/skidpad_ws/build/skidpad_msgs -- -j32 -l32
[0.387s] DEBUG:colcon.colcon_core.event_handler.log_command:Invoking command in '/home/limdegcai/GSMART/CODE/FSD-Gsmart/planning_control/skidpad_ws/build/skidpad_msgs': CMAKE_PREFIX_PATH=${CMAKE_PREFIX_PATH}:/home/limdegcai/GSMART/CODE/FSD-Gsmart/planning_control/skidpad_ws/install/skidpad_control:/home/limdegcai/GSMART/CODE/FSD-Gsmart/planning_control/skidpad_ws/install/fsds_bridge:/home/limdegcai/GSMART/CODE/FSD-Gsmart/planning_control/skidpad_ws/install/icp_test_tools:/opt/ros/humble CONDA_PROMPT_MODIFIER=(base) /usr/bin/cmake --install /home/limdegcai/GSMART/CODE/FSD-Gsmart/planning_control/skidpad_ws/build/skidpad_msgs
[0.440s] Level 1:colcon.colcon_core.environment:create_environment_scripts_only(skidpad_msgs)
[0.440s] Level 1:colcon.colcon_core.environment:checking '/home/limdegcai/GSMART/CODE/FSD-Gsmart/planning_control/skidpad_ws/install/skidpad_msgs' for CMake module files
[0.440s] DEBUG:colcon.colcon_core.event_handler.log_command:Invoked command in '/home/limdegcai/GSMART/CODE/FSD-Gsmart/planning_control/skidpad_ws/build/skidpad_msgs' returned '0': CMAKE_PREFIX_PATH=${CMAKE_PREFIX_PATH}:/home/limdegcai/GSMART/CODE/FSD-Gsmart/planning_control/skidpad_ws/install/skidpad_control:/home/limdegcai/GSMART/CODE/FSD-Gsmart/planning_control/skidpad_ws/install/fsds_bridge:/home/limdegcai/GSMART/CODE/FSD-Gsmart/planning_control/skidpad_ws/install/icp_test_tools:/opt/ros/humble CONDA_PROMPT_MODIFIER=(base) /usr/bin/cmake --install /home/limdegcai/GSMART/CODE/FSD-Gsmart/planning_control/skidpad_ws/build/skidpad_msgs
[0.441s] Level 1:colcon.colcon_core.environment:checking '/home/limdegcai/GSMART/CODE/FSD-Gsmart/planning_control/skidpad_ws/install/skidpad_msgs' for CMake config files
[0.441s] Level 1:colcon.colcon_core.shell:create_environment_hook('skidpad_msgs', 'cmake_prefix_path')
[0.442s] INFO:colcon.colcon_core.shell:Creating environment hook '/home/limdegcai/GSMART/CODE/FSD-Gsmart/planning_control/skidpad_ws/install/skidpad_msgs/share/skidpad_msgs/hook/cmake_prefix_path.ps1'
[0.442s] INFO:colcon.colcon_core.shell:Creating environment descriptor '/home/limdegcai/GSMART/CODE/FSD-Gsmart/planning_control/skidpad_ws/install/skidpad_msgs/share/skidpad_msgs/hook/cmake_prefix_path.dsv'
[0.442s] INFO:colcon.colcon_core.shell:Creating environment hook '/home/limdegcai/GSMART/CODE/FSD-Gsmart/planning_control/skidpad_ws/install/skidpad_msgs/share/skidpad_msgs/hook/cmake_prefix_path.sh'
[0.442s] Level 1:colcon.colcon_core.environment:checking '/home/limdegcai/GSMART/CODE/FSD-Gsmart/planning_control/skidpad_ws/install/skidpad_msgs/lib'
[0.442s] Level 1:colcon.colcon_core.shell:create_environment_hook('skidpad_msgs', 'ld_library_path_lib')
[0.442s] INFO:colcon.colcon_core.shell:Creating environment hook '/home/limdegcai/GSMART/CODE/FSD-Gsmart/planning_control/skidpad_ws/install/skidpad_msgs/share/skidpad_msgs/hook/ld_library_path_lib.ps1'
[0.443s] INFO:colcon.colcon_core.shell:Creating environment descriptor '/home/limdegcai/GSMART/CODE/FSD-Gsmart/planning_control/skidpad_ws/install/skidpad_msgs/share/skidpad_msgs/hook/ld_library_path_lib.dsv'
[0.443s] INFO:colcon.colcon_core.shell:Creating environment hook '/home/limdegcai/GSMART/CODE/FSD-Gsmart/planning_control/skidpad_ws/install/skidpad_msgs/share/skidpad_msgs/hook/ld_library_path_lib.sh'
[0.443s] Level 1:colcon.colcon_core.environment:checking '/home/limdegcai/GSMART/CODE/FSD-Gsmart/planning_control/skidpad_ws/install/skidpad_msgs/bin'
[0.443s] Level 1:colcon.colcon_core.environment:checking '/home/limdegcai/GSMART/CODE/FSD-Gsmart/planning_control/skidpad_ws/install/skidpad_msgs/lib/pkgconfig/skidpad_msgs.pc'
[0.443s] Level 1:colcon.colcon_core.environment:checking '/home/limdegcai/GSMART/CODE/FSD-Gsmart/planning_control/skidpad_ws/install/skidpad_msgs/lib/python3.10/site-packages'
[0.443s] Level 1:colcon.colcon_core.environment:checking '/home/limdegcai/GSMART/CODE/FSD-Gsmart/planning_control/skidpad_ws/install/skidpad_msgs/bin'
[0.443s] INFO:colcon.colcon_core.shell:Creating package script '/home/limdegcai/GSMART/CODE/FSD-Gsmart/planning_control/skidpad_ws/install/skidpad_msgs/share/skidpad_msgs/package.ps1'
[0.444s] INFO:colcon.colcon_core.shell:Creating package descriptor '/home/limdegcai/GSMART/CODE/FSD-Gsmart/planning_control/skidpad_ws/install/skidpad_msgs/share/skidpad_msgs/package.dsv'
[0.444s] INFO:colcon.colcon_core.shell:Creating package script '/home/limdegcai/GSMART/CODE/FSD-Gsmart/planning_control/skidpad_ws/install/skidpad_msgs/share/skidpad_msgs/package.sh'
[0.444s] INFO:colcon.colcon_core.shell:Creating package script '/home/limdegcai/GSMART/CODE/FSD-Gsmart/planning_control/skidpad_ws/install/skidpad_msgs/share/skidpad_msgs/package.bash'
[0.444s] INFO:colcon.colcon_core.shell:Creating package script '/home/limdegcai/GSMART/CODE/FSD-Gsmart/planning_control/skidpad_ws/install/skidpad_msgs/share/skidpad_msgs/package.zsh'
[0.445s] Level 1:colcon.colcon_core.environment:create_file_with_runtime_dependencies(/home/limdegcai/GSMART/CODE/FSD-Gsmart/planning_control/skidpad_ws/install/skidpad_msgs/share/colcon-core/packages/skidpad_msgs)
[0.445s] Level 1:colcon.colcon_core.environment:create_environment_scripts_only(skidpad_msgs)
[0.445s] Level 1:colcon.colcon_core.environment:checking '/home/limdegcai/GSMART/CODE/FSD-Gsmart/planning_control/skidpad_ws/install/skidpad_msgs' for CMake module files
[0.445s] Level 1:colcon.colcon_core.environment:checking '/home/limdegcai/GSMART/CODE/FSD-Gsmart/planning_control/skidpad_ws/install/skidpad_msgs' for CMake config files
[0.446s] Level 1:colcon.colcon_core.shell:create_environment_hook('skidpad_msgs', 'cmake_prefix_path')
[0.446s] INFO:colcon.colcon_core.shell:Creating environment hook '/home/limdegcai/GSMART/CODE/FSD-Gsmart/planning_control/skidpad_ws/install/skidpad_msgs/share/skidpad_msgs/hook/cmake_prefix_path.ps1'
[0.446s] INFO:colcon.colcon_core.shell:Creating environment descriptor '/home/limdegcai/GSMART/CODE/FSD-Gsmart/planning_control/skidpad_ws/install/skidpad_msgs/share/skidpad_msgs/hook/cmake_prefix_path.dsv'
[0.446s] INFO:colcon.colcon_core.shell:Creating environment hook '/home/limdegcai/GSMART/CODE/FSD-Gsmart/planning_control/skidpad_ws/install/skidpad_msgs/share/skidpad_msgs/hook/cmake_prefix_path.sh'
[0.447s] Level 1:colcon.colcon_core.environment:checking '/home/limdegcai/GSMART/CODE/FSD-Gsmart/planning_control/skidpad_ws/install/skidpad_msgs/lib'
[0.447s] Level 1:colcon.colcon_core.shell:create_environment_hook('skidpad_msgs', 'ld_library_path_lib')
[0.447s] INFO:colcon.colcon_core.shell:Creating environment hook '/home/limdegcai/GSMART/CODE/FSD-Gsmart/planning_control/skidpad_ws/install/skidpad_msgs/share/skidpad_msgs/hook/ld_library_path_lib.ps1'
[0.447s] INFO:colcon.colcon_core.shell:Creating environment descriptor '/home/limdegcai/GSMART/CODE/FSD-Gsmart/planning_control/skidpad_ws/install/skidpad_msgs/share/skidpad_msgs/hook/ld_library_path_lib.dsv'
[0.447s] INFO:colcon.colcon_core.shell:Creating environment hook '/home/limdegcai/GSMART/CODE/FSD-Gsmart/planning_control/skidpad_ws/install/skidpad_msgs/share/skidpad_msgs/hook/ld_library_path_lib.sh'
[0.448s] Level 1:colcon.colcon_core.environment:checking '/home/limdegcai/GSMART/CODE/FSD-Gsmart/planning_control/skidpad_ws/install/skidpad_msgs/bin'
[0.448s] Level 1:colcon.colcon_core.environment:checking '/home/limdegcai/GSMART/CODE/FSD-Gsmart/planning_control/skidpad_ws/install/skidpad_msgs/lib/pkgconfig/skidpad_msgs.pc'
[0.448s] Level 1:colcon.colcon_core.environment:checking '/home/limdegcai/GSMART/CODE/FSD-Gsmart/planning_control/skidpad_ws/install/skidpad_msgs/lib/python3.10/site-packages'
[0.448s] Level 1:colcon.colcon_core.environment:checking '/home/limdegcai/GSMART/CODE/FSD-Gsmart/planning_control/skidpad_ws/install/skidpad_msgs/bin'
[0.448s] INFO:colcon.colcon_core.shell:Creating package script '/home/limdegcai/GSMART/CODE/FSD-Gsmart/planning_control/skidpad_ws/install/skidpad_msgs/share/skidpad_msgs/package.ps1'
[0.449s] INFO:colcon.colcon_core.shell:Creating package descriptor '/home/limdegcai/GSMART/CODE/FSD-Gsmart/planning_control/skidpad_ws/install/skidpad_msgs/share/skidpad_msgs/package.dsv'
[0.449s] INFO:colcon.colcon_core.shell:Creating package script '/home/limdegcai/GSMART/CODE/FSD-Gsmart/planning_control/skidpad_ws/install/skidpad_msgs/share/skidpad_msgs/package.sh'
[0.449s] INFO:colcon.colcon_core.shell:Creating package script '/home/limdegcai/GSMART/CODE/FSD-Gsmart/planning_control/skidpad_ws/install/skidpad_msgs/share/skidpad_msgs/package.bash'
[0.449s] INFO:colcon.colcon_core.shell:Creating package script '/home/limdegcai/GSMART/CODE/FSD-Gsmart/planning_control/skidpad_ws/install/skidpad_msgs/share/skidpad_msgs/package.zsh'
[0.449s] Level 1:colcon.colcon_core.environment:create_file_with_runtime_dependencies(/home/limdegcai/GSMART/CODE/FSD-Gsmart/planning_control/skidpad_ws/install/skidpad_msgs/share/colcon-core/packages/skidpad_msgs)
[0.450s] INFO:colcon.colcon_ros.task.ament_python.build:Building ROS package in '/home/limdegcai/GSMART/CODE/FSD-Gsmart/planning_control/skidpad_ws/src/skidpad_control' with build type 'ament_python'
[0.450s] Level 1:colcon.colcon_core.shell:create_environment_hook('skidpad_control', 'ament_prefix_path')
[0.450s] INFO:colcon.colcon_core.shell:Creating environment hook '/home/limdegcai/GSMART/CODE/FSD-Gsmart/planning_control/skidpad_ws/install/skidpad_control/share/skidpad_control/hook/ament_prefix_path.ps1'
[0.450s] INFO:colcon.colcon_core.shell:Creating environment descriptor '/home/limdegcai/GSMART/CODE/FSD-Gsmart/planning_control/skidpad_ws/install/skidpad_control/share/skidpad_control/hook/ament_prefix_path.dsv'
[0.451s] INFO:colcon.colcon_core.shell:Creating environment hook '/home/limdegcai/GSMART/CODE/FSD-Gsmart/planning_control/skidpad_ws/install/skidpad_control/share/skidpad_control/hook/ament_prefix_path.sh'
[0.451s] INFO:colcon.colcon_core.shell:Skip shell extension 'powershell' for command environment: Not usable outside of PowerShell
[0.451s] DEBUG:colcon.colcon_core.shell:Skip shell extension 'dsv' for command environment
[0.453s] INFO:colcon.colcon_ros.task.ament_cmake.build:Building ROS package in '/home/limdegcai/GSMART/CODE/FSD-Gsmart/planning_control/skidpad_ws/src/skidpad_planner' with build type 'ament_cmake'
[0.453s] INFO:colcon.colcon_cmake.task.cmake.build:Building CMake package in '/home/limdegcai/GSMART/CODE/FSD-Gsmart/planning_control/skidpad_ws/src/skidpad_planner'
[0.453s] INFO:colcon.colcon_core.shell:Skip shell extension 'powershell' for command environment: Not usable outside of PowerShell
[0.453s] DEBUG:colcon.colcon_core.shell:Skip shell extension 'dsv' for command environment
[0.455s] INFO:colcon.colcon_ros.task.ament_python.build:Building ROS package in '/home/limdegcai/GSMART/CODE/FSD-Gsmart/planning_control/skidpad_ws/src/fsds_bridge' with build type 'ament_python'
[0.455s] Level 1:colcon.colcon_core.shell:create_environment_hook('fsds_bridge', 'ament_prefix_path')
[0.455s] INFO:colcon.colcon_core.shell:Creating environment hook '/home/limdegcai/GSMART/CODE/FSD-Gsmart/planning_control/skidpad_ws/install/fsds_bridge/share/fsds_bridge/hook/ament_prefix_path.ps1'
[0.456s] INFO:colcon.colcon_core.shell:Creating environment descriptor '/home/limdegcai/GSMART/CODE/FSD-Gsmart/planning_control/skidpad_ws/install/fsds_bridge/share/fsds_bridge/hook/ament_prefix_path.dsv'
[0.456s] INFO:colcon.colcon_core.shell:Creating environment hook '/home/limdegcai/GSMART/CODE/FSD-Gsmart/planning_control/skidpad_ws/install/fsds_bridge/share/fsds_bridge/hook/ament_prefix_path.sh'
[0.456s] INFO:colcon.colcon_core.shell:Skip shell extension 'powershell' for command environment: Not usable outside of PowerShell
[0.456s] DEBUG:colcon.colcon_core.shell:Skip shell extension 'dsv' for command environment
[0.582s] INFO:colcon.colcon_core.task.python.build:Building Python package in '/home/limdegcai/GSMART/CODE/FSD-Gsmart/planning_control/skidpad_ws/src/skidpad_control'
[0.582s] INFO:colcon.colcon_core.shell:Skip shell extension 'powershell' for command environment: Not usable outside of PowerShell
[0.582s] DEBUG:colcon.colcon_core.shell:Skip shell extension 'dsv' for command environment
[0.587s] DEBUG:colcon.colcon_core.event_handler.log_command:Invoking command in '/home/limdegcai/GSMART/CODE/FSD-Gsmart/planning_control/skidpad_ws/build/skidpad_planner': CMAKE_PREFIX_PATH=/home/limdegcai/GSMART/CODE/FSD-Gsmart/planning_control/skidpad_ws/install/skidpad_msgs:/home/limdegcai/GSMART/CODE/FSD-Gsmart/planning_control/skidpad_ws/install/skidpad_bringup:/home/limdegcai/GSMART/CODE/FSD-Gsmart/planning_control/skidpad_ws/install/skidpad_planner:/home/limdegcai/GSMART/CODE/FSD-Gsmart/planning_control/skidpad_ws/install/skidpad_icp:/home/limdegcai/GSMART/CODE/FSD-Gsmart/planning_control/skidpad_ws/install/skidpad_control:/home/limdegcai/GSMART/CODE/FSD-Gsmart/planning_control/skidpad_ws/install/fsds_bridge:/home/limdegcai/GSMART/CODE/FSD-Gsmart/planning_control/skidpad_ws/install/icp_test_tools:/opt/ros/humble CONDA_PROMPT_MODIFIER=(base) /usr/bin/cmake --build /home/limdegcai/GSMART/CODE/FSD-Gsmart/planning_control/skidpad_ws/build/skidpad_planner -- -j32 -l32
[0.711s] INFO:colcon.colcon_core.task.python.build:Building Python package in '/home/limdegcai/GSMART/CODE/FSD-Gsmart/planning_control/skidpad_ws/src/fsds_bridge'
[0.711s] INFO:colcon.colcon_core.shell:Skip shell extension 'powershell' for command environment: Not usable outside of PowerShell
[0.711s] DEBUG:colcon.colcon_core.shell:Skip shell extension 'dsv' for command environment
[0.715s] DEBUG:colcon.colcon_core.event_handler.log_command:Invoking command in '/home/limdegcai/GSMART/CODE/FSD-Gsmart/planning_control/skidpad_ws/build/icp_test_tools': CONDA_PROMPT_MODIFIER=(base) PYTHONPATH=/home/limdegcai/GSMART/CODE/FSD-Gsmart/planning_control/skidpad_ws/build/icp_test_tools/prefix_override:/usr/lib/python3/dist-packages/colcon_core/task/python/colcon_distutils_commands:/home/limdegcai/GSMART/CODE/FSD-Gsmart/planning_control/skidpad_ws/install/icp_test_tools/lib/python3.10/site-packages:${PYTHONPATH} /usr/bin/python3 -W ignore:setup.py install is deprecated -W ignore:easy_install command is deprecated setup.py develop --editable --build-directory /home/limdegcai/GSMART/CODE/FSD-Gsmart/planning_control/skidpad_ws/build/icp_test_tools/build --no-deps symlink_data
[0.716s] DEBUG:colcon.colcon_core.event_handler.log_command:Invoked command in '/home/limdegcai/GSMART/CODE/FSD-Gsmart/planning_control/skidpad_ws/build/skidpad_planner' returned '0': CMAKE_PREFIX_PATH=/home/limdegcai/GSMART/CODE/FSD-Gsmart/planning_control/skidpad_ws/install/skidpad_msgs:/home/limdegcai/GSMART/CODE/FSD-Gsmart/planning_control/skidpad_ws/install/skidpad_bringup:/home/limdegcai/GSMART/CODE/FSD-Gsmart/planning_control/skidpad_ws/install/skidpad_planner:/home/limdegcai/GSMART/CODE/FSD-Gsmart/planning_control/skidpad_ws/install/skidpad_icp:/home/limdegcai/GSMART/CODE/FSD-Gsmart/planning_control/skidpad_ws/install/skidpad_control:/home/limdegcai/GSMART/CODE/FSD-Gsmart/planning_control/skidpad_ws/install/fsds_bridge:/home/limdegcai/GSMART/CODE/FSD-Gsmart/planning_control/skidpad_ws/install/icp_test_tools:/opt/ros/humble CONDA_PROMPT_MODIFIER=(base) /usr/bin/cmake --build /home/limdegcai/GSMART/CODE/FSD-Gsmart/planning_control/skidpad_ws/build/skidpad_planner -- -j32 -l32
[0.717s] DEBUG:colcon.colcon_core.event_handler.log_command:Invoking command in '/home/limdegcai/GSMART/CODE/FSD-Gsmart/planning_control/skidpad_ws/build/skidpad_planner': CMAKE_PREFIX_PATH=/home/limdegcai/GSMART/CODE/FSD-Gsmart/planning_control/skidpad_ws/install/skidpad_msgs:/home/limdegcai/GSMART/CODE/FSD-Gsmart/planning_control/skidpad_ws/install/skidpad_bringup:/home/limdegcai/GSMART/CODE/FSD-Gsmart/planning_control/skidpad_ws/install/skidpad_planner:/home/limdegcai/GSMART/CODE/FSD-Gsmart/planning_control/skidpad_ws/install/skidpad_icp:/home/limdegcai/GSMART/CODE/FSD-Gsmart/planning_control/skidpad_ws/install/skidpad_control:/home/limdegcai/GSMART/CODE/FSD-Gsmart/planning_control/skidpad_ws/install/fsds_bridge:/home/limdegcai/GSMART/CODE/FSD-Gsmart/planning_control/skidpad_ws/install/icp_test_tools:/opt/ros/humble CONDA_PROMPT_MODIFIER=(base) /usr/bin/cmake --install /home/limdegcai/GSMART/CODE/FSD-Gsmart/planning_control/skidpad_ws/build/skidpad_planner
[0.731s] Level 1:colcon.colcon_core.environment:create_environment_scripts_only(skidpad_planner)
[0.731s] Level 1:colcon.colcon_core.environment:checking '/home/limdegcai/GSMART/CODE/FSD-Gsmart/planning_control/skidpad_ws/install/skidpad_planner' for CMake module files
[0.731s] DEBUG:colcon.colcon_core.event_handler.log_command:Invoked command in '/home/limdegcai/GSMART/CODE/FSD-Gsmart/planning_control/skidpad_ws/build/skidpad_planner' returned '0': CMAKE_PREFIX_PATH=/home/limdegcai/GSMART/CODE/FSD-Gsmart/planning_control/skidpad_ws/install/skidpad_msgs:/home/limdegcai/GSMART/CODE/FSD-Gsmart/planning_control/skidpad_ws/install/skidpad_bringup:/home/limdegcai/GSMART/CODE/FSD-Gsmart/planning_control/skidpad_ws/install/skidpad_planner:/home/limdegcai/GSMART/CODE/FSD-Gsmart/planning_control/skidpad_ws/install/skidpad_icp:/home/limdegcai/GSMART/CODE/FSD-Gsmart/planning_control/skidpad_ws/install/skidpad_control:/home/limdegcai/GSMART/CODE/FSD-Gsmart/planning_control/skidpad_ws/install/fsds_bridge:/home/limdegcai/GSMART/CODE/FSD-Gsmart/planning_control/skidpad_ws/install/icp_test_tools:/opt/ros/humble CONDA_PROMPT_MODIFIER=(base) /usr/bin/cmake --install /home/limdegcai/GSMART/CODE/FSD-Gsmart/planning_control/skidpad_ws/build/skidpad_planner
[0.732s] Level 1:colcon.colcon_core.environment:checking '/home/limdegcai/GSMART/CODE/FSD-Gsmart/planning_control/skidpad_ws/install/skidpad_planner' for CMake config files
[0.732s] Level 1:colcon.colcon_core.shell:create_environment_hook('skidpad_planner', 'cmake_prefix_path')
[0.732s] INFO:colcon.colcon_core.shell:Creating environment hook '/home/limdegcai/GSMART/CODE/FSD-Gsmart/planning_control/skidpad_ws/install/skidpad_planner/share/skidpad_planner/hook/cmake_prefix_path.ps1'
[0.732s] INFO:colcon.colcon_core.shell:Creating environment descriptor '/home/limdegcai/GSMART/CODE/FSD-Gsmart/planning_control/skidpad_ws/install/skidpad_planner/share/skidpad_planner/hook/cmake_prefix_path.dsv'
[0.733s] INFO:colcon.colcon_core.shell:Creating environment hook '/home/limdegcai/GSMART/CODE/FSD-Gsmart/planning_control/skidpad_ws/install/skidpad_planner/share/skidpad_planner/hook/cmake_prefix_path.sh'
[0.733s] Level 1:colcon.colcon_core.environment:checking '/home/limdegcai/GSMART/CODE/FSD-Gsmart/planning_control/skidpad_ws/install/skidpad_planner/lib'
[0.733s] Level 1:colcon.colcon_core.environment:checking '/home/limdegcai/GSMART/CODE/FSD-Gsmart/planning_control/skidpad_ws/install/skidpad_planner/bin'
[0.733s] Level 1:colcon.colcon_core.environment:checking '/home/limdegcai/GSMART/CODE/FSD-Gsmart/planning_control/skidpad_ws/install/skidpad_planner/lib/pkgconfig/skidpad_planner.pc'
[0.733s] Level 1:colcon.colcon_core.environment:checking '/home/limdegcai/GSMART/CODE/FSD-Gsmart/planning_control/skidpad_ws/install/skidpad_planner/lib/python3.10/site-packages'
[0.733s] Level 1:colcon.colcon_core.environment:checking '/home/limdegcai/GSMART/CODE/FSD-Gsmart/planning_control/skidpad_ws/install/skidpad_planner/bin'
[0.733s] INFO:colcon.colcon_core.shell:Creating package script '/home/limdegcai/GSMART/CODE/FSD-Gsmart/planning_control/skidpad_ws/install/skidpad_planner/share/skidpad_planner/package.ps1'
[0.734s] INFO:colcon.colcon_core.shell:Creating package descriptor '/home/limdegcai/GSMART/CODE/FSD-Gsmart/planning_control/skidpad_ws/install/skidpad_planner/share/skidpad_planner/package.dsv'
[0.734s] INFO:colcon.colcon_core.shell:Creating package script '/home/limdegcai/GSMART/CODE/FSD-Gsmart/planning_control/skidpad_ws/install/skidpad_planner/share/skidpad_planner/package.sh'
[0.734s] INFO:colcon.colcon_core.shell:Creating package script '/home/limdegcai/GSMART/CODE/FSD-Gsmart/planning_control/skidpad_ws/install/skidpad_planner/share/skidpad_planner/package.bash'
[0.734s] INFO:colcon.colcon_core.shell:Creating package script '/home/limdegcai/GSMART/CODE/FSD-Gsmart/planning_control/skidpad_ws/install/skidpad_planner/share/skidpad_planner/package.zsh'
[0.735s] Level 1:colcon.colcon_core.environment:create_file_with_runtime_dependencies(/home/limdegcai/GSMART/CODE/FSD-Gsmart/planning_control/skidpad_ws/install/skidpad_planner/share/colcon-core/packages/skidpad_planner)
[0.735s] Level 1:colcon.colcon_core.environment:create_environment_scripts_only(skidpad_planner)
[0.735s] Level 1:colcon.colcon_core.environment:checking '/home/limdegcai/GSMART/CODE/FSD-Gsmart/planning_control/skidpad_ws/install/skidpad_planner' for CMake module files
[0.735s] Level 1:colcon.colcon_core.environment:checking '/home/limdegcai/GSMART/CODE/FSD-Gsmart/planning_control/skidpad_ws/install/skidpad_planner' for CMake config files
[0.735s] Level 1:colcon.colcon_core.shell:create_environment_hook('skidpad_planner', 'cmake_prefix_path')
[0.736s] INFO:colcon.colcon_core.shell:Creating environment hook '/home/limdegcai/GSMART/CODE/FSD-Gsmart/planning_control/skidpad_ws/install/skidpad_planner/share/skidpad_planner/hook/cmake_prefix_path.ps1'
[0.736s] INFO:colcon.colcon_core.shell:Creating environment descriptor '/home/limdegcai/GSMART/CODE/FSD-Gsmart/planning_control/skidpad_ws/install/skidpad_planner/share/skidpad_planner/hook/cmake_prefix_path.dsv'
[0.736s] INFO:colcon.colcon_core.shell:Creating environment hook '/home/limdegcai/GSMART/CODE/FSD-Gsmart/planning_control/skidpad_ws/install/skidpad_planner/share/skidpad_planner/hook/cmake_prefix_path.sh'
[0.736s] Level 1:colcon.colcon_core.environment:checking '/home/limdegcai/GSMART/CODE/FSD-Gsmart/planning_control/skidpad_ws/install/skidpad_planner/lib'
[0.736s] Level 1:colcon.colcon_core.environment:checking '/home/limdegcai/GSMART/CODE/FSD-Gsmart/planning_control/skidpad_ws/install/skidpad_planner/bin'
[0.736s] Level 1:colcon.colcon_core.environment:checking '/home/limdegcai/GSMART/CODE/FSD-Gsmart/planning_control/skidpad_ws/install/skidpad_planner/lib/pkgconfig/skidpad_planner.pc'
[0.736s] Level 1:colcon.colcon_core.environment:checking '/home/limdegcai/GSMART/CODE/FSD-Gsmart/planning_control/skidpad_ws/install/skidpad_planner/lib/python3.10/site-packages'
[0.737s] Level 1:colcon.colcon_core.environment:checking '/home/limdegcai/GSMART/CODE/FSD-Gsmart/planning_control/skidpad_ws/install/skidpad_planner/bin'
[0.737s] INFO:colcon.colcon_core.shell:Creating package script '/home/limdegcai/GSMART/CODE/FSD-Gsmart/planning_control/skidpad_ws/install/skidpad_planner/share/skidpad_planner/package.ps1'
[0.737s] INFO:colcon.colcon_core.shell:Creating package descriptor '/home/limdegcai/GSMART/CODE/FSD-Gsmart/planning_control/skidpad_ws/install/skidpad_planner/share/skidpad_planner/package.dsv'
[0.737s] INFO:colcon.colcon_core.shell:Creating package script '/home/limdegcai/GSMART/CODE/FSD-Gsmart/planning_control/skidpad_ws/install/skidpad_planner/share/skidpad_planner/package.sh'
[0.737s] INFO:colcon.colcon_core.shell:Creating package script '/home/limdegcai/GSMART/CODE/FSD-Gsmart/planning_control/skidpad_ws/install/skidpad_planner/share/skidpad_planner/package.bash'
[0.738s] INFO:colcon.colcon_core.shell:Creating package script '/home/limdegcai/GSMART/CODE/FSD-Gsmart/planning_control/skidpad_ws/install/skidpad_planner/share/skidpad_planner/package.zsh'
[0.738s] Level 1:colcon.colcon_core.environment:create_file_with_runtime_dependencies(/home/limdegcai/GSMART/CODE/FSD-Gsmart/planning_control/skidpad_ws/install/skidpad_planner/share/colcon-core/packages/skidpad_planner)
[0.880s] DEBUG:colcon.colcon_core.event_handler.log_command:Invoking command in '/home/limdegcai/GSMART/CODE/FSD-Gsmart/planning_control/skidpad_ws/build/skidpad_control': CMAKE_PREFIX_PATH=/home/limdegcai/GSMART/CODE/FSD-Gsmart/planning_control/skidpad_ws/install/skidpad_msgs:/home/limdegcai/GSMART/CODE/FSD-Gsmart/planning_control/skidpad_ws/install/skidpad_bringup:/home/limdegcai/GSMART/CODE/FSD-Gsmart/planning_control/skidpad_ws/install/skidpad_planner:/home/limdegcai/GSMART/CODE/FSD-Gsmart/planning_control/skidpad_ws/install/skidpad_icp CONDA_PROMPT_MODIFIER=(base) PYTHONPATH=/home/limdegcai/GSMART/CODE/FSD-Gsmart/planning_control/skidpad_ws/build/skidpad_control/prefix_override:/usr/lib/python3/dist-packages/colcon_core/task/python/colcon_distutils_commands:/home/limdegcai/GSMART/CODE/FSD-Gsmart/planning_control/skidpad_ws/install/skidpad_control/lib/python3.10/site-packages:${PYTHONPATH} /usr/bin/python3 -W ignore:setup.py install is deprecated -W ignore:easy_install command is deprecated setup.py develop --editable --build-directory /home/limdegcai/GSMART/CODE/FSD-Gsmart/planning_control/skidpad_ws/build/skidpad_control/build --no-deps symlink_data
[0.885s] DEBUG:colcon.colcon_core.event_handler.log_command:Invoking command in '/home/limdegcai/GSMART/CODE/FSD-Gsmart/planning_control/skidpad_ws/build/fsds_bridge': CMAKE_PREFIX_PATH=/home/limdegcai/GSMART/CODE/FSD-Gsmart/planning_control/skidpad_ws/install/skidpad_msgs:/home/limdegcai/GSMART/CODE/FSD-Gsmart/planning_control/skidpad_ws/install/skidpad_bringup:/home/limdegcai/GSMART/CODE/FSD-Gsmart/planning_control/skidpad_ws/install/skidpad_planner:/home/limdegcai/GSMART/CODE/FSD-Gsmart/planning_control/skidpad_ws/install/skidpad_icp CONDA_PROMPT_MODIFIER=(base) PYTHONPATH=/home/limdegcai/GSMART/CODE/FSD-Gsmart/planning_control/skidpad_ws/build/fsds_bridge/prefix_override:/usr/lib/python3/dist-packages/colcon_core/task/python/colcon_distutils_commands:/home/limdegcai/GSMART/CODE/FSD-Gsmart/planning_control/skidpad_ws/install/fsds_bridge/lib/python3.10/site-packages:${PYTHONPATH} /usr/bin/python3 -W ignore:setup.py install is deprecated -W ignore:easy_install command is deprecated setup.py develop --editable --build-directory /home/limdegcai/GSMART/CODE/FSD-Gsmart/planning_control/skidpad_ws/build/fsds_bridge/build --no-deps symlink_data
[0.934s] Level 1:colcon.colcon_core.shell:create_environment_hook('icp_test_tools', 'pythonpath_develop')
[0.934s] INFO:colcon.colcon_core.shell:Creating environment hook '/home/limdegcai/GSMART/CODE/FSD-Gsmart/planning_control/skidpad_ws/build/icp_test_tools/share/icp_test_tools/hook/pythonpath_develop.ps1'
[0.934s] DEBUG:colcon.colcon_core.event_handler.log_command:Invoked command in '/home/limdegcai/GSMART/CODE/FSD-Gsmart/planning_control/skidpad_ws/build/icp_test_tools' returned '0': CONDA_PROMPT_MODIFIER=(base) PYTHONPATH=/home/limdegcai/GSMART/CODE/FSD-Gsmart/planning_control/skidpad_ws/build/icp_test_tools/prefix_override:/usr/lib/python3/dist-packages/colcon_core/task/python/colcon_distutils_commands:/home/limdegcai/GSMART/CODE/FSD-Gsmart/planning_control/skidpad_ws/install/icp_test_tools/lib/python3.10/site-packages:${PYTHONPATH} /usr/bin/python3 -W ignore:setup.py install is deprecated -W ignore:easy_install command is deprecated setup.py develop --editable --build-directory /home/limdegcai/GSMART/CODE/FSD-Gsmart/planning_control/skidpad_ws/build/icp_test_tools/build --no-deps symlink_data
[0.934s] INFO:colcon.colcon_core.shell:Creating environment descriptor '/home/limdegcai/GSMART/CODE/FSD-Gsmart/planning_control/skidpad_ws/build/icp_test_tools/share/icp_test_tools/hook/pythonpath_develop.dsv'
[0.935s] INFO:colcon.colcon_core.shell:Creating environment hook '/home/limdegcai/GSMART/CODE/FSD-Gsmart/planning_control/skidpad_ws/build/icp_test_tools/share/icp_test_tools/hook/pythonpath_develop.sh'
[0.935s] Level 1:colcon.colcon_core.environment:checking '/home/limdegcai/GSMART/CODE/FSD-Gsmart/planning_control/skidpad_ws/install/icp_test_tools' for CMake module files
[0.935s] Level 1:colcon.colcon_core.environment:checking '/home/limdegcai/GSMART/CODE/FSD-Gsmart/planning_control/skidpad_ws/install/icp_test_tools' for CMake config files
[0.936s] Level 1:colcon.colcon_core.environment:checking '/home/limdegcai/GSMART/CODE/FSD-Gsmart/planning_control/skidpad_ws/install/icp_test_tools/lib'
[0.936s] Level 1:colcon.colcon_core.environment:checking '/home/limdegcai/GSMART/CODE/FSD-Gsmart/planning_control/skidpad_ws/install/icp_test_tools/bin'
[0.936s] Level 1:colcon.colcon_core.environment:checking '/home/limdegcai/GSMART/CODE/FSD-Gsmart/planning_control/skidpad_ws/install/icp_test_tools/lib/pkgconfig/icp_test_tools.pc'
[0.936s] Level 1:colcon.colcon_core.environment:checking '/home/limdegcai/GSMART/CODE/FSD-Gsmart/planning_control/skidpad_ws/install/icp_test_tools/lib/python3.10/site-packages'
[0.936s] Level 1:colcon.colcon_core.shell:create_environment_hook('icp_test_tools', 'pythonpath')
[0.936s] INFO:colcon.colcon_core.shell:Creating environment hook '/home/limdegcai/GSMART/CODE/FSD-Gsmart/planning_control/skidpad_ws/install/icp_test_tools/share/icp_test_tools/hook/pythonpath.ps1'
[0.936s] INFO:colcon.colcon_core.shell:Creating environment descriptor '/home/limdegcai/GSMART/CODE/FSD-Gsmart/planning_control/skidpad_ws/install/icp_test_tools/share/icp_test_tools/hook/pythonpath.dsv'
[0.936s] INFO:colcon.colcon_core.shell:Creating environment hook '/home/limdegcai/GSMART/CODE/FSD-Gsmart/planning_control/skidpad_ws/install/icp_test_tools/share/icp_test_tools/hook/pythonpath.sh'
[0.937s] Level 1:colcon.colcon_core.environment:checking '/home/limdegcai/GSMART/CODE/FSD-Gsmart/planning_control/skidpad_ws/install/icp_test_tools/bin'
[0.937s] Level 1:colcon.colcon_core.environment:create_environment_scripts_only(icp_test_tools)
[0.937s] INFO:colcon.colcon_core.shell:Creating package script '/home/limdegcai/GSMART/CODE/FSD-Gsmart/planning_control/skidpad_ws/install/icp_test_tools/share/icp_test_tools/package.ps1'
[0.937s] INFO:colcon.colcon_core.shell:Creating package descriptor '/home/limdegcai/GSMART/CODE/FSD-Gsmart/planning_control/skidpad_ws/install/icp_test_tools/share/icp_test_tools/package.dsv'
[0.937s] INFO:colcon.colcon_core.shell:Creating package script '/home/limdegcai/GSMART/CODE/FSD-Gsmart/planning_control/skidpad_ws/install/icp_test_tools/share/icp_test_tools/package.sh'
[0.938s] INFO:colcon.colcon_core.shell:Creating package script '/home/limdegcai/GSMART/CODE/FSD-Gsmart/planning_control/skidpad_ws/install/icp_test_tools/share/icp_test_tools/package.bash'
[0.938s] INFO:colcon.colcon_core.shell:Creating package script '/home/limdegcai/GSMART/CODE/FSD-Gsmart/planning_control/skidpad_ws/install/icp_test_tools/share/icp_test_tools/package.zsh'
[0.938s] Level 1:colcon.colcon_core.environment:create_file_with_runtime_dependencies(/home/limdegcai/GSMART/CODE/FSD-Gsmart/planning_control/skidpad_ws/install/icp_test_tools/share/colcon-core/packages/icp_test_tools)
[1.101s] Level 1:colcon.colcon_core.shell:create_environment_hook('skidpad_control', 'pythonpath_develop')
[1.101s] INFO:colcon.colcon_core.shell:Creating environment hook '/home/limdegcai/GSMART/CODE/FSD-Gsmart/planning_control/skidpad_ws/build/skidpad_control/share/skidpad_control/hook/pythonpath_develop.ps1'
[1.102s] DEBUG:colcon.colcon_core.event_handler.log_command:Invoked command in '/home/limdegcai/GSMART/CODE/FSD-Gsmart/planning_control/skidpad_ws/build/skidpad_control' returned '0': CMAKE_PREFIX_PATH=/home/limdegcai/GSMART/CODE/FSD-Gsmart/planning_control/skidpad_ws/install/skidpad_msgs:/home/limdegcai/GSMART/CODE/FSD-Gsmart/planning_control/skidpad_ws/install/skidpad_bringup:/home/limdegcai/GSMART/CODE/FSD-Gsmart/planning_control/skidpad_ws/install/skidpad_planner:/home/limdegcai/GSMART/CODE/FSD-Gsmart/planning_control/skidpad_ws/install/skidpad_icp CONDA_PROMPT_MODIFIER=(base) PYTHONPATH=/home/limdegcai/GSMART/CODE/FSD-Gsmart/planning_control/skidpad_ws/build/skidpad_control/prefix_override:/usr/lib/python3/dist-packages/colcon_core/task/python/colcon_distutils_commands:/home/limdegcai/GSMART/CODE/FSD-Gsmart/planning_control/skidpad_ws/install/skidpad_control/lib/python3.10/site-packages:${PYTHONPATH} /usr/bin/python3 -W ignore:setup.py install is deprecated -W ignore:easy_install command is deprecated setup.py develop --editable --build-directory /home/limdegcai/GSMART/CODE/FSD-Gsmart/planning_control/skidpad_ws/build/skidpad_control/build --no-deps symlink_data
[1.102s] INFO:colcon.colcon_core.shell:Creating environment descriptor '/home/limdegcai/GSMART/CODE/FSD-Gsmart/planning_control/skidpad_ws/build/skidpad_control/share/skidpad_control/hook/pythonpath_develop.dsv'
[1.102s] INFO:colcon.colcon_core.shell:Creating environment hook '/home/limdegcai/GSMART/CODE/FSD-Gsmart/planning_control/skidpad_ws/build/skidpad_control/share/skidpad_control/hook/pythonpath_develop.sh'
[1.103s] Level 1:colcon.colcon_core.environment:checking '/home/limdegcai/GSMART/CODE/FSD-Gsmart/planning_control/skidpad_ws/install/skidpad_control' for CMake module files
[1.103s] Level 1:colcon.colcon_core.environment:checking '/home/limdegcai/GSMART/CODE/FSD-Gsmart/planning_control/skidpad_ws/install/skidpad_control' for CMake config files
[1.103s] Level 1:colcon.colcon_core.environment:checking '/home/limdegcai/GSMART/CODE/FSD-Gsmart/planning_control/skidpad_ws/install/skidpad_control/lib'
[1.103s] Level 1:colcon.colcon_core.environment:checking '/home/limdegcai/GSMART/CODE/FSD-Gsmart/planning_control/skidpad_ws/install/skidpad_control/bin'
[1.103s] Level 1:colcon.colcon_core.environment:checking '/home/limdegcai/GSMART/CODE/FSD-Gsmart/planning_control/skidpad_ws/install/skidpad_control/lib/pkgconfig/skidpad_control.pc'
[1.103s] Level 1:colcon.colcon_core.environment:checking '/home/limdegcai/GSMART/CODE/FSD-Gsmart/planning_control/skidpad_ws/install/skidpad_control/lib/python3.10/site-packages'
[1.103s] Level 1:colcon.colcon_core.shell:create_environment_hook('skidpad_control', 'pythonpath')
[1.103s] INFO:colcon.colcon_core.shell:Creating environment hook '/home/limdegcai/GSMART/CODE/FSD-Gsmart/planning_control/skidpad_ws/install/skidpad_control/share/skidpad_control/hook/pythonpath.ps1'
[1.104s] INFO:colcon.colcon_core.shell:Creating environment descriptor '/home/limdegcai/GSMART/CODE/FSD-Gsmart/planning_control/skidpad_ws/install/skidpad_control/share/skidpad_control/hook/pythonpath.dsv'
[1.104s] INFO:colcon.colcon_core.shell:Creating environment hook '/home/limdegcai/GSMART/CODE/FSD-Gsmart/planning_control/skidpad_ws/install/skidpad_control/share/skidpad_control/hook/pythonpath.sh'
[1.104s] Level 1:colcon.colcon_core.environment:checking '/home/limdegcai/GSMART/CODE/FSD-Gsmart/planning_control/skidpad_ws/install/skidpad_control/bin'
[1.104s] Level 1:colcon.colcon_core.environment:create_environment_scripts_only(skidpad_control)
[1.104s] INFO:colcon.colcon_core.shell:Creating package script '/home/limdegcai/GSMART/CODE/FSD-Gsmart/planning_control/skidpad_ws/install/skidpad_control/share/skidpad_control/package.ps1'
[1.105s] INFO:colcon.colcon_core.shell:Creating package descriptor '/home/limdegcai/GSMART/CODE/FSD-Gsmart/planning_control/skidpad_ws/install/skidpad_control/share/skidpad_control/package.dsv'
[1.105s] INFO:colcon.colcon_core.shell:Creating package script '/home/limdegcai/GSMART/CODE/FSD-Gsmart/planning_control/skidpad_ws/install/skidpad_control/share/skidpad_control/package.sh'
[1.105s] INFO:colcon.colcon_core.shell:Creating package script '/home/limdegcai/GSMART/CODE/FSD-Gsmart/planning_control/skidpad_ws/install/skidpad_control/share/skidpad_control/package.bash'
[1.105s] INFO:colcon.colcon_core.shell:Creating package script '/home/limdegcai/GSMART/CODE/FSD-Gsmart/planning_control/skidpad_ws/install/skidpad_control/share/skidpad_control/package.zsh'
[1.105s] Level 1:colcon.colcon_core.environment:create_file_with_runtime_dependencies(/home/limdegcai/GSMART/CODE/FSD-Gsmart/planning_control/skidpad_ws/install/skidpad_control/share/colcon-core/packages/skidpad_control)
[1.106s] INFO:colcon.colcon_ros.task.ament_cmake.build:Building ROS package in '/home/limdegcai/GSMART/CODE/FSD-Gsmart/planning_control/skidpad_ws/src/skidpad_bringup' with build type 'ament_cmake'
[1.106s] INFO:colcon.colcon_cmake.task.cmake.build:Building CMake package in '/home/limdegcai/GSMART/CODE/FSD-Gsmart/planning_control/skidpad_ws/src/skidpad_bringup'
[1.106s] INFO:colcon.colcon_core.shell:Skip shell extension 'powershell' for command environment: Not usable outside of PowerShell
[1.106s] DEBUG:colcon.colcon_core.shell:Skip shell extension 'dsv' for command environment
[1.109s] Level 1:colcon.colcon_core.shell:create_environment_hook('fsds_bridge', 'pythonpath_develop')
[1.109s] INFO:colcon.colcon_core.shell:Creating environment hook '/home/limdegcai/GSMART/CODE/FSD-Gsmart/planning_control/skidpad_ws/build/fsds_bridge/share/fsds_bridge/hook/pythonpath_develop.ps1'
[1.109s] DEBUG:colcon.colcon_core.event_handler.log_command:Invoked command in '/home/limdegcai/GSMART/CODE/FSD-Gsmart/planning_control/skidpad_ws/build/fsds_bridge' returned '0': CMAKE_PREFIX_PATH=/home/limdegcai/GSMART/CODE/FSD-Gsmart/planning_control/skidpad_ws/install/skidpad_msgs:/home/limdegcai/GSMART/CODE/FSD-Gsmart/planning_control/skidpad_ws/install/skidpad_bringup:/home/limdegcai/GSMART/CODE/FSD-Gsmart/planning_control/skidpad_ws/install/skidpad_planner:/home/limdegcai/GSMART/CODE/FSD-Gsmart/planning_control/skidpad_ws/install/skidpad_icp CONDA_PROMPT_MODIFIER=(base) PYTHONPATH=/home/limdegcai/GSMART/CODE/FSD-Gsmart/planning_control/skidpad_ws/build/fsds_bridge/prefix_override:/usr/lib/python3/dist-packages/colcon_core/task/python/colcon_distutils_commands:/home/limdegcai/GSMART/CODE/FSD-Gsmart/planning_control/skidpad_ws/install/fsds_bridge/lib/python3.10/site-packages:${PYTHONPATH} /usr/bin/python3 -W ignore:setup.py install is deprecated -W ignore:easy_install command is deprecated setup.py develop --editable --build-directory /home/limdegcai/GSMART/CODE/FSD-Gsmart/planning_control/skidpad_ws/build/fsds_bridge/build --no-deps symlink_data
[1.110s] INFO:colcon.colcon_core.shell:Creating environment descriptor '/home/limdegcai/GSMART/CODE/FSD-Gsmart/planning_control/skidpad_ws/build/fsds_bridge/share/fsds_bridge/hook/pythonpath_develop.dsv'
[1.110s] INFO:colcon.colcon_core.shell:Creating environment hook '/home/limdegcai/GSMART/CODE/FSD-Gsmart/planning_control/skidpad_ws/build/fsds_bridge/share/fsds_bridge/hook/pythonpath_develop.sh'
[1.110s] Level 1:colcon.colcon_core.environment:checking '/home/limdegcai/GSMART/CODE/FSD-Gsmart/planning_control/skidpad_ws/install/fsds_bridge' for CMake module files
[1.110s] Level 1:colcon.colcon_core.environment:checking '/home/limdegcai/GSMART/CODE/FSD-Gsmart/planning_control/skidpad_ws/install/fsds_bridge' for CMake config files
[1.111s] Level 1:colcon.colcon_core.environment:checking '/home/limdegcai/GSMART/CODE/FSD-Gsmart/planning_control/skidpad_ws/install/fsds_bridge/lib'
[1.111s] Level 1:colcon.colcon_core.environment:checking '/home/limdegcai/GSMART/CODE/FSD-Gsmart/planning_control/skidpad_ws/install/fsds_bridge/bin'
[1.111s] Level 1:colcon.colcon_core.environment:checking '/home/limdegcai/GSMART/CODE/FSD-Gsmart/planning_control/skidpad_ws/install/fsds_bridge/lib/pkgconfig/fsds_bridge.pc'
[1.111s] Level 1:colcon.colcon_core.environment:checking '/home/limdegcai/GSMART/CODE/FSD-Gsmart/planning_control/skidpad_ws/install/fsds_bridge/lib/python3.10/site-packages'
[1.111s] Level 1:colcon.colcon_core.shell:create_environment_hook('fsds_bridge', 'pythonpath')
[1.111s] INFO:colcon.colcon_core.shell:Creating environment hook '/home/limdegcai/GSMART/CODE/FSD-Gsmart/planning_control/skidpad_ws/install/fsds_bridge/share/fsds_bridge/hook/pythonpath.ps1'
[1.111s] INFO:colcon.colcon_core.shell:Creating environment descriptor '/home/limdegcai/GSMART/CODE/FSD-Gsmart/planning_control/skidpad_ws/install/fsds_bridge/share/fsds_bridge/hook/pythonpath.dsv'
[1.111s] INFO:colcon.colcon_core.shell:Creating environment hook '/home/limdegcai/GSMART/CODE/FSD-Gsmart/planning_control/skidpad_ws/install/fsds_bridge/share/fsds_bridge/hook/pythonpath.sh'
[1.112s] Level 1:colcon.colcon_core.environment:checking '/home/limdegcai/GSMART/CODE/FSD-Gsmart/planning_control/skidpad_ws/install/fsds_bridge/bin'
[1.112s] Level 1:colcon.colcon_core.environment:create_environment_scripts_only(fsds_bridge)
[1.112s] INFO:colcon.colcon_core.shell:Creating package script '/home/limdegcai/GSMART/CODE/FSD-Gsmart/planning_control/skidpad_ws/install/fsds_bridge/share/fsds_bridge/package.ps1'
[1.112s] INFO:colcon.colcon_core.shell:Creating package descriptor '/home/limdegcai/GSMART/CODE/FSD-Gsmart/planning_control/skidpad_ws/install/fsds_bridge/share/fsds_bridge/package.dsv'
[1.113s] INFO:colcon.colcon_core.shell:Creating package script '/home/limdegcai/GSMART/CODE/FSD-Gsmart/planning_control/skidpad_ws/install/fsds_bridge/share/fsds_bridge/package.sh'
[1.113s] INFO:colcon.colcon_core.shell:Creating package script '/home/limdegcai/GSMART/CODE/FSD-Gsmart/planning_control/skidpad_ws/install/fsds_bridge/share/fsds_bridge/package.bash'
[1.113s] INFO:colcon.colcon_core.shell:Creating package script '/home/limdegcai/GSMART/CODE/FSD-Gsmart/planning_control/skidpad_ws/install/fsds_bridge/share/fsds_bridge/package.zsh'
[1.113s] Level 1:colcon.colcon_core.environment:create_file_with_runtime_dependencies(/home/limdegcai/GSMART/CODE/FSD-Gsmart/planning_control/skidpad_ws/install/fsds_bridge/share/colcon-core/packages/fsds_bridge)
[1.115s] DEBUG:colcon.colcon_core.event_handler.log_command:Invoking command in '/home/limdegcai/GSMART/CODE/FSD-Gsmart/planning_control/skidpad_ws/build/skidpad_bringup': AMENT_PREFIX_PATH=/home/limdegcai/GSMART/CODE/FSD-Gsmart/planning_control/skidpad_ws/install/skidpad_control:/home/limdegcai/GSMART/CODE/FSD-Gsmart/planning_control/skidpad_ws/install/skidpad_bringup:/home/limdegcai/GSMART/CODE/FSD-Gsmart/planning_control/skidpad_ws/install/skidpad_planner:/home/limdegcai/GSMART/CODE/FSD-Gsmart/planning_control/skidpad_ws/install/fsds_bridge:/home/limdegcai/GSMART/CODE/FSD-Gsmart/planning_control/skidpad_ws/install/skidpad_msgs:/home/limdegcai/GSMART/CODE/FSD-Gsmart/planning_control/skidpad_ws/install/skidpad_icp:/home/limdegcai/GSMART/CODE/FSD-Gsmart/planning_control/skidpad_ws/install/icp_test_tools:/opt/ros/humble CMAKE_PREFIX_PATH=/home/limdegcai/GSMART/CODE/FSD-Gsmart/planning_control/skidpad_ws/install/skidpad_planner:/home/limdegcai/GSMART/CODE/FSD-Gsmart/planning_control/skidpad_ws/install/skidpad_msgs:/home/limdegcai/GSMART/CODE/FSD-Gsmart/planning_control/skidpad_ws/install/skidpad_icp:/home/limdegcai/GSMART/CODE/FSD-Gsmart/planning_control/skidpad_ws/install/skidpad_bringup:/home/limdegcai/GSMART/CODE/FSD-Gsmart/planning_control/skidpad_ws/install/skidpad_control:/home/limdegcai/GSMART/CODE/FSD-Gsmart/planning_control/skidpad_ws/install/fsds_bridge:/home/limdegcai/GSMART/CODE/FSD-Gsmart/planning_control/skidpad_ws/install/icp_test_tools:/opt/ros/humble CONDA_PROMPT_MODIFIER=(base) /usr/bin/cmake --build /home/limdegcai/GSMART/CODE/FSD-Gsmart/planning_control/skidpad_ws/build/skidpad_bringup -- -j32 -l32
[1.140s] DEBUG:colcon.colcon_core.event_handler.log_command:Invoked command in '/home/limdegcai/GSMART/CODE/FSD-Gsmart/planning_control/skidpad_ws/build/skidpad_bringup' returned '0': AMENT_PREFIX_PATH=/home/limdegcai/GSMART/CODE/FSD-Gsmart/planning_control/skidpad_ws/install/skidpad_control:/home/limdegcai/GSMART/CODE/FSD-Gsmart/planning_control/skidpad_ws/install/skidpad_bringup:/home/limdegcai/GSMART/CODE/FSD-Gsmart/planning_control/skidpad_ws/install/skidpad_planner:/home/limdegcai/GSMART/CODE/FSD-Gsmart/planning_control/skidpad_ws/install/fsds_bridge:/home/limdegcai/GSMART/CODE/FSD-Gsmart/planning_control/skidpad_ws/install/skidpad_msgs:/home/limdegcai/GSMART/CODE/FSD-Gsmart/planning_control/skidpad_ws/install/skidpad_icp:/home/limdegcai/GSMART/CODE/FSD-Gsmart/planning_control/skidpad_ws/install/icp_test_tools:/opt/ros/humble CMAKE_PREFIX_PATH=/home/limdegcai/GSMART/CODE/FSD-Gsmart/planning_control/skidpad_ws/install/skidpad_planner:/home/limdegcai/GSMART/CODE/FSD-Gsmart/planning_control/skidpad_ws/install/skidpad_msgs:/home/limdegcai/GSMART/CODE/FSD-Gsmart/planning_control/skidpad_ws/install/skidpad_icp:/home/limdegcai/GSMART/CODE/FSD-Gsmart/planning_control/skidpad_ws/install/skidpad_bringup:/home/limdegcai/GSMART/CODE/FSD-Gsmart/planning_control/skidpad_ws/install/skidpad_control:/home/limdegcai/GSMART/CODE/FSD-Gsmart/planning_control/skidpad_ws/install/fsds_bridge:/home/limdegcai/GSMART/CODE/FSD-Gsmart/planning_control/skidpad_ws/install/icp_test_tools:/opt/ros/humble CONDA_PROMPT_MODIFIER=(base) /usr/bin/cmake --build /home/limdegcai/GSMART/CODE/FSD-Gsmart/planning_control/skidpad_ws/build/skidpad_bringup -- -j32 -l32
[1.141s] DEBUG:colcon.colcon_core.event_handler.log_command:Invoking command in '/home/limdegcai/GSMART/CODE/FSD-Gsmart/planning_control/skidpad_ws/build/skidpad_bringup': AMENT_PREFIX_PATH=/home/limdegcai/GSMART/CODE/FSD-Gsmart/planning_control/skidpad_ws/install/skidpad_control:/home/limdegcai/GSMART/CODE/FSD-Gsmart/planning_control/skidpad_ws/install/skidpad_bringup:/home/limdegcai/GSMART/CODE/FSD-Gsmart/planning_control/skidpad_ws/install/skidpad_planner:/home/limdegcai/GSMART/CODE/FSD-Gsmart/planning_control/skidpad_ws/install/fsds_bridge:/home/limdegcai/GSMART/CODE/FSD-Gsmart/planning_control/skidpad_ws/install/skidpad_msgs:/home/limdegcai/GSMART/CODE/FSD-Gsmart/planning_control/skidpad_ws/install/skidpad_icp:/home/limdegcai/GSMART/CODE/FSD-Gsmart/planning_control/skidpad_ws/install/icp_test_tools:/opt/ros/humble CMAKE_PREFIX_PATH=/home/limdegcai/GSMART/CODE/FSD-Gsmart/planning_control/skidpad_ws/install/skidpad_planner:/home/limdegcai/GSMART/CODE/FSD-Gsmart/planning_control/skidpad_ws/install/skidpad_msgs:/home/limdegcai/GSMART/CODE/FSD-Gsmart/planning_control/skidpad_ws/install/skidpad_icp:/home/limdegcai/GSMART/CODE/FSD-Gsmart/planning_control/skidpad_ws/install/skidpad_bringup:/home/limdegcai/GSMART/CODE/FSD-Gsmart/planning_control/skidpad_ws/install/skidpad_control:/home/limdegcai/GSMART/CODE/FSD-Gsmart/planning_control/skidpad_ws/install/fsds_bridge:/home/limdegcai/GSMART/CODE/FSD-Gsmart/planning_control/skidpad_ws/install/icp_test_tools:/opt/ros/humble CONDA_PROMPT_MODIFIER=(base) /usr/bin/cmake --install /home/limdegcai/GSMART/CODE/FSD-Gsmart/planning_control/skidpad_ws/build/skidpad_bringup
[1.155s] Level 1:colcon.colcon_core.environment:create_environment_scripts_only(skidpad_bringup)
[1.155s] Level 1:colcon.colcon_core.environment:checking '/home/limdegcai/GSMART/CODE/FSD-Gsmart/planning_control/skidpad_ws/install/skidpad_bringup' for CMake module files
[1.156s] DEBUG:colcon.colcon_core.event_handler.log_command:Invoked command in '/home/limdegcai/GSMART/CODE/FSD-Gsmart/planning_control/skidpad_ws/build/skidpad_bringup' returned '0': AMENT_PREFIX_PATH=/home/limdegcai/GSMART/CODE/FSD-Gsmart/planning_control/skidpad_ws/install/skidpad_control:/home/limdegcai/GSMART/CODE/FSD-Gsmart/planning_control/skidpad_ws/install/skidpad_bringup:/home/limdegcai/GSMART/CODE/FSD-Gsmart/planning_control/skidpad_ws/install/skidpad_planner:/home/limdegcai/GSMART/CODE/FSD-Gsmart/planning_control/skidpad_ws/install/fsds_bridge:/home/limdegcai/GSMART/CODE/FSD-Gsmart/planning_control/skidpad_ws/install/skidpad_msgs:/home/limdegcai/GSMART/CODE/FSD-Gsmart/planning_control/skidpad_ws/install/skidpad_icp:/home/limdegcai/GSMART/CODE/FSD-Gsmart/planning_control/skidpad_ws/install/icp_test_tools:/opt/ros/humble CMAKE_PREFIX_PATH=/home/limdegcai/GSMART/CODE/FSD-Gsmart/planning_control/skidpad_ws/install/skidpad_planner:/home/limdegcai/GSMART/CODE/FSD-Gsmart/planning_control/skidpad_ws/install/skidpad_msgs:/home/limdegcai/GSMART/CODE/FSD-Gsmart/planning_control/skidpad_ws/install/skidpad_icp:/home/limdegcai/GSMART/CODE/FSD-Gsmart/planning_control/skidpad_ws/install/skidpad_bringup:/home/limdegcai/GSMART/CODE/FSD-Gsmart/planning_control/skidpad_ws/install/skidpad_control:/home/limdegcai/GSMART/CODE/FSD-Gsmart/planning_control/skidpad_ws/install/fsds_bridge:/home/limdegcai/GSMART/CODE/FSD-Gsmart/planning_control/skidpad_ws/install/icp_test_tools:/opt/ros/humble CONDA_PROMPT_MODIFIER=(base) /usr/bin/cmake --install /home/limdegcai/GSMART/CODE/FSD-Gsmart/planning_control/skidpad_ws/build/skidpad_bringup
[1.156s] Level 1:colcon.colcon_core.environment:checking '/home/limdegcai/GSMART/CODE/FSD-Gsmart/planning_control/skidpad_ws/install/skidpad_bringup' for CMake config files
[1.156s] Level 1:colcon.colcon_core.shell:create_environment_hook('skidpad_bringup', 'cmake_prefix_path')
[1.156s] INFO:colcon.colcon_core.shell:Creating environment hook '/home/limdegcai/GSMART/CODE/FSD-Gsmart/planning_control/skidpad_ws/install/skidpad_bringup/share/skidpad_bringup/hook/cmake_prefix_path.ps1'
[1.156s] INFO:colcon.colcon_core.shell:Creating environment descriptor '/home/limdegcai/GSMART/CODE/FSD-Gsmart/planning_control/skidpad_ws/install/skidpad_bringup/share/skidpad_bringup/hook/cmake_prefix_path.dsv'
[1.157s] INFO:colcon.colcon_core.shell:Creating environment hook '/home/limdegcai/GSMART/CODE/FSD-Gsmart/planning_control/skidpad_ws/install/skidpad_bringup/share/skidpad_bringup/hook/cmake_prefix_path.sh'
[1.157s] Level 1:colcon.colcon_core.environment:checking '/home/limdegcai/GSMART/CODE/FSD-Gsmart/planning_control/skidpad_ws/install/skidpad_bringup/bin'
[1.157s] Level 1:colcon.colcon_core.environment:checking '/home/limdegcai/GSMART/CODE/FSD-Gsmart/planning_control/skidpad_ws/install/skidpad_bringup/lib/pkgconfig/skidpad_bringup.pc'
[1.157s] Level 1:colcon.colcon_core.environment:checking '/home/limdegcai/GSMART/CODE/FSD-Gsmart/planning_control/skidpad_ws/install/skidpad_bringup/lib/python3.10/site-packages'
[1.157s] Level 1:colcon.colcon_core.environment:checking '/home/limdegcai/GSMART/CODE/FSD-Gsmart/planning_control/skidpad_ws/install/skidpad_bringup/bin'
[1.157s] INFO:colcon.colcon_core.shell:Creating package script '/home/limdegcai/GSMART/CODE/FSD-Gsmart/planning_control/skidpad_ws/install/skidpad_bringup/share/skidpad_bringup/package.ps1'
[1.158s] INFO:colcon.colcon_core.shell:Creating package descriptor '/home/limdegcai/GSMART/CODE/FSD-Gsmart/planning_control/skidpad_ws/install/skidpad_bringup/share/skidpad_bringup/package.dsv'
[1.158s] INFO:colcon.colcon_core.shell:Creating package script '/home/limdegcai/GSMART/CODE/FSD-Gsmart/planning_control/skidpad_ws/install/skidpad_bringup/share/skidpad_bringup/package.sh'
[1.158s] INFO:colcon.colcon_core.shell:Creating package script '/home/limdegcai/GSMART/CODE/FSD-Gsmart/planning_control/skidpad_ws/install/skidpad_bringup/share/skidpad_bringup/package.bash'
[1.158s] INFO:colcon.colcon_core.shell:Creating package script '/home/limdegcai/GSMART/CODE/FSD-Gsmart/planning_control/skidpad_ws/install/skidpad_bringup/share/skidpad_bringup/package.zsh'
[1.159s] Level 1:colcon.colcon_core.environment:create_file_with_runtime_dependencies(/home/limdegcai/GSMART/CODE/FSD-Gsmart/planning_control/skidpad_ws/install/skidpad_bringup/share/colcon-core/packages/skidpad_bringup)
[1.159s] Level 1:colcon.colcon_core.environment:create_environment_scripts_only(skidpad_bringup)
[1.159s] Level 1:colcon.colcon_core.environment:checking '/home/limdegcai/GSMART/CODE/FSD-Gsmart/planning_control/skidpad_ws/install/skidpad_bringup' for CMake module files
[1.159s] Level 1:colcon.colcon_core.environment:checking '/home/limdegcai/GSMART/CODE/FSD-Gsmart/planning_control/skidpad_ws/install/skidpad_bringup' for CMake config files
[1.159s] Level 1:colcon.colcon_core.shell:create_environment_hook('skidpad_bringup', 'cmake_prefix_path')
[1.160s] INFO:colcon.colcon_core.shell:Creating environment hook '/home/limdegcai/GSMART/CODE/FSD-Gsmart/planning_control/skidpad_ws/install/skidpad_bringup/share/skidpad_bringup/hook/cmake_prefix_path.ps1'
[1.160s] INFO:colcon.colcon_core.shell:Creating environment descriptor '/home/limdegcai/GSMART/CODE/FSD-Gsmart/planning_control/skidpad_ws/install/skidpad_bringup/share/skidpad_bringup/hook/cmake_prefix_path.dsv'
[1.160s] INFO:colcon.colcon_core.shell:Creating environment hook '/home/limdegcai/GSMART/CODE/FSD-Gsmart/planning_control/skidpad_ws/install/skidpad_bringup/share/skidpad_bringup/hook/cmake_prefix_path.sh'
[1.160s] Level 1:colcon.colcon_core.environment:checking '/home/limdegcai/GSMART/CODE/FSD-Gsmart/planning_control/skidpad_ws/install/skidpad_bringup/bin'
[1.160s] Level 1:colcon.colcon_core.environment:checking '/home/limdegcai/GSMART/CODE/FSD-Gsmart/planning_control/skidpad_ws/install/skidpad_bringup/lib/pkgconfig/skidpad_bringup.pc'
[1.160s] Level 1:colcon.colcon_core.environment:checking '/home/limdegcai/GSMART/CODE/FSD-Gsmart/planning_control/skidpad_ws/install/skidpad_bringup/lib/python3.10/site-packages'
[1.161s] Level 1:colcon.colcon_core.environment:checking '/home/limdegcai/GSMART/CODE/FSD-Gsmart/planning_control/skidpad_ws/install/skidpad_bringup/bin'
[1.161s] INFO:colcon.colcon_core.shell:Creating package script '/home/limdegcai/GSMART/CODE/FSD-Gsmart/planning_control/skidpad_ws/install/skidpad_bringup/share/skidpad_bringup/package.ps1'
[1.161s] INFO:colcon.colcon_core.shell:Creating package descriptor '/home/limdegcai/GSMART/CODE/FSD-Gsmart/planning_control/skidpad_ws/install/skidpad_bringup/share/skidpad_bringup/package.dsv'
[1.161s] INFO:colcon.colcon_core.shell:Creating package script '/home/limdegcai/GSMART/CODE/FSD-Gsmart/planning_control/skidpad_ws/install/skidpad_bringup/share/skidpad_bringup/package.sh'
[1.161s] INFO:colcon.colcon_core.shell:Creating package script '/home/limdegcai/GSMART/CODE/FSD-Gsmart/planning_control/skidpad_ws/install/skidpad_bringup/share/skidpad_bringup/package.bash'
[1.162s] INFO:colcon.colcon_core.shell:Creating package script '/home/limdegcai/GSMART/CODE/FSD-Gsmart/planning_control/skidpad_ws/install/skidpad_bringup/share/skidpad_bringup/package.zsh'
[1.162s] Level 1:colcon.colcon_core.environment:create_file_with_runtime_dependencies(/home/limdegcai/GSMART/CODE/FSD-Gsmart/planning_control/skidpad_ws/install/skidpad_bringup/share/colcon-core/packages/skidpad_bringup)
[1.162s] DEBUG:colcon.colcon_parallel_executor.executor.parallel:closing loop
[1.162s] DEBUG:colcon.colcon_parallel_executor.executor.parallel:loop closed
[1.162s] DEBUG:colcon.colcon_parallel_executor.executor.parallel:run_until_complete finished with '0'
[1.162s] DEBUG:colcon.colcon_core.event_reactor:joining thread
[1.166s] INFO:colcon.colcon_core.plugin_system:Skipping extension 'colcon_notification.desktop_notification.terminal_notifier': Not used on non-Darwin systems
[1.166s] INFO:colcon.colcon_core.plugin_system:Skipping extension 'colcon_notification.desktop_notification.win32': Not used on non-Windows systems
[1.166s] INFO:colcon.colcon_notification.desktop_notification:Sending desktop notification using 'notify2'
[1.171s] DEBUG:colcon.colcon_core.event_reactor:joined thread
[1.172s] INFO:colcon.colcon_core.shell:Creating prefix script '/home/limdegcai/GSMART/CODE/FSD-Gsmart/planning_control/skidpad_ws/install/local_setup.ps1'
[1.172s] INFO:colcon.colcon_core.shell:Creating prefix util module '/home/limdegcai/GSMART/CODE/FSD-Gsmart/planning_control/skidpad_ws/install/_local_setup_util_ps1.py'
[1.173s] INFO:colcon.colcon_core.shell:Creating prefix chain script '/home/limdegcai/GSMART/CODE/FSD-Gsmart/planning_control/skidpad_ws/install/setup.ps1'
[1.173s] INFO:colcon.colcon_core.shell:Creating prefix script '/home/limdegcai/GSMART/CODE/FSD-Gsmart/planning_control/skidpad_ws/install/local_setup.sh'
[1.174s] INFO:colcon.colcon_core.shell:Creating prefix util module '/home/limdegcai/GSMART/CODE/FSD-Gsmart/planning_control/skidpad_ws/install/_local_setup_util_sh.py'
[1.174s] INFO:colcon.colcon_core.shell:Creating prefix chain script '/home/limdegcai/GSMART/CODE/FSD-Gsmart/planning_control/skidpad_ws/install/setup.sh'
[1.175s] INFO:colcon.colcon_core.shell:Creating prefix script '/home/limdegcai/GSMART/CODE/FSD-Gsmart/planning_control/skidpad_ws/install/local_setup.bash'
[1.175s] INFO:colcon.colcon_core.shell:Creating prefix chain script '/home/limdegcai/GSMART/CODE/FSD-Gsmart/planning_control/skidpad_ws/install/setup.bash'
[1.176s] INFO:colcon.colcon_core.shell:Creating prefix script '/home/limdegcai/GSMART/CODE/FSD-Gsmart/planning_control/skidpad_ws/install/local_setup.zsh'
[1.176s] INFO:colcon.colcon_core.shell:Creating prefix chain script '/home/limdegcai/GSMART/CODE/FSD-Gsmart/planning_control/skidpad_ws/install/setup.zsh'
