[0.009s] Invoking command in '/home/limdegcai/GSMART/CODE/skidpad_ws/build/skidpad_msgs': CMAKE_PREFIX_PATH=${CMAKE_PREFIX_PATH}:/home/limdegcai/GSMART/CODE/skidpad_ws/install/skidpad_control:/home/limdegcai/GSMART/CODE/skidpad_ws/install/fsds_bridge:/home/limdegcai/GSMART/CODE/skidpad_ws/install/icp_test_tools:/opt/ros/humble /usr/bin/cmake /home/limdegcai/GSMART/CODE/skidpad_ws/src/skidpad_msgs -DAMENT_CMAKE_SYMLINK_INSTALL=1 -DCMAKE_INSTALL_PREFIX=/home/limdegcai/GSMART/CODE/skidpad_ws/install/skidpad_msgs
[0.083s] -- The C compiler identification is GNU 11.4.0
[0.140s] -- The CXX compiler identification is GNU 11.4.0
[0.146s] -- Detecting C compiler ABI info
[0.195s] -- Detecting C compiler ABI info - done
[0.200s] -- Check for working C compiler: /usr/bin/cc - skipped
[0.200s] -- Detecting C compile features
[0.200s] -- Detecting C compile features - done
[0.203s] -- Detecting CXX compiler ABI info
[0.260s] -- Detecting CXX compiler ABI info - done
[0.264s] -- Check for working CXX compiler: /usr/bin/c++ - skipped
[0.264s] -- Detecting CXX compile features
[0.264s] -- Detecting CXX compile features - done
[0.267s] -- Found ament_cmake: 1.3.14 (/opt/ros/humble/share/ament_cmake/cmake)
[0.360s] -- Found Python3: /usr/bin/python3 (found version "3.10.12") found components: Interpreter 
[0.399s] -- Override CMake install command with custom implementation using symlinks instead of copying resources
[0.421s] -- Found rosidl_default_generators: 1.2.1 (/opt/ros/humble/share/rosidl_default_generators/cmake)
[0.423s] -- Using all available rosidl_typesupport_c: rosidl_typesupport_fastrtps_c;rosidl_typesupport_introspection_c
[0.428s] -- Found rosidl_adapter: 3.1.8 (/opt/ros/humble/share/rosidl_adapter/cmake)
[0.456s] -- Using all available rosidl_typesupport_cpp: rosidl_typesupport_fastrtps_cpp;rosidl_typesupport_introspection_cpp
[0.480s] -- Found std_msgs: 4.9.1 (/opt/ros/humble/share/std_msgs/cmake)
[0.497s] -- Found geometry_msgs: 4.9.1 (/opt/ros/humble/share/geometry_msgs/cmake)
[0.699s] -- Found ament_cmake_ros: 0.10.0 (/opt/ros/humble/share/ament_cmake_ros/cmake)
[0.852s] -- Using all available rosidl_typesupport_c: rosidl_typesupport_fastrtps_c;rosidl_typesupport_introspection_c
[1.050s] -- Using all available rosidl_typesupport_cpp: rosidl_typesupport_fastrtps_cpp;rosidl_typesupport_introspection_cpp
[1.063s] -- Found PythonInterp: /usr/bin/python3 (found suitable version "3.10.12", minimum required is "3.6") 
[1.064s] -- Found python_cmake_module: 0.10.0 (/opt/ros/humble/share/python_cmake_module/cmake)
[1.080s] -- Found PythonLibs: /usr/lib/x86_64-linux-gnu/libpython3.10.so (found suitable version "3.10.12", minimum required is "3.5") 
[1.080s] -- Using PYTHON_EXECUTABLE: /usr/bin/python3
[1.080s] -- Using PYTHON_INCLUDE_DIRS: /usr/include/python3.10
[1.080s] -- Using PYTHON_LIBRARIES: /usr/lib/x86_64-linux-gnu/libpython3.10.so
[1.093s] -- Found PythonExtra: .so  
[1.191s] -- Configuring done
[1.218s] -- Generating done
[1.225s] -- Build files have been written to: /home/limdegcai/GSMART/CODE/skidpad_ws/build/skidpad_msgs
[1.230s] Invoked command in '/home/limdegcai/GSMART/CODE/skidpad_ws/build/skidpad_msgs' returned '0': CMAKE_PREFIX_PATH=${CMAKE_PREFIX_PATH}:/home/limdegcai/GSMART/CODE/skidpad_ws/install/skidpad_control:/home/limdegcai/GSMART/CODE/skidpad_ws/install/fsds_bridge:/home/limdegcai/GSMART/CODE/skidpad_ws/install/icp_test_tools:/opt/ros/humble /usr/bin/cmake /home/limdegcai/GSMART/CODE/skidpad_ws/src/skidpad_msgs -DAMENT_CMAKE_SYMLINK_INSTALL=1 -DCMAKE_INSTALL_PREFIX=/home/limdegcai/GSMART/CODE/skidpad_ws/install/skidpad_msgs
[1.232s] Invoking command in '/home/limdegcai/GSMART/CODE/skidpad_ws/build/skidpad_msgs': CMAKE_PREFIX_PATH=${CMAKE_PREFIX_PATH}:/home/limdegcai/GSMART/CODE/skidpad_ws/install/skidpad_control:/home/limdegcai/GSMART/CODE/skidpad_ws/install/fsds_bridge:/home/limdegcai/GSMART/CODE/skidpad_ws/install/icp_test_tools:/opt/ros/humble /usr/bin/cmake --build /home/limdegcai/GSMART/CODE/skidpad_ws/build/skidpad_msgs -- -j32 -l32
[1.260s] [  1%] [34m[1mGenerating C code for ROS interfaces[0m
[1.267s] [  3%] [34m[1mGenerating Rust code for ROS interfaces[0m
[1.267s] [  4%] [34m[1mGenerating C++ code for ROS interfaces[0m
[1.271s] [  4%] Built target ament_cmake_python_symlink_skidpad_msgs
[1.396s] running egg_info
[1.396s] creating skidpad_msgs.egg-info
[1.396s] writing skidpad_msgs.egg-info/PKG-INFO
[1.396s] writing dependency_links to skidpad_msgs.egg-info/dependency_links.txt
[1.396s] writing top-level names to skidpad_msgs.egg-info/top_level.txt
[1.396s] writing manifest file 'skidpad_msgs.egg-info/SOURCES.txt'
[1.397s] reading manifest file 'skidpad_msgs.egg-info/SOURCES.txt'
[1.398s] writing manifest file 'skidpad_msgs.egg-info/SOURCES.txt'
[1.413s] [  4%] Built target ament_cmake_python_build_skidpad_msgs_egg
[1.514s] [  4%] Built target skidpad_msgs__rs
[1.591s] [  4%] Built target skidpad_msgs__cpp
[1.601s] [  6%] [34m[1mGenerating C++ introspection for ROS interfaces[0m
[1.601s] [  7%] [34m[1mGenerating C++ type support dispatch for ROS interfaces[0m
[1.601s] [  9%] [34m[1mGenerating C++ type support for eProsima Fast-RTPS[0m
[1.607s] [ 12%] [32mBuilding C object CMakeFiles/skidpad_msgs__rosidl_generator_c.dir/rosidl_generator_c/skidpad_msgs/msg/detail/car_state__functions.c.o[0m
[1.607s] [ 12%] [32mBuilding C object CMakeFiles/skidpad_msgs__rosidl_generator_c.dir/rosidl_generator_c/skidpad_msgs/msg/detail/car_state_dt__functions.c.o[0m
[1.608s] [ 17%] [32mBuilding C object CMakeFiles/skidpad_msgs__rosidl_generator_c.dir/rosidl_generator_c/skidpad_msgs/msg/detail/control_command__functions.c.o[0m
[1.608s] [ 17%] [32mBuilding C object CMakeFiles/skidpad_msgs__rosidl_generator_c.dir/rosidl_generator_c/skidpad_msgs/msg/detail/trajectory__functions.c.o[0m
[1.608s] [ 17%] [32mBuilding C object CMakeFiles/skidpad_msgs__rosidl_generator_c.dir/rosidl_generator_c/skidpad_msgs/msg/detail/trajectory_point__functions.c.o[0m
[1.650s] [ 18%] [32m[1mLinking C shared library libskidpad_msgs__rosidl_generator_c.so[0m
[1.680s] [ 18%] Built target skidpad_msgs__rosidl_generator_c
[1.689s] [ 20%] [34m[1mGenerating C type support for eProsima Fast-RTPS[0m
[1.689s] [ 21%] [34m[1mGenerating C introspection for ROS interfaces[0m
[1.690s] [ 23%] [34m[1mGenerating C type support dispatch for ROS interfaces[0m
[1.873s] [ 25%] [32mBuilding CXX object CMakeFiles/skidpad_msgs__rosidl_typesupport_cpp.dir/rosidl_typesupport_cpp/skidpad_msgs/msg/car_state__type_support.cpp.o[0m
[1.874s] [ 28%] [32mBuilding CXX object CMakeFiles/skidpad_msgs__rosidl_typesupport_cpp.dir/rosidl_typesupport_cpp/skidpad_msgs/msg/control_command__type_support.cpp.o[0m
[1.874s] [ 28%] [32mBuilding CXX object CMakeFiles/skidpad_msgs__rosidl_typesupport_cpp.dir/rosidl_typesupport_cpp/skidpad_msgs/msg/car_state_dt__type_support.cpp.o[0m
[1.874s] [ 29%] [32mBuilding CXX object CMakeFiles/skidpad_msgs__rosidl_typesupport_cpp.dir/rosidl_typesupport_cpp/skidpad_msgs/msg/trajectory_point__type_support.cpp.o[0m
[1.875s] [ 31%] [32mBuilding CXX object CMakeFiles/skidpad_msgs__rosidl_typesupport_cpp.dir/rosidl_typesupport_cpp/skidpad_msgs/msg/trajectory__type_support.cpp.o[0m
[1.903s] [ 32%] [32mBuilding CXX object CMakeFiles/skidpad_msgs__rosidl_typesupport_introspection_cpp.dir/rosidl_typesupport_introspection_cpp/skidpad_msgs/msg/detail/control_command__type_support.cpp.o[0m
[1.903s] [ 34%] [32mBuilding CXX object CMakeFiles/skidpad_msgs__rosidl_typesupport_introspection_cpp.dir/rosidl_typesupport_introspection_cpp/skidpad_msgs/msg/detail/trajectory__type_support.cpp.o[0m
[1.903s] [ 35%] [32mBuilding CXX object CMakeFiles/skidpad_msgs__rosidl_typesupport_introspection_cpp.dir/rosidl_typesupport_introspection_cpp/skidpad_msgs/msg/detail/car_state__type_support.cpp.o[0m
[1.904s] [ 37%] [32mBuilding CXX object CMakeFiles/skidpad_msgs__rosidl_typesupport_introspection_cpp.dir/rosidl_typesupport_introspection_cpp/skidpad_msgs/msg/detail/car_state_dt__type_support.cpp.o[0m
[1.904s] [ 39%] [32mBuilding CXX object CMakeFiles/skidpad_msgs__rosidl_typesupport_introspection_cpp.dir/rosidl_typesupport_introspection_cpp/skidpad_msgs/msg/detail/trajectory_point__type_support.cpp.o[0m
[1.925s] [ 42%] [32mBuilding CXX object CMakeFiles/skidpad_msgs__rosidl_typesupport_fastrtps_cpp.dir/rosidl_typesupport_fastrtps_cpp/skidpad_msgs/msg/detail/dds_fastrtps/trajectory__type_support.cpp.o[0m
[1.925s] [ 42%] [32mBuilding CXX object CMakeFiles/skidpad_msgs__rosidl_typesupport_fastrtps_cpp.dir/rosidl_typesupport_fastrtps_cpp/skidpad_msgs/msg/detail/dds_fastrtps/trajectory_point__type_support.cpp.o[0m
[1.925s] [ 43%] [32mBuilding CXX object CMakeFiles/skidpad_msgs__rosidl_typesupport_fastrtps_cpp.dir/rosidl_typesupport_fastrtps_cpp/skidpad_msgs/msg/detail/dds_fastrtps/car_state__type_support.cpp.o[0m
[1.926s] [ 45%] [32mBuilding CXX object CMakeFiles/skidpad_msgs__rosidl_typesupport_fastrtps_cpp.dir/rosidl_typesupport_fastrtps_cpp/skidpad_msgs/msg/detail/dds_fastrtps/car_state_dt__type_support.cpp.o[0m
[1.926s] [ 46%] [32mBuilding CXX object CMakeFiles/skidpad_msgs__rosidl_typesupport_fastrtps_cpp.dir/rosidl_typesupport_fastrtps_cpp/skidpad_msgs/msg/detail/dds_fastrtps/control_command__type_support.cpp.o[0m
[1.974s] [ 48%] [32mBuilding CXX object CMakeFiles/skidpad_msgs__rosidl_typesupport_c.dir/rosidl_typesupport_c/skidpad_msgs/msg/car_state__type_support.cpp.o[0m
[1.977s] [ 51%] [32mBuilding CXX object CMakeFiles/skidpad_msgs__rosidl_typesupport_c.dir/rosidl_typesupport_c/skidpad_msgs/msg/trajectory__type_support.cpp.o[0m
[1.977s] [ 51%] [32mBuilding CXX object CMakeFiles/skidpad_msgs__rosidl_typesupport_c.dir/rosidl_typesupport_c/skidpad_msgs/msg/trajectory_point__type_support.cpp.o[0m
[1.977s] [ 54%] [32mBuilding CXX object CMakeFiles/skidpad_msgs__rosidl_typesupport_c.dir/rosidl_typesupport_c/skidpad_msgs/msg/control_command__type_support.cpp.o[0m
[1.977s] [ 54%] [32mBuilding CXX object CMakeFiles/skidpad_msgs__rosidl_typesupport_c.dir/rosidl_typesupport_c/skidpad_msgs/msg/car_state_dt__type_support.cpp.o[0m
[2.018s] [ 56%] [32m[1mLinking CXX shared library libskidpad_msgs__rosidl_typesupport_c.so[0m
[2.020s] [ 57%] [32mBuilding C object CMakeFiles/skidpad_msgs__rosidl_typesupport_introspection_c.dir/rosidl_typesupport_introspection_c/skidpad_msgs/msg/detail/car_state_dt__type_support.c.o[0m
[2.022s] [ 64%] [32mBuilding C object CMakeFiles/skidpad_msgs__rosidl_typesupport_introspection_c.dir/rosidl_typesupport_introspection_c/skidpad_msgs/msg/detail/control_command__type_support.c.o[0m
[2.022s] [ 64%] [32mBuilding C object CMakeFiles/skidpad_msgs__rosidl_typesupport_introspection_c.dir/rosidl_typesupport_introspection_c/skidpad_msgs/msg/detail/trajectory_point__type_support.c.o[0m
[2.023s] [ 64%] [32mBuilding C object CMakeFiles/skidpad_msgs__rosidl_typesupport_introspection_c.dir/rosidl_typesupport_introspection_c/skidpad_msgs/msg/detail/car_state__type_support.c.o[0m
[2.023s] [ 64%] [32mBuilding C object CMakeFiles/skidpad_msgs__rosidl_typesupport_introspection_c.dir/rosidl_typesupport_introspection_c/skidpad_msgs/msg/detail/trajectory__type_support.c.o[0m
[2.042s] [ 65%] [32mBuilding CXX object CMakeFiles/skidpad_msgs__rosidl_typesupport_fastrtps_c.dir/rosidl_typesupport_fastrtps_c/skidpad_msgs/msg/detail/control_command__type_support_c.cpp.o[0m
[2.043s] [ 67%] [32mBuilding CXX object CMakeFiles/skidpad_msgs__rosidl_typesupport_fastrtps_c.dir/rosidl_typesupport_fastrtps_c/skidpad_msgs/msg/detail/car_state_dt__type_support_c.cpp.o[0m
[2.044s] [ 68%] [32mBuilding CXX object CMakeFiles/skidpad_msgs__rosidl_typesupport_fastrtps_c.dir/rosidl_typesupport_fastrtps_c/skidpad_msgs/msg/detail/car_state__type_support_c.cpp.o[0m
[2.046s] [ 70%] [32mBuilding CXX object CMakeFiles/skidpad_msgs__rosidl_typesupport_fastrtps_c.dir/rosidl_typesupport_fastrtps_c/skidpad_msgs/msg/detail/trajectory__type_support_c.cpp.o[0m
[2.047s] [ 71%] [32mBuilding CXX object CMakeFiles/skidpad_msgs__rosidl_typesupport_fastrtps_c.dir/rosidl_typesupport_fastrtps_c/skidpad_msgs/msg/detail/trajectory_point__type_support_c.cpp.o[0m
[2.072s] [ 73%] [32m[1mLinking C shared library libskidpad_msgs__rosidl_typesupport_introspection_c.so[0m
[2.072s] [ 73%] Built target skidpad_msgs__rosidl_typesupport_c
[2.115s] [ 73%] Built target skidpad_msgs__rosidl_typesupport_introspection_c
[2.132s] [ 75%] [32m[1mLinking CXX shared library libskidpad_msgs__rosidl_typesupport_cpp.so[0m
[2.175s] [ 75%] Built target skidpad_msgs__rosidl_typesupport_cpp
[2.252s] [ 76%] [32m[1mLinking CXX shared library libskidpad_msgs__rosidl_typesupport_introspection_cpp.so[0m
[2.263s] [ 78%] [32m[1mLinking CXX shared library libskidpad_msgs__rosidl_typesupport_fastrtps_cpp.so[0m
[2.303s] [ 79%] [32m[1mLinking CXX shared library libskidpad_msgs__rosidl_typesupport_fastrtps_c.so[0m
[2.313s] [ 79%] Built target skidpad_msgs__rosidl_typesupport_introspection_cpp
[2.318s] [ 79%] Built target skidpad_msgs__rosidl_typesupport_fastrtps_cpp
[2.352s] [ 79%] Built target skidpad_msgs__rosidl_typesupport_fastrtps_c
[2.365s] [ 79%] Built target skidpad_msgs
[2.379s] [ 81%] [34m[1mGenerating Python code for ROS interfaces[0m
[2.858s] [ 81%] Built target skidpad_msgs__py
[2.873s] [ 84%] [32mBuilding C object CMakeFiles/skidpad_msgs__rosidl_generator_py.dir/rosidl_generator_py/skidpad_msgs/msg/_car_state_s.c.o[0m
[2.873s] [ 84%] [32mBuilding C object CMakeFiles/skidpad_msgs__rosidl_generator_py.dir/rosidl_generator_py/skidpad_msgs/msg/_car_state_dt_s.c.o[0m
[2.874s] [ 85%] [32mBuilding C object CMakeFiles/skidpad_msgs__rosidl_generator_py.dir/rosidl_generator_py/skidpad_msgs/msg/_control_command_s.c.o[0m
[2.875s] [ 87%] [32mBuilding C object CMakeFiles/skidpad_msgs__rosidl_generator_py.dir/rosidl_generator_py/skidpad_msgs/msg/_trajectory_s.c.o[0m
[2.875s] [ 89%] [32mBuilding C object CMakeFiles/skidpad_msgs__rosidl_generator_py.dir/rosidl_generator_py/skidpad_msgs/msg/_trajectory_point_s.c.o[0m
[2.958s] [ 90%] [32m[1mLinking C shared library rosidl_generator_py/skidpad_msgs/libskidpad_msgs__rosidl_generator_py.so[0m
[2.988s] [ 90%] Built target skidpad_msgs__rosidl_generator_py
[3.002s] [ 93%] [32mBuilding C object CMakeFiles/skidpad_msgs__rosidl_typesupport_c__pyext.dir/rosidl_generator_py/skidpad_msgs/_skidpad_msgs_s.ep.rosidl_typesupport_c.c.o[0m
[3.002s] [ 93%] [32mBuilding C object CMakeFiles/skidpad_msgs__rosidl_typesupport_introspection_c__pyext.dir/rosidl_generator_py/skidpad_msgs/_skidpad_msgs_s.ep.rosidl_typesupport_introspection_c.c.o[0m
[3.003s] [ 95%] [32mBuilding C object CMakeFiles/skidpad_msgs__rosidl_typesupport_fastrtps_c__pyext.dir/rosidl_generator_py/skidpad_msgs/_skidpad_msgs_s.ep.rosidl_typesupport_fastrtps_c.c.o[0m
[3.076s] [ 96%] [32m[1mLinking C shared library rosidl_generator_py/skidpad_msgs/skidpad_msgs_s__rosidl_typesupport_fastrtps_c.cpython-310-x86_64-linux-gnu.so[0m
[3.076s] [ 98%] [32m[1mLinking C shared library rosidl_generator_py/skidpad_msgs/skidpad_msgs_s__rosidl_typesupport_c.cpython-310-x86_64-linux-gnu.so[0m
[3.078s] [100%] [32m[1mLinking C shared library rosidl_generator_py/skidpad_msgs/skidpad_msgs_s__rosidl_typesupport_introspection_c.cpython-310-x86_64-linux-gnu.so[0m
[3.106s] [100%] Built target skidpad_msgs__rosidl_typesupport_fastrtps_c__pyext
[3.106s] [100%] Built target skidpad_msgs__rosidl_typesupport_c__pyext
[3.107s] [100%] Built target skidpad_msgs__rosidl_typesupport_introspection_c__pyext
[3.119s] Invoked command in '/home/limdegcai/GSMART/CODE/skidpad_ws/build/skidpad_msgs' returned '0': CMAKE_PREFIX_PATH=${CMAKE_PREFIX_PATH}:/home/limdegcai/GSMART/CODE/skidpad_ws/install/skidpad_control:/home/limdegcai/GSMART/CODE/skidpad_ws/install/fsds_bridge:/home/limdegcai/GSMART/CODE/skidpad_ws/install/icp_test_tools:/opt/ros/humble /usr/bin/cmake --build /home/limdegcai/GSMART/CODE/skidpad_ws/build/skidpad_msgs -- -j32 -l32
[3.127s] Invoking command in '/home/limdegcai/GSMART/CODE/skidpad_ws/build/skidpad_msgs': CMAKE_PREFIX_PATH=${CMAKE_PREFIX_PATH}:/home/limdegcai/GSMART/CODE/skidpad_ws/install/skidpad_control:/home/limdegcai/GSMART/CODE/skidpad_ws/install/fsds_bridge:/home/limdegcai/GSMART/CODE/skidpad_ws/install/icp_test_tools:/opt/ros/humble /usr/bin/cmake --install /home/limdegcai/GSMART/CODE/skidpad_ws/build/skidpad_msgs
[3.132s] -- Install configuration: ""
[3.133s] -- Execute custom install script
[3.133s] -- Symlinking: /home/limdegcai/GSMART/CODE/skidpad_ws/install/skidpad_msgs/share/ament_index/resource_index/rosidl_interfaces/skidpad_msgs
[3.139s] -- Symlinking: /home/limdegcai/GSMART/CODE/skidpad_ws/install/skidpad_msgs/include/skidpad_msgs/skidpad_msgs/msg/car_state.h
[3.145s] -- Symlinking: /home/limdegcai/GSMART/CODE/skidpad_ws/install/skidpad_msgs/include/skidpad_msgs/skidpad_msgs/msg/car_state_dt.h
[3.150s] -- Symlinking: /home/limdegcai/GSMART/CODE/skidpad_ws/install/skidpad_msgs/include/skidpad_msgs/skidpad_msgs/msg/control_command.h
[3.157s] -- Symlinking: /home/limdegcai/GSMART/CODE/skidpad_ws/install/skidpad_msgs/include/skidpad_msgs/skidpad_msgs/msg/detail/car_state__functions.h
[3.163s] -- Symlinking: /home/limdegcai/GSMART/CODE/skidpad_ws/install/skidpad_msgs/include/skidpad_msgs/skidpad_msgs/msg/detail/car_state__struct.h
[3.169s] -- Symlinking: /home/limdegcai/GSMART/CODE/skidpad_ws/install/skidpad_msgs/include/skidpad_msgs/skidpad_msgs/msg/detail/car_state__type_support.h
[3.174s] -- Symlinking: /home/limdegcai/GSMART/CODE/skidpad_ws/install/skidpad_msgs/include/skidpad_msgs/skidpad_msgs/msg/detail/car_state_dt__functions.h
[3.179s] -- Symlinking: /home/limdegcai/GSMART/CODE/skidpad_ws/install/skidpad_msgs/include/skidpad_msgs/skidpad_msgs/msg/detail/car_state_dt__struct.h
[3.185s] -- Symlinking: /home/limdegcai/GSMART/CODE/skidpad_ws/install/skidpad_msgs/include/skidpad_msgs/skidpad_msgs/msg/detail/car_state_dt__type_support.h
[3.191s] -- Symlinking: /home/limdegcai/GSMART/CODE/skidpad_ws/install/skidpad_msgs/include/skidpad_msgs/skidpad_msgs/msg/detail/control_command__functions.h
[3.196s] -- Symlinking: /home/limdegcai/GSMART/CODE/skidpad_ws/install/skidpad_msgs/include/skidpad_msgs/skidpad_msgs/msg/detail/control_command__struct.h
[3.201s] -- Symlinking: /home/limdegcai/GSMART/CODE/skidpad_ws/install/skidpad_msgs/include/skidpad_msgs/skidpad_msgs/msg/detail/control_command__type_support.h
[3.207s] -- Symlinking: /home/limdegcai/GSMART/CODE/skidpad_ws/install/skidpad_msgs/include/skidpad_msgs/skidpad_msgs/msg/detail/trajectory__functions.h
[3.214s] -- Symlinking: /home/limdegcai/GSMART/CODE/skidpad_ws/install/skidpad_msgs/include/skidpad_msgs/skidpad_msgs/msg/detail/trajectory__struct.h
[3.220s] -- Symlinking: /home/limdegcai/GSMART/CODE/skidpad_ws/install/skidpad_msgs/include/skidpad_msgs/skidpad_msgs/msg/detail/trajectory__type_support.h
[3.226s] -- Symlinking: /home/limdegcai/GSMART/CODE/skidpad_ws/install/skidpad_msgs/include/skidpad_msgs/skidpad_msgs/msg/detail/trajectory_point__functions.h
[3.233s] -- Symlinking: /home/limdegcai/GSMART/CODE/skidpad_ws/install/skidpad_msgs/include/skidpad_msgs/skidpad_msgs/msg/detail/trajectory_point__struct.h
[3.239s] -- Symlinking: /home/limdegcai/GSMART/CODE/skidpad_ws/install/skidpad_msgs/include/skidpad_msgs/skidpad_msgs/msg/detail/trajectory_point__type_support.h
[3.244s] -- Symlinking: /home/limdegcai/GSMART/CODE/skidpad_ws/install/skidpad_msgs/include/skidpad_msgs/skidpad_msgs/msg/rosidl_generator_c__visibility_control.h
[3.250s] -- Symlinking: /home/limdegcai/GSMART/CODE/skidpad_ws/install/skidpad_msgs/include/skidpad_msgs/skidpad_msgs/msg/trajectory.h
[3.255s] -- Symlinking: /home/limdegcai/GSMART/CODE/skidpad_ws/install/skidpad_msgs/include/skidpad_msgs/skidpad_msgs/msg/trajectory_point.h
[3.261s] -- Symlinking: /home/limdegcai/GSMART/CODE/skidpad_ws/install/skidpad_msgs/share/skidpad_msgs/environment/library_path.sh
[3.266s] -- Symlinking: /home/limdegcai/GSMART/CODE/skidpad_ws/install/skidpad_msgs/share/skidpad_msgs/environment/library_path.dsv
[3.272s] -- Symlinking: /home/limdegcai/GSMART/CODE/skidpad_ws/install/skidpad_msgs/include/skidpad_msgs/skidpad_msgs/msg/detail/car_state__rosidl_typesupport_fastrtps_c.h
[3.278s] -- Symlinking: /home/limdegcai/GSMART/CODE/skidpad_ws/install/skidpad_msgs/include/skidpad_msgs/skidpad_msgs/msg/detail/car_state_dt__rosidl_typesupport_fastrtps_c.h
[3.283s] -- Symlinking: /home/limdegcai/GSMART/CODE/skidpad_ws/install/skidpad_msgs/include/skidpad_msgs/skidpad_msgs/msg/detail/control_command__rosidl_typesupport_fastrtps_c.h
[3.289s] -- Symlinking: /home/limdegcai/GSMART/CODE/skidpad_ws/install/skidpad_msgs/include/skidpad_msgs/skidpad_msgs/msg/detail/trajectory__rosidl_typesupport_fastrtps_c.h
[3.294s] -- Symlinking: /home/limdegcai/GSMART/CODE/skidpad_ws/install/skidpad_msgs/include/skidpad_msgs/skidpad_msgs/msg/detail/trajectory_point__rosidl_typesupport_fastrtps_c.h
[3.300s] -- Symlinking: /home/limdegcai/GSMART/CODE/skidpad_ws/install/skidpad_msgs/include/skidpad_msgs/skidpad_msgs/msg/rosidl_typesupport_fastrtps_c__visibility_control.h
[3.305s] -- Symlinking: /home/limdegcai/GSMART/CODE/skidpad_ws/install/skidpad_msgs/include/skidpad_msgs/skidpad_msgs/msg/detail/car_state__rosidl_typesupport_introspection_c.h
[3.311s] -- Symlinking: /home/limdegcai/GSMART/CODE/skidpad_ws/install/skidpad_msgs/include/skidpad_msgs/skidpad_msgs/msg/detail/car_state_dt__rosidl_typesupport_introspection_c.h
[3.316s] -- Symlinking: /home/limdegcai/GSMART/CODE/skidpad_ws/install/skidpad_msgs/include/skidpad_msgs/skidpad_msgs/msg/detail/control_command__rosidl_typesupport_introspection_c.h
[3.322s] -- Symlinking: /home/limdegcai/GSMART/CODE/skidpad_ws/install/skidpad_msgs/include/skidpad_msgs/skidpad_msgs/msg/detail/trajectory__rosidl_typesupport_introspection_c.h
[3.327s] -- Symlinking: /home/limdegcai/GSMART/CODE/skidpad_ws/install/skidpad_msgs/include/skidpad_msgs/skidpad_msgs/msg/detail/trajectory_point__rosidl_typesupport_introspection_c.h
[3.332s] -- Symlinking: /home/limdegcai/GSMART/CODE/skidpad_ws/install/skidpad_msgs/include/skidpad_msgs/skidpad_msgs/msg/rosidl_typesupport_introspection_c__visibility_control.h
[3.338s] -- Symlinking: /home/limdegcai/GSMART/CODE/skidpad_ws/install/skidpad_msgs/include/skidpad_msgs/skidpad_msgs/msg/car_state.hpp
[3.343s] -- Symlinking: /home/limdegcai/GSMART/CODE/skidpad_ws/install/skidpad_msgs/include/skidpad_msgs/skidpad_msgs/msg/car_state_dt.hpp
[3.349s] -- Symlinking: /home/limdegcai/GSMART/CODE/skidpad_ws/install/skidpad_msgs/include/skidpad_msgs/skidpad_msgs/msg/control_command.hpp
[3.355s] -- Symlinking: /home/limdegcai/GSMART/CODE/skidpad_ws/install/skidpad_msgs/include/skidpad_msgs/skidpad_msgs/msg/detail/car_state__builder.hpp
[3.360s] -- Symlinking: /home/limdegcai/GSMART/CODE/skidpad_ws/install/skidpad_msgs/include/skidpad_msgs/skidpad_msgs/msg/detail/car_state__struct.hpp
[3.365s] -- Symlinking: /home/limdegcai/GSMART/CODE/skidpad_ws/install/skidpad_msgs/include/skidpad_msgs/skidpad_msgs/msg/detail/car_state__traits.hpp
[3.371s] -- Symlinking: /home/limdegcai/GSMART/CODE/skidpad_ws/install/skidpad_msgs/include/skidpad_msgs/skidpad_msgs/msg/detail/car_state__type_support.hpp
[3.377s] -- Symlinking: /home/limdegcai/GSMART/CODE/skidpad_ws/install/skidpad_msgs/include/skidpad_msgs/skidpad_msgs/msg/detail/car_state_dt__builder.hpp
[3.383s] -- Symlinking: /home/limdegcai/GSMART/CODE/skidpad_ws/install/skidpad_msgs/include/skidpad_msgs/skidpad_msgs/msg/detail/car_state_dt__struct.hpp
[3.388s] -- Symlinking: /home/limdegcai/GSMART/CODE/skidpad_ws/install/skidpad_msgs/include/skidpad_msgs/skidpad_msgs/msg/detail/car_state_dt__traits.hpp
[3.394s] -- Symlinking: /home/limdegcai/GSMART/CODE/skidpad_ws/install/skidpad_msgs/include/skidpad_msgs/skidpad_msgs/msg/detail/car_state_dt__type_support.hpp
[3.399s] -- Symlinking: /home/limdegcai/GSMART/CODE/skidpad_ws/install/skidpad_msgs/include/skidpad_msgs/skidpad_msgs/msg/detail/control_command__builder.hpp
[3.405s] -- Symlinking: /home/limdegcai/GSMART/CODE/skidpad_ws/install/skidpad_msgs/include/skidpad_msgs/skidpad_msgs/msg/detail/control_command__struct.hpp
[3.412s] -- Symlinking: /home/limdegcai/GSMART/CODE/skidpad_ws/install/skidpad_msgs/include/skidpad_msgs/skidpad_msgs/msg/detail/control_command__traits.hpp
[3.418s] -- Symlinking: /home/limdegcai/GSMART/CODE/skidpad_ws/install/skidpad_msgs/include/skidpad_msgs/skidpad_msgs/msg/detail/control_command__type_support.hpp
[3.423s] -- Symlinking: /home/limdegcai/GSMART/CODE/skidpad_ws/install/skidpad_msgs/include/skidpad_msgs/skidpad_msgs/msg/detail/trajectory__builder.hpp
[3.429s] -- Symlinking: /home/limdegcai/GSMART/CODE/skidpad_ws/install/skidpad_msgs/include/skidpad_msgs/skidpad_msgs/msg/detail/trajectory__struct.hpp
[3.434s] -- Symlinking: /home/limdegcai/GSMART/CODE/skidpad_ws/install/skidpad_msgs/include/skidpad_msgs/skidpad_msgs/msg/detail/trajectory__traits.hpp
[3.439s] -- Symlinking: /home/limdegcai/GSMART/CODE/skidpad_ws/install/skidpad_msgs/include/skidpad_msgs/skidpad_msgs/msg/detail/trajectory__type_support.hpp
[3.446s] -- Symlinking: /home/limdegcai/GSMART/CODE/skidpad_ws/install/skidpad_msgs/include/skidpad_msgs/skidpad_msgs/msg/detail/trajectory_point__builder.hpp
[3.452s] -- Symlinking: /home/limdegcai/GSMART/CODE/skidpad_ws/install/skidpad_msgs/include/skidpad_msgs/skidpad_msgs/msg/detail/trajectory_point__struct.hpp
[3.458s] -- Symlinking: /home/limdegcai/GSMART/CODE/skidpad_ws/install/skidpad_msgs/include/skidpad_msgs/skidpad_msgs/msg/detail/trajectory_point__traits.hpp
[3.463s] -- Symlinking: /home/limdegcai/GSMART/CODE/skidpad_ws/install/skidpad_msgs/include/skidpad_msgs/skidpad_msgs/msg/detail/trajectory_point__type_support.hpp
[3.468s] -- Symlinking: /home/limdegcai/GSMART/CODE/skidpad_ws/install/skidpad_msgs/include/skidpad_msgs/skidpad_msgs/msg/rosidl_generator_cpp__visibility_control.hpp
[3.475s] -- Symlinking: /home/limdegcai/GSMART/CODE/skidpad_ws/install/skidpad_msgs/include/skidpad_msgs/skidpad_msgs/msg/trajectory.hpp
[3.481s] -- Symlinking: /home/limdegcai/GSMART/CODE/skidpad_ws/install/skidpad_msgs/include/skidpad_msgs/skidpad_msgs/msg/trajectory_point.hpp
[3.487s] -- Symlinking: /home/limdegcai/GSMART/CODE/skidpad_ws/install/skidpad_msgs/include/skidpad_msgs/skidpad_msgs/msg/detail/car_state__rosidl_typesupport_fastrtps_cpp.hpp
[3.493s] -- Symlinking: /home/limdegcai/GSMART/CODE/skidpad_ws/install/skidpad_msgs/include/skidpad_msgs/skidpad_msgs/msg/detail/car_state_dt__rosidl_typesupport_fastrtps_cpp.hpp
[3.499s] -- Symlinking: /home/limdegcai/GSMART/CODE/skidpad_ws/install/skidpad_msgs/include/skidpad_msgs/skidpad_msgs/msg/detail/control_command__rosidl_typesupport_fastrtps_cpp.hpp
[3.505s] -- Symlinking: /home/limdegcai/GSMART/CODE/skidpad_ws/install/skidpad_msgs/include/skidpad_msgs/skidpad_msgs/msg/detail/trajectory__rosidl_typesupport_fastrtps_cpp.hpp
[3.512s] -- Symlinking: /home/limdegcai/GSMART/CODE/skidpad_ws/install/skidpad_msgs/include/skidpad_msgs/skidpad_msgs/msg/detail/trajectory_point__rosidl_typesupport_fastrtps_cpp.hpp
[3.518s] -- Symlinking: /home/limdegcai/GSMART/CODE/skidpad_ws/install/skidpad_msgs/include/skidpad_msgs/skidpad_msgs/msg/rosidl_typesupport_fastrtps_cpp__visibility_control.h
[3.524s] -- Symlinking: /home/limdegcai/GSMART/CODE/skidpad_ws/install/skidpad_msgs/include/skidpad_msgs/skidpad_msgs/msg/detail/car_state__rosidl_typesupport_introspection_cpp.hpp
[3.530s] -- Symlinking: /home/limdegcai/GSMART/CODE/skidpad_ws/install/skidpad_msgs/include/skidpad_msgs/skidpad_msgs/msg/detail/car_state_dt__rosidl_typesupport_introspection_cpp.hpp
[3.535s] -- Symlinking: /home/limdegcai/GSMART/CODE/skidpad_ws/install/skidpad_msgs/include/skidpad_msgs/skidpad_msgs/msg/detail/control_command__rosidl_typesupport_introspection_cpp.hpp
[3.543s] -- Symlinking: /home/limdegcai/GSMART/CODE/skidpad_ws/install/skidpad_msgs/include/skidpad_msgs/skidpad_msgs/msg/detail/trajectory__rosidl_typesupport_introspection_cpp.hpp
[3.549s] -- Symlinking: /home/limdegcai/GSMART/CODE/skidpad_ws/install/skidpad_msgs/include/skidpad_msgs/skidpad_msgs/msg/detail/trajectory_point__rosidl_typesupport_introspection_cpp.hpp
[3.554s] -- Symlinking: /home/limdegcai/GSMART/CODE/skidpad_ws/install/skidpad_msgs/share/skidpad_msgs/environment/pythonpath.sh
[3.560s] -- Symlinking: /home/limdegcai/GSMART/CODE/skidpad_ws/install/skidpad_msgs/share/skidpad_msgs/environment/pythonpath.dsv
[3.565s] -- Symlinking: /home/limdegcai/GSMART/CODE/skidpad_ws/install/skidpad_msgs/local/lib/python3.10/dist-packages/skidpad_msgs-1.0.0-py3.10.egg-info/PKG-INFO
[3.572s] -- Symlinking: /home/limdegcai/GSMART/CODE/skidpad_ws/install/skidpad_msgs/local/lib/python3.10/dist-packages/skidpad_msgs-1.0.0-py3.10.egg-info/SOURCES.txt
[3.579s] -- Symlinking: /home/limdegcai/GSMART/CODE/skidpad_ws/install/skidpad_msgs/local/lib/python3.10/dist-packages/skidpad_msgs-1.0.0-py3.10.egg-info/dependency_links.txt
[3.585s] -- Symlinking: /home/limdegcai/GSMART/CODE/skidpad_ws/install/skidpad_msgs/local/lib/python3.10/dist-packages/skidpad_msgs-1.0.0-py3.10.egg-info/top_level.txt
[3.591s] -- Symlinking: /home/limdegcai/GSMART/CODE/skidpad_ws/install/skidpad_msgs/local/lib/python3.10/dist-packages/skidpad_msgs/__init__.py
[3.597s] -- Symlinking: /home/limdegcai/GSMART/CODE/skidpad_ws/install/skidpad_msgs/local/lib/python3.10/dist-packages/skidpad_msgs/_skidpad_msgs_s.ep.rosidl_typesupport_c.c
[3.603s] -- Symlinking: /home/limdegcai/GSMART/CODE/skidpad_ws/install/skidpad_msgs/local/lib/python3.10/dist-packages/skidpad_msgs/_skidpad_msgs_s.ep.rosidl_typesupport_fastrtps_c.c
[3.609s] -- Symlinking: /home/limdegcai/GSMART/CODE/skidpad_ws/install/skidpad_msgs/local/lib/python3.10/dist-packages/skidpad_msgs/_skidpad_msgs_s.ep.rosidl_typesupport_introspection_c.c
[3.614s] -- Symlinking: /home/limdegcai/GSMART/CODE/skidpad_ws/install/skidpad_msgs/local/lib/python3.10/dist-packages/skidpad_msgs/libskidpad_msgs__rosidl_generator_py.so
[3.620s] -- Symlinking: /home/limdegcai/GSMART/CODE/skidpad_ws/install/skidpad_msgs/local/lib/python3.10/dist-packages/skidpad_msgs/msg/__init__.py
[3.625s] -- Symlinking: /home/limdegcai/GSMART/CODE/skidpad_ws/install/skidpad_msgs/local/lib/python3.10/dist-packages/skidpad_msgs/msg/_car_state.py
[3.630s] -- Symlinking: /home/limdegcai/GSMART/CODE/skidpad_ws/install/skidpad_msgs/local/lib/python3.10/dist-packages/skidpad_msgs/msg/_car_state_dt.py
[3.637s] -- Symlinking: /home/limdegcai/GSMART/CODE/skidpad_ws/install/skidpad_msgs/local/lib/python3.10/dist-packages/skidpad_msgs/msg/_car_state_dt_s.c
[3.643s] -- Symlinking: /home/limdegcai/GSMART/CODE/skidpad_ws/install/skidpad_msgs/local/lib/python3.10/dist-packages/skidpad_msgs/msg/_car_state_s.c
[3.649s] -- Symlinking: /home/limdegcai/GSMART/CODE/skidpad_ws/install/skidpad_msgs/local/lib/python3.10/dist-packages/skidpad_msgs/msg/_control_command.py
[3.655s] -- Symlinking: /home/limdegcai/GSMART/CODE/skidpad_ws/install/skidpad_msgs/local/lib/python3.10/dist-packages/skidpad_msgs/msg/_control_command_s.c
[3.661s] -- Symlinking: /home/limdegcai/GSMART/CODE/skidpad_ws/install/skidpad_msgs/local/lib/python3.10/dist-packages/skidpad_msgs/msg/_trajectory.py
[3.666s] -- Symlinking: /home/limdegcai/GSMART/CODE/skidpad_ws/install/skidpad_msgs/local/lib/python3.10/dist-packages/skidpad_msgs/msg/_trajectory_point.py
[3.672s] -- Symlinking: /home/limdegcai/GSMART/CODE/skidpad_ws/install/skidpad_msgs/local/lib/python3.10/dist-packages/skidpad_msgs/msg/_trajectory_point_s.c
[3.677s] -- Symlinking: /home/limdegcai/GSMART/CODE/skidpad_ws/install/skidpad_msgs/local/lib/python3.10/dist-packages/skidpad_msgs/msg/_trajectory_s.c
[3.683s] -- Symlinking: /home/limdegcai/GSMART/CODE/skidpad_ws/install/skidpad_msgs/local/lib/python3.10/dist-packages/skidpad_msgs/skidpad_msgs_s__rosidl_typesupport_c.cpython-310-x86_64-linux-gnu.so
[3.688s] -- Symlinking: /home/limdegcai/GSMART/CODE/skidpad_ws/install/skidpad_msgs/local/lib/python3.10/dist-packages/skidpad_msgs/skidpad_msgs_s__rosidl_typesupport_fastrtps_c.cpython-310-x86_64-linux-gnu.so
[3.694s] -- Symlinking: /home/limdegcai/GSMART/CODE/skidpad_ws/install/skidpad_msgs/local/lib/python3.10/dist-packages/skidpad_msgs/skidpad_msgs_s__rosidl_typesupport_introspection_c.cpython-310-x86_64-linux-gnu.so
[3.701s] -- Up-to-date symlink: /home/limdegcai/GSMART/CODE/skidpad_ws/install/skidpad_msgs/local/lib/python3.10/dist-packages/skidpad_msgs/skidpad_msgs_s__rosidl_typesupport_fastrtps_c.cpython-310-x86_64-linux-gnu.so
[3.701s] -- Up-to-date symlink: /home/limdegcai/GSMART/CODE/skidpad_ws/install/skidpad_msgs/local/lib/python3.10/dist-packages/skidpad_msgs/skidpad_msgs_s__rosidl_typesupport_introspection_c.cpython-310-x86_64-linux-gnu.so
[3.702s] -- Up-to-date symlink: /home/limdegcai/GSMART/CODE/skidpad_ws/install/skidpad_msgs/local/lib/python3.10/dist-packages/skidpad_msgs/skidpad_msgs_s__rosidl_typesupport_c.cpython-310-x86_64-linux-gnu.so
[3.702s] -- Symlinking: /home/limdegcai/GSMART/CODE/skidpad_ws/install/skidpad_msgs/share/ament_index/resource_index/rust_packages/skidpad_msgs
[3.708s] -- Symlinking: /home/limdegcai/GSMART/CODE/skidpad_ws/install/skidpad_msgs/share/skidpad_msgs/rust/Cargo.toml
[3.714s] -- Symlinking: /home/limdegcai/GSMART/CODE/skidpad_ws/install/skidpad_msgs/share/skidpad_msgs/rust/build.rs
[3.720s] -- Symlinking: /home/limdegcai/GSMART/CODE/skidpad_ws/install/skidpad_msgs/share/skidpad_msgs/rust/src/lib.rs
[3.726s] -- Symlinking: /home/limdegcai/GSMART/CODE/skidpad_ws/install/skidpad_msgs/share/skidpad_msgs/rust/src/msg.rs
[3.734s] -- Symlinking: /home/limdegcai/GSMART/CODE/skidpad_ws/install/skidpad_msgs/share/skidpad_msgs/rust/src/msg/rmw.rs
[3.740s] -- Symlinking: /home/limdegcai/GSMART/CODE/skidpad_ws/install/skidpad_msgs/share/skidpad_msgs/msg/CarState.idl
[3.746s] -- Symlinking: /home/limdegcai/GSMART/CODE/skidpad_ws/install/skidpad_msgs/share/skidpad_msgs/msg/CarStateDt.idl
[3.752s] -- Symlinking: /home/limdegcai/GSMART/CODE/skidpad_ws/install/skidpad_msgs/share/skidpad_msgs/msg/ControlCommand.idl
[3.758s] -- Symlinking: /home/limdegcai/GSMART/CODE/skidpad_ws/install/skidpad_msgs/share/skidpad_msgs/msg/Trajectory.idl
[3.765s] -- Symlinking: /home/limdegcai/GSMART/CODE/skidpad_ws/install/skidpad_msgs/share/skidpad_msgs/msg/TrajectoryPoint.idl
[3.771s] -- Symlinking: /home/limdegcai/GSMART/CODE/skidpad_ws/install/skidpad_msgs/share/skidpad_msgs/msg/CarState.msg
[3.777s] -- Symlinking: /home/limdegcai/GSMART/CODE/skidpad_ws/install/skidpad_msgs/share/skidpad_msgs/msg/CarStateDt.msg
[3.783s] -- Symlinking: /home/limdegcai/GSMART/CODE/skidpad_ws/install/skidpad_msgs/share/skidpad_msgs/msg/ControlCommand.msg
[3.788s] -- Symlinking: /home/limdegcai/GSMART/CODE/skidpad_ws/install/skidpad_msgs/share/skidpad_msgs/msg/Trajectory.msg
[3.796s] -- Symlinking: /home/limdegcai/GSMART/CODE/skidpad_ws/install/skidpad_msgs/share/skidpad_msgs/msg/TrajectoryPoint.msg
[3.803s] -- Symlinking: /home/limdegcai/GSMART/CODE/skidpad_ws/install/skidpad_msgs/share/ament_index/resource_index/package_run_dependencies/skidpad_msgs
[3.809s] -- Symlinking: /home/limdegcai/GSMART/CODE/skidpad_ws/install/skidpad_msgs/share/ament_index/resource_index/parent_prefix_path/skidpad_msgs
[3.816s] -- Symlinking: /home/limdegcai/GSMART/CODE/skidpad_ws/install/skidpad_msgs/share/skidpad_msgs/environment/ament_prefix_path.sh
[3.825s] -- Symlinking: /home/limdegcai/GSMART/CODE/skidpad_ws/install/skidpad_msgs/share/skidpad_msgs/environment/ament_prefix_path.dsv
[3.832s] -- Symlinking: /home/limdegcai/GSMART/CODE/skidpad_ws/install/skidpad_msgs/share/skidpad_msgs/environment/path.sh
[3.838s] -- Symlinking: /home/limdegcai/GSMART/CODE/skidpad_ws/install/skidpad_msgs/share/skidpad_msgs/environment/path.dsv
[3.844s] -- Symlinking: /home/limdegcai/GSMART/CODE/skidpad_ws/install/skidpad_msgs/share/skidpad_msgs/local_setup.bash
[3.850s] -- Symlinking: /home/limdegcai/GSMART/CODE/skidpad_ws/install/skidpad_msgs/share/skidpad_msgs/local_setup.sh
[3.855s] -- Symlinking: /home/limdegcai/GSMART/CODE/skidpad_ws/install/skidpad_msgs/share/skidpad_msgs/local_setup.zsh
[3.862s] -- Symlinking: /home/limdegcai/GSMART/CODE/skidpad_ws/install/skidpad_msgs/share/skidpad_msgs/local_setup.dsv
[3.868s] -- Symlinking: /home/limdegcai/GSMART/CODE/skidpad_ws/install/skidpad_msgs/share/skidpad_msgs/package.dsv
[3.874s] -- Symlinking: /home/limdegcai/GSMART/CODE/skidpad_ws/install/skidpad_msgs/share/ament_index/resource_index/packages/skidpad_msgs
[3.880s] -- Symlinking: /home/limdegcai/GSMART/CODE/skidpad_ws/install/skidpad_msgs/share/skidpad_msgs/cmake/rosidl_cmake-extras.cmake
[3.885s] -- Symlinking: /home/limdegcai/GSMART/CODE/skidpad_ws/install/skidpad_msgs/share/skidpad_msgs/cmake/ament_cmake_export_dependencies-extras.cmake
[3.892s] -- Symlinking: /home/limdegcai/GSMART/CODE/skidpad_ws/install/skidpad_msgs/share/skidpad_msgs/cmake/ament_cmake_export_include_directories-extras.cmake
[3.898s] -- Symlinking: /home/limdegcai/GSMART/CODE/skidpad_ws/install/skidpad_msgs/share/skidpad_msgs/cmake/ament_cmake_export_libraries-extras.cmake
[3.904s] -- Symlinking: /home/limdegcai/GSMART/CODE/skidpad_ws/install/skidpad_msgs/share/skidpad_msgs/cmake/ament_cmake_export_targets-extras.cmake
[3.910s] -- Symlinking: /home/limdegcai/GSMART/CODE/skidpad_ws/install/skidpad_msgs/share/skidpad_msgs/cmake/rosidl_cmake_export_typesupport_targets-extras.cmake
[3.916s] -- Symlinking: /home/limdegcai/GSMART/CODE/skidpad_ws/install/skidpad_msgs/share/skidpad_msgs/cmake/rosidl_cmake_export_typesupport_libraries-extras.cmake
[3.922s] -- Symlinking: /home/limdegcai/GSMART/CODE/skidpad_ws/install/skidpad_msgs/share/skidpad_msgs/cmake/skidpad_msgsConfig.cmake
[3.927s] -- Symlinking: /home/limdegcai/GSMART/CODE/skidpad_ws/install/skidpad_msgs/share/skidpad_msgs/cmake/skidpad_msgsConfig-version.cmake
[3.933s] -- Symlinking: /home/limdegcai/GSMART/CODE/skidpad_ws/install/skidpad_msgs/share/skidpad_msgs/package.xml
[3.939s] -- Installing: /home/limdegcai/GSMART/CODE/skidpad_ws/install/skidpad_msgs/lib/libskidpad_msgs__rosidl_generator_c.so
[3.939s] -- Set runtime path of "/home/limdegcai/GSMART/CODE/skidpad_ws/install/skidpad_msgs/lib/libskidpad_msgs__rosidl_generator_c.so" to ""
[3.939s] -- Installing: /home/limdegcai/GSMART/CODE/skidpad_ws/install/skidpad_msgs/lib/libskidpad_msgs__rosidl_typesupport_fastrtps_c.so
[3.940s] -- Set runtime path of "/home/limdegcai/GSMART/CODE/skidpad_ws/install/skidpad_msgs/lib/libskidpad_msgs__rosidl_typesupport_fastrtps_c.so" to ""
[3.940s] -- Installing: /home/limdegcai/GSMART/CODE/skidpad_ws/install/skidpad_msgs/lib/libskidpad_msgs__rosidl_typesupport_introspection_c.so
[3.940s] -- Set runtime path of "/home/limdegcai/GSMART/CODE/skidpad_ws/install/skidpad_msgs/lib/libskidpad_msgs__rosidl_typesupport_introspection_c.so" to ""
[3.940s] -- Installing: /home/limdegcai/GSMART/CODE/skidpad_ws/install/skidpad_msgs/lib/libskidpad_msgs__rosidl_typesupport_c.so
[3.941s] -- Set runtime path of "/home/limdegcai/GSMART/CODE/skidpad_ws/install/skidpad_msgs/lib/libskidpad_msgs__rosidl_typesupport_c.so" to ""
[3.941s] -- Installing: /home/limdegcai/GSMART/CODE/skidpad_ws/install/skidpad_msgs/lib/libskidpad_msgs__rosidl_typesupport_fastrtps_cpp.so
[3.941s] -- Set runtime path of "/home/limdegcai/GSMART/CODE/skidpad_ws/install/skidpad_msgs/lib/libskidpad_msgs__rosidl_typesupport_fastrtps_cpp.so" to ""
[3.941s] -- Installing: /home/limdegcai/GSMART/CODE/skidpad_ws/install/skidpad_msgs/lib/libskidpad_msgs__rosidl_typesupport_introspection_cpp.so
[3.942s] -- Set runtime path of "/home/limdegcai/GSMART/CODE/skidpad_ws/install/skidpad_msgs/lib/libskidpad_msgs__rosidl_typesupport_introspection_cpp.so" to ""
[3.942s] -- Installing: /home/limdegcai/GSMART/CODE/skidpad_ws/install/skidpad_msgs/lib/libskidpad_msgs__rosidl_typesupport_cpp.so
[3.942s] -- Set runtime path of "/home/limdegcai/GSMART/CODE/skidpad_ws/install/skidpad_msgs/lib/libskidpad_msgs__rosidl_typesupport_cpp.so" to ""
[3.965s] Listing '/home/limdegcai/GSMART/CODE/skidpad_ws/install/skidpad_msgs/local/lib/python3.10/dist-packages/skidpad_msgs'...
[3.965s] Compiling '/home/limdegcai/GSMART/CODE/skidpad_ws/install/skidpad_msgs/local/lib/python3.10/dist-packages/skidpad_msgs/__init__.py'...
[3.965s] Listing '/home/limdegcai/GSMART/CODE/skidpad_ws/install/skidpad_msgs/local/lib/python3.10/dist-packages/skidpad_msgs/msg'...
[3.965s] Compiling '/home/limdegcai/GSMART/CODE/skidpad_ws/install/skidpad_msgs/local/lib/python3.10/dist-packages/skidpad_msgs/msg/__init__.py'...
[3.965s] Compiling '/home/limdegcai/GSMART/CODE/skidpad_ws/install/skidpad_msgs/local/lib/python3.10/dist-packages/skidpad_msgs/msg/_car_state.py'...
[3.965s] Compiling '/home/limdegcai/GSMART/CODE/skidpad_ws/install/skidpad_msgs/local/lib/python3.10/dist-packages/skidpad_msgs/msg/_car_state_dt.py'...
[3.965s] Compiling '/home/limdegcai/GSMART/CODE/skidpad_ws/install/skidpad_msgs/local/lib/python3.10/dist-packages/skidpad_msgs/msg/_control_command.py'...
[3.965s] Compiling '/home/limdegcai/GSMART/CODE/skidpad_ws/install/skidpad_msgs/local/lib/python3.10/dist-packages/skidpad_msgs/msg/_trajectory.py'...
[3.965s] Compiling '/home/limdegcai/GSMART/CODE/skidpad_ws/install/skidpad_msgs/local/lib/python3.10/dist-packages/skidpad_msgs/msg/_trajectory_point.py'...
[3.968s] -- Installing: /home/limdegcai/GSMART/CODE/skidpad_ws/install/skidpad_msgs/lib/libskidpad_msgs__rosidl_generator_py.so
[3.968s] -- Set runtime path of "/home/limdegcai/GSMART/CODE/skidpad_ws/install/skidpad_msgs/lib/libskidpad_msgs__rosidl_generator_py.so" to ""
[3.968s] -- Installing: /home/limdegcai/GSMART/CODE/skidpad_ws/install/skidpad_msgs/share/skidpad_msgs/cmake/export_skidpad_msgs__rosidl_generator_cExport.cmake
[3.968s] -- Installing: /home/limdegcai/GSMART/CODE/skidpad_ws/install/skidpad_msgs/share/skidpad_msgs/cmake/export_skidpad_msgs__rosidl_generator_cExport-noconfig.cmake
[3.968s] -- Installing: /home/limdegcai/GSMART/CODE/skidpad_ws/install/skidpad_msgs/share/skidpad_msgs/cmake/export_skidpad_msgs__rosidl_typesupport_fastrtps_cExport.cmake
[3.969s] -- Installing: /home/limdegcai/GSMART/CODE/skidpad_ws/install/skidpad_msgs/share/skidpad_msgs/cmake/export_skidpad_msgs__rosidl_typesupport_fastrtps_cExport-noconfig.cmake
[3.969s] -- Installing: /home/limdegcai/GSMART/CODE/skidpad_ws/install/skidpad_msgs/share/skidpad_msgs/cmake/skidpad_msgs__rosidl_typesupport_introspection_cExport.cmake
[3.969s] -- Installing: /home/limdegcai/GSMART/CODE/skidpad_ws/install/skidpad_msgs/share/skidpad_msgs/cmake/skidpad_msgs__rosidl_typesupport_introspection_cExport-noconfig.cmake
[3.969s] -- Installing: /home/limdegcai/GSMART/CODE/skidpad_ws/install/skidpad_msgs/share/skidpad_msgs/cmake/skidpad_msgs__rosidl_typesupport_cExport.cmake
[3.969s] -- Installing: /home/limdegcai/GSMART/CODE/skidpad_ws/install/skidpad_msgs/share/skidpad_msgs/cmake/skidpad_msgs__rosidl_typesupport_cExport-noconfig.cmake
[3.969s] -- Installing: /home/limdegcai/GSMART/CODE/skidpad_ws/install/skidpad_msgs/share/skidpad_msgs/cmake/export_skidpad_msgs__rosidl_generator_cppExport.cmake
[3.969s] -- Installing: /home/limdegcai/GSMART/CODE/skidpad_ws/install/skidpad_msgs/share/skidpad_msgs/cmake/export_skidpad_msgs__rosidl_typesupport_fastrtps_cppExport.cmake
[3.969s] -- Installing: /home/limdegcai/GSMART/CODE/skidpad_ws/install/skidpad_msgs/share/skidpad_msgs/cmake/export_skidpad_msgs__rosidl_typesupport_fastrtps_cppExport-noconfig.cmake
[3.969s] -- Installing: /home/limdegcai/GSMART/CODE/skidpad_ws/install/skidpad_msgs/share/skidpad_msgs/cmake/skidpad_msgs__rosidl_typesupport_introspection_cppExport.cmake
[3.970s] -- Installing: /home/limdegcai/GSMART/CODE/skidpad_ws/install/skidpad_msgs/share/skidpad_msgs/cmake/skidpad_msgs__rosidl_typesupport_introspection_cppExport-noconfig.cmake
[3.970s] -- Installing: /home/limdegcai/GSMART/CODE/skidpad_ws/install/skidpad_msgs/share/skidpad_msgs/cmake/skidpad_msgs__rosidl_typesupport_cppExport.cmake
[3.970s] -- Installing: /home/limdegcai/GSMART/CODE/skidpad_ws/install/skidpad_msgs/share/skidpad_msgs/cmake/skidpad_msgs__rosidl_typesupport_cppExport-noconfig.cmake
[3.970s] -- Installing: /home/limdegcai/GSMART/CODE/skidpad_ws/install/skidpad_msgs/share/skidpad_msgs/cmake/export_skidpad_msgs__rosidl_generator_pyExport.cmake
[3.970s] -- Installing: /home/limdegcai/GSMART/CODE/skidpad_ws/install/skidpad_msgs/share/skidpad_msgs/cmake/export_skidpad_msgs__rosidl_generator_pyExport-noconfig.cmake
[3.972s] Invoked command in '/home/limdegcai/GSMART/CODE/skidpad_ws/build/skidpad_msgs' returned '0': CMAKE_PREFIX_PATH=${CMAKE_PREFIX_PATH}:/home/limdegcai/GSMART/CODE/skidpad_ws/install/skidpad_control:/home/limdegcai/GSMART/CODE/skidpad_ws/install/fsds_bridge:/home/limdegcai/GSMART/CODE/skidpad_ws/install/icp_test_tools:/opt/ros/humble /usr/bin/cmake --install /home/limdegcai/GSMART/CODE/skidpad_ws/build/skidpad_msgs
