running egg_info
creating ../../build/ros2_lidar_camera_fusion_with_detection/ros2_lidar_camera_fusion_with_detection.egg-info
writing ../../build/ros2_lidar_camera_fusion_with_detection/ros2_lidar_camera_fusion_with_detection.egg-info/PKG-INFO
writing dependency_links to ../../build/ros2_lidar_camera_fusion_with_detection/ros2_lidar_camera_fusion_with_detection.egg-info/dependency_links.txt
writing entry points to ../../build/ros2_lidar_camera_fusion_with_detection/ros2_lidar_camera_fusion_with_detection.egg-info/entry_points.txt
writing requirements to ../../build/ros2_lidar_camera_fusion_with_detection/ros2_lidar_camera_fusion_with_detection.egg-info/requires.txt
writing top-level names to ../../build/ros2_lidar_camera_fusion_with_detection/ros2_lidar_camera_fusion_with_detection.egg-info/top_level.txt
writing manifest file '../../build/ros2_lidar_camera_fusion_with_detection/ros2_lidar_camera_fusion_with_detection.egg-info/SOURCES.txt'
reading manifest file '../../build/ros2_lidar_camera_fusion_with_detection/ros2_lidar_camera_fusion_with_detection.egg-info/SOURCES.txt'
writing manifest file '../../build/ros2_lidar_camera_fusion_with_detection/ros2_lidar_camera_fusion_with_detection.egg-info/SOURCES.txt'
running build
running build_py
creating /home/x/Documents/at20260415workspace/workspace/camera/build/ros2_lidar_camera_fusion_with_detection/build
creating /home/x/Documents/at20260415workspace/workspace/camera/build/ros2_lidar_camera_fusion_with_detection/build/lib
creating /home/x/Documents/at20260415workspace/workspace/camera/build/ros2_lidar_camera_fusion_with_detection/build/lib/ros2_lidar_camera_fusion_with_detection
copying ros2_lidar_camera_fusion_with_detection/detection1.py -> /home/x/Documents/at20260415workspace/workspace/camera/build/ros2_lidar_camera_fusion_with_detection/build/lib/ros2_lidar_camera_fusion_with_detection
copying ros2_lidar_camera_fusion_with_detection/__init__.py -> /home/x/Documents/at20260415workspace/workspace/camera/build/ros2_lidar_camera_fusion_with_detection/build/lib/ros2_lidar_camera_fusion_with_detection
copying ros2_lidar_camera_fusion_with_detection/multi_sensor_fusion_node.py -> /home/x/Documents/at20260415workspace/workspace/camera/build/ros2_lidar_camera_fusion_with_detection/build/lib/ros2_lidar_camera_fusion_with_detection
copying ros2_lidar_camera_fusion_with_detection/lidar_camera_fusion_with_detection2.py -> /home/x/Documents/at20260415workspace/workspace/camera/build/ros2_lidar_camera_fusion_with_detection/build/lib/ros2_lidar_camera_fusion_with_detection
copying ros2_lidar_camera_fusion_with_detection/lidar_camera_fusion_with_detection1.py -> /home/x/Documents/at20260415workspace/workspace/camera/build/ros2_lidar_camera_fusion_with_detection/build/lib/ros2_lidar_camera_fusion_with_detection
running install
running install_lib
creating /home/x/Documents/at20260415workspace/workspace/camera/install/ros2_lidar_camera_fusion_with_detection/lib/python3.10/site-packages/ros2_lidar_camera_fusion_with_detection
copying /home/x/Documents/at20260415workspace/workspace/camera/build/ros2_lidar_camera_fusion_with_detection/build/lib/ros2_lidar_camera_fusion_with_detection/detection1.py -> /home/x/Documents/at20260415workspace/workspace/camera/install/ros2_lidar_camera_fusion_with_detection/lib/python3.10/site-packages/ros2_lidar_camera_fusion_with_detection
copying /home/x/Documents/at20260415workspace/workspace/camera/build/ros2_lidar_camera_fusion_with_detection/build/lib/ros2_lidar_camera_fusion_with_detection/__init__.py -> /home/x/Documents/at20260415workspace/workspace/camera/install/ros2_lidar_camera_fusion_with_detection/lib/python3.10/site-packages/ros2_lidar_camera_fusion_with_detection
copying /home/x/Documents/at20260415workspace/workspace/camera/build/ros2_lidar_camera_fusion_with_detection/build/lib/ros2_lidar_camera_fusion_with_detection/multi_sensor_fusion_node.py -> /home/x/Documents/at20260415workspace/workspace/camera/install/ros2_lidar_camera_fusion_with_detection/lib/python3.10/site-packages/ros2_lidar_camera_fusion_with_detection
copying /home/x/Documents/at20260415workspace/workspace/camera/build/ros2_lidar_camera_fusion_with_detection/build/lib/ros2_lidar_camera_fusion_with_detection/lidar_camera_fusion_with_detection2.py -> /home/x/Documents/at20260415workspace/workspace/camera/install/ros2_lidar_camera_fusion_with_detection/lib/python3.10/site-packages/ros2_lidar_camera_fusion_with_detection
copying /home/x/Documents/at20260415workspace/workspace/camera/build/ros2_lidar_camera_fusion_with_detection/build/lib/ros2_lidar_camera_fusion_with_detection/lidar_camera_fusion_with_detection1.py -> /home/x/Documents/at20260415workspace/workspace/camera/install/ros2_lidar_camera_fusion_with_detection/lib/python3.10/site-packages/ros2_lidar_camera_fusion_with_detection
byte-compiling /home/x/Documents/at20260415workspace/workspace/camera/install/ros2_lidar_camera_fusion_with_detection/lib/python3.10/site-packages/ros2_lidar_camera_fusion_with_detection/detection1.py to detection1.cpython-310.pyc
byte-compiling /home/x/Documents/at20260415workspace/workspace/camera/install/ros2_lidar_camera_fusion_with_detection/lib/python3.10/site-packages/ros2_lidar_camera_fusion_with_detection/__init__.py to __init__.cpython-310.pyc
byte-compiling /home/x/Documents/at20260415workspace/workspace/camera/install/ros2_lidar_camera_fusion_with_detection/lib/python3.10/site-packages/ros2_lidar_camera_fusion_with_detection/multi_sensor_fusion_node.py to multi_sensor_fusion_node.cpython-310.pyc
byte-compiling /home/x/Documents/at20260415workspace/workspace/camera/install/ros2_lidar_camera_fusion_with_detection/lib/python3.10/site-packages/ros2_lidar_camera_fusion_with_detection/lidar_camera_fusion_with_detection2.py to lidar_camera_fusion_with_detection2.cpython-310.pyc
byte-compiling /home/x/Documents/at20260415workspace/workspace/camera/install/ros2_lidar_camera_fusion_with_detection/lib/python3.10/site-packages/ros2_lidar_camera_fusion_with_detection/lidar_camera_fusion_with_detection1.py to lidar_camera_fusion_with_detection1.cpython-310.pyc
running install_data
creating /home/x/Documents/at20260415workspace/workspace/camera/install/ros2_lidar_camera_fusion_with_detection/share/ament_index
creating /home/x/Documents/at20260415workspace/workspace/camera/install/ros2_lidar_camera_fusion_with_detection/share/ament_index/resource_index
creating /home/x/Documents/at20260415workspace/workspace/camera/install/ros2_lidar_camera_fusion_with_detection/share/ament_index/resource_index/packages
copying resource/ros2_lidar_camera_fusion_with_detection -> /home/x/Documents/at20260415workspace/workspace/camera/install/ros2_lidar_camera_fusion_with_detection/share/ament_index/resource_index/packages
copying package.xml -> /home/x/Documents/at20260415workspace/workspace/camera/install/ros2_lidar_camera_fusion_with_detection/share/ros2_lidar_camera_fusion_with_detection
copying launch/lidar_camera_fusion_with_detection_launch.py -> /home/x/Documents/at20260415workspace/workspace/camera/install/ros2_lidar_camera_fusion_with_detection/share/ros2_lidar_camera_fusion_with_detection
creating /home/x/Documents/at20260415workspace/workspace/camera/install/ros2_lidar_camera_fusion_with_detection/share/ros2_lidar_camera_fusion_with_detection/config
copying config/setup_config1.yaml -> /home/x/Documents/at20260415workspace/workspace/camera/install/ros2_lidar_camera_fusion_with_detection/share/ros2_lidar_camera_fusion_with_detection/config
copying config/setup_config2.yaml -> /home/x/Documents/at20260415workspace/workspace/camera/install/ros2_lidar_camera_fusion_with_detection/share/ros2_lidar_camera_fusion_with_detection/config
running install_egg_info
Copying ../../build/ros2_lidar_camera_fusion_with_detection/ros2_lidar_camera_fusion_with_detection.egg-info to /home/x/Documents/at20260415workspace/workspace/camera/install/ros2_lidar_camera_fusion_with_detection/lib/python3.10/site-packages/ros2_lidar_camera_fusion_with_detection-1.0.0-py3.10.egg-info
running install_scripts
Installing detection1 script to /home/x/Documents/at20260415workspace/workspace/camera/install/ros2_lidar_camera_fusion_with_detection/lib/ros2_lidar_camera_fusion_with_detection
Installing lidar_camera_fusion_with_detection1 script to /home/x/Documents/at20260415workspace/workspace/camera/install/ros2_lidar_camera_fusion_with_detection/lib/ros2_lidar_camera_fusion_with_detection
Installing lidar_camera_fusion_with_detection2 script to /home/x/Documents/at20260415workspace/workspace/camera/install/ros2_lidar_camera_fusion_with_detection/lib/ros2_lidar_camera_fusion_with_detection
Installing multi_sensor_fusion_node script to /home/x/Documents/at20260415workspace/workspace/camera/install/ros2_lidar_camera_fusion_with_detection/lib/ros2_lidar_camera_fusion_with_detection
writing list of installed files to '/home/x/Documents/at20260415workspace/workspace/camera/build/ros2_lidar_camera_fusion_with_detection/install.log'
