[0.433s] Invoking command in '/home/x/Documents/at20260415workspace/workspace/camera/src/ros2_lidar_camera_fusion_with_detection': AMENT_PREFIX_PATH=/home/x/Documents/at20260415workspace/workspace/camera/install/yolo_msgs:${AMENT_PREFIX_PATH} CMAKE_PREFIX_PATH=/home/x/Documents/at20260415workspace/workspace/camera/install/yolo_msgs LD_LIBRARY_PATH=/home/x/Documents/at20260415workspace/workspace/camera/install/yolo_msgs/lib:${LD_LIBRARY_PATH} PYTHONPATH=/home/x/Documents/at20260415workspace/workspace/camera/build/ros2_lidar_camera_fusion_with_detection/prefix_override:/usr/lib/python3/dist-packages/colcon_core/task/python/colcon_distutils_commands:/home/x/Documents/at20260415workspace/workspace/camera/install/ros2_lidar_camera_fusion_with_detection/lib/python3.10/site-packages:/home/x/Documents/at20260415workspace/workspace/camera/install/yolo_msgs/local/lib/python3.10/dist-packages:${PYTHONPATH} /usr/bin/python3 -W ignore:setup.py install is deprecated -W ignore:easy_install command is deprecated setup.py egg_info --egg-base ../../build/ros2_lidar_camera_fusion_with_detection build --build-base /home/x/Documents/at20260415workspace/workspace/camera/build/ros2_lidar_camera_fusion_with_detection/build install --record /home/x/Documents/at20260415workspace/workspace/camera/build/ros2_lidar_camera_fusion_with_detection/install.log --single-version-externally-managed install_data
[0.549s] running egg_info
[0.550s] creating ../../build/ros2_lidar_camera_fusion_with_detection/ros2_lidar_camera_fusion_with_detection.egg-info
[0.550s] writing ../../build/ros2_lidar_camera_fusion_with_detection/ros2_lidar_camera_fusion_with_detection.egg-info/PKG-INFO
[0.550s] writing dependency_links to ../../build/ros2_lidar_camera_fusion_with_detection/ros2_lidar_camera_fusion_with_detection.egg-info/dependency_links.txt
[0.550s] writing entry points to ../../build/ros2_lidar_camera_fusion_with_detection/ros2_lidar_camera_fusion_with_detection.egg-info/entry_points.txt
[0.550s] writing requirements to ../../build/ros2_lidar_camera_fusion_with_detection/ros2_lidar_camera_fusion_with_detection.egg-info/requires.txt
[0.550s] writing top-level names to ../../build/ros2_lidar_camera_fusion_with_detection/ros2_lidar_camera_fusion_with_detection.egg-info/top_level.txt
[0.550s] writing manifest file '../../build/ros2_lidar_camera_fusion_with_detection/ros2_lidar_camera_fusion_with_detection.egg-info/SOURCES.txt'
[0.551s] reading manifest file '../../build/ros2_lidar_camera_fusion_with_detection/ros2_lidar_camera_fusion_with_detection.egg-info/SOURCES.txt'
[0.551s] writing manifest file '../../build/ros2_lidar_camera_fusion_with_detection/ros2_lidar_camera_fusion_with_detection.egg-info/SOURCES.txt'
[0.551s] running build
[0.551s] running build_py
[0.551s] creating /home/x/Documents/at20260415workspace/workspace/camera/build/ros2_lidar_camera_fusion_with_detection/build
[0.551s] creating /home/x/Documents/at20260415workspace/workspace/camera/build/ros2_lidar_camera_fusion_with_detection/build/lib
[0.551s] creating /home/x/Documents/at20260415workspace/workspace/camera/build/ros2_lidar_camera_fusion_with_detection/build/lib/ros2_lidar_camera_fusion_with_detection
[0.551s] copying ros2_lidar_camera_fusion_with_detection/detection1.py -> /home/x/Documents/at20260415workspace/workspace/camera/build/ros2_lidar_camera_fusion_with_detection/build/lib/ros2_lidar_camera_fusion_with_detection
[0.551s] copying ros2_lidar_camera_fusion_with_detection/__init__.py -> /home/x/Documents/at20260415workspace/workspace/camera/build/ros2_lidar_camera_fusion_with_detection/build/lib/ros2_lidar_camera_fusion_with_detection
[0.551s] copying ros2_lidar_camera_fusion_with_detection/multi_sensor_fusion_node.py -> /home/x/Documents/at20260415workspace/workspace/camera/build/ros2_lidar_camera_fusion_with_detection/build/lib/ros2_lidar_camera_fusion_with_detection
[0.552s] copying ros2_lidar_camera_fusion_with_detection/lidar_camera_fusion_with_detection2.py -> /home/x/Documents/at20260415workspace/workspace/camera/build/ros2_lidar_camera_fusion_with_detection/build/lib/ros2_lidar_camera_fusion_with_detection
[0.552s] copying ros2_lidar_camera_fusion_with_detection/lidar_camera_fusion_with_detection1.py -> /home/x/Documents/at20260415workspace/workspace/camera/build/ros2_lidar_camera_fusion_with_detection/build/lib/ros2_lidar_camera_fusion_with_detection
[0.552s] running install
[0.552s] running install_lib
[0.552s] creating /home/x/Documents/at20260415workspace/workspace/camera/install/ros2_lidar_camera_fusion_with_detection/lib/python3.10/site-packages/ros2_lidar_camera_fusion_with_detection
[0.552s] copying /home/x/Documents/at20260415workspace/workspace/camera/build/ros2_lidar_camera_fusion_with_detection/build/lib/ros2_lidar_camera_fusion_with_detection/detection1.py -> /home/x/Documents/at20260415workspace/workspace/camera/install/ros2_lidar_camera_fusion_with_detection/lib/python3.10/site-packages/ros2_lidar_camera_fusion_with_detection
[0.552s] copying /home/x/Documents/at20260415workspace/workspace/camera/build/ros2_lidar_camera_fusion_with_detection/build/lib/ros2_lidar_camera_fusion_with_detection/__init__.py -> /home/x/Documents/at20260415workspace/workspace/camera/install/ros2_lidar_camera_fusion_with_detection/lib/python3.10/site-packages/ros2_lidar_camera_fusion_with_detection
[0.552s] copying /home/x/Documents/at20260415workspace/workspace/camera/build/ros2_lidar_camera_fusion_with_detection/build/lib/ros2_lidar_camera_fusion_with_detection/multi_sensor_fusion_node.py -> /home/x/Documents/at20260415workspace/workspace/camera/install/ros2_lidar_camera_fusion_with_detection/lib/python3.10/site-packages/ros2_lidar_camera_fusion_with_detection
[0.552s] copying /home/x/Documents/at20260415workspace/workspace/camera/build/ros2_lidar_camera_fusion_with_detection/build/lib/ros2_lidar_camera_fusion_with_detection/lidar_camera_fusion_with_detection2.py -> /home/x/Documents/at20260415workspace/workspace/camera/install/ros2_lidar_camera_fusion_with_detection/lib/python3.10/site-packages/ros2_lidar_camera_fusion_with_detection
[0.552s] copying /home/x/Documents/at20260415workspace/workspace/camera/build/ros2_lidar_camera_fusion_with_detection/build/lib/ros2_lidar_camera_fusion_with_detection/lidar_camera_fusion_with_detection1.py -> /home/x/Documents/at20260415workspace/workspace/camera/install/ros2_lidar_camera_fusion_with_detection/lib/python3.10/site-packages/ros2_lidar_camera_fusion_with_detection
[0.553s] byte-compiling /home/x/Documents/at20260415workspace/workspace/camera/install/ros2_lidar_camera_fusion_with_detection/lib/python3.10/site-packages/ros2_lidar_camera_fusion_with_detection/detection1.py to detection1.cpython-310.pyc
[0.554s] byte-compiling /home/x/Documents/at20260415workspace/workspace/camera/install/ros2_lidar_camera_fusion_with_detection/lib/python3.10/site-packages/ros2_lidar_camera_fusion_with_detection/__init__.py to __init__.cpython-310.pyc
[0.554s] byte-compiling /home/x/Documents/at20260415workspace/workspace/camera/install/ros2_lidar_camera_fusion_with_detection/lib/python3.10/site-packages/ros2_lidar_camera_fusion_with_detection/multi_sensor_fusion_node.py to multi_sensor_fusion_node.cpython-310.pyc
[0.556s] byte-compiling /home/x/Documents/at20260415workspace/workspace/camera/install/ros2_lidar_camera_fusion_with_detection/lib/python3.10/site-packages/ros2_lidar_camera_fusion_with_detection/lidar_camera_fusion_with_detection2.py to lidar_camera_fusion_with_detection2.cpython-310.pyc
[0.559s] byte-compiling /home/x/Documents/at20260415workspace/workspace/camera/install/ros2_lidar_camera_fusion_with_detection/lib/python3.10/site-packages/ros2_lidar_camera_fusion_with_detection/lidar_camera_fusion_with_detection1.py to lidar_camera_fusion_with_detection1.cpython-310.pyc
[0.561s] running install_data
[0.561s] creating /home/x/Documents/at20260415workspace/workspace/camera/install/ros2_lidar_camera_fusion_with_detection/share/ament_index
[0.561s] creating /home/x/Documents/at20260415workspace/workspace/camera/install/ros2_lidar_camera_fusion_with_detection/share/ament_index/resource_index
[0.561s] creating /home/x/Documents/at20260415workspace/workspace/camera/install/ros2_lidar_camera_fusion_with_detection/share/ament_index/resource_index/packages
[0.561s] copying resource/ros2_lidar_camera_fusion_with_detection -> /home/x/Documents/at20260415workspace/workspace/camera/install/ros2_lidar_camera_fusion_with_detection/share/ament_index/resource_index/packages
[0.561s] copying package.xml -> /home/x/Documents/at20260415workspace/workspace/camera/install/ros2_lidar_camera_fusion_with_detection/share/ros2_lidar_camera_fusion_with_detection
[0.562s] copying launch/lidar_camera_fusion_with_detection_launch.py -> /home/x/Documents/at20260415workspace/workspace/camera/install/ros2_lidar_camera_fusion_with_detection/share/ros2_lidar_camera_fusion_with_detection
[0.562s] creating /home/x/Documents/at20260415workspace/workspace/camera/install/ros2_lidar_camera_fusion_with_detection/share/ros2_lidar_camera_fusion_with_detection/config
[0.562s] copying config/setup_config1.yaml -> /home/x/Documents/at20260415workspace/workspace/camera/install/ros2_lidar_camera_fusion_with_detection/share/ros2_lidar_camera_fusion_with_detection/config
[0.562s] copying config/setup_config2.yaml -> /home/x/Documents/at20260415workspace/workspace/camera/install/ros2_lidar_camera_fusion_with_detection/share/ros2_lidar_camera_fusion_with_detection/config
[0.562s] running install_egg_info
[0.563s] Copying ../../build/ros2_lidar_camera_fusion_with_detection/ros2_lidar_camera_fusion_with_detection.egg-info to /home/x/Documents/at20260415workspace/workspace/camera/install/ros2_lidar_camera_fusion_with_detection/lib/python3.10/site-packages/ros2_lidar_camera_fusion_with_detection-1.0.0-py3.10.egg-info
[0.563s] running install_scripts
[0.575s] Installing detection1 script to /home/x/Documents/at20260415workspace/workspace/camera/install/ros2_lidar_camera_fusion_with_detection/lib/ros2_lidar_camera_fusion_with_detection
[0.575s] Installing lidar_camera_fusion_with_detection1 script to /home/x/Documents/at20260415workspace/workspace/camera/install/ros2_lidar_camera_fusion_with_detection/lib/ros2_lidar_camera_fusion_with_detection
[0.575s] Installing lidar_camera_fusion_with_detection2 script to /home/x/Documents/at20260415workspace/workspace/camera/install/ros2_lidar_camera_fusion_with_detection/lib/ros2_lidar_camera_fusion_with_detection
[0.575s] Installing multi_sensor_fusion_node script to /home/x/Documents/at20260415workspace/workspace/camera/install/ros2_lidar_camera_fusion_with_detection/lib/ros2_lidar_camera_fusion_with_detection
[0.575s] writing list of installed files to '/home/x/Documents/at20260415workspace/workspace/camera/build/ros2_lidar_camera_fusion_with_detection/install.log'
[0.593s] Invoked command in '/home/x/Documents/at20260415workspace/workspace/camera/src/ros2_lidar_camera_fusion_with_detection' returned '0': AMENT_PREFIX_PATH=/home/x/Documents/at20260415workspace/workspace/camera/install/yolo_msgs:${AMENT_PREFIX_PATH} CMAKE_PREFIX_PATH=/home/x/Documents/at20260415workspace/workspace/camera/install/yolo_msgs LD_LIBRARY_PATH=/home/x/Documents/at20260415workspace/workspace/camera/install/yolo_msgs/lib:${LD_LIBRARY_PATH} PYTHONPATH=/home/x/Documents/at20260415workspace/workspace/camera/build/ros2_lidar_camera_fusion_with_detection/prefix_override:/usr/lib/python3/dist-packages/colcon_core/task/python/colcon_distutils_commands:/home/x/Documents/at20260415workspace/workspace/camera/install/ros2_lidar_camera_fusion_with_detection/lib/python3.10/site-packages:/home/x/Documents/at20260415workspace/workspace/camera/install/yolo_msgs/local/lib/python3.10/dist-packages:${PYTHONPATH} /usr/bin/python3 -W ignore:setup.py install is deprecated -W ignore:easy_install command is deprecated setup.py egg_info --egg-base ../../build/ros2_lidar_camera_fusion_with_detection build --build-base /home/x/Documents/at20260415workspace/workspace/camera/build/ros2_lidar_camera_fusion_with_detection/build install --record /home/x/Documents/at20260415workspace/workspace/camera/build/ros2_lidar_camera_fusion_with_detection/install.log --single-version-externally-managed install_data
