[0.007s] Invoking command in '/home/limdegcai/GSMART/CODE/FSD-Gsmart/lidar/lidar_cone_detector/build/lidar_cone_detector': CMAKE_PREFIX_PATH=/opt/ros/humble /usr/bin/cmake --build /home/limdegcai/GSMART/CODE/FSD-Gsmart/lidar/lidar_cone_detector/build/lidar_cone_detector -- -j32 -l32
[0.053s] Consolidate compiler generated dependencies of target lidar_cone_detector
[0.070s] [ 50%] Building CXX object CMakeFiles/lidar_cone_detector.dir/src/lidar_cone_detector_3.19.cpp.o
[8.613s] [100%] Linking CXX executable lidar_cone_detector
[10.050s] [100%] Built target lidar_cone_detector
[10.058s] Invoked command in '/home/limdegcai/GSMART/CODE/FSD-Gsmart/lidar/lidar_cone_detector/build/lidar_cone_detector' returned '0': CMAKE_PREFIX_PATH=/opt/ros/humble /usr/bin/cmake --build /home/limdegcai/GSMART/CODE/FSD-Gsmart/lidar/lidar_cone_detector/build/lidar_cone_detector -- -j32 -l32
[10.063s] Invoking command in '/home/limdegcai/GSMART/CODE/FSD-Gsmart/lidar/lidar_cone_detector/build/lidar_cone_detector': CMAKE_PREFIX_PATH=/opt/ros/humble /usr/bin/cmake --install /home/limdegcai/GSMART/CODE/FSD-Gsmart/lidar/lidar_cone_detector/build/lidar_cone_detector
[10.068s] -- Install configuration: "Release"
[10.069s] -- Execute custom install script
[10.069s] -- Up-to-date symlink: /home/limdegcai/GSMART/CODE/FSD-Gsmart/lidar/lidar_cone_detector/install/lidar_cone_detector/lib/lidar_cone_detector/lidar_cone_detector
[10.069s] -- Up-to-date symlink: /home/limdegcai/GSMART/CODE/FSD-Gsmart/lidar/lidar_cone_detector/install/lidar_cone_detector/share/ament_index/resource_index/package_run_dependencies/lidar_cone_detector
[10.069s] -- Up-to-date symlink: /home/limdegcai/GSMART/CODE/FSD-Gsmart/lidar/lidar_cone_detector/install/lidar_cone_detector/share/ament_index/resource_index/parent_prefix_path/lidar_cone_detector
[10.069s] -- Up-to-date symlink: /home/limdegcai/GSMART/CODE/FSD-Gsmart/lidar/lidar_cone_detector/install/lidar_cone_detector/share/lidar_cone_detector/environment/ament_prefix_path.sh
[10.069s] -- Up-to-date symlink: /home/limdegcai/GSMART/CODE/FSD-Gsmart/lidar/lidar_cone_detector/install/lidar_cone_detector/share/lidar_cone_detector/environment/ament_prefix_path.dsv
[10.070s] -- Up-to-date symlink: /home/limdegcai/GSMART/CODE/FSD-Gsmart/lidar/lidar_cone_detector/install/lidar_cone_detector/share/lidar_cone_detector/environment/path.sh
[10.070s] -- Up-to-date symlink: /home/limdegcai/GSMART/CODE/FSD-Gsmart/lidar/lidar_cone_detector/install/lidar_cone_detector/share/lidar_cone_detector/environment/path.dsv
[10.070s] -- Up-to-date symlink: /home/limdegcai/GSMART/CODE/FSD-Gsmart/lidar/lidar_cone_detector/install/lidar_cone_detector/share/lidar_cone_detector/local_setup.bash
[10.070s] -- Up-to-date symlink: /home/limdegcai/GSMART/CODE/FSD-Gsmart/lidar/lidar_cone_detector/install/lidar_cone_detector/share/lidar_cone_detector/local_setup.sh
[10.070s] -- Up-to-date symlink: /home/limdegcai/GSMART/CODE/FSD-Gsmart/lidar/lidar_cone_detector/install/lidar_cone_detector/share/lidar_cone_detector/local_setup.zsh
[10.070s] -- Up-to-date symlink: /home/limdegcai/GSMART/CODE/FSD-Gsmart/lidar/lidar_cone_detector/install/lidar_cone_detector/share/lidar_cone_detector/local_setup.dsv
[10.070s] -- Symlinking: /home/limdegcai/GSMART/CODE/FSD-Gsmart/lidar/lidar_cone_detector/install/lidar_cone_detector/share/lidar_cone_detector/package.dsv
[10.076s] -- Up-to-date symlink: /home/limdegcai/GSMART/CODE/FSD-Gsmart/lidar/lidar_cone_detector/install/lidar_cone_detector/share/ament_index/resource_index/packages/lidar_cone_detector
[10.076s] -- Up-to-date symlink: /home/limdegcai/GSMART/CODE/FSD-Gsmart/lidar/lidar_cone_detector/install/lidar_cone_detector/share/lidar_cone_detector/cmake/ament_cmake_export_dependencies-extras.cmake
[10.076s] -- Up-to-date symlink: /home/limdegcai/GSMART/CODE/FSD-Gsmart/lidar/lidar_cone_detector/install/lidar_cone_detector/share/lidar_cone_detector/cmake/lidar_cone_detectorConfig.cmake
[10.076s] -- Up-to-date symlink: /home/limdegcai/GSMART/CODE/FSD-Gsmart/lidar/lidar_cone_detector/install/lidar_cone_detector/share/lidar_cone_detector/cmake/lidar_cone_detectorConfig-version.cmake
[10.076s] -- Up-to-date symlink: /home/limdegcai/GSMART/CODE/FSD-Gsmart/lidar/lidar_cone_detector/install/lidar_cone_detector/share/lidar_cone_detector/package.xml
[10.078s] Invoked command in '/home/limdegcai/GSMART/CODE/FSD-Gsmart/lidar/lidar_cone_detector/build/lidar_cone_detector' returned '0': CMAKE_PREFIX_PATH=/opt/ros/humble /usr/bin/cmake --install /home/limdegcai/GSMART/CODE/FSD-Gsmart/lidar/lidar_cone_detector/build/lidar_cone_detector
